[2024-07-08T13:43:34.907+0000] {local_task_job_runner.py:120} INFO - ::group::Pre task execution logs
[2024-07-08T13:43:34.940+0000] {taskinstance.py:2076} INFO - Dependencies all met for dep_context=non-requeueable deps ti=<TaskInstance: pipeline_4_andronov.load_data_to_ods manual__2024-07-08T13:43:33.475599+00:00 [queued]>
[2024-07-08T13:43:34.949+0000] {taskinstance.py:2076} INFO - Dependencies all met for dep_context=requeueable deps ti=<TaskInstance: pipeline_4_andronov.load_data_to_ods manual__2024-07-08T13:43:33.475599+00:00 [queued]>
[2024-07-08T13:43:34.950+0000] {taskinstance.py:2306} INFO - Starting attempt 1 of 1
[2024-07-08T13:43:35.049+0000] {taskinstance.py:2330} INFO - Executing <Task(_PythonDecoratedOperator): load_data_to_ods> on 2024-07-08 13:43:33.475599+00:00
[2024-07-08T13:43:35.058+0000] {warnings.py:112} WARNING - /home/***/.local/lib/python3.12/site-packages/***/task/task_runner/standard_task_runner.py:61: DeprecationWarning: This process (pid=151) is multi-threaded, use of fork() may lead to deadlocks in the child.
  pid = os.fork()

[2024-07-08T13:43:35.059+0000] {standard_task_runner.py:63} INFO - Started process 153 to run task
[2024-07-08T13:43:35.059+0000] {standard_task_runner.py:90} INFO - Running: ['***', 'tasks', 'run', 'pipeline_4_andronov', 'load_data_to_ods', 'manual__2024-07-08T13:43:33.475599+00:00', '--job-id', '5', '--raw', '--subdir', 'DAGS_FOLDER/ods_load.py', '--cfg-path', '/tmp/tmp1r4mtcbv']
[2024-07-08T13:43:35.060+0000] {standard_task_runner.py:91} INFO - Job 5: Subtask load_data_to_ods
[2024-07-08T13:43:35.122+0000] {task_command.py:426} INFO - Running <TaskInstance: pipeline_4_andronov.load_data_to_ods manual__2024-07-08T13:43:33.475599+00:00 [running]> on host abab0bea2faf
[2024-07-08T13:43:35.251+0000] {taskinstance.py:2648} INFO - Exporting env vars: AIRFLOW_CTX_DAG_OWNER='***' AIRFLOW_CTX_DAG_ID='pipeline_4_andronov' AIRFLOW_CTX_TASK_ID='load_data_to_ods' AIRFLOW_CTX_EXECUTION_DATE='2024-07-08T13:43:33.475599+00:00' AIRFLOW_CTX_TRY_NUMBER='1' AIRFLOW_CTX_DAG_RUN_ID='manual__2024-07-08T13:43:33.475599+00:00'
[2024-07-08T13:43:35.253+0000] {taskinstance.py:430} INFO - ::endgroup::
[2024-07-08T13:43:35.268+0000] {base.py:84} INFO - Using connection ID 'source_conn' for task execution.
[2024-07-08T13:43:35.425+0000] {sql.py:487} INFO - Running statement: 
            SELECT table_name
            FROM information_schema.tables
            WHERE table_schema = 'source_data'
            AND table_type = 'BASE TABLE';
        , parameters: None
[2024-07-08T13:43:35.516+0000] {sql.py:496} INFO - Rows affected: 31
[2024-07-08T13:43:35.569+0000] {base.py:84} INFO - Using connection ID 'source_conn' for task execution.
[2024-07-08T13:43:35.755+0000] {sql.py:487} INFO - Running statement: SELECT * FROM source_data.уровни_знаний, parameters: None
[2024-07-08T13:43:35.834+0000] {sql.py:496} INFO - Rows affected: 6
[2024-07-08T13:43:35.881+0000] {base.py:84} INFO - Using connection ID 'etl_db_4_conn' for task execution.
[2024-07-08T13:43:36.049+0000] {base.py:84} INFO - Using connection ID 'etl_db_4_conn' for task execution.
[2024-07-08T13:43:36.369+0000] {sql.py:598} INFO - Loaded 6 rows into andronov_ods.уровни_знаний so far
[2024-07-08T13:43:36.370+0000] {sql.py:611} INFO - Done loading. Loaded a total of 6 rows into andronov_ods.уровни_знаний
[2024-07-08T13:43:36.391+0000] {base.py:84} INFO - Using connection ID 'source_conn' for task execution.
[2024-07-08T13:43:36.566+0000] {sql.py:487} INFO - Running statement: SELECT * FROM source_data.языки_пользователей, parameters: None
[2024-07-08T13:43:36.742+0000] {sql.py:496} INFO - Rows affected: 451
[2024-07-08T13:43:36.804+0000] {base.py:84} INFO - Using connection ID 'etl_db_4_conn' for task execution.
[2024-07-08T13:43:36.973+0000] {base.py:84} INFO - Using connection ID 'etl_db_4_conn' for task execution.
[2024-07-08T13:43:55.157+0000] {sql.py:598} INFO - Loaded 451 rows into andronov_ods.языки_пользователей so far
[2024-07-08T13:43:55.157+0000] {sql.py:611} INFO - Done loading. Loaded a total of 451 rows into andronov_ods.языки_пользователей
[2024-07-08T13:43:55.165+0000] {base.py:84} INFO - Using connection ID 'source_conn' for task execution.
[2024-07-08T13:43:55.328+0000] {sql.py:487} INFO - Running statement: SELECT * FROM source_data.типы_систем, parameters: None
[2024-07-08T13:43:55.406+0000] {sql.py:496} INFO - Rows affected: 8
[2024-07-08T13:43:55.451+0000] {base.py:84} INFO - Using connection ID 'etl_db_4_conn' for task execution.
[2024-07-08T13:43:55.616+0000] {base.py:84} INFO - Using connection ID 'etl_db_4_conn' for task execution.
[2024-07-08T13:43:56.026+0000] {sql.py:598} INFO - Loaded 8 rows into andronov_ods.типы_систем so far
[2024-07-08T13:43:56.027+0000] {sql.py:611} INFO - Done loading. Loaded a total of 8 rows into andronov_ods.типы_систем
[2024-07-08T13:43:56.034+0000] {base.py:84} INFO - Using connection ID 'source_conn' for task execution.
[2024-07-08T13:43:56.209+0000] {sql.py:487} INFO - Running statement: SELECT * FROM source_data.уровень_образования, parameters: None
[2024-07-08T13:43:56.286+0000] {sql.py:496} INFO - Rows affected: 31
[2024-07-08T13:43:56.330+0000] {base.py:84} INFO - Using connection ID 'etl_db_4_conn' for task execution.
[2024-07-08T13:43:56.492+0000] {base.py:84} INFO - Using connection ID 'etl_db_4_conn' for task execution.
[2024-07-08T13:43:57.832+0000] {sql.py:598} INFO - Loaded 31 rows into andronov_ods.уровень_образования so far
[2024-07-08T13:43:57.832+0000] {sql.py:611} INFO - Done loading. Loaded a total of 31 rows into andronov_ods.уровень_образования
[2024-07-08T13:43:57.839+0000] {base.py:84} INFO - Using connection ID 'source_conn' for task execution.
[2024-07-08T13:43:58.019+0000] {sql.py:487} INFO - Running statement: SELECT * FROM source_data.среды_разработки, parameters: None
[2024-07-08T13:43:58.099+0000] {sql.py:496} INFO - Rows affected: 6
[2024-07-08T13:43:58.143+0000] {base.py:84} INFO - Using connection ID 'etl_db_4_conn' for task execution.
[2024-07-08T13:43:58.301+0000] {base.py:84} INFO - Using connection ID 'etl_db_4_conn' for task execution.
[2024-07-08T13:43:58.608+0000] {sql.py:598} INFO - Loaded 6 rows into andronov_ods.среды_разработки so far
[2024-07-08T13:43:58.609+0000] {sql.py:611} INFO - Done loading. Loaded a total of 6 rows into andronov_ods.среды_разработки
[2024-07-08T13:43:58.616+0000] {base.py:84} INFO - Using connection ID 'source_conn' for task execution.
[2024-07-08T13:43:58.781+0000] {sql.py:487} INFO - Running statement: SELECT * FROM source_data.технологии_и_уровень_знаний_сотру, parameters: None
[2024-07-08T13:43:59.205+0000] {sql.py:496} INFO - Rows affected: 2520
[2024-07-08T13:43:59.254+0000] {base.py:84} INFO - Using connection ID 'etl_db_4_conn' for task execution.
[2024-07-08T13:43:59.434+0000] {base.py:84} INFO - Using connection ID 'etl_db_4_conn' for task execution.
[2024-07-08T13:44:39.542+0000] {sql.py:598} INFO - Loaded 1000 rows into andronov_ods.технологии_и_уровень_знаний_сотру so far
[2024-07-08T13:44:39.553+0000] {base.py:84} INFO - Using connection ID 'etl_db_4_conn' for task execution.
[2024-07-08T13:45:18.781+0000] {sql.py:598} INFO - Loaded 1000 rows into andronov_ods.технологии_и_уровень_знаний_сотру so far
[2024-07-08T13:45:18.792+0000] {base.py:84} INFO - Using connection ID 'etl_db_4_conn' for task execution.
[2024-07-08T13:45:39.554+0000] {sql.py:598} INFO - Loaded 520 rows into andronov_ods.технологии_и_уровень_знаний_сотру so far
[2024-07-08T13:45:39.555+0000] {sql.py:611} INFO - Done loading. Loaded a total of 2520 rows into andronov_ods.технологии_и_уровень_знаний_сотру
[2024-07-08T13:45:39.563+0000] {base.py:84} INFO - Using connection ID 'source_conn' for task execution.
[2024-07-08T13:45:39.724+0000] {sql.py:487} INFO - Running statement: SELECT * FROM source_data.уровни_владения_ин, parameters: None
[2024-07-08T13:45:39.798+0000] {sql.py:496} INFO - Rows affected: 6
[2024-07-08T13:45:39.843+0000] {base.py:84} INFO - Using connection ID 'etl_db_4_conn' for task execution.
[2024-07-08T13:45:40.010+0000] {base.py:84} INFO - Using connection ID 'etl_db_4_conn' for task execution.
[2024-07-08T13:45:40.331+0000] {sql.py:598} INFO - Loaded 6 rows into andronov_ods.уровни_владения_ин so far
[2024-07-08T13:45:40.332+0000] {sql.py:611} INFO - Done loading. Loaded a total of 6 rows into andronov_ods.уровни_владения_ин
[2024-07-08T13:45:40.339+0000] {base.py:84} INFO - Using connection ID 'source_conn' for task execution.
[2024-07-08T13:45:40.498+0000] {sql.py:487} INFO - Running statement: SELECT * FROM source_data.языки_программирования, parameters: None
[2024-07-08T13:45:40.583+0000] {sql.py:496} INFO - Rows affected: 32
[2024-07-08T13:45:40.627+0000] {base.py:84} INFO - Using connection ID 'etl_db_4_conn' for task execution.
[2024-07-08T13:45:40.790+0000] {base.py:84} INFO - Using connection ID 'etl_db_4_conn' for task execution.
[2024-07-08T13:45:42.118+0000] {sql.py:598} INFO - Loaded 32 rows into andronov_ods.языки_программирования so far
[2024-07-08T13:45:42.119+0000] {sql.py:611} INFO - Done loading. Loaded a total of 32 rows into andronov_ods.языки_программирования
[2024-07-08T13:45:42.128+0000] {base.py:84} INFO - Using connection ID 'source_conn' for task execution.
[2024-07-08T13:45:42.286+0000] {sql.py:487} INFO - Running statement: SELECT * FROM source_data.фреймворки, parameters: None
[2024-07-08T13:45:42.372+0000] {sql.py:496} INFO - Rows affected: 17
[2024-07-08T13:45:42.416+0000] {base.py:84} INFO - Using connection ID 'etl_db_4_conn' for task execution.
[2024-07-08T13:45:43.581+0000] {base.py:84} INFO - Using connection ID 'etl_db_4_conn' for task execution.
[2024-07-08T13:45:44.350+0000] {sql.py:598} INFO - Loaded 17 rows into andronov_ods.фреймворки so far
[2024-07-08T13:45:44.351+0000] {sql.py:611} INFO - Done loading. Loaded a total of 17 rows into andronov_ods.фреймворки
[2024-07-08T13:45:44.357+0000] {base.py:84} INFO - Using connection ID 'source_conn' for task execution.
[2024-07-08T13:45:44.510+0000] {sql.py:487} INFO - Running statement: SELECT * FROM source_data.платформы_и_уровень_знаний_сотруд, parameters: None
[2024-07-08T13:45:44.800+0000] {sql.py:496} INFO - Rows affected: 1489
[2024-07-08T13:45:44.848+0000] {base.py:84} INFO - Using connection ID 'etl_db_4_conn' for task execution.
[2024-07-08T13:45:45.019+0000] {base.py:84} INFO - Using connection ID 'etl_db_4_conn' for task execution.
[2024-07-08T13:46:24.956+0000] {sql.py:598} INFO - Loaded 1000 rows into andronov_ods.платформы_и_уровень_знаний_сотруд so far
[2024-07-08T13:46:24.965+0000] {base.py:84} INFO - Using connection ID 'etl_db_4_conn' for task execution.
[2024-07-08T13:46:44.620+0000] {sql.py:598} INFO - Loaded 489 rows into andronov_ods.платформы_и_уровень_знаний_сотруд so far
[2024-07-08T13:46:44.621+0000] {sql.py:611} INFO - Done loading. Loaded a total of 1489 rows into andronov_ods.платформы_и_уровень_знаний_сотруд
[2024-07-08T13:46:44.629+0000] {base.py:84} INFO - Using connection ID 'source_conn' for task execution.
[2024-07-08T13:46:44.783+0000] {sql.py:487} INFO - Running statement: SELECT * FROM source_data.платформы, parameters: None
[2024-07-08T13:46:44.865+0000] {sql.py:496} INFO - Rows affected: 40
[2024-07-08T13:46:44.914+0000] {base.py:84} INFO - Using connection ID 'etl_db_4_conn' for task execution.
[2024-07-08T13:46:45.078+0000] {base.py:84} INFO - Using connection ID 'etl_db_4_conn' for task execution.
[2024-07-08T13:46:47.093+0000] {sql.py:598} INFO - Loaded 40 rows into andronov_ods.платформы so far
[2024-07-08T13:46:47.094+0000] {sql.py:611} INFO - Done loading. Loaded a total of 40 rows into andronov_ods.платформы
[2024-07-08T13:46:47.101+0000] {base.py:84} INFO - Using connection ID 'source_conn' for task execution.
[2024-07-08T13:46:47.271+0000] {sql.py:487} INFO - Running statement: SELECT * FROM source_data.предметная_область, parameters: None
[2024-07-08T13:46:47.375+0000] {sql.py:496} INFO - Rows affected: 13
[2024-07-08T13:46:47.419+0000] {base.py:84} INFO - Using connection ID 'etl_db_4_conn' for task execution.
[2024-07-08T13:46:47.577+0000] {base.py:84} INFO - Using connection ID 'etl_db_4_conn' for task execution.
[2024-07-08T13:46:48.153+0000] {sql.py:598} INFO - Loaded 13 rows into andronov_ods.предметная_область so far
[2024-07-08T13:46:48.154+0000] {sql.py:611} INFO - Done loading. Loaded a total of 13 rows into andronov_ods.предметная_область
[2024-07-08T13:46:48.160+0000] {base.py:84} INFO - Using connection ID 'source_conn' for task execution.
[2024-07-08T13:46:48.309+0000] {sql.py:487} INFO - Running statement: SELECT * FROM source_data.языки, parameters: None
[2024-07-08T13:46:48.386+0000] {sql.py:496} INFO - Rows affected: 6
[2024-07-08T13:46:48.431+0000] {base.py:84} INFO - Using connection ID 'etl_db_4_conn' for task execution.
[2024-07-08T13:46:48.628+0000] {base.py:84} INFO - Using connection ID 'etl_db_4_conn' for task execution.
[2024-07-08T13:46:48.962+0000] {sql.py:598} INFO - Loaded 6 rows into andronov_ods.языки so far
[2024-07-08T13:46:48.962+0000] {sql.py:611} INFO - Done loading. Loaded a total of 6 rows into andronov_ods.языки
[2024-07-08T13:46:48.969+0000] {base.py:84} INFO - Using connection ID 'source_conn' for task execution.
[2024-07-08T13:46:49.134+0000] {sql.py:487} INFO - Running statement: SELECT * FROM source_data.инструменты_и_уровень_знаний_сотр, parameters: None
[2024-07-08T13:46:49.477+0000] {sql.py:496} INFO - Rows affected: 1993
[2024-07-08T13:46:49.523+0000] {base.py:84} INFO - Using connection ID 'etl_db_4_conn' for task execution.
[2024-07-08T13:46:49.698+0000] {base.py:84} INFO - Using connection ID 'etl_db_4_conn' for task execution.
[2024-07-08T13:47:30.121+0000] {sql.py:598} INFO - Loaded 1000 rows into andronov_ods.инструменты_и_уровень_знаний_сотр so far
[2024-07-08T13:47:30.130+0000] {base.py:84} INFO - Using connection ID 'etl_db_4_conn' for task execution.
[2024-07-08T13:48:11.608+0000] {sql.py:598} INFO - Loaded 993 rows into andronov_ods.инструменты_и_уровень_знаний_сотр so far
[2024-07-08T13:48:11.609+0000] {sql.py:611} INFO - Done loading. Loaded a total of 1993 rows into andronov_ods.инструменты_и_уровень_знаний_сотр
[2024-07-08T13:48:11.620+0000] {base.py:84} INFO - Using connection ID 'source_conn' for task execution.
[2024-07-08T13:48:11.784+0000] {sql.py:487} INFO - Running statement: SELECT * FROM source_data.базы_данных_и_уровень_знаний_сотру, parameters: None
[2024-07-08T13:48:11.953+0000] {sql.py:496} INFO - Rows affected: 495
[2024-07-08T13:48:12.001+0000] {base.py:84} INFO - Using connection ID 'etl_db_4_conn' for task execution.
[2024-07-08T13:48:12.167+0000] {base.py:84} INFO - Using connection ID 'etl_db_4_conn' for task execution.
[2024-07-08T13:48:31.999+0000] {sql.py:598} INFO - Loaded 495 rows into andronov_ods.базы_данных_и_уровень_знаний_сотру so far
[2024-07-08T13:48:32.000+0000] {sql.py:611} INFO - Done loading. Loaded a total of 495 rows into andronov_ods.базы_данных_и_уровень_знаний_сотру
[2024-07-08T13:48:32.006+0000] {base.py:84} INFO - Using connection ID 'source_conn' for task execution.
[2024-07-08T13:48:32.176+0000] {sql.py:487} INFO - Running statement: SELECT * FROM source_data.базы_данных, parameters: None
[2024-07-08T13:48:32.254+0000] {sql.py:496} INFO - Rows affected: 17
[2024-07-08T13:48:32.298+0000] {base.py:84} INFO - Using connection ID 'etl_db_4_conn' for task execution.
[2024-07-08T13:48:32.492+0000] {base.py:84} INFO - Using connection ID 'etl_db_4_conn' for task execution.
[2024-07-08T13:48:33.292+0000] {sql.py:598} INFO - Loaded 17 rows into andronov_ods.базы_данных so far
[2024-07-08T13:48:33.293+0000] {sql.py:611} INFO - Done loading. Loaded a total of 17 rows into andronov_ods.базы_данных
[2024-07-08T13:48:33.299+0000] {base.py:84} INFO - Using connection ID 'source_conn' for task execution.
[2024-07-08T13:48:33.469+0000] {sql.py:487} INFO - Running statement: SELECT * FROM source_data.отрасли, parameters: None
[2024-07-08T13:48:33.551+0000] {sql.py:496} INFO - Rows affected: 8
[2024-07-08T13:48:33.595+0000] {base.py:84} INFO - Using connection ID 'etl_db_4_conn' for task execution.
[2024-07-08T13:48:33.758+0000] {base.py:84} INFO - Using connection ID 'etl_db_4_conn' for task execution.
[2024-07-08T13:48:34.202+0000] {sql.py:598} INFO - Loaded 8 rows into andronov_ods.отрасли so far
[2024-07-08T13:48:34.203+0000] {sql.py:611} INFO - Done loading. Loaded a total of 8 rows into andronov_ods.отрасли
[2024-07-08T13:48:34.210+0000] {base.py:84} INFO - Using connection ID 'source_conn' for task execution.
[2024-07-08T13:48:34.382+0000] {sql.py:487} INFO - Running statement: SELECT * FROM source_data.сотрудники_дар, parameters: None
[2024-07-08T13:48:34.588+0000] {sql.py:496} INFO - Rows affected: 483
[2024-07-08T13:48:34.632+0000] {base.py:84} INFO - Using connection ID 'etl_db_4_conn' for task execution.
[2024-07-08T13:48:34.813+0000] {base.py:84} INFO - Using connection ID 'etl_db_4_conn' for task execution.
[2024-07-08T13:48:54.154+0000] {sql.py:598} INFO - Loaded 483 rows into andronov_ods.сотрудники_дар so far
[2024-07-08T13:48:54.154+0000] {sql.py:611} INFO - Done loading. Loaded a total of 483 rows into andronov_ods.сотрудники_дар
[2024-07-08T13:48:54.162+0000] {base.py:84} INFO - Using connection ID 'source_conn' for task execution.
[2024-07-08T13:48:54.316+0000] {sql.py:487} INFO - Running statement: SELECT * FROM source_data.среды_разработки_и_уровень_знаний_, parameters: None
[2024-07-08T13:48:54.444+0000] {sql.py:496} INFO - Rows affected: 188
[2024-07-08T13:48:54.489+0000] {base.py:84} INFO - Using connection ID 'etl_db_4_conn' for task execution.
[2024-07-08T13:48:54.655+0000] {base.py:84} INFO - Using connection ID 'etl_db_4_conn' for task execution.
[2024-07-08T13:49:02.309+0000] {sql.py:598} INFO - Loaded 188 rows into andronov_ods.среды_разработки_и_уровень_знаний_ so far
[2024-07-08T13:49:02.310+0000] {sql.py:611} INFO - Done loading. Loaded a total of 188 rows into andronov_ods.среды_разработки_и_уровень_знаний_
[2024-07-08T13:49:02.316+0000] {base.py:84} INFO - Using connection ID 'source_conn' for task execution.
[2024-07-08T13:49:02.507+0000] {sql.py:487} INFO - Running statement: SELECT * FROM source_data.сертификаты_пользователей, parameters: None
[2024-07-08T13:49:02.791+0000] {sql.py:496} INFO - Rows affected: 1235
[2024-07-08T13:49:02.836+0000] {base.py:84} INFO - Using connection ID 'etl_db_4_conn' for task execution.
[2024-07-08T13:49:02.997+0000] {base.py:84} INFO - Using connection ID 'etl_db_4_conn' for task execution.
[2024-07-08T13:49:44.016+0000] {sql.py:598} INFO - Loaded 1000 rows into andronov_ods.сертификаты_пользователей so far
[2024-07-08T13:49:44.023+0000] {base.py:84} INFO - Using connection ID 'etl_db_4_conn' for task execution.
[2024-07-08T13:49:53.467+0000] {sql.py:598} INFO - Loaded 235 rows into andronov_ods.сертификаты_пользователей so far
[2024-07-08T13:49:53.468+0000] {sql.py:611} INFO - Done loading. Loaded a total of 1235 rows into andronov_ods.сертификаты_пользователей
[2024-07-08T13:49:53.474+0000] {base.py:84} INFO - Using connection ID 'source_conn' for task execution.
[2024-07-08T13:49:53.632+0000] {sql.py:487} INFO - Running statement: SELECT * FROM source_data.фреймворки_и_уровень_знаний_сотру, parameters: None
[2024-07-08T13:49:53.750+0000] {sql.py:496} INFO - Rows affected: 174
[2024-07-08T13:49:53.794+0000] {base.py:84} INFO - Using connection ID 'etl_db_4_conn' for task execution.
[2024-07-08T13:49:53.992+0000] {base.py:84} INFO - Using connection ID 'etl_db_4_conn' for task execution.
[2024-07-08T13:50:01.059+0000] {sql.py:598} INFO - Loaded 174 rows into andronov_ods.фреймворки_и_уровень_знаний_сотру so far
[2024-07-08T13:50:01.060+0000] {sql.py:611} INFO - Done loading. Loaded a total of 174 rows into andronov_ods.фреймворки_и_уровень_знаний_сотру
[2024-07-08T13:50:01.067+0000] {base.py:84} INFO - Using connection ID 'source_conn' for task execution.
[2024-07-08T13:50:01.218+0000] {sql.py:487} INFO - Running statement: SELECT * FROM source_data.языки_программирования_и_уровень, parameters: None
[2024-07-08T13:50:01.460+0000] {sql.py:496} INFO - Rows affected: 1227
[2024-07-08T13:50:01.507+0000] {base.py:84} INFO - Using connection ID 'etl_db_4_conn' for task execution.
[2024-07-08T13:50:01.671+0000] {base.py:84} INFO - Using connection ID 'etl_db_4_conn' for task execution.
[2024-07-08T13:50:43.097+0000] {sql.py:598} INFO - Loaded 1000 rows into andronov_ods.языки_программирования_и_уровень so far
[2024-07-08T13:50:43.106+0000] {base.py:84} INFO - Using connection ID 'etl_db_4_conn' for task execution.
[2024-07-08T13:50:52.483+0000] {sql.py:598} INFO - Loaded 227 rows into andronov_ods.языки_программирования_и_уровень so far
[2024-07-08T13:50:52.484+0000] {sql.py:611} INFO - Done loading. Loaded a total of 1227 rows into andronov_ods.языки_программирования_и_уровень
[2024-07-08T13:50:52.491+0000] {base.py:84} INFO - Using connection ID 'source_conn' for task execution.
[2024-07-08T13:50:52.650+0000] {sql.py:487} INFO - Running statement: SELECT * FROM source_data.образование_пользователей, parameters: None
[2024-07-08T13:50:53.450+0000] {sql.py:496} INFO - Rows affected: 2971
[2024-07-08T13:50:53.499+0000] {base.py:84} INFO - Using connection ID 'etl_db_4_conn' for task execution.
[2024-07-08T13:50:53.675+0000] {base.py:84} INFO - Using connection ID 'etl_db_4_conn' for task execution.
[2024-07-08T13:51:33.759+0000] {sql.py:598} INFO - Loaded 1000 rows into andronov_ods.образование_пользователей so far
[2024-07-08T13:51:33.769+0000] {base.py:84} INFO - Using connection ID 'etl_db_4_conn' for task execution.
[2024-07-08T13:52:13.979+0000] {sql.py:598} INFO - Loaded 1000 rows into andronov_ods.образование_пользователей so far
[2024-07-08T13:52:13.992+0000] {base.py:84} INFO - Using connection ID 'etl_db_4_conn' for task execution.
[2024-07-08T13:52:53.055+0000] {sql.py:598} INFO - Loaded 971 rows into andronov_ods.образование_пользователей so far
[2024-07-08T13:52:53.056+0000] {sql.py:611} INFO - Done loading. Loaded a total of 2971 rows into andronov_ods.образование_пользователей
[2024-07-08T13:52:53.063+0000] {base.py:84} INFO - Using connection ID 'source_conn' for task execution.
[2024-07-08T13:52:53.219+0000] {sql.py:487} INFO - Running statement: SELECT * FROM source_data.уровни_знаний_в_отрасли, parameters: None
[2024-07-08T13:52:53.298+0000] {sql.py:496} INFO - Rows affected: 3
[2024-07-08T13:52:53.350+0000] {base.py:84} INFO - Using connection ID 'etl_db_4_conn' for task execution.
[2024-07-08T13:52:53.512+0000] {base.py:84} INFO - Using connection ID 'etl_db_4_conn' for task execution.
[2024-07-08T13:52:53.710+0000] {sql.py:598} INFO - Loaded 3 rows into andronov_ods.уровни_знаний_в_отрасли so far
[2024-07-08T13:52:53.711+0000] {sql.py:611} INFO - Done loading. Loaded a total of 3 rows into andronov_ods.уровни_знаний_в_отрасли
[2024-07-08T13:52:53.718+0000] {base.py:84} INFO - Using connection ID 'source_conn' for task execution.
[2024-07-08T13:52:53.902+0000] {sql.py:487} INFO - Running statement: SELECT * FROM source_data.опыт_сотрудника_в_предметных_обла, parameters: None
[2024-07-08T13:52:54.070+0000] {sql.py:496} INFO - Rows affected: 318
[2024-07-08T13:52:54.157+0000] {base.py:84} INFO - Using connection ID 'etl_db_4_conn' for task execution.
[2024-07-08T13:52:54.349+0000] {base.py:84} INFO - Using connection ID 'etl_db_4_conn' for task execution.
[2024-07-08T13:53:07.107+0000] {sql.py:598} INFO - Loaded 318 rows into andronov_ods.опыт_сотрудника_в_предметных_обла so far
[2024-07-08T13:53:07.108+0000] {sql.py:611} INFO - Done loading. Loaded a total of 318 rows into andronov_ods.опыт_сотрудника_в_предметных_обла
[2024-07-08T13:53:07.116+0000] {base.py:84} INFO - Using connection ID 'source_conn' for task execution.
[2024-07-08T13:53:07.270+0000] {sql.py:487} INFO - Running statement: SELECT * FROM source_data.типы_систем_и_уровень_знаний_сотру, parameters: None
[2024-07-08T13:53:07.424+0000] {sql.py:496} INFO - Rows affected: 278
[2024-07-08T13:53:07.468+0000] {base.py:84} INFO - Using connection ID 'etl_db_4_conn' for task execution.
[2024-07-08T13:53:07.636+0000] {base.py:84} INFO - Using connection ID 'etl_db_4_conn' for task execution.
[2024-07-08T13:53:19.228+0000] {sql.py:598} INFO - Loaded 278 rows into andronov_ods.типы_систем_и_уровень_знаний_сотру so far
[2024-07-08T13:53:19.228+0000] {sql.py:611} INFO - Done loading. Loaded a total of 278 rows into andronov_ods.типы_систем_и_уровень_знаний_сотру
[2024-07-08T13:53:19.235+0000] {base.py:84} INFO - Using connection ID 'source_conn' for task execution.
[2024-07-08T13:53:19.422+0000] {sql.py:487} INFO - Running statement: SELECT * FROM source_data.уровни_знаний_в_предметной_област, parameters: None
[2024-07-08T13:53:19.500+0000] {sql.py:496} INFO - Rows affected: 3
[2024-07-08T13:53:19.544+0000] {base.py:84} INFO - Using connection ID 'etl_db_4_conn' for task execution.
[2024-07-08T13:53:19.714+0000] {base.py:84} INFO - Using connection ID 'etl_db_4_conn' for task execution.
[2024-07-08T13:53:19.911+0000] {sql.py:598} INFO - Loaded 3 rows into andronov_ods.уровни_знаний_в_предметной_област so far
[2024-07-08T13:53:19.911+0000] {sql.py:611} INFO - Done loading. Loaded a total of 3 rows into andronov_ods.уровни_знаний_в_предметной_област
[2024-07-08T13:53:19.918+0000] {base.py:84} INFO - Using connection ID 'source_conn' for task execution.
[2024-07-08T13:53:20.071+0000] {sql.py:487} INFO - Running statement: SELECT * FROM source_data.инструменты, parameters: None
[2024-07-08T13:53:20.153+0000] {sql.py:496} INFO - Rows affected: 25
[2024-07-08T13:53:20.196+0000] {base.py:84} INFO - Using connection ID 'etl_db_4_conn' for task execution.
[2024-07-08T13:53:20.367+0000] {base.py:84} INFO - Using connection ID 'etl_db_4_conn' for task execution.
[2024-07-08T13:53:21.442+0000] {sql.py:598} INFO - Loaded 25 rows into andronov_ods.инструменты so far
[2024-07-08T13:53:21.443+0000] {sql.py:611} INFO - Done loading. Loaded a total of 25 rows into andronov_ods.инструменты
[2024-07-08T13:53:21.449+0000] {base.py:84} INFO - Using connection ID 'source_conn' for task execution.
[2024-07-08T13:53:21.606+0000] {sql.py:487} INFO - Running statement: SELECT * FROM source_data.опыт_сотрудника_в_отраслях, parameters: None
[2024-07-08T13:53:21.773+0000] {sql.py:496} INFO - Rows affected: 306
[2024-07-08T13:53:21.818+0000] {base.py:84} INFO - Using connection ID 'etl_db_4_conn' for task execution.
[2024-07-08T13:53:21.984+0000] {base.py:84} INFO - Using connection ID 'etl_db_4_conn' for task execution.
[2024-07-08T13:53:34.358+0000] {sql.py:598} INFO - Loaded 306 rows into andronov_ods.опыт_сотрудника_в_отраслях so far
[2024-07-08T13:53:34.359+0000] {sql.py:611} INFO - Done loading. Loaded a total of 306 rows into andronov_ods.опыт_сотрудника_в_отраслях
[2024-07-08T13:53:34.367+0000] {base.py:84} INFO - Using connection ID 'source_conn' for task execution.
[2024-07-08T13:53:34.532+0000] {sql.py:487} INFO - Running statement: SELECT * FROM source_data.резюмедар, parameters: None
[2024-07-08T13:53:34.819+0000] {sql.py:496} INFO - Rows affected: 493
[2024-07-08T13:53:34.863+0000] {base.py:84} INFO - Using connection ID 'etl_db_4_conn' for task execution.
[2024-07-08T13:53:35.034+0000] {base.py:84} INFO - Using connection ID 'etl_db_4_conn' for task execution.
[2024-07-08T13:53:54.995+0000] {sql.py:598} INFO - Loaded 493 rows into andronov_ods.резюмедар so far
[2024-07-08T13:53:54.996+0000] {sql.py:611} INFO - Done loading. Loaded a total of 493 rows into andronov_ods.резюмедар
[2024-07-08T13:53:55.004+0000] {base.py:84} INFO - Using connection ID 'source_conn' for task execution.
[2024-07-08T13:53:55.199+0000] {sql.py:487} INFO - Running statement: SELECT * FROM source_data.технологии, parameters: None
[2024-07-08T13:53:55.277+0000] {sql.py:496} INFO - Rows affected: 55
[2024-07-08T13:53:55.335+0000] {base.py:84} INFO - Using connection ID 'etl_db_4_conn' for task execution.
[2024-07-08T13:53:55.496+0000] {base.py:84} INFO - Using connection ID 'etl_db_4_conn' for task execution.
[2024-07-08T13:53:57.792+0000] {sql.py:598} INFO - Loaded 55 rows into andronov_ods.технологии so far
[2024-07-08T13:53:57.793+0000] {sql.py:611} INFO - Done loading. Loaded a total of 55 rows into andronov_ods.технологии
[2024-07-08T13:53:57.793+0000] {python.py:237} INFO - Done. Returned value was: None
[2024-07-08T13:53:57.795+0000] {taskinstance.py:441} INFO - ::group::Post task execution logs
[2024-07-08T13:53:57.805+0000] {taskinstance.py:1206} INFO - Marking task as SUCCESS. dag_id=pipeline_4_andronov, task_id=load_data_to_ods, run_id=manual__2024-07-08T13:43:33.475599+00:00, execution_date=20240708T134333, start_date=20240708T134334, end_date=20240708T135357
[2024-07-08T13:53:57.840+0000] {local_task_job_runner.py:240} INFO - Task exited with return code 0
[2024-07-08T13:53:57.858+0000] {taskinstance.py:3503} INFO - 0 downstream tasks scheduled from follow-on schedule check
[2024-07-08T13:53:57.860+0000] {local_task_job_runner.py:222} INFO - ::endgroup::
