[2024-07-05T11:26:24.951+0000] {local_task_job_runner.py:120} INFO - ::group::Pre task execution logs
[2024-07-05T11:26:24.984+0000] {taskinstance.py:2076} INFO - Dependencies all met for dep_context=non-requeueable deps ti=<TaskInstance: first_dag.random_dice scheduled__2024-07-02T00:00:00+00:00 [queued]>
[2024-07-05T11:26:24.992+0000] {taskinstance.py:2076} INFO - Dependencies all met for dep_context=requeueable deps ti=<TaskInstance: first_dag.random_dice scheduled__2024-07-02T00:00:00+00:00 [queued]>
[2024-07-05T11:26:24.993+0000] {taskinstance.py:2306} INFO - Starting attempt 1 of 3
[2024-07-05T11:26:25.007+0000] {taskinstance.py:2330} INFO - Executing <Task(PythonOperator): random_dice> on 2024-07-02 00:00:00+00:00
[2024-07-05T11:26:25.013+0000] {warnings.py:112} WARNING - /home/***/.local/lib/python3.12/site-packages/***/task/task_runner/standard_task_runner.py:61: DeprecationWarning: This process (pid=741) is multi-threaded, use of fork() may lead to deadlocks in the child.
  pid = os.fork()

[2024-07-05T11:26:25.015+0000] {standard_task_runner.py:90} INFO - Running: ['***', 'tasks', 'run', 'first_dag', 'random_dice', 'scheduled__2024-07-02T00:00:00+00:00', '--job-id', '335', '--raw', '--subdir', 'DAGS_FOLDER/first_dag.py', '--cfg-path', '/tmp/tmp3mjrwj8d']
[2024-07-05T11:26:25.015+0000] {standard_task_runner.py:63} INFO - Started process 745 to run task
[2024-07-05T11:26:25.016+0000] {standard_task_runner.py:91} INFO - Job 335: Subtask random_dice
[2024-07-05T11:26:25.070+0000] {task_command.py:426} INFO - Running <TaskInstance: first_dag.random_dice scheduled__2024-07-02T00:00:00+00:00 [running]> on host 07d7d8ee1848
[2024-07-05T11:26:25.162+0000] {taskinstance.py:2648} INFO - Exporting env vars: AIRFLOW_CTX_DAG_OWNER='***' AIRFLOW_CTX_DAG_ID='first_dag' AIRFLOW_CTX_TASK_ID='random_dice' AIRFLOW_CTX_EXECUTION_DATE='2024-07-02T00:00:00+00:00' AIRFLOW_CTX_TRY_NUMBER='1' AIRFLOW_CTX_DAG_RUN_ID='scheduled__2024-07-02T00:00:00+00:00'
[2024-07-05T11:26:25.163+0000] {taskinstance.py:430} INFO - ::endgroup::
[2024-07-05T11:26:25.181+0000] {taskinstance.py:441} INFO - ::group::Post task execution logs
[2024-07-05T11:26:25.182+0000] {taskinstance.py:2905} ERROR - Task failed with exception
Traceback (most recent call last):
  File "/home/airflow/.local/lib/python3.12/site-packages/airflow/models/taskinstance.py", line 465, in _execute_task
    result = _execute_callable(context=context, **execute_callable_kwargs)
             ^^^^^^^^^^^^^^^^^^^^^^^^^^^^^^^^^^^^^^^^^^^^^^^^^^^^^^^^^^^^^
  File "/home/airflow/.local/lib/python3.12/site-packages/airflow/models/taskinstance.py", line 432, in _execute_callable
    return execute_callable(context=context, **execute_callable_kwargs)
           ^^^^^^^^^^^^^^^^^^^^^^^^^^^^^^^^^^^^^^^^^^^^^^^^^^^^^^^^^^^^
  File "/home/airflow/.local/lib/python3.12/site-packages/airflow/models/baseoperator.py", line 401, in wrapper
    return func(self, *args, **kwargs)
           ^^^^^^^^^^^^^^^^^^^^^^^^^^^
  File "/home/airflow/.local/lib/python3.12/site-packages/airflow/operators/python.py", line 235, in execute
    return_value = self.execute_callable()
                   ^^^^^^^^^^^^^^^^^^^^^^^
  File "/home/airflow/.local/lib/python3.12/site-packages/airflow/operators/python.py", line 252, in execute_callable
    return self.python_callable(*self.op_args, **self.op_kwargs)
           ^^^^^^^^^^^^^^^^^^^^^^^^^^^^^^^^^^^^^^^^^^^^^^^^^^^^^
  File "/opt/airflow/dags/first_dag.py", line 18, in random_dice
    raise ValueError(f'Odd {val}')
ValueError: Odd 5
[2024-07-05T11:26:25.196+0000] {taskinstance.py:1206} INFO - Marking task as UP_FOR_RETRY. dag_id=first_dag, task_id=random_dice, run_id=scheduled__2024-07-02T00:00:00+00:00, execution_date=20240702T000000, start_date=20240705T112624, end_date=20240705T112625
[2024-07-05T11:26:25.209+0000] {standard_task_runner.py:110} ERROR - Failed to execute job 335 for task random_dice (Odd 5; 745)
[2024-07-05T11:26:25.231+0000] {local_task_job_runner.py:240} INFO - Task exited with return code 1
[2024-07-05T11:26:25.248+0000] {taskinstance.py:3503} INFO - 0 downstream tasks scheduled from follow-on schedule check
[2024-07-05T11:26:25.251+0000] {local_task_job_runner.py:222} INFO - ::endgroup::
