[2024-07-09T11:41:29.676+0000] {local_task_job_runner.py:120} INFO - ::group::Pre task execution logs
[2024-07-09T11:41:29.703+0000] {taskinstance.py:2076} INFO - Dependencies all met for dep_context=non-requeueable deps ti=<TaskInstance: pipeline_4_andronov.load_data_to_ods manual__2024-07-09T11:41:28.441762+00:00 [queued]>
[2024-07-09T11:41:29.713+0000] {taskinstance.py:2076} INFO - Dependencies all met for dep_context=requeueable deps ti=<TaskInstance: pipeline_4_andronov.load_data_to_ods manual__2024-07-09T11:41:28.441762+00:00 [queued]>
[2024-07-09T11:41:29.713+0000] {taskinstance.py:2306} INFO - Starting attempt 1 of 1
[2024-07-09T11:41:29.728+0000] {taskinstance.py:2330} INFO - Executing <Task(_PythonDecoratedOperator): load_data_to_ods> on 2024-07-09 11:41:28.441762+00:00
[2024-07-09T11:41:29.737+0000] {warnings.py:112} WARNING - /home/***/.local/lib/python3.12/site-packages/***/task/task_runner/standard_task_runner.py:61: DeprecationWarning: This process (pid=227) is multi-threaded, use of fork() may lead to deadlocks in the child.
  pid = os.fork()

[2024-07-09T11:41:29.737+0000] {standard_task_runner.py:90} INFO - Running: ['***', 'tasks', 'run', 'pipeline_4_andronov', 'load_data_to_ods', 'manual__2024-07-09T11:41:28.441762+00:00', '--job-id', '10', '--raw', '--subdir', 'DAGS_FOLDER/ods_load.py', '--cfg-path', '/tmp/tmp7x0lx3un']
[2024-07-09T11:41:29.738+0000] {standard_task_runner.py:63} INFO - Started process 228 to run task
[2024-07-09T11:41:29.738+0000] {standard_task_runner.py:91} INFO - Job 10: Subtask load_data_to_ods
[2024-07-09T11:41:29.778+0000] {task_command.py:426} INFO - Running <TaskInstance: pipeline_4_andronov.load_data_to_ods manual__2024-07-09T11:41:28.441762+00:00 [running]> on host abab0bea2faf
[2024-07-09T11:41:29.870+0000] {taskinstance.py:2648} INFO - Exporting env vars: AIRFLOW_CTX_DAG_OWNER='***' AIRFLOW_CTX_DAG_ID='pipeline_4_andronov' AIRFLOW_CTX_TASK_ID='load_data_to_ods' AIRFLOW_CTX_EXECUTION_DATE='2024-07-09T11:41:28.441762+00:00' AIRFLOW_CTX_TRY_NUMBER='1' AIRFLOW_CTX_DAG_RUN_ID='manual__2024-07-09T11:41:28.441762+00:00'
[2024-07-09T11:41:29.871+0000] {taskinstance.py:430} INFO - ::endgroup::
[2024-07-09T11:41:29.882+0000] {base.py:84} INFO - Using connection ID 'source_conn' for task execution.
[2024-07-09T11:41:30.005+0000] {sql.py:487} INFO - Running statement: 
            SELECT table_name
            FROM information_schema.tables
            WHERE table_schema = 'source_data'
            AND table_type = 'BASE TABLE';
        , parameters: None
[2024-07-09T11:41:30.069+0000] {sql.py:496} INFO - Rows affected: 31
[2024-07-09T11:41:30.106+0000] {base.py:84} INFO - Using connection ID 'etl_db_4_conn' for task execution.
[2024-07-09T11:41:30.224+0000] {sql.py:487} INFO - Running statement: TRUNCATE TABLE andronov_ods.уровни_знаний, parameters: None
[2024-07-09T11:41:30.429+0000] {base.py:84} INFO - Using connection ID 'source_conn' for task execution.
[2024-07-09T11:41:30.575+0000] {sql.py:487} INFO - Running statement: SELECT * FROM source_data.уровни_знаний, parameters: None
[2024-07-09T11:41:30.633+0000] {sql.py:496} INFO - Rows affected: 6
[2024-07-09T11:41:30.670+0000] {base.py:84} INFO - Using connection ID 'etl_db_4_conn' for task execution.
[2024-07-09T11:41:30.825+0000] {base.py:84} INFO - Using connection ID 'etl_db_4_conn' for task execution.
[2024-07-09T11:41:31.074+0000] {sql.py:598} INFO - Loaded 6 rows into andronov_ods.уровни_знаний so far
[2024-07-09T11:41:31.075+0000] {sql.py:611} INFO - Done loading. Loaded a total of 6 rows into andronov_ods.уровни_знаний
[2024-07-09T11:41:31.081+0000] {base.py:84} INFO - Using connection ID 'etl_db_4_conn' for task execution.
[2024-07-09T11:41:31.199+0000] {sql.py:487} INFO - Running statement: TRUNCATE TABLE andronov_ods.языки_пользователей, parameters: None
[2024-07-09T11:41:31.633+0000] {base.py:84} INFO - Using connection ID 'source_conn' for task execution.
[2024-07-09T11:41:32.037+0000] {sql.py:487} INFO - Running statement: SELECT * FROM source_data.языки_пользователей, parameters: None
[2024-07-09T11:41:32.653+0000] {sql.py:496} INFO - Rows affected: 451
[2024-07-09T11:41:32.761+0000] {base.py:84} INFO - Using connection ID 'etl_db_4_conn' for task execution.
[2024-07-09T11:41:33.171+0000] {base.py:84} INFO - Using connection ID 'etl_db_4_conn' for task execution.
[2024-07-09T11:41:55.625+0000] {sql.py:598} INFO - Loaded 451 rows into andronov_ods.языки_пользователей so far
[2024-07-09T11:41:55.627+0000] {sql.py:611} INFO - Done loading. Loaded a total of 451 rows into andronov_ods.языки_пользователей
[2024-07-09T11:41:55.638+0000] {base.py:84} INFO - Using connection ID 'etl_db_4_conn' for task execution.
[2024-07-09T11:41:55.763+0000] {sql.py:487} INFO - Running statement: TRUNCATE TABLE andronov_ods.типы_систем, parameters: None
[2024-07-09T11:41:55.970+0000] {base.py:84} INFO - Using connection ID 'source_conn' for task execution.
[2024-07-09T11:41:56.087+0000] {sql.py:487} INFO - Running statement: SELECT * FROM source_data.типы_систем, parameters: None
[2024-07-09T11:41:56.151+0000] {sql.py:496} INFO - Rows affected: 8
[2024-07-09T11:41:56.191+0000] {base.py:84} INFO - Using connection ID 'etl_db_4_conn' for task execution.
[2024-07-09T11:41:56.330+0000] {base.py:84} INFO - Using connection ID 'etl_db_4_conn' for task execution.
[2024-07-09T11:41:56.638+0000] {sql.py:598} INFO - Loaded 8 rows into andronov_ods.типы_систем so far
[2024-07-09T11:41:56.639+0000] {sql.py:611} INFO - Done loading. Loaded a total of 8 rows into andronov_ods.типы_систем
[2024-07-09T11:41:56.646+0000] {base.py:84} INFO - Using connection ID 'etl_db_4_conn' for task execution.
[2024-07-09T11:41:56.763+0000] {sql.py:487} INFO - Running statement: TRUNCATE TABLE andronov_ods.уровень_образования, parameters: None
[2024-07-09T11:41:56.972+0000] {base.py:84} INFO - Using connection ID 'source_conn' for task execution.
[2024-07-09T11:41:57.092+0000] {sql.py:487} INFO - Running statement: SELECT * FROM source_data.уровень_образования, parameters: None
[2024-07-09T11:41:57.152+0000] {sql.py:496} INFO - Rows affected: 31
[2024-07-09T11:41:57.188+0000] {base.py:84} INFO - Using connection ID 'etl_db_4_conn' for task execution.
[2024-07-09T11:41:57.322+0000] {base.py:84} INFO - Using connection ID 'etl_db_4_conn' for task execution.
[2024-07-09T11:41:58.367+0000] {sql.py:598} INFO - Loaded 31 rows into andronov_ods.уровень_образования so far
[2024-07-09T11:41:58.368+0000] {sql.py:611} INFO - Done loading. Loaded a total of 31 rows into andronov_ods.уровень_образования
[2024-07-09T11:41:58.376+0000] {base.py:84} INFO - Using connection ID 'etl_db_4_conn' for task execution.
[2024-07-09T11:41:58.494+0000] {sql.py:487} INFO - Running statement: TRUNCATE TABLE andronov_ods.среды_разработки, parameters: None
[2024-07-09T11:41:58.700+0000] {base.py:84} INFO - Using connection ID 'source_conn' for task execution.
[2024-07-09T11:41:58.848+0000] {sql.py:487} INFO - Running statement: SELECT * FROM source_data.среды_разработки, parameters: None
[2024-07-09T11:41:58.915+0000] {sql.py:496} INFO - Rows affected: 6
[2024-07-09T11:41:58.953+0000] {base.py:84} INFO - Using connection ID 'etl_db_4_conn' for task execution.
[2024-07-09T11:41:59.083+0000] {base.py:84} INFO - Using connection ID 'etl_db_4_conn' for task execution.
[2024-07-09T11:41:59.332+0000] {sql.py:598} INFO - Loaded 6 rows into andronov_ods.среды_разработки so far
[2024-07-09T11:41:59.333+0000] {sql.py:611} INFO - Done loading. Loaded a total of 6 rows into andronov_ods.среды_разработки
[2024-07-09T11:41:59.340+0000] {base.py:84} INFO - Using connection ID 'etl_db_4_conn' for task execution.
[2024-07-09T11:41:59.458+0000] {sql.py:487} INFO - Running statement: TRUNCATE TABLE andronov_ods.технологии_и_уровень_знаний_сотру, parameters: None
[2024-07-09T11:41:59.667+0000] {base.py:84} INFO - Using connection ID 'source_conn' for task execution.
[2024-07-09T11:41:59.797+0000] {sql.py:487} INFO - Running statement: SELECT * FROM source_data.технологии_и_уровень_знаний_сотру, parameters: None
[2024-07-09T11:42:00.489+0000] {sql.py:496} INFO - Rows affected: 2520
[2024-07-09T11:42:00.527+0000] {base.py:84} INFO - Using connection ID 'etl_db_4_conn' for task execution.
[2024-07-09T11:42:00.660+0000] {base.py:84} INFO - Using connection ID 'etl_db_4_conn' for task execution.
[2024-07-09T11:42:38.497+0000] {sql.py:598} INFO - Loaded 1000 rows into andronov_ods.технологии_и_уровень_знаний_сотру so far
[2024-07-09T11:42:38.510+0000] {base.py:84} INFO - Using connection ID 'etl_db_4_conn' for task execution.
[2024-07-09T11:43:25.030+0000] {sql.py:598} INFO - Loaded 1000 rows into andronov_ods.технологии_и_уровень_знаний_сотру so far
[2024-07-09T11:43:25.042+0000] {base.py:84} INFO - Using connection ID 'etl_db_4_conn' for task execution.
[2024-07-09T11:43:48.030+0000] {sql.py:598} INFO - Loaded 520 rows into andronov_ods.технологии_и_уровень_знаний_сотру so far
[2024-07-09T11:43:48.030+0000] {sql.py:611} INFO - Done loading. Loaded a total of 2520 rows into andronov_ods.технологии_и_уровень_знаний_сотру
[2024-07-09T11:43:48.038+0000] {base.py:84} INFO - Using connection ID 'etl_db_4_conn' for task execution.
[2024-07-09T11:43:48.183+0000] {sql.py:487} INFO - Running statement: TRUNCATE TABLE andronov_ods.уровни_владения_ин, parameters: None
[2024-07-09T11:43:48.387+0000] {base.py:84} INFO - Using connection ID 'source_conn' for task execution.
[2024-07-09T11:43:48.548+0000] {sql.py:487} INFO - Running statement: SELECT * FROM source_data.уровни_владения_ин, parameters: None
[2024-07-09T11:43:48.617+0000] {sql.py:496} INFO - Rows affected: 6
[2024-07-09T11:43:48.658+0000] {base.py:84} INFO - Using connection ID 'etl_db_4_conn' for task execution.
[2024-07-09T11:43:48.799+0000] {base.py:84} INFO - Using connection ID 'etl_db_4_conn' for task execution.
[2024-07-09T11:43:49.036+0000] {sql.py:598} INFO - Loaded 6 rows into andronov_ods.уровни_владения_ин so far
[2024-07-09T11:43:49.037+0000] {sql.py:611} INFO - Done loading. Loaded a total of 6 rows into andronov_ods.уровни_владения_ин
[2024-07-09T11:43:49.044+0000] {base.py:84} INFO - Using connection ID 'etl_db_4_conn' for task execution.
[2024-07-09T11:43:49.168+0000] {sql.py:487} INFO - Running statement: TRUNCATE TABLE andronov_ods.языки_программирования, parameters: None
[2024-07-09T11:43:49.372+0000] {base.py:84} INFO - Using connection ID 'source_conn' for task execution.
[2024-07-09T11:43:49.627+0000] {sql.py:487} INFO - Running statement: SELECT * FROM source_data.языки_программирования, parameters: None
[2024-07-09T11:43:49.772+0000] {sql.py:496} INFO - Rows affected: 32
[2024-07-09T11:43:49.820+0000] {base.py:84} INFO - Using connection ID 'etl_db_4_conn' for task execution.
[2024-07-09T11:43:50.187+0000] {base.py:84} INFO - Using connection ID 'etl_db_4_conn' for task execution.
[2024-07-09T11:43:51.705+0000] {sql.py:598} INFO - Loaded 32 rows into andronov_ods.языки_программирования so far
[2024-07-09T11:43:51.705+0000] {sql.py:611} INFO - Done loading. Loaded a total of 32 rows into andronov_ods.языки_программирования
[2024-07-09T11:43:51.712+0000] {base.py:84} INFO - Using connection ID 'etl_db_4_conn' for task execution.
[2024-07-09T11:43:51.850+0000] {sql.py:487} INFO - Running statement: TRUNCATE TABLE andronov_ods.фреймворки, parameters: None
[2024-07-09T11:43:52.068+0000] {base.py:84} INFO - Using connection ID 'source_conn' for task execution.
[2024-07-09T11:43:52.213+0000] {sql.py:487} INFO - Running statement: SELECT * FROM source_data.фреймворки, parameters: None
[2024-07-09T11:43:52.273+0000] {sql.py:496} INFO - Rows affected: 17
[2024-07-09T11:43:52.309+0000] {base.py:84} INFO - Using connection ID 'etl_db_4_conn' for task execution.
[2024-07-09T11:43:52.459+0000] {base.py:84} INFO - Using connection ID 'etl_db_4_conn' for task execution.
[2024-07-09T11:43:53.018+0000] {sql.py:598} INFO - Loaded 17 rows into andronov_ods.фреймворки so far
[2024-07-09T11:43:53.019+0000] {sql.py:611} INFO - Done loading. Loaded a total of 17 rows into andronov_ods.фреймворки
[2024-07-09T11:43:53.027+0000] {base.py:84} INFO - Using connection ID 'etl_db_4_conn' for task execution.
[2024-07-09T11:43:53.148+0000] {sql.py:487} INFO - Running statement: TRUNCATE TABLE andronov_ods.платформы_и_уровень_знаний_сотруд, parameters: None
[2024-07-09T11:43:53.360+0000] {base.py:84} INFO - Using connection ID 'source_conn' for task execution.
[2024-07-09T11:43:53.538+0000] {sql.py:487} INFO - Running statement: SELECT * FROM source_data.платформы_и_уровень_знаний_сотруд, parameters: None
[2024-07-09T11:43:54.291+0000] {sql.py:496} INFO - Rows affected: 1489
[2024-07-09T11:43:54.329+0000] {base.py:84} INFO - Using connection ID 'etl_db_4_conn' for task execution.
[2024-07-09T11:43:54.599+0000] {base.py:84} INFO - Using connection ID 'etl_db_4_conn' for task execution.
[2024-07-09T11:44:29.908+0000] {sql.py:598} INFO - Loaded 1000 rows into andronov_ods.платформы_и_уровень_знаний_сотруд so far
[2024-07-09T11:44:29.919+0000] {base.py:84} INFO - Using connection ID 'etl_db_4_conn' for task execution.
[2024-07-09T11:44:53.041+0000] {sql.py:598} INFO - Loaded 489 rows into andronov_ods.платформы_и_уровень_знаний_сотруд so far
[2024-07-09T11:44:53.042+0000] {sql.py:611} INFO - Done loading. Loaded a total of 1489 rows into andronov_ods.платформы_и_уровень_знаний_сотруд
[2024-07-09T11:44:53.050+0000] {base.py:84} INFO - Using connection ID 'etl_db_4_conn' for task execution.
[2024-07-09T11:44:53.192+0000] {sql.py:487} INFO - Running statement: TRUNCATE TABLE andronov_ods.платформы, parameters: None
[2024-07-09T11:44:53.395+0000] {base.py:84} INFO - Using connection ID 'source_conn' for task execution.
[2024-07-09T11:44:53.514+0000] {sql.py:487} INFO - Running statement: SELECT * FROM source_data.платформы, parameters: None
[2024-07-09T11:44:53.576+0000] {sql.py:496} INFO - Rows affected: 40
[2024-07-09T11:44:53.612+0000] {base.py:84} INFO - Using connection ID 'etl_db_4_conn' for task execution.
[2024-07-09T11:44:53.737+0000] {base.py:84} INFO - Using connection ID 'etl_db_4_conn' for task execution.
[2024-07-09T11:44:55.004+0000] {sql.py:598} INFO - Loaded 40 rows into andronov_ods.платформы so far
[2024-07-09T11:44:55.005+0000] {sql.py:611} INFO - Done loading. Loaded a total of 40 rows into andronov_ods.платформы
[2024-07-09T11:44:55.011+0000] {base.py:84} INFO - Using connection ID 'etl_db_4_conn' for task execution.
[2024-07-09T11:44:55.128+0000] {sql.py:487} INFO - Running statement: TRUNCATE TABLE andronov_ods.предметная_область, parameters: None
[2024-07-09T11:44:55.336+0000] {base.py:84} INFO - Using connection ID 'source_conn' for task execution.
[2024-07-09T11:44:55.455+0000] {sql.py:487} INFO - Running statement: SELECT * FROM source_data.предметная_область, parameters: None
[2024-07-09T11:44:55.515+0000] {sql.py:496} INFO - Rows affected: 13
[2024-07-09T11:44:55.550+0000] {base.py:84} INFO - Using connection ID 'etl_db_4_conn' for task execution.
[2024-07-09T11:44:55.672+0000] {base.py:84} INFO - Using connection ID 'etl_db_4_conn' for task execution.
[2024-07-09T11:44:56.118+0000] {sql.py:598} INFO - Loaded 13 rows into andronov_ods.предметная_область so far
[2024-07-09T11:44:56.118+0000] {sql.py:611} INFO - Done loading. Loaded a total of 13 rows into andronov_ods.предметная_область
[2024-07-09T11:44:56.126+0000] {base.py:84} INFO - Using connection ID 'etl_db_4_conn' for task execution.
[2024-07-09T11:44:56.261+0000] {sql.py:487} INFO - Running statement: TRUNCATE TABLE andronov_ods.языки, parameters: None
[2024-07-09T11:44:56.466+0000] {base.py:84} INFO - Using connection ID 'source_conn' for task execution.
[2024-07-09T11:44:56.585+0000] {sql.py:487} INFO - Running statement: SELECT * FROM source_data.языки, parameters: None
[2024-07-09T11:44:56.648+0000] {sql.py:496} INFO - Rows affected: 6
[2024-07-09T11:44:56.683+0000] {base.py:84} INFO - Using connection ID 'etl_db_4_conn' for task execution.
[2024-07-09T11:44:56.808+0000] {base.py:84} INFO - Using connection ID 'etl_db_4_conn' for task execution.
[2024-07-09T11:44:57.049+0000] {sql.py:598} INFO - Loaded 6 rows into andronov_ods.языки so far
[2024-07-09T11:44:57.050+0000] {sql.py:611} INFO - Done loading. Loaded a total of 6 rows into andronov_ods.языки
[2024-07-09T11:44:57.057+0000] {base.py:84} INFO - Using connection ID 'etl_db_4_conn' for task execution.
[2024-07-09T11:44:57.199+0000] {sql.py:487} INFO - Running statement: TRUNCATE TABLE andronov_ods.инструменты_и_уровень_знаний_сотр, parameters: None
[2024-07-09T11:44:57.403+0000] {base.py:84} INFO - Using connection ID 'source_conn' for task execution.
[2024-07-09T11:44:57.521+0000] {sql.py:487} INFO - Running statement: SELECT * FROM source_data.инструменты_и_уровень_знаний_сотр, parameters: None
[2024-07-09T11:44:58.076+0000] {sql.py:496} INFO - Rows affected: 1993
[2024-07-09T11:44:58.112+0000] {base.py:84} INFO - Using connection ID 'etl_db_4_conn' for task execution.
[2024-07-09T11:44:58.239+0000] {base.py:84} INFO - Using connection ID 'etl_db_4_conn' for task execution.
[2024-07-09T11:45:35.519+0000] {sql.py:598} INFO - Loaded 1000 rows into andronov_ods.инструменты_и_уровень_знаний_сотр so far
[2024-07-09T11:45:35.528+0000] {base.py:84} INFO - Using connection ID 'etl_db_4_conn' for task execution.
[2024-07-09T11:46:24.628+0000] {sql.py:598} INFO - Loaded 993 rows into andronov_ods.инструменты_и_уровень_знаний_сотр so far
[2024-07-09T11:46:24.629+0000] {sql.py:611} INFO - Done loading. Loaded a total of 1993 rows into andronov_ods.инструменты_и_уровень_знаний_сотр
[2024-07-09T11:46:24.636+0000] {base.py:84} INFO - Using connection ID 'etl_db_4_conn' for task execution.
[2024-07-09T11:46:24.756+0000] {sql.py:487} INFO - Running statement: TRUNCATE TABLE andronov_ods.базы_данных_и_уровень_знаний_сотру, parameters: None
[2024-07-09T11:46:24.965+0000] {base.py:84} INFO - Using connection ID 'source_conn' for task execution.
[2024-07-09T11:46:25.083+0000] {sql.py:487} INFO - Running statement: SELECT * FROM source_data.базы_данных_и_уровень_знаний_сотру, parameters: None
[2024-07-09T11:46:25.293+0000] {sql.py:496} INFO - Rows affected: 495
[2024-07-09T11:46:25.331+0000] {base.py:84} INFO - Using connection ID 'etl_db_4_conn' for task execution.
[2024-07-09T11:46:25.473+0000] {base.py:84} INFO - Using connection ID 'etl_db_4_conn' for task execution.
[2024-07-09T11:46:55.055+0000] {sql.py:598} INFO - Loaded 495 rows into andronov_ods.базы_данных_и_уровень_знаний_сотру so far
[2024-07-09T11:46:55.056+0000] {sql.py:611} INFO - Done loading. Loaded a total of 495 rows into andronov_ods.базы_данных_и_уровень_знаний_сотру
[2024-07-09T11:46:55.064+0000] {base.py:84} INFO - Using connection ID 'etl_db_4_conn' for task execution.
[2024-07-09T11:46:55.181+0000] {sql.py:487} INFO - Running statement: TRUNCATE TABLE andronov_ods.базы_данных, parameters: None
[2024-07-09T11:46:55.381+0000] {base.py:84} INFO - Using connection ID 'source_conn' for task execution.
[2024-07-09T11:46:55.501+0000] {sql.py:487} INFO - Running statement: SELECT * FROM source_data.базы_данных, parameters: None
[2024-07-09T11:46:55.559+0000] {sql.py:496} INFO - Rows affected: 17
[2024-07-09T11:46:55.595+0000] {base.py:84} INFO - Using connection ID 'etl_db_4_conn' for task execution.
[2024-07-09T11:46:55.718+0000] {base.py:84} INFO - Using connection ID 'etl_db_4_conn' for task execution.
[2024-07-09T11:46:56.283+0000] {sql.py:598} INFO - Loaded 17 rows into andronov_ods.базы_данных so far
[2024-07-09T11:46:56.284+0000] {sql.py:611} INFO - Done loading. Loaded a total of 17 rows into andronov_ods.базы_данных
[2024-07-09T11:46:56.290+0000] {base.py:84} INFO - Using connection ID 'etl_db_4_conn' for task execution.
[2024-07-09T11:46:56.409+0000] {sql.py:487} INFO - Running statement: TRUNCATE TABLE andronov_ods.отрасли, parameters: None
[2024-07-09T11:46:56.623+0000] {base.py:84} INFO - Using connection ID 'source_conn' for task execution.
[2024-07-09T11:46:56.747+0000] {sql.py:487} INFO - Running statement: SELECT * FROM source_data.отрасли, parameters: None
[2024-07-09T11:46:56.806+0000] {sql.py:496} INFO - Rows affected: 8
[2024-07-09T11:46:56.843+0000] {base.py:84} INFO - Using connection ID 'etl_db_4_conn' for task execution.
[2024-07-09T11:46:56.970+0000] {base.py:84} INFO - Using connection ID 'etl_db_4_conn' for task execution.
[2024-07-09T11:46:57.266+0000] {sql.py:598} INFO - Loaded 8 rows into andronov_ods.отрасли so far
[2024-07-09T11:46:57.267+0000] {sql.py:611} INFO - Done loading. Loaded a total of 8 rows into andronov_ods.отрасли
[2024-07-09T11:46:57.273+0000] {base.py:84} INFO - Using connection ID 'etl_db_4_conn' for task execution.
[2024-07-09T11:46:57.393+0000] {sql.py:487} INFO - Running statement: TRUNCATE TABLE andronov_ods.сотрудники_дар, parameters: None
[2024-07-09T11:46:57.601+0000] {base.py:84} INFO - Using connection ID 'source_conn' for task execution.
[2024-07-09T11:46:57.723+0000] {sql.py:487} INFO - Running statement: SELECT * FROM source_data.сотрудники_дар, parameters: None
[2024-07-09T11:46:57.992+0000] {sql.py:496} INFO - Rows affected: 483
[2024-07-09T11:46:58.029+0000] {base.py:84} INFO - Using connection ID 'etl_db_4_conn' for task execution.
[2024-07-09T11:46:58.162+0000] {base.py:84} INFO - Using connection ID 'etl_db_4_conn' for task execution.
[2024-07-09T11:47:21.282+0000] {sql.py:598} INFO - Loaded 483 rows into andronov_ods.сотрудники_дар so far
[2024-07-09T11:47:21.283+0000] {sql.py:611} INFO - Done loading. Loaded a total of 483 rows into andronov_ods.сотрудники_дар
[2024-07-09T11:47:21.290+0000] {base.py:84} INFO - Using connection ID 'etl_db_4_conn' for task execution.
[2024-07-09T11:47:21.427+0000] {sql.py:487} INFO - Running statement: TRUNCATE TABLE andronov_ods.среды_разработки_и_уровень_знаний_, parameters: None
[2024-07-09T11:47:21.633+0000] {base.py:84} INFO - Using connection ID 'source_conn' for task execution.
[2024-07-09T11:47:21.753+0000] {sql.py:487} INFO - Running statement: SELECT * FROM source_data.среды_разработки_и_уровень_знаний_, parameters: None
[2024-07-09T11:47:21.872+0000] {sql.py:496} INFO - Rows affected: 188
[2024-07-09T11:47:21.910+0000] {base.py:84} INFO - Using connection ID 'etl_db_4_conn' for task execution.
[2024-07-09T11:47:22.032+0000] {base.py:84} INFO - Using connection ID 'etl_db_4_conn' for task execution.
[2024-07-09T11:47:28.812+0000] {sql.py:598} INFO - Loaded 188 rows into andronov_ods.среды_разработки_и_уровень_знаний_ so far
[2024-07-09T11:47:28.813+0000] {sql.py:611} INFO - Done loading. Loaded a total of 188 rows into andronov_ods.среды_разработки_и_уровень_знаний_
[2024-07-09T11:47:28.820+0000] {base.py:84} INFO - Using connection ID 'etl_db_4_conn' for task execution.
[2024-07-09T11:47:29.218+0000] {sql.py:487} INFO - Running statement: TRUNCATE TABLE andronov_ods.сертификаты_пользователей, parameters: None
[2024-07-09T11:47:29.637+0000] {base.py:84} INFO - Using connection ID 'source_conn' for task execution.
[2024-07-09T11:47:29.938+0000] {sql.py:487} INFO - Running statement: SELECT * FROM source_data.сертификаты_пользователей, parameters: None
[2024-07-09T11:47:30.831+0000] {sql.py:496} INFO - Rows affected: 1235
[2024-07-09T11:47:30.867+0000] {base.py:84} INFO - Using connection ID 'etl_db_4_conn' for task execution.
[2024-07-09T11:47:31.073+0000] {base.py:84} INFO - Using connection ID 'etl_db_4_conn' for task execution.
[2024-07-09T11:48:08.132+0000] {sql.py:598} INFO - Loaded 1000 rows into andronov_ods.сертификаты_пользователей so far
[2024-07-09T11:48:08.141+0000] {base.py:84} INFO - Using connection ID 'etl_db_4_conn' for task execution.
[2024-07-09T11:48:18.562+0000] {sql.py:598} INFO - Loaded 235 rows into andronov_ods.сертификаты_пользователей so far
[2024-07-09T11:48:18.563+0000] {sql.py:611} INFO - Done loading. Loaded a total of 1235 rows into andronov_ods.сертификаты_пользователей
[2024-07-09T11:48:18.569+0000] {base.py:84} INFO - Using connection ID 'etl_db_4_conn' for task execution.
[2024-07-09T11:48:18.693+0000] {sql.py:487} INFO - Running statement: TRUNCATE TABLE andronov_ods.фреймворки_и_уровень_знаний_сотру, parameters: None
[2024-07-09T11:48:18.898+0000] {base.py:84} INFO - Using connection ID 'source_conn' for task execution.
[2024-07-09T11:48:19.019+0000] {sql.py:487} INFO - Running statement: SELECT * FROM source_data.фреймворки_и_уровень_знаний_сотру, parameters: None
[2024-07-09T11:48:19.143+0000] {sql.py:496} INFO - Rows affected: 174
[2024-07-09T11:48:19.181+0000] {base.py:84} INFO - Using connection ID 'etl_db_4_conn' for task execution.
[2024-07-09T11:48:19.307+0000] {base.py:84} INFO - Using connection ID 'etl_db_4_conn' for task execution.
[2024-07-09T11:48:26.462+0000] {sql.py:598} INFO - Loaded 174 rows into andronov_ods.фреймворки_и_уровень_знаний_сотру so far
[2024-07-09T11:48:26.462+0000] {sql.py:611} INFO - Done loading. Loaded a total of 174 rows into andronov_ods.фреймворки_и_уровень_знаний_сотру
[2024-07-09T11:48:26.469+0000] {base.py:84} INFO - Using connection ID 'etl_db_4_conn' for task execution.
[2024-07-09T11:48:26.871+0000] {sql.py:487} INFO - Running statement: TRUNCATE TABLE andronov_ods.языки_программирования_и_уровень, parameters: None
[2024-07-09T11:48:27.291+0000] {base.py:84} INFO - Using connection ID 'source_conn' for task execution.
[2024-07-09T11:48:27.693+0000] {sql.py:487} INFO - Running statement: SELECT * FROM source_data.языки_программирования_и_уровень, parameters: None
[2024-07-09T11:48:28.469+0000] {sql.py:496} INFO - Rows affected: 1227
[2024-07-09T11:48:28.519+0000] {base.py:84} INFO - Using connection ID 'etl_db_4_conn' for task execution.
[2024-07-09T11:48:28.931+0000] {base.py:84} INFO - Using connection ID 'etl_db_4_conn' for task execution.
[2024-07-09T11:49:23.148+0000] {sql.py:598} INFO - Loaded 1000 rows into andronov_ods.языки_программирования_и_уровень so far
[2024-07-09T11:49:23.156+0000] {base.py:84} INFO - Using connection ID 'etl_db_4_conn' for task execution.
[2024-07-09T11:49:30.180+0000] {sql.py:598} INFO - Loaded 227 rows into andronov_ods.языки_программирования_и_уровень so far
[2024-07-09T11:49:30.181+0000] {sql.py:611} INFO - Done loading. Loaded a total of 1227 rows into andronov_ods.языки_программирования_и_уровень
[2024-07-09T11:49:30.188+0000] {base.py:84} INFO - Using connection ID 'etl_db_4_conn' for task execution.
[2024-07-09T11:49:30.309+0000] {sql.py:487} INFO - Running statement: TRUNCATE TABLE andronov_ods.образование_пользователей, parameters: None
[2024-07-09T11:49:30.512+0000] {base.py:84} INFO - Using connection ID 'source_conn' for task execution.
[2024-07-09T11:49:30.633+0000] {sql.py:487} INFO - Running statement: SELECT * FROM source_data.образование_пользователей, parameters: None
[2024-07-09T11:49:31.803+0000] {sql.py:496} INFO - Rows affected: 2971
[2024-07-09T11:49:31.846+0000] {base.py:84} INFO - Using connection ID 'etl_db_4_conn' for task execution.
[2024-07-09T11:49:32.000+0000] {base.py:84} INFO - Using connection ID 'etl_db_4_conn' for task execution.
[2024-07-09T11:50:03.278+0000] {sql.py:598} INFO - Loaded 1000 rows into andronov_ods.образование_пользователей so far
[2024-07-09T11:50:03.290+0000] {base.py:84} INFO - Using connection ID 'etl_db_4_conn' for task execution.
[2024-07-09T11:50:34.179+0000] {sql.py:598} INFO - Loaded 1000 rows into andronov_ods.образование_пользователей so far
[2024-07-09T11:50:34.190+0000] {base.py:84} INFO - Using connection ID 'etl_db_4_conn' for task execution.
[2024-07-09T11:51:26.247+0000] {sql.py:598} INFO - Loaded 971 rows into andronov_ods.образование_пользователей so far
[2024-07-09T11:51:26.248+0000] {sql.py:611} INFO - Done loading. Loaded a total of 2971 rows into andronov_ods.образование_пользователей
[2024-07-09T11:51:26.254+0000] {base.py:84} INFO - Using connection ID 'etl_db_4_conn' for task execution.
[2024-07-09T11:51:26.375+0000] {sql.py:487} INFO - Running statement: TRUNCATE TABLE andronov_ods.уровни_знаний_в_отрасли, parameters: None
[2024-07-09T11:51:26.581+0000] {base.py:84} INFO - Using connection ID 'source_conn' for task execution.
[2024-07-09T11:51:26.707+0000] {sql.py:487} INFO - Running statement: SELECT * FROM source_data.уровни_знаний_в_отрасли, parameters: None
[2024-07-09T11:51:26.769+0000] {sql.py:496} INFO - Rows affected: 3
[2024-07-09T11:51:26.807+0000] {base.py:84} INFO - Using connection ID 'etl_db_4_conn' for task execution.
[2024-07-09T11:51:26.937+0000] {base.py:84} INFO - Using connection ID 'etl_db_4_conn' for task execution.
[2024-07-09T11:51:27.093+0000] {sql.py:598} INFO - Loaded 3 rows into andronov_ods.уровни_знаний_в_отрасли so far
[2024-07-09T11:51:27.093+0000] {sql.py:611} INFO - Done loading. Loaded a total of 3 rows into andronov_ods.уровни_знаний_в_отрасли
[2024-07-09T11:51:27.100+0000] {base.py:84} INFO - Using connection ID 'etl_db_4_conn' for task execution.
[2024-07-09T11:51:27.224+0000] {sql.py:487} INFO - Running statement: TRUNCATE TABLE andronov_ods.опыт_сотрудника_в_предметных_обла, parameters: None
[2024-07-09T11:51:27.434+0000] {base.py:84} INFO - Using connection ID 'source_conn' for task execution.
[2024-07-09T11:51:27.557+0000] {sql.py:487} INFO - Running statement: SELECT * FROM source_data.опыт_сотрудника_в_предметных_обла, parameters: None
[2024-07-09T11:51:27.706+0000] {sql.py:496} INFO - Rows affected: 318
[2024-07-09T11:51:27.744+0000] {base.py:84} INFO - Using connection ID 'etl_db_4_conn' for task execution.
[2024-07-09T11:51:27.869+0000] {base.py:84} INFO - Using connection ID 'etl_db_4_conn' for task execution.
[2024-07-09T11:51:37.273+0000] {sql.py:598} INFO - Loaded 318 rows into andronov_ods.опыт_сотрудника_в_предметных_обла so far
[2024-07-09T11:51:37.273+0000] {sql.py:611} INFO - Done loading. Loaded a total of 318 rows into andronov_ods.опыт_сотрудника_в_предметных_обла
[2024-07-09T11:51:37.280+0000] {base.py:84} INFO - Using connection ID 'etl_db_4_conn' for task execution.
[2024-07-09T11:51:37.400+0000] {sql.py:487} INFO - Running statement: TRUNCATE TABLE andronov_ods.типы_систем_и_уровень_знаний_сотру, parameters: None
[2024-07-09T11:51:37.614+0000] {base.py:84} INFO - Using connection ID 'source_conn' for task execution.
[2024-07-09T11:51:37.728+0000] {sql.py:487} INFO - Running statement: SELECT * FROM source_data.типы_систем_и_уровень_знаний_сотру, parameters: None
[2024-07-09T11:51:37.848+0000] {sql.py:496} INFO - Rows affected: 278
[2024-07-09T11:51:37.884+0000] {base.py:84} INFO - Using connection ID 'etl_db_4_conn' for task execution.
[2024-07-09T11:51:38.008+0000] {base.py:84} INFO - Using connection ID 'etl_db_4_conn' for task execution.
[2024-07-09T11:51:50.792+0000] {sql.py:598} INFO - Loaded 278 rows into andronov_ods.типы_систем_и_уровень_знаний_сотру so far
[2024-07-09T11:51:50.793+0000] {sql.py:611} INFO - Done loading. Loaded a total of 278 rows into andronov_ods.типы_систем_и_уровень_знаний_сотру
[2024-07-09T11:51:50.799+0000] {base.py:84} INFO - Using connection ID 'etl_db_4_conn' for task execution.
[2024-07-09T11:51:50.940+0000] {sql.py:487} INFO - Running statement: TRUNCATE TABLE andronov_ods.уровни_знаний_в_предметной_област, parameters: None
[2024-07-09T11:51:51.149+0000] {base.py:84} INFO - Using connection ID 'source_conn' for task execution.
[2024-07-09T11:51:51.264+0000] {sql.py:487} INFO - Running statement: SELECT * FROM source_data.уровни_знаний_в_предметной_област, parameters: None
[2024-07-09T11:51:51.322+0000] {sql.py:496} INFO - Rows affected: 3
[2024-07-09T11:51:51.358+0000] {base.py:84} INFO - Using connection ID 'etl_db_4_conn' for task execution.
[2024-07-09T11:51:51.485+0000] {base.py:84} INFO - Using connection ID 'etl_db_4_conn' for task execution.
[2024-07-09T11:51:51.636+0000] {sql.py:598} INFO - Loaded 3 rows into andronov_ods.уровни_знаний_в_предметной_област so far
[2024-07-09T11:51:51.637+0000] {sql.py:611} INFO - Done loading. Loaded a total of 3 rows into andronov_ods.уровни_знаний_в_предметной_област
[2024-07-09T11:51:51.644+0000] {base.py:84} INFO - Using connection ID 'etl_db_4_conn' for task execution.
[2024-07-09T11:51:51.760+0000] {sql.py:487} INFO - Running statement: TRUNCATE TABLE andronov_ods.инструменты, parameters: None
[2024-07-09T11:51:51.965+0000] {base.py:84} INFO - Using connection ID 'source_conn' for task execution.
[2024-07-09T11:51:52.085+0000] {sql.py:487} INFO - Running statement: SELECT * FROM source_data.инструменты, parameters: None
[2024-07-09T11:51:52.147+0000] {sql.py:496} INFO - Rows affected: 25
[2024-07-09T11:51:52.185+0000] {base.py:84} INFO - Using connection ID 'etl_db_4_conn' for task execution.
[2024-07-09T11:51:52.323+0000] {base.py:84} INFO - Using connection ID 'etl_db_4_conn' for task execution.
[2024-07-09T11:51:53.162+0000] {sql.py:598} INFO - Loaded 25 rows into andronov_ods.инструменты so far
[2024-07-09T11:51:53.163+0000] {sql.py:611} INFO - Done loading. Loaded a total of 25 rows into andronov_ods.инструменты
[2024-07-09T11:51:53.170+0000] {base.py:84} INFO - Using connection ID 'etl_db_4_conn' for task execution.
[2024-07-09T11:51:53.297+0000] {sql.py:487} INFO - Running statement: TRUNCATE TABLE andronov_ods.опыт_сотрудника_в_отраслях, parameters: None
[2024-07-09T11:51:53.633+0000] {base.py:84} INFO - Using connection ID 'source_conn' for task execution.
[2024-07-09T11:51:54.036+0000] {sql.py:487} INFO - Running statement: SELECT * FROM source_data.опыт_сотрудника_в_отраслях, parameters: None
[2024-07-09T11:51:54.345+0000] {sql.py:496} INFO - Rows affected: 306
[2024-07-09T11:51:54.453+0000] {base.py:84} INFO - Using connection ID 'etl_db_4_conn' for task execution.
[2024-07-09T11:51:54.863+0000] {base.py:84} INFO - Using connection ID 'etl_db_4_conn' for task execution.
[2024-07-09T11:52:04.663+0000] {sql.py:598} INFO - Loaded 306 rows into andronov_ods.опыт_сотрудника_в_отраслях so far
[2024-07-09T11:52:04.663+0000] {sql.py:611} INFO - Done loading. Loaded a total of 306 rows into andronov_ods.опыт_сотрудника_в_отраслях
[2024-07-09T11:52:04.670+0000] {base.py:84} INFO - Using connection ID 'etl_db_4_conn' for task execution.
[2024-07-09T11:52:04.784+0000] {sql.py:487} INFO - Running statement: TRUNCATE TABLE andronov_ods.резюмедар, parameters: None
[2024-07-09T11:52:04.992+0000] {base.py:84} INFO - Using connection ID 'source_conn' for task execution.
[2024-07-09T11:52:05.107+0000] {sql.py:487} INFO - Running statement: SELECT * FROM source_data.резюмедар, parameters: None
[2024-07-09T11:52:05.405+0000] {sql.py:496} INFO - Rows affected: 493
[2024-07-09T11:52:05.443+0000] {base.py:84} INFO - Using connection ID 'etl_db_4_conn' for task execution.
[2024-07-09T11:52:05.589+0000] {base.py:84} INFO - Using connection ID 'etl_db_4_conn' for task execution.
[2024-07-09T11:52:23.447+0000] {sql.py:598} INFO - Loaded 493 rows into andronov_ods.резюмедар so far
[2024-07-09T11:52:23.448+0000] {sql.py:611} INFO - Done loading. Loaded a total of 493 rows into andronov_ods.резюмедар
[2024-07-09T11:52:23.454+0000] {base.py:84} INFO - Using connection ID 'etl_db_4_conn' for task execution.
[2024-07-09T11:52:23.571+0000] {sql.py:487} INFO - Running statement: TRUNCATE TABLE andronov_ods.технологии, parameters: None
[2024-07-09T11:52:23.775+0000] {base.py:84} INFO - Using connection ID 'source_conn' for task execution.
[2024-07-09T11:52:23.916+0000] {sql.py:487} INFO - Running statement: SELECT * FROM source_data.технологии, parameters: None
[2024-07-09T11:52:23.975+0000] {sql.py:496} INFO - Rows affected: 55
[2024-07-09T11:52:24.011+0000] {base.py:84} INFO - Using connection ID 'etl_db_4_conn' for task execution.
[2024-07-09T11:52:24.132+0000] {base.py:84} INFO - Using connection ID 'etl_db_4_conn' for task execution.
[2024-07-09T11:52:26.805+0000] {sql.py:598} INFO - Loaded 55 rows into andronov_ods.технологии so far
[2024-07-09T11:52:26.806+0000] {sql.py:611} INFO - Done loading. Loaded a total of 55 rows into andronov_ods.технологии
[2024-07-09T11:52:26.807+0000] {python.py:237} INFO - Done. Returned value was: None
[2024-07-09T11:52:26.808+0000] {taskinstance.py:441} INFO - ::group::Post task execution logs
[2024-07-09T11:52:26.818+0000] {taskinstance.py:1206} INFO - Marking task as SUCCESS. dag_id=pipeline_4_andronov, task_id=load_data_to_ods, run_id=manual__2024-07-09T11:41:28.441762+00:00, execution_date=20240709T114128, start_date=20240709T114129, end_date=20240709T115226
[2024-07-09T11:52:26.846+0000] {local_task_job_runner.py:240} INFO - Task exited with return code 0
[2024-07-09T11:52:26.862+0000] {taskinstance.py:3503} INFO - 0 downstream tasks scheduled from follow-on schedule check
[2024-07-09T11:52:26.865+0000] {local_task_job_runner.py:222} INFO - ::endgroup::
