[2024-07-03T18:59:53.923+0000] {local_task_job_runner.py:120} INFO - ::group::Pre task execution logs
[2024-07-03T18:59:53.948+0000] {taskinstance.py:2076} INFO - Dependencies all met for dep_context=non-requeueable deps ti=<TaskInstance: first_dag.first_task scheduled__2021-07-08T00:00:00+00:00 [queued]>
[2024-07-03T18:59:53.955+0000] {taskinstance.py:2076} INFO - Dependencies all met for dep_context=requeueable deps ti=<TaskInstance: first_dag.first_task scheduled__2021-07-08T00:00:00+00:00 [queued]>
[2024-07-03T18:59:53.956+0000] {taskinstance.py:2306} INFO - Starting attempt 3 of 6
[2024-07-03T18:59:53.969+0000] {taskinstance.py:2330} INFO - Executing <Task(BashOperator): first_task> on 2021-07-08 00:00:00+00:00
[2024-07-03T18:59:53.974+0000] {warnings.py:112} WARNING - /home/***/.local/lib/python3.12/site-packages/***/task/task_runner/standard_task_runner.py:61: DeprecationWarning: This process (pid=375) is multi-threaded, use of fork() may lead to deadlocks in the child.
  pid = os.fork()

[2024-07-03T18:59:53.975+0000] {standard_task_runner.py:63} INFO - Started process 377 to run task
[2024-07-03T18:59:53.976+0000] {standard_task_runner.py:90} INFO - Running: ['***', 'tasks', 'run', 'first_dag', 'first_task', 'scheduled__2021-07-08T00:00:00+00:00', '--job-id', '61', '--raw', '--subdir', 'DAGS_FOLDER/first_dag.py', '--cfg-path', '/tmp/tmpotkjti5y']
[2024-07-03T18:59:53.977+0000] {standard_task_runner.py:91} INFO - Job 61: Subtask first_task
[2024-07-03T18:59:54.019+0000] {task_command.py:426} INFO - Running <TaskInstance: first_dag.first_task scheduled__2021-07-08T00:00:00+00:00 [running]> on host 2a6e93921527
[2024-07-03T18:59:54.099+0000] {taskinstance.py:2648} INFO - Exporting env vars: AIRFLOW_CTX_DAG_OWNER='me' AIRFLOW_CTX_DAG_ID='first_dag' AIRFLOW_CTX_TASK_ID='first_task' AIRFLOW_CTX_EXECUTION_DATE='2021-07-08T00:00:00+00:00' AIRFLOW_CTX_TRY_NUMBER='3' AIRFLOW_CTX_DAG_RUN_ID='scheduled__2021-07-08T00:00:00+00:00'
[2024-07-03T18:59:54.100+0000] {taskinstance.py:430} INFO - ::endgroup::
[2024-07-03T18:59:54.114+0000] {subprocess.py:63} INFO - Tmp dir root location: /tmp
[2024-07-03T18:59:54.115+0000] {subprocess.py:75} INFO - Running command: ['/usr/bin/bash', '-c', 'Hello world, this is the first task']
[2024-07-03T18:59:54.128+0000] {subprocess.py:86} INFO - Output:
[2024-07-03T18:59:54.130+0000] {subprocess.py:93} INFO - /usr/bin/bash: line 1: Hello: command not found
[2024-07-03T18:59:54.130+0000] {subprocess.py:97} INFO - Command exited with return code 127
[2024-07-03T18:59:54.131+0000] {taskinstance.py:441} INFO - ::group::Post task execution logs
[2024-07-03T18:59:54.140+0000] {taskinstance.py:2905} ERROR - Task failed with exception
Traceback (most recent call last):
  File "/home/airflow/.local/lib/python3.12/site-packages/airflow/models/taskinstance.py", line 465, in _execute_task
    result = _execute_callable(context=context, **execute_callable_kwargs)
             ^^^^^^^^^^^^^^^^^^^^^^^^^^^^^^^^^^^^^^^^^^^^^^^^^^^^^^^^^^^^^
  File "/home/airflow/.local/lib/python3.12/site-packages/airflow/models/taskinstance.py", line 432, in _execute_callable
    return execute_callable(context=context, **execute_callable_kwargs)
           ^^^^^^^^^^^^^^^^^^^^^^^^^^^^^^^^^^^^^^^^^^^^^^^^^^^^^^^^^^^^
  File "/home/airflow/.local/lib/python3.12/site-packages/airflow/models/baseoperator.py", line 401, in wrapper
    return func(self, *args, **kwargs)
           ^^^^^^^^^^^^^^^^^^^^^^^^^^^
  File "/home/airflow/.local/lib/python3.12/site-packages/airflow/operators/bash.py", line 243, in execute
    raise AirflowException(
airflow.exceptions.AirflowException: Bash command failed. The command returned a non-zero exit code 127.
[2024-07-03T18:59:54.145+0000] {taskinstance.py:1206} INFO - Marking task as UP_FOR_RETRY. dag_id=first_dag, task_id=first_task, run_id=scheduled__2021-07-08T00:00:00+00:00, execution_date=20210708T000000, start_date=20240703T185953, end_date=20240703T185954
[2024-07-03T18:59:54.157+0000] {standard_task_runner.py:110} ERROR - Failed to execute job 61 for task first_task (Bash command failed. The command returned a non-zero exit code 127.; 377)
[2024-07-03T18:59:54.189+0000] {local_task_job_runner.py:240} INFO - Task exited with return code 1
[2024-07-03T18:59:54.205+0000] {taskinstance.py:3503} INFO - 0 downstream tasks scheduled from follow-on schedule check
[2024-07-03T18:59:54.207+0000] {local_task_job_runner.py:222} INFO - ::endgroup::
