[2024-07-03T18:25:53.161+0000] {processor.py:161} INFO - Started process (PID=55) to work on /home/airflow/.local/lib/python3.12/site-packages/airflow/example_dags/example_complex.py
[2024-07-03T18:25:53.162+0000] {processor.py:830} INFO - Processing file /home/airflow/.local/lib/python3.12/site-packages/airflow/example_dags/example_complex.py for tasks to queue
[2024-07-03T18:25:53.164+0000] {logging_mixin.py:188} INFO - [2024-07-03T18:25:53.164+0000] {dagbag.py:545} INFO - Filling up the DagBag from /home/airflow/.local/lib/python3.12/site-packages/airflow/example_dags/example_complex.py
[2024-07-03T18:25:53.180+0000] {processor.py:840} INFO - DAG(s) 'example_complex' retrieved from /home/airflow/.local/lib/python3.12/site-packages/airflow/example_dags/example_complex.py
[2024-07-03T18:25:53.193+0000] {logging_mixin.py:188} INFO - [2024-07-03T18:25:53.193+0000] {dag.py:3096} INFO - Sync 1 DAGs
[2024-07-03T18:25:53.208+0000] {logging_mixin.py:188} INFO - [2024-07-03T18:25:53.208+0000] {dag.py:3954} INFO - Setting next_dagrun for example_complex to None, run_after=None
[2024-07-03T18:25:53.229+0000] {processor.py:183} INFO - Processing /home/airflow/.local/lib/python3.12/site-packages/airflow/example_dags/example_complex.py took 0.075 seconds
[2024-07-03T18:26:24.299+0000] {processor.py:161} INFO - Started process (PID=113) to work on /home/airflow/.local/lib/python3.12/site-packages/airflow/example_dags/example_complex.py
[2024-07-03T18:26:24.300+0000] {processor.py:830} INFO - Processing file /home/airflow/.local/lib/python3.12/site-packages/airflow/example_dags/example_complex.py for tasks to queue
[2024-07-03T18:26:24.301+0000] {logging_mixin.py:188} INFO - [2024-07-03T18:26:24.301+0000] {dagbag.py:545} INFO - Filling up the DagBag from /home/airflow/.local/lib/python3.12/site-packages/airflow/example_dags/example_complex.py
[2024-07-03T18:26:24.310+0000] {processor.py:840} INFO - DAG(s) 'example_complex' retrieved from /home/airflow/.local/lib/python3.12/site-packages/airflow/example_dags/example_complex.py
[2024-07-03T18:26:24.433+0000] {logging_mixin.py:188} INFO - [2024-07-03T18:26:24.433+0000] {dag.py:3096} INFO - Sync 1 DAGs
[2024-07-03T18:26:24.444+0000] {logging_mixin.py:188} INFO - [2024-07-03T18:26:24.443+0000] {dag.py:3954} INFO - Setting next_dagrun for example_complex to None, run_after=None
[2024-07-03T18:26:24.463+0000] {processor.py:183} INFO - Processing /home/airflow/.local/lib/python3.12/site-packages/airflow/example_dags/example_complex.py took 0.168 seconds
[2024-07-03T18:26:55.360+0000] {processor.py:161} INFO - Started process (PID=171) to work on /home/airflow/.local/lib/python3.12/site-packages/airflow/example_dags/example_complex.py
[2024-07-03T18:26:55.360+0000] {processor.py:830} INFO - Processing file /home/airflow/.local/lib/python3.12/site-packages/airflow/example_dags/example_complex.py for tasks to queue
[2024-07-03T18:26:55.362+0000] {logging_mixin.py:188} INFO - [2024-07-03T18:26:55.362+0000] {dagbag.py:545} INFO - Filling up the DagBag from /home/airflow/.local/lib/python3.12/site-packages/airflow/example_dags/example_complex.py
[2024-07-03T18:26:55.373+0000] {processor.py:840} INFO - DAG(s) 'example_complex' retrieved from /home/airflow/.local/lib/python3.12/site-packages/airflow/example_dags/example_complex.py
[2024-07-03T18:26:55.405+0000] {logging_mixin.py:188} INFO - [2024-07-03T18:26:55.404+0000] {dag.py:3096} INFO - Sync 1 DAGs
[2024-07-03T18:26:55.416+0000] {logging_mixin.py:188} INFO - [2024-07-03T18:26:55.416+0000] {dag.py:3954} INFO - Setting next_dagrun for example_complex to None, run_after=None
[2024-07-03T18:26:55.433+0000] {processor.py:183} INFO - Processing /home/airflow/.local/lib/python3.12/site-packages/airflow/example_dags/example_complex.py took 0.079 seconds
[2024-07-03T18:27:25.832+0000] {processor.py:161} INFO - Started process (PID=229) to work on /home/airflow/.local/lib/python3.12/site-packages/airflow/example_dags/example_complex.py
[2024-07-03T18:27:25.833+0000] {processor.py:830} INFO - Processing file /home/airflow/.local/lib/python3.12/site-packages/airflow/example_dags/example_complex.py for tasks to queue
[2024-07-03T18:27:25.835+0000] {logging_mixin.py:188} INFO - [2024-07-03T18:27:25.834+0000] {dagbag.py:545} INFO - Filling up the DagBag from /home/airflow/.local/lib/python3.12/site-packages/airflow/example_dags/example_complex.py
[2024-07-03T18:27:25.848+0000] {processor.py:840} INFO - DAG(s) 'example_complex' retrieved from /home/airflow/.local/lib/python3.12/site-packages/airflow/example_dags/example_complex.py
[2024-07-03T18:27:25.881+0000] {logging_mixin.py:188} INFO - [2024-07-03T18:27:25.881+0000] {dag.py:3096} INFO - Sync 1 DAGs
[2024-07-03T18:27:25.895+0000] {logging_mixin.py:188} INFO - [2024-07-03T18:27:25.895+0000] {dag.py:3954} INFO - Setting next_dagrun for example_complex to None, run_after=None
[2024-07-03T18:27:25.913+0000] {processor.py:183} INFO - Processing /home/airflow/.local/lib/python3.12/site-packages/airflow/example_dags/example_complex.py took 0.085 seconds
[2024-07-03T18:27:56.805+0000] {processor.py:161} INFO - Started process (PID=287) to work on /home/airflow/.local/lib/python3.12/site-packages/airflow/example_dags/example_complex.py
[2024-07-03T18:27:56.805+0000] {processor.py:830} INFO - Processing file /home/airflow/.local/lib/python3.12/site-packages/airflow/example_dags/example_complex.py for tasks to queue
[2024-07-03T18:27:56.807+0000] {logging_mixin.py:188} INFO - [2024-07-03T18:27:56.807+0000] {dagbag.py:545} INFO - Filling up the DagBag from /home/airflow/.local/lib/python3.12/site-packages/airflow/example_dags/example_complex.py
[2024-07-03T18:27:56.816+0000] {processor.py:840} INFO - DAG(s) 'example_complex' retrieved from /home/airflow/.local/lib/python3.12/site-packages/airflow/example_dags/example_complex.py
[2024-07-03T18:27:56.845+0000] {logging_mixin.py:188} INFO - [2024-07-03T18:27:56.844+0000] {dag.py:3096} INFO - Sync 1 DAGs
[2024-07-03T18:27:56.856+0000] {logging_mixin.py:188} INFO - [2024-07-03T18:27:56.856+0000] {dag.py:3954} INFO - Setting next_dagrun for example_complex to None, run_after=None
[2024-07-03T18:27:56.872+0000] {processor.py:183} INFO - Processing /home/airflow/.local/lib/python3.12/site-packages/airflow/example_dags/example_complex.py took 0.072 seconds
[2024-07-03T18:28:27.089+0000] {processor.py:161} INFO - Started process (PID=345) to work on /home/airflow/.local/lib/python3.12/site-packages/airflow/example_dags/example_complex.py
[2024-07-03T18:28:27.090+0000] {processor.py:830} INFO - Processing file /home/airflow/.local/lib/python3.12/site-packages/airflow/example_dags/example_complex.py for tasks to queue
[2024-07-03T18:28:27.091+0000] {logging_mixin.py:188} INFO - [2024-07-03T18:28:27.091+0000] {dagbag.py:545} INFO - Filling up the DagBag from /home/airflow/.local/lib/python3.12/site-packages/airflow/example_dags/example_complex.py
[2024-07-03T18:28:27.100+0000] {processor.py:840} INFO - DAG(s) 'example_complex' retrieved from /home/airflow/.local/lib/python3.12/site-packages/airflow/example_dags/example_complex.py
[2024-07-03T18:28:27.129+0000] {logging_mixin.py:188} INFO - [2024-07-03T18:28:27.129+0000] {dag.py:3096} INFO - Sync 1 DAGs
[2024-07-03T18:28:27.141+0000] {logging_mixin.py:188} INFO - [2024-07-03T18:28:27.141+0000] {dag.py:3954} INFO - Setting next_dagrun for example_complex to None, run_after=None
[2024-07-03T18:28:27.157+0000] {processor.py:183} INFO - Processing /home/airflow/.local/lib/python3.12/site-packages/airflow/example_dags/example_complex.py took 0.071 seconds
[2024-07-03T18:28:57.678+0000] {processor.py:161} INFO - Started process (PID=403) to work on /home/airflow/.local/lib/python3.12/site-packages/airflow/example_dags/example_complex.py
[2024-07-03T18:28:57.679+0000] {processor.py:830} INFO - Processing file /home/airflow/.local/lib/python3.12/site-packages/airflow/example_dags/example_complex.py for tasks to queue
[2024-07-03T18:28:57.680+0000] {logging_mixin.py:188} INFO - [2024-07-03T18:28:57.680+0000] {dagbag.py:545} INFO - Filling up the DagBag from /home/airflow/.local/lib/python3.12/site-packages/airflow/example_dags/example_complex.py
[2024-07-03T18:28:57.689+0000] {processor.py:840} INFO - DAG(s) 'example_complex' retrieved from /home/airflow/.local/lib/python3.12/site-packages/airflow/example_dags/example_complex.py
[2024-07-03T18:28:57.717+0000] {logging_mixin.py:188} INFO - [2024-07-03T18:28:57.717+0000] {dag.py:3096} INFO - Sync 1 DAGs
[2024-07-03T18:28:57.728+0000] {logging_mixin.py:188} INFO - [2024-07-03T18:28:57.727+0000] {dag.py:3954} INFO - Setting next_dagrun for example_complex to None, run_after=None
[2024-07-03T18:28:57.743+0000] {processor.py:183} INFO - Processing /home/airflow/.local/lib/python3.12/site-packages/airflow/example_dags/example_complex.py took 0.070 seconds
[2024-07-03T18:29:28.001+0000] {processor.py:161} INFO - Started process (PID=461) to work on /home/airflow/.local/lib/python3.12/site-packages/airflow/example_dags/example_complex.py
[2024-07-03T18:29:28.002+0000] {processor.py:830} INFO - Processing file /home/airflow/.local/lib/python3.12/site-packages/airflow/example_dags/example_complex.py for tasks to queue
[2024-07-03T18:29:28.003+0000] {logging_mixin.py:188} INFO - [2024-07-03T18:29:28.003+0000] {dagbag.py:545} INFO - Filling up the DagBag from /home/airflow/.local/lib/python3.12/site-packages/airflow/example_dags/example_complex.py
[2024-07-03T18:29:28.012+0000] {processor.py:840} INFO - DAG(s) 'example_complex' retrieved from /home/airflow/.local/lib/python3.12/site-packages/airflow/example_dags/example_complex.py
[2024-07-03T18:29:28.041+0000] {logging_mixin.py:188} INFO - [2024-07-03T18:29:28.041+0000] {dag.py:3096} INFO - Sync 1 DAGs
[2024-07-03T18:29:28.052+0000] {logging_mixin.py:188} INFO - [2024-07-03T18:29:28.052+0000] {dag.py:3954} INFO - Setting next_dagrun for example_complex to None, run_after=None
[2024-07-03T18:29:28.068+0000] {processor.py:183} INFO - Processing /home/airflow/.local/lib/python3.12/site-packages/airflow/example_dags/example_complex.py took 0.071 seconds
[2024-07-03T18:29:58.538+0000] {processor.py:161} INFO - Started process (PID=519) to work on /home/airflow/.local/lib/python3.12/site-packages/airflow/example_dags/example_complex.py
[2024-07-03T18:29:58.539+0000] {processor.py:830} INFO - Processing file /home/airflow/.local/lib/python3.12/site-packages/airflow/example_dags/example_complex.py for tasks to queue
[2024-07-03T18:29:58.540+0000] {logging_mixin.py:188} INFO - [2024-07-03T18:29:58.540+0000] {dagbag.py:545} INFO - Filling up the DagBag from /home/airflow/.local/lib/python3.12/site-packages/airflow/example_dags/example_complex.py
[2024-07-03T18:29:58.549+0000] {processor.py:840} INFO - DAG(s) 'example_complex' retrieved from /home/airflow/.local/lib/python3.12/site-packages/airflow/example_dags/example_complex.py
[2024-07-03T18:29:58.577+0000] {logging_mixin.py:188} INFO - [2024-07-03T18:29:58.577+0000] {dag.py:3096} INFO - Sync 1 DAGs
[2024-07-03T18:29:58.589+0000] {logging_mixin.py:188} INFO - [2024-07-03T18:29:58.588+0000] {dag.py:3954} INFO - Setting next_dagrun for example_complex to None, run_after=None
[2024-07-03T18:29:58.603+0000] {processor.py:183} INFO - Processing /home/airflow/.local/lib/python3.12/site-packages/airflow/example_dags/example_complex.py took 0.070 seconds
[2024-07-03T18:30:29.345+0000] {processor.py:161} INFO - Started process (PID=584) to work on /home/airflow/.local/lib/python3.12/site-packages/airflow/example_dags/example_complex.py
[2024-07-03T18:30:29.345+0000] {processor.py:830} INFO - Processing file /home/airflow/.local/lib/python3.12/site-packages/airflow/example_dags/example_complex.py for tasks to queue
[2024-07-03T18:30:29.347+0000] {logging_mixin.py:188} INFO - [2024-07-03T18:30:29.346+0000] {dagbag.py:545} INFO - Filling up the DagBag from /home/airflow/.local/lib/python3.12/site-packages/airflow/example_dags/example_complex.py
[2024-07-03T18:30:29.356+0000] {processor.py:840} INFO - DAG(s) 'example_complex' retrieved from /home/airflow/.local/lib/python3.12/site-packages/airflow/example_dags/example_complex.py
[2024-07-03T18:30:29.384+0000] {logging_mixin.py:188} INFO - [2024-07-03T18:30:29.384+0000] {dag.py:3096} INFO - Sync 1 DAGs
[2024-07-03T18:30:29.395+0000] {logging_mixin.py:188} INFO - [2024-07-03T18:30:29.395+0000] {dag.py:3954} INFO - Setting next_dagrun for example_complex to None, run_after=None
[2024-07-03T18:30:29.410+0000] {processor.py:183} INFO - Processing /home/airflow/.local/lib/python3.12/site-packages/airflow/example_dags/example_complex.py took 0.069 seconds
[2024-07-03T18:30:59.729+0000] {processor.py:161} INFO - Started process (PID=643) to work on /home/airflow/.local/lib/python3.12/site-packages/airflow/example_dags/example_complex.py
[2024-07-03T18:30:59.729+0000] {processor.py:830} INFO - Processing file /home/airflow/.local/lib/python3.12/site-packages/airflow/example_dags/example_complex.py for tasks to queue
[2024-07-03T18:30:59.731+0000] {logging_mixin.py:188} INFO - [2024-07-03T18:30:59.731+0000] {dagbag.py:545} INFO - Filling up the DagBag from /home/airflow/.local/lib/python3.12/site-packages/airflow/example_dags/example_complex.py
[2024-07-03T18:30:59.740+0000] {processor.py:840} INFO - DAG(s) 'example_complex' retrieved from /home/airflow/.local/lib/python3.12/site-packages/airflow/example_dags/example_complex.py
[2024-07-03T18:30:59.775+0000] {logging_mixin.py:188} INFO - [2024-07-03T18:30:59.775+0000] {dag.py:3096} INFO - Sync 1 DAGs
[2024-07-03T18:30:59.788+0000] {logging_mixin.py:188} INFO - [2024-07-03T18:30:59.788+0000] {dag.py:3954} INFO - Setting next_dagrun for example_complex to None, run_after=None
[2024-07-03T18:30:59.806+0000] {processor.py:183} INFO - Processing /home/airflow/.local/lib/python3.12/site-packages/airflow/example_dags/example_complex.py took 0.082 seconds
[2024-07-03T18:31:29.943+0000] {processor.py:161} INFO - Started process (PID=701) to work on /home/airflow/.local/lib/python3.12/site-packages/airflow/example_dags/example_complex.py
[2024-07-03T18:31:29.944+0000] {processor.py:830} INFO - Processing file /home/airflow/.local/lib/python3.12/site-packages/airflow/example_dags/example_complex.py for tasks to queue
[2024-07-03T18:31:29.945+0000] {logging_mixin.py:188} INFO - [2024-07-03T18:31:29.945+0000] {dagbag.py:545} INFO - Filling up the DagBag from /home/airflow/.local/lib/python3.12/site-packages/airflow/example_dags/example_complex.py
[2024-07-03T18:31:29.956+0000] {processor.py:840} INFO - DAG(s) 'example_complex' retrieved from /home/airflow/.local/lib/python3.12/site-packages/airflow/example_dags/example_complex.py
[2024-07-03T18:31:29.988+0000] {logging_mixin.py:188} INFO - [2024-07-03T18:31:29.988+0000] {dag.py:3096} INFO - Sync 1 DAGs
[2024-07-03T18:31:29.999+0000] {logging_mixin.py:188} INFO - [2024-07-03T18:31:29.999+0000] {dag.py:3954} INFO - Setting next_dagrun for example_complex to None, run_after=None
[2024-07-03T18:31:30.017+0000] {processor.py:183} INFO - Processing /home/airflow/.local/lib/python3.12/site-packages/airflow/example_dags/example_complex.py took 0.080 seconds
[2024-07-03T18:32:00.280+0000] {processor.py:161} INFO - Started process (PID=759) to work on /home/airflow/.local/lib/python3.12/site-packages/airflow/example_dags/example_complex.py
[2024-07-03T18:32:00.281+0000] {processor.py:830} INFO - Processing file /home/airflow/.local/lib/python3.12/site-packages/airflow/example_dags/example_complex.py for tasks to queue
[2024-07-03T18:32:00.282+0000] {logging_mixin.py:188} INFO - [2024-07-03T18:32:00.282+0000] {dagbag.py:545} INFO - Filling up the DagBag from /home/airflow/.local/lib/python3.12/site-packages/airflow/example_dags/example_complex.py
[2024-07-03T18:32:00.293+0000] {processor.py:840} INFO - DAG(s) 'example_complex' retrieved from /home/airflow/.local/lib/python3.12/site-packages/airflow/example_dags/example_complex.py
[2024-07-03T18:32:00.325+0000] {logging_mixin.py:188} INFO - [2024-07-03T18:32:00.325+0000] {dag.py:3096} INFO - Sync 1 DAGs
[2024-07-03T18:32:00.338+0000] {logging_mixin.py:188} INFO - [2024-07-03T18:32:00.338+0000] {dag.py:3954} INFO - Setting next_dagrun for example_complex to None, run_after=None
[2024-07-03T18:32:00.356+0000] {processor.py:183} INFO - Processing /home/airflow/.local/lib/python3.12/site-packages/airflow/example_dags/example_complex.py took 0.080 seconds
[2024-07-03T18:32:31.130+0000] {processor.py:161} INFO - Started process (PID=817) to work on /home/airflow/.local/lib/python3.12/site-packages/airflow/example_dags/example_complex.py
[2024-07-03T18:32:31.134+0000] {processor.py:830} INFO - Processing file /home/airflow/.local/lib/python3.12/site-packages/airflow/example_dags/example_complex.py for tasks to queue
[2024-07-03T18:32:31.142+0000] {logging_mixin.py:188} INFO - [2024-07-03T18:32:31.141+0000] {dagbag.py:545} INFO - Filling up the DagBag from /home/airflow/.local/lib/python3.12/site-packages/airflow/example_dags/example_complex.py
[2024-07-03T18:32:31.162+0000] {processor.py:840} INFO - DAG(s) 'example_complex' retrieved from /home/airflow/.local/lib/python3.12/site-packages/airflow/example_dags/example_complex.py
[2024-07-03T18:32:31.202+0000] {logging_mixin.py:188} INFO - [2024-07-03T18:32:31.202+0000] {dag.py:3096} INFO - Sync 1 DAGs
[2024-07-03T18:32:31.215+0000] {logging_mixin.py:188} INFO - [2024-07-03T18:32:31.215+0000] {dag.py:3954} INFO - Setting next_dagrun for example_complex to None, run_after=None
[2024-07-03T18:32:31.232+0000] {processor.py:183} INFO - Processing /home/airflow/.local/lib/python3.12/site-packages/airflow/example_dags/example_complex.py took 0.112 seconds
[2024-07-03T18:40:28.453+0000] {processor.py:161} INFO - Started process (PID=55) to work on /home/airflow/.local/lib/python3.12/site-packages/airflow/example_dags/example_complex.py
[2024-07-03T18:40:28.455+0000] {processor.py:830} INFO - Processing file /home/airflow/.local/lib/python3.12/site-packages/airflow/example_dags/example_complex.py for tasks to queue
[2024-07-03T18:40:28.457+0000] {logging_mixin.py:188} INFO - [2024-07-03T18:40:28.456+0000] {dagbag.py:545} INFO - Filling up the DagBag from /home/airflow/.local/lib/python3.12/site-packages/airflow/example_dags/example_complex.py
[2024-07-03T18:40:28.474+0000] {processor.py:840} INFO - DAG(s) 'example_complex' retrieved from /home/airflow/.local/lib/python3.12/site-packages/airflow/example_dags/example_complex.py
[2024-07-03T18:40:28.599+0000] {logging_mixin.py:188} INFO - [2024-07-03T18:40:28.599+0000] {dag.py:3096} INFO - Sync 1 DAGs
[2024-07-03T18:40:28.609+0000] {logging_mixin.py:188} INFO - [2024-07-03T18:40:28.609+0000] {dag.py:3954} INFO - Setting next_dagrun for example_complex to None, run_after=None
[2024-07-03T18:40:28.628+0000] {processor.py:183} INFO - Processing /home/airflow/.local/lib/python3.12/site-packages/airflow/example_dags/example_complex.py took 0.182 seconds
[2024-07-03T18:40:58.685+0000] {processor.py:161} INFO - Started process (PID=113) to work on /home/airflow/.local/lib/python3.12/site-packages/airflow/example_dags/example_complex.py
[2024-07-03T18:40:58.686+0000] {processor.py:830} INFO - Processing file /home/airflow/.local/lib/python3.12/site-packages/airflow/example_dags/example_complex.py for tasks to queue
[2024-07-03T18:40:58.688+0000] {logging_mixin.py:188} INFO - [2024-07-03T18:40:58.687+0000] {dagbag.py:545} INFO - Filling up the DagBag from /home/airflow/.local/lib/python3.12/site-packages/airflow/example_dags/example_complex.py
[2024-07-03T18:40:58.696+0000] {processor.py:840} INFO - DAG(s) 'example_complex' retrieved from /home/airflow/.local/lib/python3.12/site-packages/airflow/example_dags/example_complex.py
[2024-07-03T18:40:58.727+0000] {logging_mixin.py:188} INFO - [2024-07-03T18:40:58.726+0000] {dag.py:3096} INFO - Sync 1 DAGs
[2024-07-03T18:40:58.738+0000] {logging_mixin.py:188} INFO - [2024-07-03T18:40:58.737+0000] {dag.py:3954} INFO - Setting next_dagrun for example_complex to None, run_after=None
[2024-07-03T18:40:58.754+0000] {processor.py:183} INFO - Processing /home/airflow/.local/lib/python3.12/site-packages/airflow/example_dags/example_complex.py took 0.073 seconds
[2024-07-03T18:41:29.404+0000] {processor.py:161} INFO - Started process (PID=171) to work on /home/airflow/.local/lib/python3.12/site-packages/airflow/example_dags/example_complex.py
[2024-07-03T18:41:29.405+0000] {processor.py:830} INFO - Processing file /home/airflow/.local/lib/python3.12/site-packages/airflow/example_dags/example_complex.py for tasks to queue
[2024-07-03T18:41:29.406+0000] {logging_mixin.py:188} INFO - [2024-07-03T18:41:29.406+0000] {dagbag.py:545} INFO - Filling up the DagBag from /home/airflow/.local/lib/python3.12/site-packages/airflow/example_dags/example_complex.py
[2024-07-03T18:41:29.415+0000] {processor.py:840} INFO - DAG(s) 'example_complex' retrieved from /home/airflow/.local/lib/python3.12/site-packages/airflow/example_dags/example_complex.py
[2024-07-03T18:41:29.452+0000] {logging_mixin.py:188} INFO - [2024-07-03T18:41:29.452+0000] {dag.py:3096} INFO - Sync 1 DAGs
[2024-07-03T18:41:29.465+0000] {logging_mixin.py:188} INFO - [2024-07-03T18:41:29.465+0000] {dag.py:3954} INFO - Setting next_dagrun for example_complex to None, run_after=None
[2024-07-03T18:41:29.483+0000] {processor.py:183} INFO - Processing /home/airflow/.local/lib/python3.12/site-packages/airflow/example_dags/example_complex.py took 0.083 seconds
[2024-07-03T18:42:00.017+0000] {processor.py:161} INFO - Started process (PID=229) to work on /home/airflow/.local/lib/python3.12/site-packages/airflow/example_dags/example_complex.py
[2024-07-03T18:42:00.018+0000] {processor.py:830} INFO - Processing file /home/airflow/.local/lib/python3.12/site-packages/airflow/example_dags/example_complex.py for tasks to queue
[2024-07-03T18:42:00.019+0000] {logging_mixin.py:188} INFO - [2024-07-03T18:42:00.019+0000] {dagbag.py:545} INFO - Filling up the DagBag from /home/airflow/.local/lib/python3.12/site-packages/airflow/example_dags/example_complex.py
[2024-07-03T18:42:00.028+0000] {processor.py:840} INFO - DAG(s) 'example_complex' retrieved from /home/airflow/.local/lib/python3.12/site-packages/airflow/example_dags/example_complex.py
[2024-07-03T18:42:00.127+0000] {logging_mixin.py:188} INFO - [2024-07-03T18:42:00.127+0000] {dag.py:3096} INFO - Sync 1 DAGs
[2024-07-03T18:42:00.136+0000] {logging_mixin.py:188} INFO - [2024-07-03T18:42:00.136+0000] {dag.py:3954} INFO - Setting next_dagrun for example_complex to None, run_after=None
[2024-07-03T18:42:00.153+0000] {processor.py:183} INFO - Processing /home/airflow/.local/lib/python3.12/site-packages/airflow/example_dags/example_complex.py took 0.140 seconds
