[2024-07-03T18:25:52.933+0000] {processor.py:161} INFO - Started process (PID=51) to work on /home/airflow/.local/lib/python3.12/site-packages/airflow/example_dags/example_external_task_marker_dag.py
[2024-07-03T18:25:52.934+0000] {processor.py:830} INFO - Processing file /home/airflow/.local/lib/python3.12/site-packages/airflow/example_dags/example_external_task_marker_dag.py for tasks to queue
[2024-07-03T18:25:52.937+0000] {logging_mixin.py:188} INFO - [2024-07-03T18:25:52.936+0000] {dagbag.py:545} INFO - Filling up the DagBag from /home/airflow/.local/lib/python3.12/site-packages/airflow/example_dags/example_external_task_marker_dag.py
[2024-07-03T18:25:52.946+0000] {processor.py:840} INFO - DAG(s) 'example_external_task_marker_child', 'example_external_task_marker_parent' retrieved from /home/airflow/.local/lib/python3.12/site-packages/airflow/example_dags/example_external_task_marker_dag.py
[2024-07-03T18:25:52.961+0000] {logging_mixin.py:188} INFO - [2024-07-03T18:25:52.961+0000] {dag.py:3096} INFO - Sync 2 DAGs
[2024-07-03T18:25:52.977+0000] {logging_mixin.py:188} INFO - [2024-07-03T18:25:52.977+0000] {dag.py:3954} INFO - Setting next_dagrun for example_external_task_marker_child to None, run_after=None
[2024-07-03T18:25:52.982+0000] {logging_mixin.py:188} INFO - [2024-07-03T18:25:52.982+0000] {dag.py:3954} INFO - Setting next_dagrun for example_external_task_marker_parent to None, run_after=None
[2024-07-03T18:25:52.999+0000] {processor.py:183} INFO - Processing /home/airflow/.local/lib/python3.12/site-packages/airflow/example_dags/example_external_task_marker_dag.py took 0.072 seconds
[2024-07-03T18:26:23.974+0000] {processor.py:161} INFO - Started process (PID=109) to work on /home/airflow/.local/lib/python3.12/site-packages/airflow/example_dags/example_external_task_marker_dag.py
[2024-07-03T18:26:23.975+0000] {processor.py:830} INFO - Processing file /home/airflow/.local/lib/python3.12/site-packages/airflow/example_dags/example_external_task_marker_dag.py for tasks to queue
[2024-07-03T18:26:23.976+0000] {logging_mixin.py:188} INFO - [2024-07-03T18:26:23.976+0000] {dagbag.py:545} INFO - Filling up the DagBag from /home/airflow/.local/lib/python3.12/site-packages/airflow/example_dags/example_external_task_marker_dag.py
[2024-07-03T18:26:23.981+0000] {processor.py:840} INFO - DAG(s) 'example_external_task_marker_parent', 'example_external_task_marker_child' retrieved from /home/airflow/.local/lib/python3.12/site-packages/airflow/example_dags/example_external_task_marker_dag.py
[2024-07-03T18:26:24.078+0000] {logging_mixin.py:188} INFO - [2024-07-03T18:26:24.077+0000] {dag.py:3096} INFO - Sync 2 DAGs
[2024-07-03T18:26:24.088+0000] {logging_mixin.py:188} INFO - [2024-07-03T18:26:24.088+0000] {dag.py:3954} INFO - Setting next_dagrun for example_external_task_marker_child to None, run_after=None
[2024-07-03T18:26:24.091+0000] {logging_mixin.py:188} INFO - [2024-07-03T18:26:24.091+0000] {dag.py:3954} INFO - Setting next_dagrun for example_external_task_marker_parent to None, run_after=None
[2024-07-03T18:26:24.109+0000] {processor.py:183} INFO - Processing /home/airflow/.local/lib/python3.12/site-packages/airflow/example_dags/example_external_task_marker_dag.py took 0.139 seconds
[2024-07-03T18:26:54.216+0000] {processor.py:161} INFO - Started process (PID=167) to work on /home/airflow/.local/lib/python3.12/site-packages/airflow/example_dags/example_external_task_marker_dag.py
[2024-07-03T18:26:54.217+0000] {processor.py:830} INFO - Processing file /home/airflow/.local/lib/python3.12/site-packages/airflow/example_dags/example_external_task_marker_dag.py for tasks to queue
[2024-07-03T18:26:54.218+0000] {logging_mixin.py:188} INFO - [2024-07-03T18:26:54.218+0000] {dagbag.py:545} INFO - Filling up the DagBag from /home/airflow/.local/lib/python3.12/site-packages/airflow/example_dags/example_external_task_marker_dag.py
[2024-07-03T18:26:54.223+0000] {processor.py:840} INFO - DAG(s) 'example_external_task_marker_parent', 'example_external_task_marker_child' retrieved from /home/airflow/.local/lib/python3.12/site-packages/airflow/example_dags/example_external_task_marker_dag.py
[2024-07-03T18:26:54.243+0000] {logging_mixin.py:188} INFO - [2024-07-03T18:26:54.242+0000] {dag.py:3096} INFO - Sync 2 DAGs
[2024-07-03T18:26:54.254+0000] {logging_mixin.py:188} INFO - [2024-07-03T18:26:54.254+0000] {dag.py:3954} INFO - Setting next_dagrun for example_external_task_marker_child to None, run_after=None
[2024-07-03T18:26:54.258+0000] {logging_mixin.py:188} INFO - [2024-07-03T18:26:54.258+0000] {dag.py:3954} INFO - Setting next_dagrun for example_external_task_marker_parent to None, run_after=None
[2024-07-03T18:26:54.272+0000] {processor.py:183} INFO - Processing /home/airflow/.local/lib/python3.12/site-packages/airflow/example_dags/example_external_task_marker_dag.py took 0.060 seconds
[2024-07-03T18:27:24.715+0000] {processor.py:161} INFO - Started process (PID=225) to work on /home/airflow/.local/lib/python3.12/site-packages/airflow/example_dags/example_external_task_marker_dag.py
[2024-07-03T18:27:24.715+0000] {processor.py:830} INFO - Processing file /home/airflow/.local/lib/python3.12/site-packages/airflow/example_dags/example_external_task_marker_dag.py for tasks to queue
[2024-07-03T18:27:24.717+0000] {logging_mixin.py:188} INFO - [2024-07-03T18:27:24.717+0000] {dagbag.py:545} INFO - Filling up the DagBag from /home/airflow/.local/lib/python3.12/site-packages/airflow/example_dags/example_external_task_marker_dag.py
[2024-07-03T18:27:24.724+0000] {processor.py:840} INFO - DAG(s) 'example_external_task_marker_parent', 'example_external_task_marker_child' retrieved from /home/airflow/.local/lib/python3.12/site-packages/airflow/example_dags/example_external_task_marker_dag.py
[2024-07-03T18:27:24.746+0000] {logging_mixin.py:188} INFO - [2024-07-03T18:27:24.745+0000] {dag.py:3096} INFO - Sync 2 DAGs
[2024-07-03T18:27:24.759+0000] {logging_mixin.py:188} INFO - [2024-07-03T18:27:24.759+0000] {dag.py:3954} INFO - Setting next_dagrun for example_external_task_marker_child to None, run_after=None
[2024-07-03T18:27:24.763+0000] {logging_mixin.py:188} INFO - [2024-07-03T18:27:24.763+0000] {dag.py:3954} INFO - Setting next_dagrun for example_external_task_marker_parent to None, run_after=None
[2024-07-03T18:27:24.779+0000] {processor.py:183} INFO - Processing /home/airflow/.local/lib/python3.12/site-packages/airflow/example_dags/example_external_task_marker_dag.py took 0.069 seconds
[2024-07-03T18:27:55.697+0000] {processor.py:161} INFO - Started process (PID=283) to work on /home/airflow/.local/lib/python3.12/site-packages/airflow/example_dags/example_external_task_marker_dag.py
[2024-07-03T18:27:55.698+0000] {processor.py:830} INFO - Processing file /home/airflow/.local/lib/python3.12/site-packages/airflow/example_dags/example_external_task_marker_dag.py for tasks to queue
[2024-07-03T18:27:55.699+0000] {logging_mixin.py:188} INFO - [2024-07-03T18:27:55.699+0000] {dagbag.py:545} INFO - Filling up the DagBag from /home/airflow/.local/lib/python3.12/site-packages/airflow/example_dags/example_external_task_marker_dag.py
[2024-07-03T18:27:55.704+0000] {processor.py:840} INFO - DAG(s) 'example_external_task_marker_parent', 'example_external_task_marker_child' retrieved from /home/airflow/.local/lib/python3.12/site-packages/airflow/example_dags/example_external_task_marker_dag.py
[2024-07-03T18:27:55.724+0000] {logging_mixin.py:188} INFO - [2024-07-03T18:27:55.724+0000] {dag.py:3096} INFO - Sync 2 DAGs
[2024-07-03T18:27:55.736+0000] {logging_mixin.py:188} INFO - [2024-07-03T18:27:55.736+0000] {dag.py:3954} INFO - Setting next_dagrun for example_external_task_marker_child to None, run_after=None
[2024-07-03T18:27:55.739+0000] {logging_mixin.py:188} INFO - [2024-07-03T18:27:55.739+0000] {dag.py:3954} INFO - Setting next_dagrun for example_external_task_marker_parent to None, run_after=None
[2024-07-03T18:27:55.753+0000] {processor.py:183} INFO - Processing /home/airflow/.local/lib/python3.12/site-packages/airflow/example_dags/example_external_task_marker_dag.py took 0.060 seconds
[2024-07-03T18:28:25.977+0000] {processor.py:161} INFO - Started process (PID=341) to work on /home/airflow/.local/lib/python3.12/site-packages/airflow/example_dags/example_external_task_marker_dag.py
[2024-07-03T18:28:25.978+0000] {processor.py:830} INFO - Processing file /home/airflow/.local/lib/python3.12/site-packages/airflow/example_dags/example_external_task_marker_dag.py for tasks to queue
[2024-07-03T18:28:25.979+0000] {logging_mixin.py:188} INFO - [2024-07-03T18:28:25.979+0000] {dagbag.py:545} INFO - Filling up the DagBag from /home/airflow/.local/lib/python3.12/site-packages/airflow/example_dags/example_external_task_marker_dag.py
[2024-07-03T18:28:25.984+0000] {processor.py:840} INFO - DAG(s) 'example_external_task_marker_parent', 'example_external_task_marker_child' retrieved from /home/airflow/.local/lib/python3.12/site-packages/airflow/example_dags/example_external_task_marker_dag.py
[2024-07-03T18:28:26.006+0000] {logging_mixin.py:188} INFO - [2024-07-03T18:28:26.005+0000] {dag.py:3096} INFO - Sync 2 DAGs
[2024-07-03T18:28:26.017+0000] {logging_mixin.py:188} INFO - [2024-07-03T18:28:26.017+0000] {dag.py:3954} INFO - Setting next_dagrun for example_external_task_marker_child to None, run_after=None
[2024-07-03T18:28:26.021+0000] {logging_mixin.py:188} INFO - [2024-07-03T18:28:26.021+0000] {dag.py:3954} INFO - Setting next_dagrun for example_external_task_marker_parent to None, run_after=None
[2024-07-03T18:28:26.037+0000] {processor.py:183} INFO - Processing /home/airflow/.local/lib/python3.12/site-packages/airflow/example_dags/example_external_task_marker_dag.py took 0.064 seconds
[2024-07-03T18:28:56.578+0000] {processor.py:161} INFO - Started process (PID=399) to work on /home/airflow/.local/lib/python3.12/site-packages/airflow/example_dags/example_external_task_marker_dag.py
[2024-07-03T18:28:56.579+0000] {processor.py:830} INFO - Processing file /home/airflow/.local/lib/python3.12/site-packages/airflow/example_dags/example_external_task_marker_dag.py for tasks to queue
[2024-07-03T18:28:56.581+0000] {logging_mixin.py:188} INFO - [2024-07-03T18:28:56.580+0000] {dagbag.py:545} INFO - Filling up the DagBag from /home/airflow/.local/lib/python3.12/site-packages/airflow/example_dags/example_external_task_marker_dag.py
[2024-07-03T18:28:56.586+0000] {processor.py:840} INFO - DAG(s) 'example_external_task_marker_parent', 'example_external_task_marker_child' retrieved from /home/airflow/.local/lib/python3.12/site-packages/airflow/example_dags/example_external_task_marker_dag.py
[2024-07-03T18:28:56.606+0000] {logging_mixin.py:188} INFO - [2024-07-03T18:28:56.606+0000] {dag.py:3096} INFO - Sync 2 DAGs
[2024-07-03T18:28:56.617+0000] {logging_mixin.py:188} INFO - [2024-07-03T18:28:56.617+0000] {dag.py:3954} INFO - Setting next_dagrun for example_external_task_marker_child to None, run_after=None
[2024-07-03T18:28:56.621+0000] {logging_mixin.py:188} INFO - [2024-07-03T18:28:56.621+0000] {dag.py:3954} INFO - Setting next_dagrun for example_external_task_marker_parent to None, run_after=None
[2024-07-03T18:28:56.636+0000] {processor.py:183} INFO - Processing /home/airflow/.local/lib/python3.12/site-packages/airflow/example_dags/example_external_task_marker_dag.py took 0.062 seconds
[2024-07-03T18:29:26.904+0000] {processor.py:161} INFO - Started process (PID=457) to work on /home/airflow/.local/lib/python3.12/site-packages/airflow/example_dags/example_external_task_marker_dag.py
[2024-07-03T18:29:26.904+0000] {processor.py:830} INFO - Processing file /home/airflow/.local/lib/python3.12/site-packages/airflow/example_dags/example_external_task_marker_dag.py for tasks to queue
[2024-07-03T18:29:26.906+0000] {logging_mixin.py:188} INFO - [2024-07-03T18:29:26.906+0000] {dagbag.py:545} INFO - Filling up the DagBag from /home/airflow/.local/lib/python3.12/site-packages/airflow/example_dags/example_external_task_marker_dag.py
[2024-07-03T18:29:26.910+0000] {processor.py:840} INFO - DAG(s) 'example_external_task_marker_child', 'example_external_task_marker_parent' retrieved from /home/airflow/.local/lib/python3.12/site-packages/airflow/example_dags/example_external_task_marker_dag.py
[2024-07-03T18:29:26.929+0000] {logging_mixin.py:188} INFO - [2024-07-03T18:29:26.929+0000] {dag.py:3096} INFO - Sync 2 DAGs
[2024-07-03T18:29:26.940+0000] {logging_mixin.py:188} INFO - [2024-07-03T18:29:26.940+0000] {dag.py:3954} INFO - Setting next_dagrun for example_external_task_marker_child to None, run_after=None
[2024-07-03T18:29:26.943+0000] {logging_mixin.py:188} INFO - [2024-07-03T18:29:26.943+0000] {dag.py:3954} INFO - Setting next_dagrun for example_external_task_marker_parent to None, run_after=None
[2024-07-03T18:29:26.957+0000] {processor.py:183} INFO - Processing /home/airflow/.local/lib/python3.12/site-packages/airflow/example_dags/example_external_task_marker_dag.py took 0.057 seconds
[2024-07-03T18:29:57.429+0000] {processor.py:161} INFO - Started process (PID=515) to work on /home/airflow/.local/lib/python3.12/site-packages/airflow/example_dags/example_external_task_marker_dag.py
[2024-07-03T18:29:57.430+0000] {processor.py:830} INFO - Processing file /home/airflow/.local/lib/python3.12/site-packages/airflow/example_dags/example_external_task_marker_dag.py for tasks to queue
[2024-07-03T18:29:57.432+0000] {logging_mixin.py:188} INFO - [2024-07-03T18:29:57.431+0000] {dagbag.py:545} INFO - Filling up the DagBag from /home/airflow/.local/lib/python3.12/site-packages/airflow/example_dags/example_external_task_marker_dag.py
[2024-07-03T18:29:57.436+0000] {processor.py:840} INFO - DAG(s) 'example_external_task_marker_parent', 'example_external_task_marker_child' retrieved from /home/airflow/.local/lib/python3.12/site-packages/airflow/example_dags/example_external_task_marker_dag.py
[2024-07-03T18:29:57.457+0000] {logging_mixin.py:188} INFO - [2024-07-03T18:29:57.457+0000] {dag.py:3096} INFO - Sync 2 DAGs
[2024-07-03T18:29:57.468+0000] {logging_mixin.py:188} INFO - [2024-07-03T18:29:57.468+0000] {dag.py:3954} INFO - Setting next_dagrun for example_external_task_marker_child to None, run_after=None
[2024-07-03T18:29:57.473+0000] {logging_mixin.py:188} INFO - [2024-07-03T18:29:57.473+0000] {dag.py:3954} INFO - Setting next_dagrun for example_external_task_marker_parent to None, run_after=None
[2024-07-03T18:29:57.487+0000] {processor.py:183} INFO - Processing /home/airflow/.local/lib/python3.12/site-packages/airflow/example_dags/example_external_task_marker_dag.py took 0.062 seconds
[2024-07-03T18:30:28.170+0000] {processor.py:161} INFO - Started process (PID=580) to work on /home/airflow/.local/lib/python3.12/site-packages/airflow/example_dags/example_external_task_marker_dag.py
[2024-07-03T18:30:28.171+0000] {processor.py:830} INFO - Processing file /home/airflow/.local/lib/python3.12/site-packages/airflow/example_dags/example_external_task_marker_dag.py for tasks to queue
[2024-07-03T18:30:28.173+0000] {logging_mixin.py:188} INFO - [2024-07-03T18:30:28.172+0000] {dagbag.py:545} INFO - Filling up the DagBag from /home/airflow/.local/lib/python3.12/site-packages/airflow/example_dags/example_external_task_marker_dag.py
[2024-07-03T18:30:28.177+0000] {processor.py:840} INFO - DAG(s) 'example_external_task_marker_child', 'example_external_task_marker_parent' retrieved from /home/airflow/.local/lib/python3.12/site-packages/airflow/example_dags/example_external_task_marker_dag.py
[2024-07-03T18:30:28.197+0000] {logging_mixin.py:188} INFO - [2024-07-03T18:30:28.196+0000] {dag.py:3096} INFO - Sync 2 DAGs
[2024-07-03T18:30:28.209+0000] {logging_mixin.py:188} INFO - [2024-07-03T18:30:28.208+0000] {dag.py:3954} INFO - Setting next_dagrun for example_external_task_marker_child to None, run_after=None
[2024-07-03T18:30:28.213+0000] {logging_mixin.py:188} INFO - [2024-07-03T18:30:28.212+0000] {dag.py:3954} INFO - Setting next_dagrun for example_external_task_marker_parent to None, run_after=None
[2024-07-03T18:30:28.226+0000] {processor.py:183} INFO - Processing /home/airflow/.local/lib/python3.12/site-packages/airflow/example_dags/example_external_task_marker_dag.py took 0.060 seconds
[2024-07-03T18:30:58.511+0000] {processor.py:161} INFO - Started process (PID=639) to work on /home/airflow/.local/lib/python3.12/site-packages/airflow/example_dags/example_external_task_marker_dag.py
[2024-07-03T18:30:58.512+0000] {processor.py:830} INFO - Processing file /home/airflow/.local/lib/python3.12/site-packages/airflow/example_dags/example_external_task_marker_dag.py for tasks to queue
[2024-07-03T18:30:58.514+0000] {logging_mixin.py:188} INFO - [2024-07-03T18:30:58.513+0000] {dagbag.py:545} INFO - Filling up the DagBag from /home/airflow/.local/lib/python3.12/site-packages/airflow/example_dags/example_external_task_marker_dag.py
[2024-07-03T18:30:58.521+0000] {processor.py:840} INFO - DAG(s) 'example_external_task_marker_parent', 'example_external_task_marker_child' retrieved from /home/airflow/.local/lib/python3.12/site-packages/airflow/example_dags/example_external_task_marker_dag.py
[2024-07-03T18:30:58.548+0000] {logging_mixin.py:188} INFO - [2024-07-03T18:30:58.548+0000] {dag.py:3096} INFO - Sync 2 DAGs
[2024-07-03T18:30:58.563+0000] {logging_mixin.py:188} INFO - [2024-07-03T18:30:58.562+0000] {dag.py:3954} INFO - Setting next_dagrun for example_external_task_marker_child to None, run_after=None
[2024-07-03T18:30:58.568+0000] {logging_mixin.py:188} INFO - [2024-07-03T18:30:58.568+0000] {dag.py:3954} INFO - Setting next_dagrun for example_external_task_marker_parent to None, run_after=None
[2024-07-03T18:30:58.587+0000] {processor.py:183} INFO - Processing /home/airflow/.local/lib/python3.12/site-packages/airflow/example_dags/example_external_task_marker_dag.py took 0.080 seconds
[2024-07-03T18:31:28.647+0000] {processor.py:161} INFO - Started process (PID=696) to work on /home/airflow/.local/lib/python3.12/site-packages/airflow/example_dags/example_external_task_marker_dag.py
[2024-07-03T18:31:28.648+0000] {processor.py:830} INFO - Processing file /home/airflow/.local/lib/python3.12/site-packages/airflow/example_dags/example_external_task_marker_dag.py for tasks to queue
[2024-07-03T18:31:28.649+0000] {logging_mixin.py:188} INFO - [2024-07-03T18:31:28.649+0000] {dagbag.py:545} INFO - Filling up the DagBag from /home/airflow/.local/lib/python3.12/site-packages/airflow/example_dags/example_external_task_marker_dag.py
[2024-07-03T18:31:28.656+0000] {processor.py:840} INFO - DAG(s) 'example_external_task_marker_child', 'example_external_task_marker_parent' retrieved from /home/airflow/.local/lib/python3.12/site-packages/airflow/example_dags/example_external_task_marker_dag.py
[2024-07-03T18:31:28.676+0000] {logging_mixin.py:188} INFO - [2024-07-03T18:31:28.676+0000] {dag.py:3096} INFO - Sync 2 DAGs
[2024-07-03T18:31:28.689+0000] {logging_mixin.py:188} INFO - [2024-07-03T18:31:28.688+0000] {dag.py:3954} INFO - Setting next_dagrun for example_external_task_marker_child to None, run_after=None
[2024-07-03T18:31:28.692+0000] {logging_mixin.py:188} INFO - [2024-07-03T18:31:28.692+0000] {dag.py:3954} INFO - Setting next_dagrun for example_external_task_marker_parent to None, run_after=None
[2024-07-03T18:31:28.707+0000] {processor.py:183} INFO - Processing /home/airflow/.local/lib/python3.12/site-packages/airflow/example_dags/example_external_task_marker_dag.py took 0.065 seconds
[2024-07-03T18:31:58.841+0000] {processor.py:161} INFO - Started process (PID=754) to work on /home/airflow/.local/lib/python3.12/site-packages/airflow/example_dags/example_external_task_marker_dag.py
[2024-07-03T18:31:58.842+0000] {processor.py:830} INFO - Processing file /home/airflow/.local/lib/python3.12/site-packages/airflow/example_dags/example_external_task_marker_dag.py for tasks to queue
[2024-07-03T18:31:58.843+0000] {logging_mixin.py:188} INFO - [2024-07-03T18:31:58.843+0000] {dagbag.py:545} INFO - Filling up the DagBag from /home/airflow/.local/lib/python3.12/site-packages/airflow/example_dags/example_external_task_marker_dag.py
[2024-07-03T18:31:58.848+0000] {processor.py:840} INFO - DAG(s) 'example_external_task_marker_child', 'example_external_task_marker_parent' retrieved from /home/airflow/.local/lib/python3.12/site-packages/airflow/example_dags/example_external_task_marker_dag.py
[2024-07-03T18:31:58.871+0000] {logging_mixin.py:188} INFO - [2024-07-03T18:31:58.871+0000] {dag.py:3096} INFO - Sync 2 DAGs
[2024-07-03T18:31:58.884+0000] {logging_mixin.py:188} INFO - [2024-07-03T18:31:58.883+0000] {dag.py:3954} INFO - Setting next_dagrun for example_external_task_marker_child to None, run_after=None
[2024-07-03T18:31:58.888+0000] {logging_mixin.py:188} INFO - [2024-07-03T18:31:58.888+0000] {dag.py:3954} INFO - Setting next_dagrun for example_external_task_marker_parent to None, run_after=None
[2024-07-03T18:31:58.903+0000] {processor.py:183} INFO - Processing /home/airflow/.local/lib/python3.12/site-packages/airflow/example_dags/example_external_task_marker_dag.py took 0.066 seconds
[2024-07-03T18:32:29.826+0000] {processor.py:161} INFO - Started process (PID=812) to work on /home/airflow/.local/lib/python3.12/site-packages/airflow/example_dags/example_external_task_marker_dag.py
[2024-07-03T18:32:29.827+0000] {processor.py:830} INFO - Processing file /home/airflow/.local/lib/python3.12/site-packages/airflow/example_dags/example_external_task_marker_dag.py for tasks to queue
[2024-07-03T18:32:29.828+0000] {logging_mixin.py:188} INFO - [2024-07-03T18:32:29.828+0000] {dagbag.py:545} INFO - Filling up the DagBag from /home/airflow/.local/lib/python3.12/site-packages/airflow/example_dags/example_external_task_marker_dag.py
[2024-07-03T18:32:29.833+0000] {processor.py:840} INFO - DAG(s) 'example_external_task_marker_parent', 'example_external_task_marker_child' retrieved from /home/airflow/.local/lib/python3.12/site-packages/airflow/example_dags/example_external_task_marker_dag.py
[2024-07-03T18:32:29.857+0000] {logging_mixin.py:188} INFO - [2024-07-03T18:32:29.856+0000] {dag.py:3096} INFO - Sync 2 DAGs
[2024-07-03T18:32:29.870+0000] {logging_mixin.py:188} INFO - [2024-07-03T18:32:29.870+0000] {dag.py:3954} INFO - Setting next_dagrun for example_external_task_marker_child to None, run_after=None
[2024-07-03T18:32:29.874+0000] {logging_mixin.py:188} INFO - [2024-07-03T18:32:29.874+0000] {dag.py:3954} INFO - Setting next_dagrun for example_external_task_marker_parent to None, run_after=None
[2024-07-03T18:32:29.889+0000] {processor.py:183} INFO - Processing /home/airflow/.local/lib/python3.12/site-packages/airflow/example_dags/example_external_task_marker_dag.py took 0.068 seconds
[2024-07-03T18:40:28.063+0000] {processor.py:161} INFO - Started process (PID=51) to work on /home/airflow/.local/lib/python3.12/site-packages/airflow/example_dags/example_external_task_marker_dag.py
[2024-07-03T18:40:28.064+0000] {processor.py:830} INFO - Processing file /home/airflow/.local/lib/python3.12/site-packages/airflow/example_dags/example_external_task_marker_dag.py for tasks to queue
[2024-07-03T18:40:28.066+0000] {logging_mixin.py:188} INFO - [2024-07-03T18:40:28.066+0000] {dagbag.py:545} INFO - Filling up the DagBag from /home/airflow/.local/lib/python3.12/site-packages/airflow/example_dags/example_external_task_marker_dag.py
[2024-07-03T18:40:28.073+0000] {processor.py:840} INFO - DAG(s) 'example_external_task_marker_child', 'example_external_task_marker_parent' retrieved from /home/airflow/.local/lib/python3.12/site-packages/airflow/example_dags/example_external_task_marker_dag.py
[2024-07-03T18:40:28.188+0000] {logging_mixin.py:188} INFO - [2024-07-03T18:40:28.188+0000] {dag.py:3096} INFO - Sync 2 DAGs
[2024-07-03T18:40:28.199+0000] {logging_mixin.py:188} INFO - [2024-07-03T18:40:28.199+0000] {dag.py:3954} INFO - Setting next_dagrun for example_external_task_marker_child to None, run_after=None
[2024-07-03T18:40:28.204+0000] {logging_mixin.py:188} INFO - [2024-07-03T18:40:28.203+0000] {dag.py:3954} INFO - Setting next_dagrun for example_external_task_marker_parent to None, run_after=None
[2024-07-03T18:40:28.225+0000] {processor.py:183} INFO - Processing /home/airflow/.local/lib/python3.12/site-packages/airflow/example_dags/example_external_task_marker_dag.py took 0.167 seconds
[2024-07-03T18:40:58.387+0000] {processor.py:161} INFO - Started process (PID=109) to work on /home/airflow/.local/lib/python3.12/site-packages/airflow/example_dags/example_external_task_marker_dag.py
[2024-07-03T18:40:58.388+0000] {processor.py:830} INFO - Processing file /home/airflow/.local/lib/python3.12/site-packages/airflow/example_dags/example_external_task_marker_dag.py for tasks to queue
[2024-07-03T18:40:58.390+0000] {logging_mixin.py:188} INFO - [2024-07-03T18:40:58.390+0000] {dagbag.py:545} INFO - Filling up the DagBag from /home/airflow/.local/lib/python3.12/site-packages/airflow/example_dags/example_external_task_marker_dag.py
[2024-07-03T18:40:58.397+0000] {processor.py:840} INFO - DAG(s) 'example_external_task_marker_parent', 'example_external_task_marker_child' retrieved from /home/airflow/.local/lib/python3.12/site-packages/airflow/example_dags/example_external_task_marker_dag.py
[2024-07-03T18:40:58.421+0000] {logging_mixin.py:188} INFO - [2024-07-03T18:40:58.420+0000] {dag.py:3096} INFO - Sync 2 DAGs
[2024-07-03T18:40:58.436+0000] {logging_mixin.py:188} INFO - [2024-07-03T18:40:58.435+0000] {dag.py:3954} INFO - Setting next_dagrun for example_external_task_marker_child to None, run_after=None
[2024-07-03T18:40:58.441+0000] {logging_mixin.py:188} INFO - [2024-07-03T18:40:58.441+0000] {dag.py:3954} INFO - Setting next_dagrun for example_external_task_marker_parent to None, run_after=None
[2024-07-03T18:40:58.461+0000] {processor.py:183} INFO - Processing /home/airflow/.local/lib/python3.12/site-packages/airflow/example_dags/example_external_task_marker_dag.py took 0.078 seconds
[2024-07-03T18:41:29.226+0000] {processor.py:161} INFO - Started process (PID=167) to work on /home/airflow/.local/lib/python3.12/site-packages/airflow/example_dags/example_external_task_marker_dag.py
[2024-07-03T18:41:29.227+0000] {processor.py:830} INFO - Processing file /home/airflow/.local/lib/python3.12/site-packages/airflow/example_dags/example_external_task_marker_dag.py for tasks to queue
[2024-07-03T18:41:29.228+0000] {logging_mixin.py:188} INFO - [2024-07-03T18:41:29.228+0000] {dagbag.py:545} INFO - Filling up the DagBag from /home/airflow/.local/lib/python3.12/site-packages/airflow/example_dags/example_external_task_marker_dag.py
[2024-07-03T18:41:29.233+0000] {processor.py:840} INFO - DAG(s) 'example_external_task_marker_child', 'example_external_task_marker_parent' retrieved from /home/airflow/.local/lib/python3.12/site-packages/airflow/example_dags/example_external_task_marker_dag.py
[2024-07-03T18:41:29.252+0000] {logging_mixin.py:188} INFO - [2024-07-03T18:41:29.252+0000] {dag.py:3096} INFO - Sync 2 DAGs
[2024-07-03T18:41:29.262+0000] {logging_mixin.py:188} INFO - [2024-07-03T18:41:29.262+0000] {dag.py:3954} INFO - Setting next_dagrun for example_external_task_marker_child to None, run_after=None
[2024-07-03T18:41:29.266+0000] {logging_mixin.py:188} INFO - [2024-07-03T18:41:29.266+0000] {dag.py:3954} INFO - Setting next_dagrun for example_external_task_marker_parent to None, run_after=None
[2024-07-03T18:41:29.280+0000] {processor.py:183} INFO - Processing /home/airflow/.local/lib/python3.12/site-packages/airflow/example_dags/example_external_task_marker_dag.py took 0.058 seconds
[2024-07-03T18:41:59.697+0000] {processor.py:161} INFO - Started process (PID=225) to work on /home/airflow/.local/lib/python3.12/site-packages/airflow/example_dags/example_external_task_marker_dag.py
[2024-07-03T18:41:59.697+0000] {processor.py:830} INFO - Processing file /home/airflow/.local/lib/python3.12/site-packages/airflow/example_dags/example_external_task_marker_dag.py for tasks to queue
[2024-07-03T18:41:59.699+0000] {logging_mixin.py:188} INFO - [2024-07-03T18:41:59.699+0000] {dagbag.py:545} INFO - Filling up the DagBag from /home/airflow/.local/lib/python3.12/site-packages/airflow/example_dags/example_external_task_marker_dag.py
[2024-07-03T18:41:59.703+0000] {processor.py:840} INFO - DAG(s) 'example_external_task_marker_child', 'example_external_task_marker_parent' retrieved from /home/airflow/.local/lib/python3.12/site-packages/airflow/example_dags/example_external_task_marker_dag.py
[2024-07-03T18:41:59.802+0000] {logging_mixin.py:188} INFO - [2024-07-03T18:41:59.801+0000] {dag.py:3096} INFO - Sync 2 DAGs
[2024-07-03T18:41:59.813+0000] {logging_mixin.py:188} INFO - [2024-07-03T18:41:59.813+0000] {dag.py:3954} INFO - Setting next_dagrun for example_external_task_marker_child to None, run_after=None
[2024-07-03T18:41:59.816+0000] {logging_mixin.py:188} INFO - [2024-07-03T18:41:59.816+0000] {dag.py:3954} INFO - Setting next_dagrun for example_external_task_marker_parent to None, run_after=None
[2024-07-03T18:41:59.832+0000] {processor.py:183} INFO - Processing /home/airflow/.local/lib/python3.12/site-packages/airflow/example_dags/example_external_task_marker_dag.py took 0.140 seconds
