[2024-07-03T18:25:53.153+0000] {processor.py:161} INFO - Started process (PID=54) to work on /home/airflow/.local/lib/python3.12/site-packages/airflow/example_dags/example_short_circuit_operator.py
[2024-07-03T18:25:53.155+0000] {processor.py:830} INFO - Processing file /home/airflow/.local/lib/python3.12/site-packages/airflow/example_dags/example_short_circuit_operator.py for tasks to queue
[2024-07-03T18:25:53.157+0000] {logging_mixin.py:188} INFO - [2024-07-03T18:25:53.157+0000] {dagbag.py:545} INFO - Filling up the DagBag from /home/airflow/.local/lib/python3.12/site-packages/airflow/example_dags/example_short_circuit_operator.py
[2024-07-03T18:25:53.169+0000] {processor.py:840} INFO - DAG(s) 'example_short_circuit_operator' retrieved from /home/airflow/.local/lib/python3.12/site-packages/airflow/example_dags/example_short_circuit_operator.py
[2024-07-03T18:25:53.183+0000] {logging_mixin.py:188} INFO - [2024-07-03T18:25:53.183+0000] {dag.py:3096} INFO - Sync 1 DAGs
[2024-07-03T18:25:53.210+0000] {logging_mixin.py:188} INFO - [2024-07-03T18:25:53.210+0000] {dag.py:3954} INFO - Setting next_dagrun for example_short_circuit_operator to 2024-07-02 00:00:00+00:00, run_after=2024-07-03 00:00:00+00:00
[2024-07-03T18:25:53.232+0000] {processor.py:183} INFO - Processing /home/airflow/.local/lib/python3.12/site-packages/airflow/example_dags/example_short_circuit_operator.py took 0.086 seconds
[2024-07-03T18:26:24.238+0000] {processor.py:161} INFO - Started process (PID=112) to work on /home/airflow/.local/lib/python3.12/site-packages/airflow/example_dags/example_short_circuit_operator.py
[2024-07-03T18:26:24.239+0000] {processor.py:830} INFO - Processing file /home/airflow/.local/lib/python3.12/site-packages/airflow/example_dags/example_short_circuit_operator.py for tasks to queue
[2024-07-03T18:26:24.240+0000] {logging_mixin.py:188} INFO - [2024-07-03T18:26:24.240+0000] {dagbag.py:545} INFO - Filling up the DagBag from /home/airflow/.local/lib/python3.12/site-packages/airflow/example_dags/example_short_circuit_operator.py
[2024-07-03T18:26:24.246+0000] {processor.py:840} INFO - DAG(s) 'example_short_circuit_operator' retrieved from /home/airflow/.local/lib/python3.12/site-packages/airflow/example_dags/example_short_circuit_operator.py
[2024-07-03T18:26:24.358+0000] {logging_mixin.py:188} INFO - [2024-07-03T18:26:24.358+0000] {dag.py:3096} INFO - Sync 1 DAGs
[2024-07-03T18:26:24.381+0000] {logging_mixin.py:188} INFO - [2024-07-03T18:26:24.380+0000] {dag.py:3954} INFO - Setting next_dagrun for example_short_circuit_operator to 2024-07-02 00:00:00+00:00, run_after=2024-07-03 00:00:00+00:00
[2024-07-03T18:26:24.398+0000] {processor.py:183} INFO - Processing /home/airflow/.local/lib/python3.12/site-packages/airflow/example_dags/example_short_circuit_operator.py took 0.165 seconds
[2024-07-03T18:26:55.358+0000] {processor.py:161} INFO - Started process (PID=170) to work on /home/airflow/.local/lib/python3.12/site-packages/airflow/example_dags/example_short_circuit_operator.py
[2024-07-03T18:26:55.358+0000] {processor.py:830} INFO - Processing file /home/airflow/.local/lib/python3.12/site-packages/airflow/example_dags/example_short_circuit_operator.py for tasks to queue
[2024-07-03T18:26:55.360+0000] {logging_mixin.py:188} INFO - [2024-07-03T18:26:55.360+0000] {dagbag.py:545} INFO - Filling up the DagBag from /home/airflow/.local/lib/python3.12/site-packages/airflow/example_dags/example_short_circuit_operator.py
[2024-07-03T18:26:55.366+0000] {processor.py:840} INFO - DAG(s) 'example_short_circuit_operator' retrieved from /home/airflow/.local/lib/python3.12/site-packages/airflow/example_dags/example_short_circuit_operator.py
[2024-07-03T18:26:55.388+0000] {logging_mixin.py:188} INFO - [2024-07-03T18:26:55.387+0000] {dag.py:3096} INFO - Sync 1 DAGs
[2024-07-03T18:26:55.408+0000] {logging_mixin.py:188} INFO - [2024-07-03T18:26:55.408+0000] {dag.py:3954} INFO - Setting next_dagrun for example_short_circuit_operator to 2024-07-02 00:00:00+00:00, run_after=2024-07-03 00:00:00+00:00
[2024-07-03T18:26:55.425+0000] {processor.py:183} INFO - Processing /home/airflow/.local/lib/python3.12/site-packages/airflow/example_dags/example_short_circuit_operator.py took 0.072 seconds
[2024-07-03T18:27:25.831+0000] {processor.py:161} INFO - Started process (PID=228) to work on /home/airflow/.local/lib/python3.12/site-packages/airflow/example_dags/example_short_circuit_operator.py
[2024-07-03T18:27:25.832+0000] {processor.py:830} INFO - Processing file /home/airflow/.local/lib/python3.12/site-packages/airflow/example_dags/example_short_circuit_operator.py for tasks to queue
[2024-07-03T18:27:25.834+0000] {logging_mixin.py:188} INFO - [2024-07-03T18:27:25.834+0000] {dagbag.py:545} INFO - Filling up the DagBag from /home/airflow/.local/lib/python3.12/site-packages/airflow/example_dags/example_short_circuit_operator.py
[2024-07-03T18:27:25.844+0000] {processor.py:840} INFO - DAG(s) 'example_short_circuit_operator' retrieved from /home/airflow/.local/lib/python3.12/site-packages/airflow/example_dags/example_short_circuit_operator.py
[2024-07-03T18:27:25.869+0000] {logging_mixin.py:188} INFO - [2024-07-03T18:27:25.869+0000] {dag.py:3096} INFO - Sync 1 DAGs
[2024-07-03T18:27:25.892+0000] {logging_mixin.py:188} INFO - [2024-07-03T18:27:25.892+0000] {dag.py:3954} INFO - Setting next_dagrun for example_short_circuit_operator to 2024-07-02 00:00:00+00:00, run_after=2024-07-03 00:00:00+00:00
[2024-07-03T18:27:25.911+0000] {processor.py:183} INFO - Processing /home/airflow/.local/lib/python3.12/site-packages/airflow/example_dags/example_short_circuit_operator.py took 0.085 seconds
[2024-07-03T18:27:56.803+0000] {processor.py:161} INFO - Started process (PID=286) to work on /home/airflow/.local/lib/python3.12/site-packages/airflow/example_dags/example_short_circuit_operator.py
[2024-07-03T18:27:56.804+0000] {processor.py:830} INFO - Processing file /home/airflow/.local/lib/python3.12/site-packages/airflow/example_dags/example_short_circuit_operator.py for tasks to queue
[2024-07-03T18:27:56.806+0000] {logging_mixin.py:188} INFO - [2024-07-03T18:27:56.805+0000] {dagbag.py:545} INFO - Filling up the DagBag from /home/airflow/.local/lib/python3.12/site-packages/airflow/example_dags/example_short_circuit_operator.py
[2024-07-03T18:27:56.812+0000] {processor.py:840} INFO - DAG(s) 'example_short_circuit_operator' retrieved from /home/airflow/.local/lib/python3.12/site-packages/airflow/example_dags/example_short_circuit_operator.py
[2024-07-03T18:27:56.833+0000] {logging_mixin.py:188} INFO - [2024-07-03T18:27:56.833+0000] {dag.py:3096} INFO - Sync 1 DAGs
[2024-07-03T18:27:56.852+0000] {logging_mixin.py:188} INFO - [2024-07-03T18:27:56.852+0000] {dag.py:3954} INFO - Setting next_dagrun for example_short_circuit_operator to 2024-07-02 00:00:00+00:00, run_after=2024-07-03 00:00:00+00:00
[2024-07-03T18:27:56.869+0000] {processor.py:183} INFO - Processing /home/airflow/.local/lib/python3.12/site-packages/airflow/example_dags/example_short_circuit_operator.py took 0.070 seconds
[2024-07-03T18:28:27.089+0000] {processor.py:161} INFO - Started process (PID=344) to work on /home/airflow/.local/lib/python3.12/site-packages/airflow/example_dags/example_short_circuit_operator.py
[2024-07-03T18:28:27.090+0000] {processor.py:830} INFO - Processing file /home/airflow/.local/lib/python3.12/site-packages/airflow/example_dags/example_short_circuit_operator.py for tasks to queue
[2024-07-03T18:28:27.091+0000] {logging_mixin.py:188} INFO - [2024-07-03T18:28:27.091+0000] {dagbag.py:545} INFO - Filling up the DagBag from /home/airflow/.local/lib/python3.12/site-packages/airflow/example_dags/example_short_circuit_operator.py
[2024-07-03T18:28:27.097+0000] {processor.py:840} INFO - DAG(s) 'example_short_circuit_operator' retrieved from /home/airflow/.local/lib/python3.12/site-packages/airflow/example_dags/example_short_circuit_operator.py
[2024-07-03T18:28:27.118+0000] {logging_mixin.py:188} INFO - [2024-07-03T18:28:27.117+0000] {dag.py:3096} INFO - Sync 1 DAGs
[2024-07-03T18:28:27.137+0000] {logging_mixin.py:188} INFO - [2024-07-03T18:28:27.137+0000] {dag.py:3954} INFO - Setting next_dagrun for example_short_circuit_operator to 2024-07-02 00:00:00+00:00, run_after=2024-07-03 00:00:00+00:00
[2024-07-03T18:28:27.154+0000] {processor.py:183} INFO - Processing /home/airflow/.local/lib/python3.12/site-packages/airflow/example_dags/example_short_circuit_operator.py took 0.069 seconds
[2024-07-03T18:28:57.677+0000] {processor.py:161} INFO - Started process (PID=402) to work on /home/airflow/.local/lib/python3.12/site-packages/airflow/example_dags/example_short_circuit_operator.py
[2024-07-03T18:28:57.678+0000] {processor.py:830} INFO - Processing file /home/airflow/.local/lib/python3.12/site-packages/airflow/example_dags/example_short_circuit_operator.py for tasks to queue
[2024-07-03T18:28:57.679+0000] {logging_mixin.py:188} INFO - [2024-07-03T18:28:57.679+0000] {dagbag.py:545} INFO - Filling up the DagBag from /home/airflow/.local/lib/python3.12/site-packages/airflow/example_dags/example_short_circuit_operator.py
[2024-07-03T18:28:57.685+0000] {processor.py:840} INFO - DAG(s) 'example_short_circuit_operator' retrieved from /home/airflow/.local/lib/python3.12/site-packages/airflow/example_dags/example_short_circuit_operator.py
[2024-07-03T18:28:57.706+0000] {logging_mixin.py:188} INFO - [2024-07-03T18:28:57.706+0000] {dag.py:3096} INFO - Sync 1 DAGs
[2024-07-03T18:28:57.725+0000] {logging_mixin.py:188} INFO - [2024-07-03T18:28:57.724+0000] {dag.py:3954} INFO - Setting next_dagrun for example_short_circuit_operator to 2024-07-02 00:00:00+00:00, run_after=2024-07-03 00:00:00+00:00
[2024-07-03T18:28:57.740+0000] {processor.py:183} INFO - Processing /home/airflow/.local/lib/python3.12/site-packages/airflow/example_dags/example_short_circuit_operator.py took 0.068 seconds
[2024-07-03T18:29:28.000+0000] {processor.py:161} INFO - Started process (PID=460) to work on /home/airflow/.local/lib/python3.12/site-packages/airflow/example_dags/example_short_circuit_operator.py
[2024-07-03T18:29:28.001+0000] {processor.py:830} INFO - Processing file /home/airflow/.local/lib/python3.12/site-packages/airflow/example_dags/example_short_circuit_operator.py for tasks to queue
[2024-07-03T18:29:28.002+0000] {logging_mixin.py:188} INFO - [2024-07-03T18:29:28.002+0000] {dagbag.py:545} INFO - Filling up the DagBag from /home/airflow/.local/lib/python3.12/site-packages/airflow/example_dags/example_short_circuit_operator.py
[2024-07-03T18:29:28.008+0000] {processor.py:840} INFO - DAG(s) 'example_short_circuit_operator' retrieved from /home/airflow/.local/lib/python3.12/site-packages/airflow/example_dags/example_short_circuit_operator.py
[2024-07-03T18:29:28.028+0000] {logging_mixin.py:188} INFO - [2024-07-03T18:29:28.028+0000] {dag.py:3096} INFO - Sync 1 DAGs
[2024-07-03T18:29:28.047+0000] {logging_mixin.py:188} INFO - [2024-07-03T18:29:28.046+0000] {dag.py:3954} INFO - Setting next_dagrun for example_short_circuit_operator to 2024-07-02 00:00:00+00:00, run_after=2024-07-03 00:00:00+00:00
[2024-07-03T18:29:28.062+0000] {processor.py:183} INFO - Processing /home/airflow/.local/lib/python3.12/site-packages/airflow/example_dags/example_short_circuit_operator.py took 0.066 seconds
[2024-07-03T18:29:58.538+0000] {processor.py:161} INFO - Started process (PID=518) to work on /home/airflow/.local/lib/python3.12/site-packages/airflow/example_dags/example_short_circuit_operator.py
[2024-07-03T18:29:58.539+0000] {processor.py:830} INFO - Processing file /home/airflow/.local/lib/python3.12/site-packages/airflow/example_dags/example_short_circuit_operator.py for tasks to queue
[2024-07-03T18:29:58.540+0000] {logging_mixin.py:188} INFO - [2024-07-03T18:29:58.540+0000] {dagbag.py:545} INFO - Filling up the DagBag from /home/airflow/.local/lib/python3.12/site-packages/airflow/example_dags/example_short_circuit_operator.py
[2024-07-03T18:29:58.546+0000] {processor.py:840} INFO - DAG(s) 'example_short_circuit_operator' retrieved from /home/airflow/.local/lib/python3.12/site-packages/airflow/example_dags/example_short_circuit_operator.py
[2024-07-03T18:29:58.566+0000] {logging_mixin.py:188} INFO - [2024-07-03T18:29:58.566+0000] {dag.py:3096} INFO - Sync 1 DAGs
[2024-07-03T18:29:58.586+0000] {logging_mixin.py:188} INFO - [2024-07-03T18:29:58.585+0000] {dag.py:3954} INFO - Setting next_dagrun for example_short_circuit_operator to 2024-07-02 00:00:00+00:00, run_after=2024-07-03 00:00:00+00:00
[2024-07-03T18:29:58.604+0000] {processor.py:183} INFO - Processing /home/airflow/.local/lib/python3.12/site-packages/airflow/example_dags/example_short_circuit_operator.py took 0.070 seconds
[2024-07-03T18:30:29.344+0000] {processor.py:161} INFO - Started process (PID=583) to work on /home/airflow/.local/lib/python3.12/site-packages/airflow/example_dags/example_short_circuit_operator.py
[2024-07-03T18:30:29.345+0000] {processor.py:830} INFO - Processing file /home/airflow/.local/lib/python3.12/site-packages/airflow/example_dags/example_short_circuit_operator.py for tasks to queue
[2024-07-03T18:30:29.347+0000] {logging_mixin.py:188} INFO - [2024-07-03T18:30:29.346+0000] {dagbag.py:545} INFO - Filling up the DagBag from /home/airflow/.local/lib/python3.12/site-packages/airflow/example_dags/example_short_circuit_operator.py
[2024-07-03T18:30:29.353+0000] {processor.py:840} INFO - DAG(s) 'example_short_circuit_operator' retrieved from /home/airflow/.local/lib/python3.12/site-packages/airflow/example_dags/example_short_circuit_operator.py
[2024-07-03T18:30:29.374+0000] {logging_mixin.py:188} INFO - [2024-07-03T18:30:29.374+0000] {dag.py:3096} INFO - Sync 1 DAGs
[2024-07-03T18:30:29.393+0000] {logging_mixin.py:188} INFO - [2024-07-03T18:30:29.393+0000] {dag.py:3954} INFO - Setting next_dagrun for example_short_circuit_operator to 2024-07-02 00:00:00+00:00, run_after=2024-07-03 00:00:00+00:00
[2024-07-03T18:30:29.409+0000] {processor.py:183} INFO - Processing /home/airflow/.local/lib/python3.12/site-packages/airflow/example_dags/example_short_circuit_operator.py took 0.070 seconds
[2024-07-03T18:30:59.728+0000] {processor.py:161} INFO - Started process (PID=642) to work on /home/airflow/.local/lib/python3.12/site-packages/airflow/example_dags/example_short_circuit_operator.py
[2024-07-03T18:30:59.729+0000] {processor.py:830} INFO - Processing file /home/airflow/.local/lib/python3.12/site-packages/airflow/example_dags/example_short_circuit_operator.py for tasks to queue
[2024-07-03T18:30:59.730+0000] {logging_mixin.py:188} INFO - [2024-07-03T18:30:59.730+0000] {dagbag.py:545} INFO - Filling up the DagBag from /home/airflow/.local/lib/python3.12/site-packages/airflow/example_dags/example_short_circuit_operator.py
[2024-07-03T18:30:59.737+0000] {processor.py:840} INFO - DAG(s) 'example_short_circuit_operator' retrieved from /home/airflow/.local/lib/python3.12/site-packages/airflow/example_dags/example_short_circuit_operator.py
[2024-07-03T18:30:59.760+0000] {logging_mixin.py:188} INFO - [2024-07-03T18:30:59.760+0000] {dag.py:3096} INFO - Sync 1 DAGs
[2024-07-03T18:30:59.782+0000] {logging_mixin.py:188} INFO - [2024-07-03T18:30:59.781+0000] {dag.py:3954} INFO - Setting next_dagrun for example_short_circuit_operator to 2024-07-02 00:00:00+00:00, run_after=2024-07-03 00:00:00+00:00
[2024-07-03T18:30:59.802+0000] {processor.py:183} INFO - Processing /home/airflow/.local/lib/python3.12/site-packages/airflow/example_dags/example_short_circuit_operator.py took 0.078 seconds
[2024-07-03T18:31:29.940+0000] {processor.py:161} INFO - Started process (PID=700) to work on /home/airflow/.local/lib/python3.12/site-packages/airflow/example_dags/example_short_circuit_operator.py
[2024-07-03T18:31:29.941+0000] {processor.py:830} INFO - Processing file /home/airflow/.local/lib/python3.12/site-packages/airflow/example_dags/example_short_circuit_operator.py for tasks to queue
[2024-07-03T18:31:29.943+0000] {logging_mixin.py:188} INFO - [2024-07-03T18:31:29.942+0000] {dagbag.py:545} INFO - Filling up the DagBag from /home/airflow/.local/lib/python3.12/site-packages/airflow/example_dags/example_short_circuit_operator.py
[2024-07-03T18:31:29.949+0000] {processor.py:840} INFO - DAG(s) 'example_short_circuit_operator' retrieved from /home/airflow/.local/lib/python3.12/site-packages/airflow/example_dags/example_short_circuit_operator.py
[2024-07-03T18:31:29.972+0000] {logging_mixin.py:188} INFO - [2024-07-03T18:31:29.972+0000] {dag.py:3096} INFO - Sync 1 DAGs
[2024-07-03T18:31:29.995+0000] {logging_mixin.py:188} INFO - [2024-07-03T18:31:29.994+0000] {dag.py:3954} INFO - Setting next_dagrun for example_short_circuit_operator to 2024-07-02 00:00:00+00:00, run_after=2024-07-03 00:00:00+00:00
[2024-07-03T18:31:30.012+0000] {processor.py:183} INFO - Processing /home/airflow/.local/lib/python3.12/site-packages/airflow/example_dags/example_short_circuit_operator.py took 0.077 seconds
[2024-07-03T18:32:00.279+0000] {processor.py:161} INFO - Started process (PID=758) to work on /home/airflow/.local/lib/python3.12/site-packages/airflow/example_dags/example_short_circuit_operator.py
[2024-07-03T18:32:00.280+0000] {processor.py:830} INFO - Processing file /home/airflow/.local/lib/python3.12/site-packages/airflow/example_dags/example_short_circuit_operator.py for tasks to queue
[2024-07-03T18:32:00.282+0000] {logging_mixin.py:188} INFO - [2024-07-03T18:32:00.282+0000] {dagbag.py:545} INFO - Filling up the DagBag from /home/airflow/.local/lib/python3.12/site-packages/airflow/example_dags/example_short_circuit_operator.py
[2024-07-03T18:32:00.289+0000] {processor.py:840} INFO - DAG(s) 'example_short_circuit_operator' retrieved from /home/airflow/.local/lib/python3.12/site-packages/airflow/example_dags/example_short_circuit_operator.py
[2024-07-03T18:32:00.312+0000] {logging_mixin.py:188} INFO - [2024-07-03T18:32:00.312+0000] {dag.py:3096} INFO - Sync 1 DAGs
[2024-07-03T18:32:00.335+0000] {logging_mixin.py:188} INFO - [2024-07-03T18:32:00.335+0000] {dag.py:3954} INFO - Setting next_dagrun for example_short_circuit_operator to 2024-07-02 00:00:00+00:00, run_after=2024-07-03 00:00:00+00:00
[2024-07-03T18:32:00.356+0000] {processor.py:183} INFO - Processing /home/airflow/.local/lib/python3.12/site-packages/airflow/example_dags/example_short_circuit_operator.py took 0.081 seconds
[2024-07-03T18:32:30.967+0000] {processor.py:161} INFO - Started process (PID=816) to work on /home/airflow/.local/lib/python3.12/site-packages/airflow/example_dags/example_short_circuit_operator.py
[2024-07-03T18:32:30.969+0000] {processor.py:830} INFO - Processing file /home/airflow/.local/lib/python3.12/site-packages/airflow/example_dags/example_short_circuit_operator.py for tasks to queue
[2024-07-03T18:32:30.970+0000] {logging_mixin.py:188} INFO - [2024-07-03T18:32:30.970+0000] {dagbag.py:545} INFO - Filling up the DagBag from /home/airflow/.local/lib/python3.12/site-packages/airflow/example_dags/example_short_circuit_operator.py
[2024-07-03T18:32:30.976+0000] {processor.py:840} INFO - DAG(s) 'example_short_circuit_operator' retrieved from /home/airflow/.local/lib/python3.12/site-packages/airflow/example_dags/example_short_circuit_operator.py
[2024-07-03T18:32:30.999+0000] {logging_mixin.py:188} INFO - [2024-07-03T18:32:30.999+0000] {dag.py:3096} INFO - Sync 1 DAGs
[2024-07-03T18:32:31.019+0000] {logging_mixin.py:188} INFO - [2024-07-03T18:32:31.019+0000] {dag.py:3954} INFO - Setting next_dagrun for example_short_circuit_operator to 2024-07-02 00:00:00+00:00, run_after=2024-07-03 00:00:00+00:00
[2024-07-03T18:32:31.039+0000] {processor.py:183} INFO - Processing /home/airflow/.local/lib/python3.12/site-packages/airflow/example_dags/example_short_circuit_operator.py took 0.078 seconds
[2024-07-03T18:40:28.386+0000] {processor.py:161} INFO - Started process (PID=54) to work on /home/airflow/.local/lib/python3.12/site-packages/airflow/example_dags/example_short_circuit_operator.py
[2024-07-03T18:40:28.387+0000] {processor.py:830} INFO - Processing file /home/airflow/.local/lib/python3.12/site-packages/airflow/example_dags/example_short_circuit_operator.py for tasks to queue
[2024-07-03T18:40:28.389+0000] {logging_mixin.py:188} INFO - [2024-07-03T18:40:28.388+0000] {dagbag.py:545} INFO - Filling up the DagBag from /home/airflow/.local/lib/python3.12/site-packages/airflow/example_dags/example_short_circuit_operator.py
[2024-07-03T18:40:28.398+0000] {processor.py:840} INFO - DAG(s) 'example_short_circuit_operator' retrieved from /home/airflow/.local/lib/python3.12/site-packages/airflow/example_dags/example_short_circuit_operator.py
[2024-07-03T18:40:28.515+0000] {logging_mixin.py:188} INFO - [2024-07-03T18:40:28.515+0000] {dag.py:3096} INFO - Sync 1 DAGs
[2024-07-03T18:40:28.534+0000] {logging_mixin.py:188} INFO - [2024-07-03T18:40:28.534+0000] {dag.py:3954} INFO - Setting next_dagrun for example_short_circuit_operator to 2024-07-02 00:00:00+00:00, run_after=2024-07-03 00:00:00+00:00
[2024-07-03T18:40:28.554+0000] {processor.py:183} INFO - Processing /home/airflow/.local/lib/python3.12/site-packages/airflow/example_dags/example_short_circuit_operator.py took 0.173 seconds
[2024-07-03T18:40:58.587+0000] {processor.py:161} INFO - Started process (PID=112) to work on /home/airflow/.local/lib/python3.12/site-packages/airflow/example_dags/example_short_circuit_operator.py
[2024-07-03T18:40:58.588+0000] {processor.py:830} INFO - Processing file /home/airflow/.local/lib/python3.12/site-packages/airflow/example_dags/example_short_circuit_operator.py for tasks to queue
[2024-07-03T18:40:58.589+0000] {logging_mixin.py:188} INFO - [2024-07-03T18:40:58.589+0000] {dagbag.py:545} INFO - Filling up the DagBag from /home/airflow/.local/lib/python3.12/site-packages/airflow/example_dags/example_short_circuit_operator.py
[2024-07-03T18:40:58.595+0000] {processor.py:840} INFO - DAG(s) 'example_short_circuit_operator' retrieved from /home/airflow/.local/lib/python3.12/site-packages/airflow/example_dags/example_short_circuit_operator.py
[2024-07-03T18:40:58.616+0000] {logging_mixin.py:188} INFO - [2024-07-03T18:40:58.616+0000] {dag.py:3096} INFO - Sync 1 DAGs
[2024-07-03T18:40:58.634+0000] {logging_mixin.py:188} INFO - [2024-07-03T18:40:58.634+0000] {dag.py:3954} INFO - Setting next_dagrun for example_short_circuit_operator to 2024-07-02 00:00:00+00:00, run_after=2024-07-03 00:00:00+00:00
[2024-07-03T18:40:58.651+0000] {processor.py:183} INFO - Processing /home/airflow/.local/lib/python3.12/site-packages/airflow/example_dags/example_short_circuit_operator.py took 0.070 seconds
[2024-07-03T18:41:29.403+0000] {processor.py:161} INFO - Started process (PID=170) to work on /home/airflow/.local/lib/python3.12/site-packages/airflow/example_dags/example_short_circuit_operator.py
[2024-07-03T18:41:29.404+0000] {processor.py:830} INFO - Processing file /home/airflow/.local/lib/python3.12/site-packages/airflow/example_dags/example_short_circuit_operator.py for tasks to queue
[2024-07-03T18:41:29.405+0000] {logging_mixin.py:188} INFO - [2024-07-03T18:41:29.405+0000] {dagbag.py:545} INFO - Filling up the DagBag from /home/airflow/.local/lib/python3.12/site-packages/airflow/example_dags/example_short_circuit_operator.py
[2024-07-03T18:41:29.411+0000] {processor.py:840} INFO - DAG(s) 'example_short_circuit_operator' retrieved from /home/airflow/.local/lib/python3.12/site-packages/airflow/example_dags/example_short_circuit_operator.py
[2024-07-03T18:41:29.437+0000] {logging_mixin.py:188} INFO - [2024-07-03T18:41:29.436+0000] {dag.py:3096} INFO - Sync 1 DAGs
[2024-07-03T18:41:29.459+0000] {logging_mixin.py:188} INFO - [2024-07-03T18:41:29.458+0000] {dag.py:3954} INFO - Setting next_dagrun for example_short_circuit_operator to 2024-07-02 00:00:00+00:00, run_after=2024-07-03 00:00:00+00:00
[2024-07-03T18:41:29.476+0000] {processor.py:183} INFO - Processing /home/airflow/.local/lib/python3.12/site-packages/airflow/example_dags/example_short_circuit_operator.py took 0.077 seconds
[2024-07-03T18:41:59.912+0000] {processor.py:161} INFO - Started process (PID=228) to work on /home/airflow/.local/lib/python3.12/site-packages/airflow/example_dags/example_short_circuit_operator.py
[2024-07-03T18:41:59.912+0000] {processor.py:830} INFO - Processing file /home/airflow/.local/lib/python3.12/site-packages/airflow/example_dags/example_short_circuit_operator.py for tasks to queue
[2024-07-03T18:41:59.914+0000] {logging_mixin.py:188} INFO - [2024-07-03T18:41:59.913+0000] {dagbag.py:545} INFO - Filling up the DagBag from /home/airflow/.local/lib/python3.12/site-packages/airflow/example_dags/example_short_circuit_operator.py
[2024-07-03T18:41:59.919+0000] {processor.py:840} INFO - DAG(s) 'example_short_circuit_operator' retrieved from /home/airflow/.local/lib/python3.12/site-packages/airflow/example_dags/example_short_circuit_operator.py
[2024-07-03T18:42:00.010+0000] {logging_mixin.py:188} INFO - [2024-07-03T18:42:00.010+0000] {dag.py:3096} INFO - Sync 1 DAGs
[2024-07-03T18:42:00.028+0000] {logging_mixin.py:188} INFO - [2024-07-03T18:42:00.028+0000] {dag.py:3954} INFO - Setting next_dagrun for example_short_circuit_operator to 2024-07-02 00:00:00+00:00, run_after=2024-07-03 00:00:00+00:00
[2024-07-03T18:42:00.044+0000] {processor.py:183} INFO - Processing /home/airflow/.local/lib/python3.12/site-packages/airflow/example_dags/example_short_circuit_operator.py took 0.137 seconds
