[2024-07-03T18:25:54.091+0000] {processor.py:161} INFO - Started process (PID=68) to work on /home/airflow/.local/lib/python3.12/site-packages/airflow/example_dags/example_subdag_operator.py
[2024-07-03T18:25:54.092+0000] {processor.py:830} INFO - Processing file /home/airflow/.local/lib/python3.12/site-packages/airflow/example_dags/example_subdag_operator.py for tasks to queue
[2024-07-03T18:25:54.094+0000] {logging_mixin.py:188} INFO - [2024-07-03T18:25:54.094+0000] {dagbag.py:545} INFO - Filling up the DagBag from /home/airflow/.local/lib/python3.12/site-packages/airflow/example_dags/example_subdag_operator.py
[2024-07-03T18:25:54.120+0000] {processor.py:840} INFO - DAG(s) 'example_subdag_operator.section-1', 'example_subdag_operator.section-2', 'example_subdag_operator' retrieved from /home/airflow/.local/lib/python3.12/site-packages/airflow/example_dags/example_subdag_operator.py
[2024-07-03T18:25:54.125+0000] {logging_mixin.py:188} INFO - [2024-07-03T18:25:54.125+0000] {dag.py:3096} INFO - Sync 3 DAGs
[2024-07-03T18:25:54.152+0000] {logging_mixin.py:188} INFO - [2024-07-03T18:25:54.152+0000] {dag.py:3954} INFO - Setting next_dagrun for example_subdag_operator to 2022-01-01 00:00:00+00:00, run_after=2022-01-01 00:00:00+00:00
[2024-07-03T18:25:54.157+0000] {logging_mixin.py:188} INFO - [2024-07-03T18:25:54.157+0000] {dag.py:3954} INFO - Setting next_dagrun for example_subdag_operator.section-1 to None, run_after=None
[2024-07-03T18:25:54.159+0000] {logging_mixin.py:188} INFO - [2024-07-03T18:25:54.158+0000] {dag.py:3954} INFO - Setting next_dagrun for example_subdag_operator.section-2 to None, run_after=None
[2024-07-03T18:25:54.165+0000] {logging_mixin.py:188} INFO - [2024-07-03T18:25:54.165+0000] {dag.py:3096} INFO - Sync 2 DAGs
[2024-07-03T18:25:54.173+0000] {logging_mixin.py:188} INFO - [2024-07-03T18:25:54.172+0000] {dag.py:3954} INFO - Setting next_dagrun for example_subdag_operator.section-1 to None, run_after=None
[2024-07-03T18:25:54.173+0000] {logging_mixin.py:188} INFO - [2024-07-03T18:25:54.173+0000] {dag.py:3954} INFO - Setting next_dagrun for example_subdag_operator.section-2 to None, run_after=None
[2024-07-03T18:25:54.187+0000] {processor.py:183} INFO - Processing /home/airflow/.local/lib/python3.12/site-packages/airflow/example_dags/example_subdag_operator.py took 0.103 seconds
[2024-07-03T18:26:25.558+0000] {processor.py:161} INFO - Started process (PID=126) to work on /home/airflow/.local/lib/python3.12/site-packages/airflow/example_dags/example_subdag_operator.py
[2024-07-03T18:26:25.559+0000] {processor.py:830} INFO - Processing file /home/airflow/.local/lib/python3.12/site-packages/airflow/example_dags/example_subdag_operator.py for tasks to queue
[2024-07-03T18:26:25.561+0000] {logging_mixin.py:188} INFO - [2024-07-03T18:26:25.561+0000] {dagbag.py:545} INFO - Filling up the DagBag from /home/airflow/.local/lib/python3.12/site-packages/airflow/example_dags/example_subdag_operator.py
[2024-07-03T18:26:25.585+0000] {processor.py:840} INFO - DAG(s) 'example_subdag_operator.section-1', 'example_subdag_operator.section-2', 'example_subdag_operator' retrieved from /home/airflow/.local/lib/python3.12/site-packages/airflow/example_dags/example_subdag_operator.py
[2024-07-03T18:26:25.686+0000] {logging_mixin.py:188} INFO - [2024-07-03T18:26:25.686+0000] {dag.py:3096} INFO - Sync 3 DAGs
[2024-07-03T18:26:25.706+0000] {logging_mixin.py:188} INFO - [2024-07-03T18:26:25.706+0000] {dag.py:3954} INFO - Setting next_dagrun for example_subdag_operator to 2022-01-01 00:00:00+00:00, run_after=2022-01-01 00:00:00+00:00
[2024-07-03T18:26:25.709+0000] {logging_mixin.py:188} INFO - [2024-07-03T18:26:25.708+0000] {dag.py:3954} INFO - Setting next_dagrun for example_subdag_operator.section-1 to None, run_after=None
[2024-07-03T18:26:25.710+0000] {logging_mixin.py:188} INFO - [2024-07-03T18:26:25.710+0000] {dag.py:3954} INFO - Setting next_dagrun for example_subdag_operator.section-2 to None, run_after=None
[2024-07-03T18:26:25.717+0000] {logging_mixin.py:188} INFO - [2024-07-03T18:26:25.717+0000] {dag.py:3096} INFO - Sync 2 DAGs
[2024-07-03T18:26:25.724+0000] {logging_mixin.py:188} INFO - [2024-07-03T18:26:25.724+0000] {dag.py:3954} INFO - Setting next_dagrun for example_subdag_operator.section-1 to None, run_after=None
[2024-07-03T18:26:25.725+0000] {logging_mixin.py:188} INFO - [2024-07-03T18:26:25.725+0000] {dag.py:3954} INFO - Setting next_dagrun for example_subdag_operator.section-2 to None, run_after=None
[2024-07-03T18:26:25.735+0000] {processor.py:183} INFO - Processing /home/airflow/.local/lib/python3.12/site-packages/airflow/example_dags/example_subdag_operator.py took 0.183 seconds
[2024-07-03T18:26:56.048+0000] {processor.py:161} INFO - Started process (PID=184) to work on /home/airflow/.local/lib/python3.12/site-packages/airflow/example_dags/example_subdag_operator.py
[2024-07-03T18:26:56.049+0000] {processor.py:830} INFO - Processing file /home/airflow/.local/lib/python3.12/site-packages/airflow/example_dags/example_subdag_operator.py for tasks to queue
[2024-07-03T18:26:56.051+0000] {logging_mixin.py:188} INFO - [2024-07-03T18:26:56.051+0000] {dagbag.py:545} INFO - Filling up the DagBag from /home/airflow/.local/lib/python3.12/site-packages/airflow/example_dags/example_subdag_operator.py
[2024-07-03T18:26:56.074+0000] {processor.py:840} INFO - DAG(s) 'example_subdag_operator.section-1', 'example_subdag_operator.section-2', 'example_subdag_operator' retrieved from /home/airflow/.local/lib/python3.12/site-packages/airflow/example_dags/example_subdag_operator.py
[2024-07-03T18:26:56.097+0000] {logging_mixin.py:188} INFO - [2024-07-03T18:26:56.096+0000] {dag.py:3096} INFO - Sync 3 DAGs
[2024-07-03T18:26:56.119+0000] {logging_mixin.py:188} INFO - [2024-07-03T18:26:56.118+0000] {dag.py:3954} INFO - Setting next_dagrun for example_subdag_operator to 2022-01-01 00:00:00+00:00, run_after=2022-01-01 00:00:00+00:00
[2024-07-03T18:26:56.122+0000] {logging_mixin.py:188} INFO - [2024-07-03T18:26:56.122+0000] {dag.py:3954} INFO - Setting next_dagrun for example_subdag_operator.section-1 to None, run_after=None
[2024-07-03T18:26:56.124+0000] {logging_mixin.py:188} INFO - [2024-07-03T18:26:56.124+0000] {dag.py:3954} INFO - Setting next_dagrun for example_subdag_operator.section-2 to None, run_after=None
[2024-07-03T18:26:56.130+0000] {logging_mixin.py:188} INFO - [2024-07-03T18:26:56.130+0000] {dag.py:3096} INFO - Sync 2 DAGs
[2024-07-03T18:26:56.135+0000] {logging_mixin.py:188} INFO - [2024-07-03T18:26:56.134+0000] {dag.py:3954} INFO - Setting next_dagrun for example_subdag_operator.section-1 to None, run_after=None
[2024-07-03T18:26:56.135+0000] {logging_mixin.py:188} INFO - [2024-07-03T18:26:56.135+0000] {dag.py:3954} INFO - Setting next_dagrun for example_subdag_operator.section-2 to None, run_after=None
[2024-07-03T18:26:56.149+0000] {processor.py:183} INFO - Processing /home/airflow/.local/lib/python3.12/site-packages/airflow/example_dags/example_subdag_operator.py took 0.106 seconds
[2024-07-03T18:27:26.630+0000] {processor.py:161} INFO - Started process (PID=242) to work on /home/airflow/.local/lib/python3.12/site-packages/airflow/example_dags/example_subdag_operator.py
[2024-07-03T18:27:26.631+0000] {processor.py:830} INFO - Processing file /home/airflow/.local/lib/python3.12/site-packages/airflow/example_dags/example_subdag_operator.py for tasks to queue
[2024-07-03T18:27:26.632+0000] {logging_mixin.py:188} INFO - [2024-07-03T18:27:26.632+0000] {dagbag.py:545} INFO - Filling up the DagBag from /home/airflow/.local/lib/python3.12/site-packages/airflow/example_dags/example_subdag_operator.py
[2024-07-03T18:27:26.654+0000] {processor.py:840} INFO - DAG(s) 'example_subdag_operator.section-1', 'example_subdag_operator.section-2', 'example_subdag_operator' retrieved from /home/airflow/.local/lib/python3.12/site-packages/airflow/example_dags/example_subdag_operator.py
[2024-07-03T18:27:26.669+0000] {logging_mixin.py:188} INFO - [2024-07-03T18:27:26.669+0000] {dag.py:3096} INFO - Sync 3 DAGs
[2024-07-03T18:27:26.690+0000] {logging_mixin.py:188} INFO - [2024-07-03T18:27:26.690+0000] {dag.py:3954} INFO - Setting next_dagrun for example_subdag_operator to 2022-01-01 00:00:00+00:00, run_after=2022-01-01 00:00:00+00:00
[2024-07-03T18:27:26.694+0000] {logging_mixin.py:188} INFO - [2024-07-03T18:27:26.693+0000] {dag.py:3954} INFO - Setting next_dagrun for example_subdag_operator.section-1 to None, run_after=None
[2024-07-03T18:27:26.695+0000] {logging_mixin.py:188} INFO - [2024-07-03T18:27:26.695+0000] {dag.py:3954} INFO - Setting next_dagrun for example_subdag_operator.section-2 to None, run_after=None
[2024-07-03T18:27:26.702+0000] {logging_mixin.py:188} INFO - [2024-07-03T18:27:26.702+0000] {dag.py:3096} INFO - Sync 2 DAGs
[2024-07-03T18:27:26.707+0000] {logging_mixin.py:188} INFO - [2024-07-03T18:27:26.707+0000] {dag.py:3954} INFO - Setting next_dagrun for example_subdag_operator.section-1 to None, run_after=None
[2024-07-03T18:27:26.708+0000] {logging_mixin.py:188} INFO - [2024-07-03T18:27:26.708+0000] {dag.py:3954} INFO - Setting next_dagrun for example_subdag_operator.section-2 to None, run_after=None
[2024-07-03T18:27:26.720+0000] {processor.py:183} INFO - Processing /home/airflow/.local/lib/python3.12/site-packages/airflow/example_dags/example_subdag_operator.py took 0.094 seconds
[2024-07-03T18:27:57.567+0000] {processor.py:161} INFO - Started process (PID=300) to work on /home/airflow/.local/lib/python3.12/site-packages/airflow/example_dags/example_subdag_operator.py
[2024-07-03T18:27:57.568+0000] {processor.py:830} INFO - Processing file /home/airflow/.local/lib/python3.12/site-packages/airflow/example_dags/example_subdag_operator.py for tasks to queue
[2024-07-03T18:27:57.569+0000] {logging_mixin.py:188} INFO - [2024-07-03T18:27:57.569+0000] {dagbag.py:545} INFO - Filling up the DagBag from /home/airflow/.local/lib/python3.12/site-packages/airflow/example_dags/example_subdag_operator.py
[2024-07-03T18:27:57.592+0000] {processor.py:840} INFO - DAG(s) 'example_subdag_operator.section-1', 'example_subdag_operator.section-2', 'example_subdag_operator' retrieved from /home/airflow/.local/lib/python3.12/site-packages/airflow/example_dags/example_subdag_operator.py
[2024-07-03T18:27:57.610+0000] {logging_mixin.py:188} INFO - [2024-07-03T18:27:57.610+0000] {dag.py:3096} INFO - Sync 3 DAGs
[2024-07-03T18:27:57.633+0000] {logging_mixin.py:188} INFO - [2024-07-03T18:27:57.632+0000] {dag.py:3954} INFO - Setting next_dagrun for example_subdag_operator to 2022-01-01 00:00:00+00:00, run_after=2022-01-01 00:00:00+00:00
[2024-07-03T18:27:57.637+0000] {logging_mixin.py:188} INFO - [2024-07-03T18:27:57.637+0000] {dag.py:3954} INFO - Setting next_dagrun for example_subdag_operator.section-1 to None, run_after=None
[2024-07-03T18:27:57.638+0000] {logging_mixin.py:188} INFO - [2024-07-03T18:27:57.638+0000] {dag.py:3954} INFO - Setting next_dagrun for example_subdag_operator.section-2 to None, run_after=None
[2024-07-03T18:27:57.644+0000] {logging_mixin.py:188} INFO - [2024-07-03T18:27:57.644+0000] {dag.py:3096} INFO - Sync 2 DAGs
[2024-07-03T18:27:57.649+0000] {logging_mixin.py:188} INFO - [2024-07-03T18:27:57.649+0000] {dag.py:3954} INFO - Setting next_dagrun for example_subdag_operator.section-1 to None, run_after=None
[2024-07-03T18:27:57.649+0000] {logging_mixin.py:188} INFO - [2024-07-03T18:27:57.649+0000] {dag.py:3954} INFO - Setting next_dagrun for example_subdag_operator.section-2 to None, run_after=None
[2024-07-03T18:27:57.660+0000] {processor.py:183} INFO - Processing /home/airflow/.local/lib/python3.12/site-packages/airflow/example_dags/example_subdag_operator.py took 0.098 seconds
[2024-07-03T18:28:27.850+0000] {processor.py:161} INFO - Started process (PID=358) to work on /home/airflow/.local/lib/python3.12/site-packages/airflow/example_dags/example_subdag_operator.py
[2024-07-03T18:28:27.851+0000] {processor.py:830} INFO - Processing file /home/airflow/.local/lib/python3.12/site-packages/airflow/example_dags/example_subdag_operator.py for tasks to queue
[2024-07-03T18:28:27.853+0000] {logging_mixin.py:188} INFO - [2024-07-03T18:28:27.853+0000] {dagbag.py:545} INFO - Filling up the DagBag from /home/airflow/.local/lib/python3.12/site-packages/airflow/example_dags/example_subdag_operator.py
[2024-07-03T18:28:27.875+0000] {processor.py:840} INFO - DAG(s) 'example_subdag_operator.section-1', 'example_subdag_operator.section-2', 'example_subdag_operator' retrieved from /home/airflow/.local/lib/python3.12/site-packages/airflow/example_dags/example_subdag_operator.py
[2024-07-03T18:28:27.891+0000] {logging_mixin.py:188} INFO - [2024-07-03T18:28:27.891+0000] {dag.py:3096} INFO - Sync 3 DAGs
[2024-07-03T18:28:27.911+0000] {logging_mixin.py:188} INFO - [2024-07-03T18:28:27.911+0000] {dag.py:3954} INFO - Setting next_dagrun for example_subdag_operator to 2022-01-01 00:00:00+00:00, run_after=2022-01-01 00:00:00+00:00
[2024-07-03T18:28:27.914+0000] {logging_mixin.py:188} INFO - [2024-07-03T18:28:27.914+0000] {dag.py:3954} INFO - Setting next_dagrun for example_subdag_operator.section-1 to None, run_after=None
[2024-07-03T18:28:27.916+0000] {logging_mixin.py:188} INFO - [2024-07-03T18:28:27.916+0000] {dag.py:3954} INFO - Setting next_dagrun for example_subdag_operator.section-2 to None, run_after=None
[2024-07-03T18:28:27.922+0000] {logging_mixin.py:188} INFO - [2024-07-03T18:28:27.921+0000] {dag.py:3096} INFO - Sync 2 DAGs
[2024-07-03T18:28:27.926+0000] {logging_mixin.py:188} INFO - [2024-07-03T18:28:27.926+0000] {dag.py:3954} INFO - Setting next_dagrun for example_subdag_operator.section-1 to None, run_after=None
[2024-07-03T18:28:27.926+0000] {logging_mixin.py:188} INFO - [2024-07-03T18:28:27.926+0000] {dag.py:3954} INFO - Setting next_dagrun for example_subdag_operator.section-2 to None, run_after=None
[2024-07-03T18:28:27.936+0000] {processor.py:183} INFO - Processing /home/airflow/.local/lib/python3.12/site-packages/airflow/example_dags/example_subdag_operator.py took 0.091 seconds
[2024-07-03T18:28:58.294+0000] {processor.py:161} INFO - Started process (PID=416) to work on /home/airflow/.local/lib/python3.12/site-packages/airflow/example_dags/example_subdag_operator.py
[2024-07-03T18:28:58.295+0000] {processor.py:830} INFO - Processing file /home/airflow/.local/lib/python3.12/site-packages/airflow/example_dags/example_subdag_operator.py for tasks to queue
[2024-07-03T18:28:58.297+0000] {logging_mixin.py:188} INFO - [2024-07-03T18:28:58.297+0000] {dagbag.py:545} INFO - Filling up the DagBag from /home/airflow/.local/lib/python3.12/site-packages/airflow/example_dags/example_subdag_operator.py
[2024-07-03T18:28:58.317+0000] {processor.py:840} INFO - DAG(s) 'example_subdag_operator.section-1', 'example_subdag_operator.section-2', 'example_subdag_operator' retrieved from /home/airflow/.local/lib/python3.12/site-packages/airflow/example_dags/example_subdag_operator.py
[2024-07-03T18:28:58.331+0000] {logging_mixin.py:188} INFO - [2024-07-03T18:28:58.330+0000] {dag.py:3096} INFO - Sync 3 DAGs
[2024-07-03T18:28:58.349+0000] {logging_mixin.py:188} INFO - [2024-07-03T18:28:58.349+0000] {dag.py:3954} INFO - Setting next_dagrun for example_subdag_operator to 2022-01-01 00:00:00+00:00, run_after=2022-01-01 00:00:00+00:00
[2024-07-03T18:28:58.353+0000] {logging_mixin.py:188} INFO - [2024-07-03T18:28:58.353+0000] {dag.py:3954} INFO - Setting next_dagrun for example_subdag_operator.section-1 to None, run_after=None
[2024-07-03T18:28:58.354+0000] {logging_mixin.py:188} INFO - [2024-07-03T18:28:58.354+0000] {dag.py:3954} INFO - Setting next_dagrun for example_subdag_operator.section-2 to None, run_after=None
[2024-07-03T18:28:58.360+0000] {logging_mixin.py:188} INFO - [2024-07-03T18:28:58.360+0000] {dag.py:3096} INFO - Sync 2 DAGs
[2024-07-03T18:28:58.364+0000] {logging_mixin.py:188} INFO - [2024-07-03T18:28:58.364+0000] {dag.py:3954} INFO - Setting next_dagrun for example_subdag_operator.section-1 to None, run_after=None
[2024-07-03T18:28:58.365+0000] {logging_mixin.py:188} INFO - [2024-07-03T18:28:58.365+0000] {dag.py:3954} INFO - Setting next_dagrun for example_subdag_operator.section-2 to None, run_after=None
[2024-07-03T18:28:58.375+0000] {processor.py:183} INFO - Processing /home/airflow/.local/lib/python3.12/site-packages/airflow/example_dags/example_subdag_operator.py took 0.085 seconds
[2024-07-03T18:29:28.724+0000] {processor.py:161} INFO - Started process (PID=474) to work on /home/airflow/.local/lib/python3.12/site-packages/airflow/example_dags/example_subdag_operator.py
[2024-07-03T18:29:28.725+0000] {processor.py:830} INFO - Processing file /home/airflow/.local/lib/python3.12/site-packages/airflow/example_dags/example_subdag_operator.py for tasks to queue
[2024-07-03T18:29:28.726+0000] {logging_mixin.py:188} INFO - [2024-07-03T18:29:28.726+0000] {dagbag.py:545} INFO - Filling up the DagBag from /home/airflow/.local/lib/python3.12/site-packages/airflow/example_dags/example_subdag_operator.py
[2024-07-03T18:29:28.746+0000] {processor.py:840} INFO - DAG(s) 'example_subdag_operator.section-1', 'example_subdag_operator.section-2', 'example_subdag_operator' retrieved from /home/airflow/.local/lib/python3.12/site-packages/airflow/example_dags/example_subdag_operator.py
[2024-07-03T18:29:28.761+0000] {logging_mixin.py:188} INFO - [2024-07-03T18:29:28.760+0000] {dag.py:3096} INFO - Sync 3 DAGs
[2024-07-03T18:29:28.779+0000] {logging_mixin.py:188} INFO - [2024-07-03T18:29:28.779+0000] {dag.py:3954} INFO - Setting next_dagrun for example_subdag_operator to 2022-01-01 00:00:00+00:00, run_after=2022-01-01 00:00:00+00:00
[2024-07-03T18:29:28.783+0000] {logging_mixin.py:188} INFO - [2024-07-03T18:29:28.783+0000] {dag.py:3954} INFO - Setting next_dagrun for example_subdag_operator.section-1 to None, run_after=None
[2024-07-03T18:29:28.784+0000] {logging_mixin.py:188} INFO - [2024-07-03T18:29:28.784+0000] {dag.py:3954} INFO - Setting next_dagrun for example_subdag_operator.section-2 to None, run_after=None
[2024-07-03T18:29:28.790+0000] {logging_mixin.py:188} INFO - [2024-07-03T18:29:28.790+0000] {dag.py:3096} INFO - Sync 2 DAGs
[2024-07-03T18:29:28.795+0000] {logging_mixin.py:188} INFO - [2024-07-03T18:29:28.795+0000] {dag.py:3954} INFO - Setting next_dagrun for example_subdag_operator.section-1 to None, run_after=None
[2024-07-03T18:29:28.796+0000] {logging_mixin.py:188} INFO - [2024-07-03T18:29:28.795+0000] {dag.py:3954} INFO - Setting next_dagrun for example_subdag_operator.section-2 to None, run_after=None
[2024-07-03T18:29:28.806+0000] {processor.py:183} INFO - Processing /home/airflow/.local/lib/python3.12/site-packages/airflow/example_dags/example_subdag_operator.py took 0.086 seconds
[2024-07-03T18:29:59.216+0000] {processor.py:161} INFO - Started process (PID=532) to work on /home/airflow/.local/lib/python3.12/site-packages/airflow/example_dags/example_subdag_operator.py
[2024-07-03T18:29:59.217+0000] {processor.py:830} INFO - Processing file /home/airflow/.local/lib/python3.12/site-packages/airflow/example_dags/example_subdag_operator.py for tasks to queue
[2024-07-03T18:29:59.219+0000] {logging_mixin.py:188} INFO - [2024-07-03T18:29:59.218+0000] {dagbag.py:545} INFO - Filling up the DagBag from /home/airflow/.local/lib/python3.12/site-packages/airflow/example_dags/example_subdag_operator.py
[2024-07-03T18:29:59.239+0000] {processor.py:840} INFO - DAG(s) 'example_subdag_operator.section-1', 'example_subdag_operator.section-2', 'example_subdag_operator' retrieved from /home/airflow/.local/lib/python3.12/site-packages/airflow/example_dags/example_subdag_operator.py
[2024-07-03T18:29:59.254+0000] {logging_mixin.py:188} INFO - [2024-07-03T18:29:59.253+0000] {dag.py:3096} INFO - Sync 3 DAGs
[2024-07-03T18:29:59.273+0000] {logging_mixin.py:188} INFO - [2024-07-03T18:29:59.272+0000] {dag.py:3954} INFO - Setting next_dagrun for example_subdag_operator to 2022-01-01 00:00:00+00:00, run_after=2022-01-01 00:00:00+00:00
[2024-07-03T18:29:59.276+0000] {logging_mixin.py:188} INFO - [2024-07-03T18:29:59.276+0000] {dag.py:3954} INFO - Setting next_dagrun for example_subdag_operator.section-1 to None, run_after=None
[2024-07-03T18:29:59.277+0000] {logging_mixin.py:188} INFO - [2024-07-03T18:29:59.277+0000] {dag.py:3954} INFO - Setting next_dagrun for example_subdag_operator.section-2 to None, run_after=None
[2024-07-03T18:29:59.283+0000] {logging_mixin.py:188} INFO - [2024-07-03T18:29:59.283+0000] {dag.py:3096} INFO - Sync 2 DAGs
[2024-07-03T18:29:59.288+0000] {logging_mixin.py:188} INFO - [2024-07-03T18:29:59.288+0000] {dag.py:3954} INFO - Setting next_dagrun for example_subdag_operator.section-1 to None, run_after=None
[2024-07-03T18:29:59.288+0000] {logging_mixin.py:188} INFO - [2024-07-03T18:29:59.288+0000] {dag.py:3954} INFO - Setting next_dagrun for example_subdag_operator.section-2 to None, run_after=None
[2024-07-03T18:29:59.298+0000] {processor.py:183} INFO - Processing /home/airflow/.local/lib/python3.12/site-packages/airflow/example_dags/example_subdag_operator.py took 0.086 seconds
[2024-07-03T18:30:30.071+0000] {processor.py:161} INFO - Started process (PID=597) to work on /home/airflow/.local/lib/python3.12/site-packages/airflow/example_dags/example_subdag_operator.py
[2024-07-03T18:30:30.072+0000] {processor.py:830} INFO - Processing file /home/airflow/.local/lib/python3.12/site-packages/airflow/example_dags/example_subdag_operator.py for tasks to queue
[2024-07-03T18:30:30.074+0000] {logging_mixin.py:188} INFO - [2024-07-03T18:30:30.074+0000] {dagbag.py:545} INFO - Filling up the DagBag from /home/airflow/.local/lib/python3.12/site-packages/airflow/example_dags/example_subdag_operator.py
[2024-07-03T18:30:30.095+0000] {processor.py:840} INFO - DAG(s) 'example_subdag_operator.section-1', 'example_subdag_operator.section-2', 'example_subdag_operator' retrieved from /home/airflow/.local/lib/python3.12/site-packages/airflow/example_dags/example_subdag_operator.py
[2024-07-03T18:30:30.110+0000] {logging_mixin.py:188} INFO - [2024-07-03T18:30:30.109+0000] {dag.py:3096} INFO - Sync 3 DAGs
[2024-07-03T18:30:30.129+0000] {logging_mixin.py:188} INFO - [2024-07-03T18:30:30.128+0000] {dag.py:3954} INFO - Setting next_dagrun for example_subdag_operator to 2022-01-01 00:00:00+00:00, run_after=2022-01-01 00:00:00+00:00
[2024-07-03T18:30:30.132+0000] {logging_mixin.py:188} INFO - [2024-07-03T18:30:30.132+0000] {dag.py:3954} INFO - Setting next_dagrun for example_subdag_operator.section-1 to None, run_after=None
[2024-07-03T18:30:30.133+0000] {logging_mixin.py:188} INFO - [2024-07-03T18:30:30.133+0000] {dag.py:3954} INFO - Setting next_dagrun for example_subdag_operator.section-2 to None, run_after=None
[2024-07-03T18:30:30.139+0000] {logging_mixin.py:188} INFO - [2024-07-03T18:30:30.139+0000] {dag.py:3096} INFO - Sync 2 DAGs
[2024-07-03T18:30:30.144+0000] {logging_mixin.py:188} INFO - [2024-07-03T18:30:30.143+0000] {dag.py:3954} INFO - Setting next_dagrun for example_subdag_operator.section-1 to None, run_after=None
[2024-07-03T18:30:30.144+0000] {logging_mixin.py:188} INFO - [2024-07-03T18:30:30.144+0000] {dag.py:3954} INFO - Setting next_dagrun for example_subdag_operator.section-2 to None, run_after=None
[2024-07-03T18:30:30.156+0000] {processor.py:183} INFO - Processing /home/airflow/.local/lib/python3.12/site-packages/airflow/example_dags/example_subdag_operator.py took 0.092 seconds
[2024-07-03T18:31:00.615+0000] {processor.py:161} INFO - Started process (PID=656) to work on /home/airflow/.local/lib/python3.12/site-packages/airflow/example_dags/example_subdag_operator.py
[2024-07-03T18:31:00.616+0000] {processor.py:830} INFO - Processing file /home/airflow/.local/lib/python3.12/site-packages/airflow/example_dags/example_subdag_operator.py for tasks to queue
[2024-07-03T18:31:00.618+0000] {logging_mixin.py:188} INFO - [2024-07-03T18:31:00.618+0000] {dagbag.py:545} INFO - Filling up the DagBag from /home/airflow/.local/lib/python3.12/site-packages/airflow/example_dags/example_subdag_operator.py
[2024-07-03T18:31:00.640+0000] {processor.py:840} INFO - DAG(s) 'example_subdag_operator.section-1', 'example_subdag_operator.section-2', 'example_subdag_operator' retrieved from /home/airflow/.local/lib/python3.12/site-packages/airflow/example_dags/example_subdag_operator.py
[2024-07-03T18:31:00.657+0000] {logging_mixin.py:188} INFO - [2024-07-03T18:31:00.657+0000] {dag.py:3096} INFO - Sync 3 DAGs
[2024-07-03T18:31:00.679+0000] {logging_mixin.py:188} INFO - [2024-07-03T18:31:00.679+0000] {dag.py:3954} INFO - Setting next_dagrun for example_subdag_operator to 2022-01-01 00:00:00+00:00, run_after=2022-01-01 00:00:00+00:00
[2024-07-03T18:31:00.683+0000] {logging_mixin.py:188} INFO - [2024-07-03T18:31:00.683+0000] {dag.py:3954} INFO - Setting next_dagrun for example_subdag_operator.section-1 to None, run_after=None
[2024-07-03T18:31:00.685+0000] {logging_mixin.py:188} INFO - [2024-07-03T18:31:00.685+0000] {dag.py:3954} INFO - Setting next_dagrun for example_subdag_operator.section-2 to None, run_after=None
[2024-07-03T18:31:00.693+0000] {logging_mixin.py:188} INFO - [2024-07-03T18:31:00.692+0000] {dag.py:3096} INFO - Sync 2 DAGs
[2024-07-03T18:31:00.698+0000] {logging_mixin.py:188} INFO - [2024-07-03T18:31:00.697+0000] {dag.py:3954} INFO - Setting next_dagrun for example_subdag_operator.section-1 to None, run_after=None
[2024-07-03T18:31:00.699+0000] {logging_mixin.py:188} INFO - [2024-07-03T18:31:00.698+0000] {dag.py:3954} INFO - Setting next_dagrun for example_subdag_operator.section-2 to None, run_after=None
[2024-07-03T18:31:00.713+0000] {processor.py:183} INFO - Processing /home/airflow/.local/lib/python3.12/site-packages/airflow/example_dags/example_subdag_operator.py took 0.103 seconds
[2024-07-03T18:31:30.960+0000] {processor.py:161} INFO - Started process (PID=714) to work on /home/airflow/.local/lib/python3.12/site-packages/airflow/example_dags/example_subdag_operator.py
[2024-07-03T18:31:30.961+0000] {processor.py:830} INFO - Processing file /home/airflow/.local/lib/python3.12/site-packages/airflow/example_dags/example_subdag_operator.py for tasks to queue
[2024-07-03T18:31:30.962+0000] {logging_mixin.py:188} INFO - [2024-07-03T18:31:30.962+0000] {dagbag.py:545} INFO - Filling up the DagBag from /home/airflow/.local/lib/python3.12/site-packages/airflow/example_dags/example_subdag_operator.py
[2024-07-03T18:31:30.987+0000] {processor.py:840} INFO - DAG(s) 'example_subdag_operator.section-1', 'example_subdag_operator.section-2', 'example_subdag_operator' retrieved from /home/airflow/.local/lib/python3.12/site-packages/airflow/example_dags/example_subdag_operator.py
[2024-07-03T18:31:31.006+0000] {logging_mixin.py:188} INFO - [2024-07-03T18:31:31.006+0000] {dag.py:3096} INFO - Sync 3 DAGs
[2024-07-03T18:31:31.027+0000] {logging_mixin.py:188} INFO - [2024-07-03T18:31:31.027+0000] {dag.py:3954} INFO - Setting next_dagrun for example_subdag_operator to 2022-01-01 00:00:00+00:00, run_after=2022-01-01 00:00:00+00:00
[2024-07-03T18:31:31.031+0000] {logging_mixin.py:188} INFO - [2024-07-03T18:31:31.030+0000] {dag.py:3954} INFO - Setting next_dagrun for example_subdag_operator.section-1 to None, run_after=None
[2024-07-03T18:31:31.032+0000] {logging_mixin.py:188} INFO - [2024-07-03T18:31:31.032+0000] {dag.py:3954} INFO - Setting next_dagrun for example_subdag_operator.section-2 to None, run_after=None
[2024-07-03T18:31:31.042+0000] {logging_mixin.py:188} INFO - [2024-07-03T18:31:31.041+0000] {dag.py:3096} INFO - Sync 2 DAGs
[2024-07-03T18:31:31.046+0000] {logging_mixin.py:188} INFO - [2024-07-03T18:31:31.046+0000] {dag.py:3954} INFO - Setting next_dagrun for example_subdag_operator.section-1 to None, run_after=None
[2024-07-03T18:31:31.047+0000] {logging_mixin.py:188} INFO - [2024-07-03T18:31:31.047+0000] {dag.py:3954} INFO - Setting next_dagrun for example_subdag_operator.section-2 to None, run_after=None
[2024-07-03T18:31:31.060+0000] {processor.py:183} INFO - Processing /home/airflow/.local/lib/python3.12/site-packages/airflow/example_dags/example_subdag_operator.py took 0.105 seconds
[2024-07-03T18:32:01.208+0000] {processor.py:161} INFO - Started process (PID=773) to work on /home/airflow/.local/lib/python3.12/site-packages/airflow/example_dags/example_subdag_operator.py
[2024-07-03T18:32:01.209+0000] {processor.py:830} INFO - Processing file /home/airflow/.local/lib/python3.12/site-packages/airflow/example_dags/example_subdag_operator.py for tasks to queue
[2024-07-03T18:32:01.211+0000] {logging_mixin.py:188} INFO - [2024-07-03T18:32:01.210+0000] {dagbag.py:545} INFO - Filling up the DagBag from /home/airflow/.local/lib/python3.12/site-packages/airflow/example_dags/example_subdag_operator.py
[2024-07-03T18:32:01.235+0000] {processor.py:840} INFO - DAG(s) 'example_subdag_operator.section-1', 'example_subdag_operator.section-2', 'example_subdag_operator' retrieved from /home/airflow/.local/lib/python3.12/site-packages/airflow/example_dags/example_subdag_operator.py
[2024-07-03T18:32:01.251+0000] {logging_mixin.py:188} INFO - [2024-07-03T18:32:01.251+0000] {dag.py:3096} INFO - Sync 3 DAGs
[2024-07-03T18:32:01.272+0000] {logging_mixin.py:188} INFO - [2024-07-03T18:32:01.272+0000] {dag.py:3954} INFO - Setting next_dagrun for example_subdag_operator to 2022-01-01 00:00:00+00:00, run_after=2022-01-01 00:00:00+00:00
[2024-07-03T18:32:01.275+0000] {logging_mixin.py:188} INFO - [2024-07-03T18:32:01.275+0000] {dag.py:3954} INFO - Setting next_dagrun for example_subdag_operator.section-1 to None, run_after=None
[2024-07-03T18:32:01.276+0000] {logging_mixin.py:188} INFO - [2024-07-03T18:32:01.276+0000] {dag.py:3954} INFO - Setting next_dagrun for example_subdag_operator.section-2 to None, run_after=None
[2024-07-03T18:32:01.282+0000] {logging_mixin.py:188} INFO - [2024-07-03T18:32:01.282+0000] {dag.py:3096} INFO - Sync 2 DAGs
[2024-07-03T18:32:01.287+0000] {logging_mixin.py:188} INFO - [2024-07-03T18:32:01.287+0000] {dag.py:3954} INFO - Setting next_dagrun for example_subdag_operator.section-1 to None, run_after=None
[2024-07-03T18:32:01.288+0000] {logging_mixin.py:188} INFO - [2024-07-03T18:32:01.288+0000] {dag.py:3954} INFO - Setting next_dagrun for example_subdag_operator.section-2 to None, run_after=None
[2024-07-03T18:32:01.297+0000] {processor.py:183} INFO - Processing /home/airflow/.local/lib/python3.12/site-packages/airflow/example_dags/example_subdag_operator.py took 0.097 seconds
[2024-07-03T18:32:31.994+0000] {processor.py:161} INFO - Started process (PID=830) to work on /home/airflow/.local/lib/python3.12/site-packages/airflow/example_dags/example_subdag_operator.py
[2024-07-03T18:32:31.995+0000] {processor.py:830} INFO - Processing file /home/airflow/.local/lib/python3.12/site-packages/airflow/example_dags/example_subdag_operator.py for tasks to queue
[2024-07-03T18:32:31.996+0000] {logging_mixin.py:188} INFO - [2024-07-03T18:32:31.996+0000] {dagbag.py:545} INFO - Filling up the DagBag from /home/airflow/.local/lib/python3.12/site-packages/airflow/example_dags/example_subdag_operator.py
[2024-07-03T18:32:32.016+0000] {processor.py:840} INFO - DAG(s) 'example_subdag_operator.section-1', 'example_subdag_operator.section-2', 'example_subdag_operator' retrieved from /home/airflow/.local/lib/python3.12/site-packages/airflow/example_dags/example_subdag_operator.py
[2024-07-03T18:32:32.031+0000] {logging_mixin.py:188} INFO - [2024-07-03T18:32:32.030+0000] {dag.py:3096} INFO - Sync 3 DAGs
[2024-07-03T18:32:32.050+0000] {logging_mixin.py:188} INFO - [2024-07-03T18:32:32.049+0000] {dag.py:3954} INFO - Setting next_dagrun for example_subdag_operator to 2022-01-01 00:00:00+00:00, run_after=2022-01-01 00:00:00+00:00
[2024-07-03T18:32:32.055+0000] {logging_mixin.py:188} INFO - [2024-07-03T18:32:32.055+0000] {dag.py:3954} INFO - Setting next_dagrun for example_subdag_operator.section-1 to None, run_after=None
[2024-07-03T18:32:32.056+0000] {logging_mixin.py:188} INFO - [2024-07-03T18:32:32.056+0000] {dag.py:3954} INFO - Setting next_dagrun for example_subdag_operator.section-2 to None, run_after=None
[2024-07-03T18:32:32.061+0000] {logging_mixin.py:188} INFO - [2024-07-03T18:32:32.061+0000] {dag.py:3096} INFO - Sync 2 DAGs
[2024-07-03T18:32:32.065+0000] {logging_mixin.py:188} INFO - [2024-07-03T18:32:32.065+0000] {dag.py:3954} INFO - Setting next_dagrun for example_subdag_operator.section-1 to None, run_after=None
[2024-07-03T18:32:32.065+0000] {logging_mixin.py:188} INFO - [2024-07-03T18:32:32.065+0000] {dag.py:3954} INFO - Setting next_dagrun for example_subdag_operator.section-2 to None, run_after=None
[2024-07-03T18:32:32.075+0000] {processor.py:183} INFO - Processing /home/airflow/.local/lib/python3.12/site-packages/airflow/example_dags/example_subdag_operator.py took 0.085 seconds
[2024-07-03T18:40:29.620+0000] {processor.py:161} INFO - Started process (PID=68) to work on /home/airflow/.local/lib/python3.12/site-packages/airflow/example_dags/example_subdag_operator.py
[2024-07-03T18:40:29.621+0000] {processor.py:830} INFO - Processing file /home/airflow/.local/lib/python3.12/site-packages/airflow/example_dags/example_subdag_operator.py for tasks to queue
[2024-07-03T18:40:29.623+0000] {logging_mixin.py:188} INFO - [2024-07-03T18:40:29.623+0000] {dagbag.py:545} INFO - Filling up the DagBag from /home/airflow/.local/lib/python3.12/site-packages/airflow/example_dags/example_subdag_operator.py
[2024-07-03T18:40:29.643+0000] {processor.py:840} INFO - DAG(s) 'example_subdag_operator.section-1', 'example_subdag_operator.section-2', 'example_subdag_operator' retrieved from /home/airflow/.local/lib/python3.12/site-packages/airflow/example_dags/example_subdag_operator.py
[2024-07-03T18:40:29.729+0000] {logging_mixin.py:188} INFO - [2024-07-03T18:40:29.729+0000] {dag.py:3096} INFO - Sync 3 DAGs
[2024-07-03T18:40:29.747+0000] {logging_mixin.py:188} INFO - [2024-07-03T18:40:29.747+0000] {dag.py:3954} INFO - Setting next_dagrun for example_subdag_operator to 2022-01-01 00:00:00+00:00, run_after=2022-01-01 00:00:00+00:00
[2024-07-03T18:40:29.751+0000] {logging_mixin.py:188} INFO - [2024-07-03T18:40:29.751+0000] {dag.py:3954} INFO - Setting next_dagrun for example_subdag_operator.section-1 to None, run_after=None
[2024-07-03T18:40:29.752+0000] {logging_mixin.py:188} INFO - [2024-07-03T18:40:29.752+0000] {dag.py:3954} INFO - Setting next_dagrun for example_subdag_operator.section-2 to None, run_after=None
[2024-07-03T18:40:29.761+0000] {logging_mixin.py:188} INFO - [2024-07-03T18:40:29.760+0000] {dag.py:3096} INFO - Sync 2 DAGs
[2024-07-03T18:40:29.766+0000] {logging_mixin.py:188} INFO - [2024-07-03T18:40:29.766+0000] {dag.py:3954} INFO - Setting next_dagrun for example_subdag_operator.section-1 to None, run_after=None
[2024-07-03T18:40:29.767+0000] {logging_mixin.py:188} INFO - [2024-07-03T18:40:29.767+0000] {dag.py:3954} INFO - Setting next_dagrun for example_subdag_operator.section-2 to None, run_after=None
[2024-07-03T18:40:29.777+0000] {processor.py:183} INFO - Processing /home/airflow/.local/lib/python3.12/site-packages/airflow/example_dags/example_subdag_operator.py took 0.162 seconds
[2024-07-03T18:40:59.813+0000] {processor.py:161} INFO - Started process (PID=126) to work on /home/airflow/.local/lib/python3.12/site-packages/airflow/example_dags/example_subdag_operator.py
[2024-07-03T18:40:59.814+0000] {processor.py:830} INFO - Processing file /home/airflow/.local/lib/python3.12/site-packages/airflow/example_dags/example_subdag_operator.py for tasks to queue
[2024-07-03T18:40:59.816+0000] {logging_mixin.py:188} INFO - [2024-07-03T18:40:59.815+0000] {dagbag.py:545} INFO - Filling up the DagBag from /home/airflow/.local/lib/python3.12/site-packages/airflow/example_dags/example_subdag_operator.py
[2024-07-03T18:40:59.837+0000] {processor.py:840} INFO - DAG(s) 'example_subdag_operator.section-1', 'example_subdag_operator.section-2', 'example_subdag_operator' retrieved from /home/airflow/.local/lib/python3.12/site-packages/airflow/example_dags/example_subdag_operator.py
[2024-07-03T18:40:59.853+0000] {logging_mixin.py:188} INFO - [2024-07-03T18:40:59.853+0000] {dag.py:3096} INFO - Sync 3 DAGs
[2024-07-03T18:40:59.872+0000] {logging_mixin.py:188} INFO - [2024-07-03T18:40:59.872+0000] {dag.py:3954} INFO - Setting next_dagrun for example_subdag_operator to 2022-01-01 00:00:00+00:00, run_after=2022-01-01 00:00:00+00:00
[2024-07-03T18:40:59.875+0000] {logging_mixin.py:188} INFO - [2024-07-03T18:40:59.875+0000] {dag.py:3954} INFO - Setting next_dagrun for example_subdag_operator.section-1 to None, run_after=None
[2024-07-03T18:40:59.877+0000] {logging_mixin.py:188} INFO - [2024-07-03T18:40:59.877+0000] {dag.py:3954} INFO - Setting next_dagrun for example_subdag_operator.section-2 to None, run_after=None
[2024-07-03T18:40:59.883+0000] {logging_mixin.py:188} INFO - [2024-07-03T18:40:59.883+0000] {dag.py:3096} INFO - Sync 2 DAGs
[2024-07-03T18:40:59.889+0000] {logging_mixin.py:188} INFO - [2024-07-03T18:40:59.888+0000] {dag.py:3954} INFO - Setting next_dagrun for example_subdag_operator.section-1 to None, run_after=None
[2024-07-03T18:40:59.890+0000] {logging_mixin.py:188} INFO - [2024-07-03T18:40:59.889+0000] {dag.py:3954} INFO - Setting next_dagrun for example_subdag_operator.section-2 to None, run_after=None
[2024-07-03T18:40:59.903+0000] {processor.py:183} INFO - Processing /home/airflow/.local/lib/python3.12/site-packages/airflow/example_dags/example_subdag_operator.py took 0.095 seconds
[2024-07-03T18:41:30.196+0000] {processor.py:161} INFO - Started process (PID=184) to work on /home/airflow/.local/lib/python3.12/site-packages/airflow/example_dags/example_subdag_operator.py
[2024-07-03T18:41:30.197+0000] {processor.py:830} INFO - Processing file /home/airflow/.local/lib/python3.12/site-packages/airflow/example_dags/example_subdag_operator.py for tasks to queue
[2024-07-03T18:41:30.198+0000] {logging_mixin.py:188} INFO - [2024-07-03T18:41:30.198+0000] {dagbag.py:545} INFO - Filling up the DagBag from /home/airflow/.local/lib/python3.12/site-packages/airflow/example_dags/example_subdag_operator.py
[2024-07-03T18:41:30.217+0000] {processor.py:840} INFO - DAG(s) 'example_subdag_operator.section-1', 'example_subdag_operator.section-2', 'example_subdag_operator' retrieved from /home/airflow/.local/lib/python3.12/site-packages/airflow/example_dags/example_subdag_operator.py
[2024-07-03T18:41:30.232+0000] {logging_mixin.py:188} INFO - [2024-07-03T18:41:30.232+0000] {dag.py:3096} INFO - Sync 3 DAGs
[2024-07-03T18:41:30.249+0000] {logging_mixin.py:188} INFO - [2024-07-03T18:41:30.249+0000] {dag.py:3954} INFO - Setting next_dagrun for example_subdag_operator to 2022-01-01 00:00:00+00:00, run_after=2022-01-01 00:00:00+00:00
[2024-07-03T18:41:30.253+0000] {logging_mixin.py:188} INFO - [2024-07-03T18:41:30.252+0000] {dag.py:3954} INFO - Setting next_dagrun for example_subdag_operator.section-1 to None, run_after=None
[2024-07-03T18:41:30.254+0000] {logging_mixin.py:188} INFO - [2024-07-03T18:41:30.254+0000] {dag.py:3954} INFO - Setting next_dagrun for example_subdag_operator.section-2 to None, run_after=None
[2024-07-03T18:41:30.259+0000] {logging_mixin.py:188} INFO - [2024-07-03T18:41:30.259+0000] {dag.py:3096} INFO - Sync 2 DAGs
[2024-07-03T18:41:30.264+0000] {logging_mixin.py:188} INFO - [2024-07-03T18:41:30.264+0000] {dag.py:3954} INFO - Setting next_dagrun for example_subdag_operator.section-1 to None, run_after=None
[2024-07-03T18:41:30.264+0000] {logging_mixin.py:188} INFO - [2024-07-03T18:41:30.264+0000] {dag.py:3954} INFO - Setting next_dagrun for example_subdag_operator.section-2 to None, run_after=None
[2024-07-03T18:41:30.277+0000] {processor.py:183} INFO - Processing /home/airflow/.local/lib/python3.12/site-packages/airflow/example_dags/example_subdag_operator.py took 0.085 seconds
[2024-07-03T18:42:01.158+0000] {processor.py:161} INFO - Started process (PID=242) to work on /home/airflow/.local/lib/python3.12/site-packages/airflow/example_dags/example_subdag_operator.py
[2024-07-03T18:42:01.159+0000] {processor.py:830} INFO - Processing file /home/airflow/.local/lib/python3.12/site-packages/airflow/example_dags/example_subdag_operator.py for tasks to queue
[2024-07-03T18:42:01.160+0000] {logging_mixin.py:188} INFO - [2024-07-03T18:42:01.160+0000] {dagbag.py:545} INFO - Filling up the DagBag from /home/airflow/.local/lib/python3.12/site-packages/airflow/example_dags/example_subdag_operator.py
[2024-07-03T18:42:01.181+0000] {processor.py:840} INFO - DAG(s) 'example_subdag_operator.section-1', 'example_subdag_operator.section-2', 'example_subdag_operator' retrieved from /home/airflow/.local/lib/python3.12/site-packages/airflow/example_dags/example_subdag_operator.py
[2024-07-03T18:42:01.275+0000] {logging_mixin.py:188} INFO - [2024-07-03T18:42:01.274+0000] {dag.py:3096} INFO - Sync 3 DAGs
[2024-07-03T18:42:01.293+0000] {logging_mixin.py:188} INFO - [2024-07-03T18:42:01.293+0000] {dag.py:3954} INFO - Setting next_dagrun for example_subdag_operator to 2022-01-01 00:00:00+00:00, run_after=2022-01-01 00:00:00+00:00
[2024-07-03T18:42:01.296+0000] {logging_mixin.py:188} INFO - [2024-07-03T18:42:01.296+0000] {dag.py:3954} INFO - Setting next_dagrun for example_subdag_operator.section-1 to None, run_after=None
[2024-07-03T18:42:01.297+0000] {logging_mixin.py:188} INFO - [2024-07-03T18:42:01.297+0000] {dag.py:3954} INFO - Setting next_dagrun for example_subdag_operator.section-2 to None, run_after=None
[2024-07-03T18:42:01.306+0000] {logging_mixin.py:188} INFO - [2024-07-03T18:42:01.306+0000] {dag.py:3096} INFO - Sync 2 DAGs
[2024-07-03T18:42:01.311+0000] {logging_mixin.py:188} INFO - [2024-07-03T18:42:01.311+0000] {dag.py:3954} INFO - Setting next_dagrun for example_subdag_operator.section-1 to None, run_after=None
[2024-07-03T18:42:01.311+0000] {logging_mixin.py:188} INFO - [2024-07-03T18:42:01.311+0000] {dag.py:3954} INFO - Setting next_dagrun for example_subdag_operator.section-2 to None, run_after=None
[2024-07-03T18:42:01.321+0000] {processor.py:183} INFO - Processing /home/airflow/.local/lib/python3.12/site-packages/airflow/example_dags/example_subdag_operator.py took 0.168 seconds
