[2024-07-03T18:25:53.510+0000] {processor.py:161} INFO - Started process (PID=59) to work on /home/airflow/.local/lib/python3.12/site-packages/airflow/example_dags/example_branch_datetime_operator.py
[2024-07-03T18:25:53.511+0000] {processor.py:830} INFO - Processing file /home/airflow/.local/lib/python3.12/site-packages/airflow/example_dags/example_branch_datetime_operator.py for tasks to queue
[2024-07-03T18:25:53.512+0000] {logging_mixin.py:188} INFO - [2024-07-03T18:25:53.512+0000] {dagbag.py:545} INFO - Filling up the DagBag from /home/airflow/.local/lib/python3.12/site-packages/airflow/example_dags/example_branch_datetime_operator.py
[2024-07-03T18:25:53.527+0000] {processor.py:840} INFO - DAG(s) 'example_branch_datetime_operator_3', 'example_branch_datetime_operator_2', 'example_branch_datetime_operator' retrieved from /home/airflow/.local/lib/python3.12/site-packages/airflow/example_dags/example_branch_datetime_operator.py
[2024-07-03T18:25:53.541+0000] {logging_mixin.py:188} INFO - [2024-07-03T18:25:53.540+0000] {dag.py:3096} INFO - Sync 3 DAGs
[2024-07-03T18:25:53.563+0000] {logging_mixin.py:188} INFO - [2024-07-03T18:25:53.563+0000] {dag.py:3954} INFO - Setting next_dagrun for example_branch_datetime_operator to 2024-07-02 00:00:00+00:00, run_after=2024-07-03 00:00:00+00:00
[2024-07-03T18:25:53.570+0000] {logging_mixin.py:188} INFO - [2024-07-03T18:25:53.569+0000] {dag.py:3954} INFO - Setting next_dagrun for example_branch_datetime_operator_2 to 2024-07-02 00:00:00+00:00, run_after=2024-07-03 00:00:00+00:00
[2024-07-03T18:25:53.573+0000] {logging_mixin.py:188} INFO - [2024-07-03T18:25:53.573+0000] {dag.py:3954} INFO - Setting next_dagrun for example_branch_datetime_operator_3 to 2024-07-02 00:00:00+00:00, run_after=2024-07-03 00:00:00+00:00
[2024-07-03T18:25:53.591+0000] {processor.py:183} INFO - Processing /home/airflow/.local/lib/python3.12/site-packages/airflow/example_dags/example_branch_datetime_operator.py took 0.087 seconds
[2024-07-03T18:26:24.669+0000] {processor.py:161} INFO - Started process (PID=117) to work on /home/airflow/.local/lib/python3.12/site-packages/airflow/example_dags/example_branch_datetime_operator.py
[2024-07-03T18:26:24.670+0000] {processor.py:830} INFO - Processing file /home/airflow/.local/lib/python3.12/site-packages/airflow/example_dags/example_branch_datetime_operator.py for tasks to queue
[2024-07-03T18:26:24.672+0000] {logging_mixin.py:188} INFO - [2024-07-03T18:26:24.671+0000] {dagbag.py:545} INFO - Filling up the DagBag from /home/airflow/.local/lib/python3.12/site-packages/airflow/example_dags/example_branch_datetime_operator.py
[2024-07-03T18:26:24.680+0000] {processor.py:840} INFO - DAG(s) 'example_branch_datetime_operator_3', 'example_branch_datetime_operator_2', 'example_branch_datetime_operator' retrieved from /home/airflow/.local/lib/python3.12/site-packages/airflow/example_dags/example_branch_datetime_operator.py
[2024-07-03T18:26:24.789+0000] {logging_mixin.py:188} INFO - [2024-07-03T18:26:24.789+0000] {dag.py:3096} INFO - Sync 3 DAGs
[2024-07-03T18:26:24.810+0000] {logging_mixin.py:188} INFO - [2024-07-03T18:26:24.809+0000] {dag.py:3954} INFO - Setting next_dagrun for example_branch_datetime_operator to 2024-07-02 00:00:00+00:00, run_after=2024-07-03 00:00:00+00:00
[2024-07-03T18:26:24.814+0000] {logging_mixin.py:188} INFO - [2024-07-03T18:26:24.813+0000] {dag.py:3954} INFO - Setting next_dagrun for example_branch_datetime_operator_2 to 2024-07-02 00:00:00+00:00, run_after=2024-07-03 00:00:00+00:00
[2024-07-03T18:26:24.816+0000] {logging_mixin.py:188} INFO - [2024-07-03T18:26:24.816+0000] {dag.py:3954} INFO - Setting next_dagrun for example_branch_datetime_operator_3 to 2024-07-02 00:00:00+00:00, run_after=2024-07-03 00:00:00+00:00
[2024-07-03T18:26:24.834+0000] {processor.py:183} INFO - Processing /home/airflow/.local/lib/python3.12/site-packages/airflow/example_dags/example_branch_datetime_operator.py took 0.169 seconds
[2024-07-03T18:26:55.585+0000] {processor.py:161} INFO - Started process (PID=175) to work on /home/airflow/.local/lib/python3.12/site-packages/airflow/example_dags/example_branch_datetime_operator.py
[2024-07-03T18:26:55.586+0000] {processor.py:830} INFO - Processing file /home/airflow/.local/lib/python3.12/site-packages/airflow/example_dags/example_branch_datetime_operator.py for tasks to queue
[2024-07-03T18:26:55.588+0000] {logging_mixin.py:188} INFO - [2024-07-03T18:26:55.588+0000] {dagbag.py:545} INFO - Filling up the DagBag from /home/airflow/.local/lib/python3.12/site-packages/airflow/example_dags/example_branch_datetime_operator.py
[2024-07-03T18:26:55.597+0000] {processor.py:840} INFO - DAG(s) 'example_branch_datetime_operator_2', 'example_branch_datetime_operator', 'example_branch_datetime_operator_3' retrieved from /home/airflow/.local/lib/python3.12/site-packages/airflow/example_dags/example_branch_datetime_operator.py
[2024-07-03T18:26:55.623+0000] {logging_mixin.py:188} INFO - [2024-07-03T18:26:55.623+0000] {dag.py:3096} INFO - Sync 3 DAGs
[2024-07-03T18:26:55.647+0000] {logging_mixin.py:188} INFO - [2024-07-03T18:26:55.647+0000] {dag.py:3954} INFO - Setting next_dagrun for example_branch_datetime_operator to 2024-07-02 00:00:00+00:00, run_after=2024-07-03 00:00:00+00:00
[2024-07-03T18:26:55.653+0000] {logging_mixin.py:188} INFO - [2024-07-03T18:26:55.652+0000] {dag.py:3954} INFO - Setting next_dagrun for example_branch_datetime_operator_2 to 2024-07-02 00:00:00+00:00, run_after=2024-07-03 00:00:00+00:00
[2024-07-03T18:26:55.656+0000] {logging_mixin.py:188} INFO - [2024-07-03T18:26:55.656+0000] {dag.py:3954} INFO - Setting next_dagrun for example_branch_datetime_operator_3 to 2024-07-02 00:00:00+00:00, run_after=2024-07-03 00:00:00+00:00
[2024-07-03T18:26:55.673+0000] {processor.py:183} INFO - Processing /home/airflow/.local/lib/python3.12/site-packages/airflow/example_dags/example_branch_datetime_operator.py took 0.093 seconds
[2024-07-03T18:27:26.130+0000] {processor.py:161} INFO - Started process (PID=233) to work on /home/airflow/.local/lib/python3.12/site-packages/airflow/example_dags/example_branch_datetime_operator.py
[2024-07-03T18:27:26.130+0000] {processor.py:830} INFO - Processing file /home/airflow/.local/lib/python3.12/site-packages/airflow/example_dags/example_branch_datetime_operator.py for tasks to queue
[2024-07-03T18:27:26.132+0000] {logging_mixin.py:188} INFO - [2024-07-03T18:27:26.131+0000] {dagbag.py:545} INFO - Filling up the DagBag from /home/airflow/.local/lib/python3.12/site-packages/airflow/example_dags/example_branch_datetime_operator.py
[2024-07-03T18:27:26.141+0000] {processor.py:840} INFO - DAG(s) 'example_branch_datetime_operator_3', 'example_branch_datetime_operator_2', 'example_branch_datetime_operator' retrieved from /home/airflow/.local/lib/python3.12/site-packages/airflow/example_dags/example_branch_datetime_operator.py
[2024-07-03T18:27:26.167+0000] {logging_mixin.py:188} INFO - [2024-07-03T18:27:26.167+0000] {dag.py:3096} INFO - Sync 3 DAGs
[2024-07-03T18:27:26.188+0000] {logging_mixin.py:188} INFO - [2024-07-03T18:27:26.188+0000] {dag.py:3954} INFO - Setting next_dagrun for example_branch_datetime_operator to 2024-07-02 00:00:00+00:00, run_after=2024-07-03 00:00:00+00:00
[2024-07-03T18:27:26.193+0000] {logging_mixin.py:188} INFO - [2024-07-03T18:27:26.193+0000] {dag.py:3954} INFO - Setting next_dagrun for example_branch_datetime_operator_2 to 2024-07-02 00:00:00+00:00, run_after=2024-07-03 00:00:00+00:00
[2024-07-03T18:27:26.195+0000] {logging_mixin.py:188} INFO - [2024-07-03T18:27:26.195+0000] {dag.py:3954} INFO - Setting next_dagrun for example_branch_datetime_operator_3 to 2024-07-02 00:00:00+00:00, run_after=2024-07-03 00:00:00+00:00
[2024-07-03T18:27:26.210+0000] {processor.py:183} INFO - Processing /home/airflow/.local/lib/python3.12/site-packages/airflow/example_dags/example_branch_datetime_operator.py took 0.085 seconds
[2024-07-03T18:27:57.085+0000] {processor.py:161} INFO - Started process (PID=291) to work on /home/airflow/.local/lib/python3.12/site-packages/airflow/example_dags/example_branch_datetime_operator.py
[2024-07-03T18:27:57.086+0000] {processor.py:830} INFO - Processing file /home/airflow/.local/lib/python3.12/site-packages/airflow/example_dags/example_branch_datetime_operator.py for tasks to queue
[2024-07-03T18:27:57.088+0000] {logging_mixin.py:188} INFO - [2024-07-03T18:27:57.088+0000] {dagbag.py:545} INFO - Filling up the DagBag from /home/airflow/.local/lib/python3.12/site-packages/airflow/example_dags/example_branch_datetime_operator.py
[2024-07-03T18:27:57.096+0000] {processor.py:840} INFO - DAG(s) 'example_branch_datetime_operator', 'example_branch_datetime_operator_2', 'example_branch_datetime_operator_3' retrieved from /home/airflow/.local/lib/python3.12/site-packages/airflow/example_dags/example_branch_datetime_operator.py
[2024-07-03T18:27:57.121+0000] {logging_mixin.py:188} INFO - [2024-07-03T18:27:57.120+0000] {dag.py:3096} INFO - Sync 3 DAGs
[2024-07-03T18:27:57.140+0000] {logging_mixin.py:188} INFO - [2024-07-03T18:27:57.140+0000] {dag.py:3954} INFO - Setting next_dagrun for example_branch_datetime_operator to 2024-07-02 00:00:00+00:00, run_after=2024-07-03 00:00:00+00:00
[2024-07-03T18:27:57.145+0000] {logging_mixin.py:188} INFO - [2024-07-03T18:27:57.145+0000] {dag.py:3954} INFO - Setting next_dagrun for example_branch_datetime_operator_2 to 2024-07-02 00:00:00+00:00, run_after=2024-07-03 00:00:00+00:00
[2024-07-03T18:27:57.147+0000] {logging_mixin.py:188} INFO - [2024-07-03T18:27:57.147+0000] {dag.py:3954} INFO - Setting next_dagrun for example_branch_datetime_operator_3 to 2024-07-02 00:00:00+00:00, run_after=2024-07-03 00:00:00+00:00
[2024-07-03T18:27:57.161+0000] {processor.py:183} INFO - Processing /home/airflow/.local/lib/python3.12/site-packages/airflow/example_dags/example_branch_datetime_operator.py took 0.080 seconds
[2024-07-03T18:28:27.362+0000] {processor.py:161} INFO - Started process (PID=349) to work on /home/airflow/.local/lib/python3.12/site-packages/airflow/example_dags/example_branch_datetime_operator.py
[2024-07-03T18:28:27.363+0000] {processor.py:830} INFO - Processing file /home/airflow/.local/lib/python3.12/site-packages/airflow/example_dags/example_branch_datetime_operator.py for tasks to queue
[2024-07-03T18:28:27.364+0000] {logging_mixin.py:188} INFO - [2024-07-03T18:28:27.364+0000] {dagbag.py:545} INFO - Filling up the DagBag from /home/airflow/.local/lib/python3.12/site-packages/airflow/example_dags/example_branch_datetime_operator.py
[2024-07-03T18:28:27.372+0000] {processor.py:840} INFO - DAG(s) 'example_branch_datetime_operator_2', 'example_branch_datetime_operator', 'example_branch_datetime_operator_3' retrieved from /home/airflow/.local/lib/python3.12/site-packages/airflow/example_dags/example_branch_datetime_operator.py
[2024-07-03T18:28:27.404+0000] {logging_mixin.py:188} INFO - [2024-07-03T18:28:27.404+0000] {dag.py:3096} INFO - Sync 3 DAGs
[2024-07-03T18:28:27.427+0000] {logging_mixin.py:188} INFO - [2024-07-03T18:28:27.427+0000] {dag.py:3954} INFO - Setting next_dagrun for example_branch_datetime_operator to 2024-07-02 00:00:00+00:00, run_after=2024-07-03 00:00:00+00:00
[2024-07-03T18:28:27.431+0000] {logging_mixin.py:188} INFO - [2024-07-03T18:28:27.431+0000] {dag.py:3954} INFO - Setting next_dagrun for example_branch_datetime_operator_2 to 2024-07-02 00:00:00+00:00, run_after=2024-07-03 00:00:00+00:00
[2024-07-03T18:28:27.434+0000] {logging_mixin.py:188} INFO - [2024-07-03T18:28:27.434+0000] {dag.py:3954} INFO - Setting next_dagrun for example_branch_datetime_operator_3 to 2024-07-02 00:00:00+00:00, run_after=2024-07-03 00:00:00+00:00
[2024-07-03T18:28:27.449+0000] {processor.py:183} INFO - Processing /home/airflow/.local/lib/python3.12/site-packages/airflow/example_dags/example_branch_datetime_operator.py took 0.091 seconds
[2024-07-03T18:28:57.879+0000] {processor.py:161} INFO - Started process (PID=407) to work on /home/airflow/.local/lib/python3.12/site-packages/airflow/example_dags/example_branch_datetime_operator.py
[2024-07-03T18:28:57.880+0000] {processor.py:830} INFO - Processing file /home/airflow/.local/lib/python3.12/site-packages/airflow/example_dags/example_branch_datetime_operator.py for tasks to queue
[2024-07-03T18:28:57.881+0000] {logging_mixin.py:188} INFO - [2024-07-03T18:28:57.881+0000] {dagbag.py:545} INFO - Filling up the DagBag from /home/airflow/.local/lib/python3.12/site-packages/airflow/example_dags/example_branch_datetime_operator.py
[2024-07-03T18:28:57.889+0000] {processor.py:840} INFO - DAG(s) 'example_branch_datetime_operator_2', 'example_branch_datetime_operator_3', 'example_branch_datetime_operator' retrieved from /home/airflow/.local/lib/python3.12/site-packages/airflow/example_dags/example_branch_datetime_operator.py
[2024-07-03T18:28:57.912+0000] {logging_mixin.py:188} INFO - [2024-07-03T18:28:57.912+0000] {dag.py:3096} INFO - Sync 3 DAGs
[2024-07-03T18:28:57.932+0000] {logging_mixin.py:188} INFO - [2024-07-03T18:28:57.932+0000] {dag.py:3954} INFO - Setting next_dagrun for example_branch_datetime_operator to 2024-07-02 00:00:00+00:00, run_after=2024-07-03 00:00:00+00:00
[2024-07-03T18:28:57.938+0000] {logging_mixin.py:188} INFO - [2024-07-03T18:28:57.938+0000] {dag.py:3954} INFO - Setting next_dagrun for example_branch_datetime_operator_2 to 2024-07-02 00:00:00+00:00, run_after=2024-07-03 00:00:00+00:00
[2024-07-03T18:28:57.941+0000] {logging_mixin.py:188} INFO - [2024-07-03T18:28:57.940+0000] {dag.py:3954} INFO - Setting next_dagrun for example_branch_datetime_operator_3 to 2024-07-02 00:00:00+00:00, run_after=2024-07-03 00:00:00+00:00
[2024-07-03T18:28:57.956+0000] {processor.py:183} INFO - Processing /home/airflow/.local/lib/python3.12/site-packages/airflow/example_dags/example_branch_datetime_operator.py took 0.082 seconds
[2024-07-03T18:29:28.263+0000] {processor.py:161} INFO - Started process (PID=465) to work on /home/airflow/.local/lib/python3.12/site-packages/airflow/example_dags/example_branch_datetime_operator.py
[2024-07-03T18:29:28.264+0000] {processor.py:830} INFO - Processing file /home/airflow/.local/lib/python3.12/site-packages/airflow/example_dags/example_branch_datetime_operator.py for tasks to queue
[2024-07-03T18:29:28.266+0000] {logging_mixin.py:188} INFO - [2024-07-03T18:29:28.266+0000] {dagbag.py:545} INFO - Filling up the DagBag from /home/airflow/.local/lib/python3.12/site-packages/airflow/example_dags/example_branch_datetime_operator.py
[2024-07-03T18:29:28.274+0000] {processor.py:840} INFO - DAG(s) 'example_branch_datetime_operator_2', 'example_branch_datetime_operator_3', 'example_branch_datetime_operator' retrieved from /home/airflow/.local/lib/python3.12/site-packages/airflow/example_dags/example_branch_datetime_operator.py
[2024-07-03T18:29:28.298+0000] {logging_mixin.py:188} INFO - [2024-07-03T18:29:28.297+0000] {dag.py:3096} INFO - Sync 3 DAGs
[2024-07-03T18:29:28.317+0000] {logging_mixin.py:188} INFO - [2024-07-03T18:29:28.317+0000] {dag.py:3954} INFO - Setting next_dagrun for example_branch_datetime_operator to 2024-07-02 00:00:00+00:00, run_after=2024-07-03 00:00:00+00:00
[2024-07-03T18:29:28.322+0000] {logging_mixin.py:188} INFO - [2024-07-03T18:29:28.322+0000] {dag.py:3954} INFO - Setting next_dagrun for example_branch_datetime_operator_2 to 2024-07-02 00:00:00+00:00, run_after=2024-07-03 00:00:00+00:00
[2024-07-03T18:29:28.324+0000] {logging_mixin.py:188} INFO - [2024-07-03T18:29:28.324+0000] {dag.py:3954} INFO - Setting next_dagrun for example_branch_datetime_operator_3 to 2024-07-02 00:00:00+00:00, run_after=2024-07-03 00:00:00+00:00
[2024-07-03T18:29:28.338+0000] {processor.py:183} INFO - Processing /home/airflow/.local/lib/python3.12/site-packages/airflow/example_dags/example_branch_datetime_operator.py took 0.079 seconds
[2024-07-03T18:29:58.761+0000] {processor.py:161} INFO - Started process (PID=523) to work on /home/airflow/.local/lib/python3.12/site-packages/airflow/example_dags/example_branch_datetime_operator.py
[2024-07-03T18:29:58.762+0000] {processor.py:830} INFO - Processing file /home/airflow/.local/lib/python3.12/site-packages/airflow/example_dags/example_branch_datetime_operator.py for tasks to queue
[2024-07-03T18:29:58.764+0000] {logging_mixin.py:188} INFO - [2024-07-03T18:29:58.763+0000] {dagbag.py:545} INFO - Filling up the DagBag from /home/airflow/.local/lib/python3.12/site-packages/airflow/example_dags/example_branch_datetime_operator.py
[2024-07-03T18:29:58.773+0000] {processor.py:840} INFO - DAG(s) 'example_branch_datetime_operator', 'example_branch_datetime_operator_3', 'example_branch_datetime_operator_2' retrieved from /home/airflow/.local/lib/python3.12/site-packages/airflow/example_dags/example_branch_datetime_operator.py
[2024-07-03T18:29:58.800+0000] {logging_mixin.py:188} INFO - [2024-07-03T18:29:58.800+0000] {dag.py:3096} INFO - Sync 3 DAGs
[2024-07-03T18:29:58.823+0000] {logging_mixin.py:188} INFO - [2024-07-03T18:29:58.823+0000] {dag.py:3954} INFO - Setting next_dagrun for example_branch_datetime_operator to 2024-07-02 00:00:00+00:00, run_after=2024-07-03 00:00:00+00:00
[2024-07-03T18:29:58.828+0000] {logging_mixin.py:188} INFO - [2024-07-03T18:29:58.828+0000] {dag.py:3954} INFO - Setting next_dagrun for example_branch_datetime_operator_2 to 2024-07-02 00:00:00+00:00, run_after=2024-07-03 00:00:00+00:00
[2024-07-03T18:29:58.830+0000] {logging_mixin.py:188} INFO - [2024-07-03T18:29:58.830+0000] {dag.py:3954} INFO - Setting next_dagrun for example_branch_datetime_operator_3 to 2024-07-02 00:00:00+00:00, run_after=2024-07-03 00:00:00+00:00
[2024-07-03T18:29:58.846+0000] {processor.py:183} INFO - Processing /home/airflow/.local/lib/python3.12/site-packages/airflow/example_dags/example_branch_datetime_operator.py took 0.089 seconds
[2024-07-03T18:30:29.552+0000] {processor.py:161} INFO - Started process (PID=588) to work on /home/airflow/.local/lib/python3.12/site-packages/airflow/example_dags/example_branch_datetime_operator.py
[2024-07-03T18:30:29.553+0000] {processor.py:830} INFO - Processing file /home/airflow/.local/lib/python3.12/site-packages/airflow/example_dags/example_branch_datetime_operator.py for tasks to queue
[2024-07-03T18:30:29.555+0000] {logging_mixin.py:188} INFO - [2024-07-03T18:30:29.554+0000] {dagbag.py:545} INFO - Filling up the DagBag from /home/airflow/.local/lib/python3.12/site-packages/airflow/example_dags/example_branch_datetime_operator.py
[2024-07-03T18:30:29.563+0000] {processor.py:840} INFO - DAG(s) 'example_branch_datetime_operator_2', 'example_branch_datetime_operator_3', 'example_branch_datetime_operator' retrieved from /home/airflow/.local/lib/python3.12/site-packages/airflow/example_dags/example_branch_datetime_operator.py
[2024-07-03T18:30:29.588+0000] {logging_mixin.py:188} INFO - [2024-07-03T18:30:29.587+0000] {dag.py:3096} INFO - Sync 3 DAGs
[2024-07-03T18:30:29.611+0000] {logging_mixin.py:188} INFO - [2024-07-03T18:30:29.610+0000] {dag.py:3954} INFO - Setting next_dagrun for example_branch_datetime_operator to 2024-07-02 00:00:00+00:00, run_after=2024-07-03 00:00:00+00:00
[2024-07-03T18:30:29.616+0000] {logging_mixin.py:188} INFO - [2024-07-03T18:30:29.616+0000] {dag.py:3954} INFO - Setting next_dagrun for example_branch_datetime_operator_2 to 2024-07-02 00:00:00+00:00, run_after=2024-07-03 00:00:00+00:00
[2024-07-03T18:30:29.620+0000] {logging_mixin.py:188} INFO - [2024-07-03T18:30:29.619+0000] {dag.py:3954} INFO - Setting next_dagrun for example_branch_datetime_operator_3 to 2024-07-02 00:00:00+00:00, run_after=2024-07-03 00:00:00+00:00
[2024-07-03T18:30:29.637+0000] {processor.py:183} INFO - Processing /home/airflow/.local/lib/python3.12/site-packages/airflow/example_dags/example_branch_datetime_operator.py took 0.090 seconds
[2024-07-03T18:31:00.084+0000] {processor.py:161} INFO - Started process (PID=647) to work on /home/airflow/.local/lib/python3.12/site-packages/airflow/example_dags/example_branch_datetime_operator.py
[2024-07-03T18:31:00.085+0000] {processor.py:830} INFO - Processing file /home/airflow/.local/lib/python3.12/site-packages/airflow/example_dags/example_branch_datetime_operator.py for tasks to queue
[2024-07-03T18:31:00.087+0000] {logging_mixin.py:188} INFO - [2024-07-03T18:31:00.086+0000] {dagbag.py:545} INFO - Filling up the DagBag from /home/airflow/.local/lib/python3.12/site-packages/airflow/example_dags/example_branch_datetime_operator.py
[2024-07-03T18:31:00.096+0000] {processor.py:840} INFO - DAG(s) 'example_branch_datetime_operator', 'example_branch_datetime_operator_2', 'example_branch_datetime_operator_3' retrieved from /home/airflow/.local/lib/python3.12/site-packages/airflow/example_dags/example_branch_datetime_operator.py
[2024-07-03T18:31:00.128+0000] {logging_mixin.py:188} INFO - [2024-07-03T18:31:00.128+0000] {dag.py:3096} INFO - Sync 3 DAGs
[2024-07-03T18:31:00.155+0000] {logging_mixin.py:188} INFO - [2024-07-03T18:31:00.155+0000] {dag.py:3954} INFO - Setting next_dagrun for example_branch_datetime_operator to 2024-07-02 00:00:00+00:00, run_after=2024-07-03 00:00:00+00:00
[2024-07-03T18:31:00.161+0000] {logging_mixin.py:188} INFO - [2024-07-03T18:31:00.161+0000] {dag.py:3954} INFO - Setting next_dagrun for example_branch_datetime_operator_2 to 2024-07-02 00:00:00+00:00, run_after=2024-07-03 00:00:00+00:00
[2024-07-03T18:31:00.166+0000] {logging_mixin.py:188} INFO - [2024-07-03T18:31:00.165+0000] {dag.py:3954} INFO - Setting next_dagrun for example_branch_datetime_operator_3 to 2024-07-02 00:00:00+00:00, run_after=2024-07-03 00:00:00+00:00
[2024-07-03T18:31:00.187+0000] {processor.py:183} INFO - Processing /home/airflow/.local/lib/python3.12/site-packages/airflow/example_dags/example_branch_datetime_operator.py took 0.111 seconds
[2024-07-03T18:31:30.269+0000] {processor.py:161} INFO - Started process (PID=705) to work on /home/airflow/.local/lib/python3.12/site-packages/airflow/example_dags/example_branch_datetime_operator.py
[2024-07-03T18:31:30.270+0000] {processor.py:830} INFO - Processing file /home/airflow/.local/lib/python3.12/site-packages/airflow/example_dags/example_branch_datetime_operator.py for tasks to queue
[2024-07-03T18:31:30.272+0000] {logging_mixin.py:188} INFO - [2024-07-03T18:31:30.272+0000] {dagbag.py:545} INFO - Filling up the DagBag from /home/airflow/.local/lib/python3.12/site-packages/airflow/example_dags/example_branch_datetime_operator.py
[2024-07-03T18:31:30.280+0000] {processor.py:840} INFO - DAG(s) 'example_branch_datetime_operator_2', 'example_branch_datetime_operator', 'example_branch_datetime_operator_3' retrieved from /home/airflow/.local/lib/python3.12/site-packages/airflow/example_dags/example_branch_datetime_operator.py
[2024-07-03T18:31:30.315+0000] {logging_mixin.py:188} INFO - [2024-07-03T18:31:30.314+0000] {dag.py:3096} INFO - Sync 3 DAGs
[2024-07-03T18:31:30.341+0000] {logging_mixin.py:188} INFO - [2024-07-03T18:31:30.341+0000] {dag.py:3954} INFO - Setting next_dagrun for example_branch_datetime_operator to 2024-07-02 00:00:00+00:00, run_after=2024-07-03 00:00:00+00:00
[2024-07-03T18:31:30.347+0000] {logging_mixin.py:188} INFO - [2024-07-03T18:31:30.347+0000] {dag.py:3954} INFO - Setting next_dagrun for example_branch_datetime_operator_2 to 2024-07-02 00:00:00+00:00, run_after=2024-07-03 00:00:00+00:00
[2024-07-03T18:31:30.350+0000] {logging_mixin.py:188} INFO - [2024-07-03T18:31:30.350+0000] {dag.py:3954} INFO - Setting next_dagrun for example_branch_datetime_operator_3 to 2024-07-02 00:00:00+00:00, run_after=2024-07-03 00:00:00+00:00
[2024-07-03T18:31:30.371+0000] {processor.py:183} INFO - Processing /home/airflow/.local/lib/python3.12/site-packages/airflow/example_dags/example_branch_datetime_operator.py took 0.108 seconds
[2024-07-03T18:32:00.606+0000] {processor.py:161} INFO - Started process (PID=763) to work on /home/airflow/.local/lib/python3.12/site-packages/airflow/example_dags/example_branch_datetime_operator.py
[2024-07-03T18:32:00.607+0000] {processor.py:830} INFO - Processing file /home/airflow/.local/lib/python3.12/site-packages/airflow/example_dags/example_branch_datetime_operator.py for tasks to queue
[2024-07-03T18:32:00.609+0000] {logging_mixin.py:188} INFO - [2024-07-03T18:32:00.609+0000] {dagbag.py:545} INFO - Filling up the DagBag from /home/airflow/.local/lib/python3.12/site-packages/airflow/example_dags/example_branch_datetime_operator.py
[2024-07-03T18:32:00.620+0000] {processor.py:840} INFO - DAG(s) 'example_branch_datetime_operator_2', 'example_branch_datetime_operator', 'example_branch_datetime_operator_3' retrieved from /home/airflow/.local/lib/python3.12/site-packages/airflow/example_dags/example_branch_datetime_operator.py
[2024-07-03T18:32:00.647+0000] {logging_mixin.py:188} INFO - [2024-07-03T18:32:00.646+0000] {dag.py:3096} INFO - Sync 3 DAGs
[2024-07-03T18:32:00.668+0000] {logging_mixin.py:188} INFO - [2024-07-03T18:32:00.668+0000] {dag.py:3954} INFO - Setting next_dagrun for example_branch_datetime_operator to 2024-07-02 00:00:00+00:00, run_after=2024-07-03 00:00:00+00:00
[2024-07-03T18:32:00.674+0000] {logging_mixin.py:188} INFO - [2024-07-03T18:32:00.674+0000] {dag.py:3954} INFO - Setting next_dagrun for example_branch_datetime_operator_2 to 2024-07-02 00:00:00+00:00, run_after=2024-07-03 00:00:00+00:00
[2024-07-03T18:32:00.676+0000] {logging_mixin.py:188} INFO - [2024-07-03T18:32:00.676+0000] {dag.py:3954} INFO - Setting next_dagrun for example_branch_datetime_operator_3 to 2024-07-02 00:00:00+00:00, run_after=2024-07-03 00:00:00+00:00
[2024-07-03T18:32:00.692+0000] {processor.py:183} INFO - Processing /home/airflow/.local/lib/python3.12/site-packages/airflow/example_dags/example_branch_datetime_operator.py took 0.090 seconds
[2024-07-03T18:32:31.443+0000] {processor.py:161} INFO - Started process (PID=821) to work on /home/airflow/.local/lib/python3.12/site-packages/airflow/example_dags/example_branch_datetime_operator.py
[2024-07-03T18:32:31.444+0000] {processor.py:830} INFO - Processing file /home/airflow/.local/lib/python3.12/site-packages/airflow/example_dags/example_branch_datetime_operator.py for tasks to queue
[2024-07-03T18:32:31.446+0000] {logging_mixin.py:188} INFO - [2024-07-03T18:32:31.445+0000] {dagbag.py:545} INFO - Filling up the DagBag from /home/airflow/.local/lib/python3.12/site-packages/airflow/example_dags/example_branch_datetime_operator.py
[2024-07-03T18:32:31.455+0000] {processor.py:840} INFO - DAG(s) 'example_branch_datetime_operator', 'example_branch_datetime_operator_2', 'example_branch_datetime_operator_3' retrieved from /home/airflow/.local/lib/python3.12/site-packages/airflow/example_dags/example_branch_datetime_operator.py
[2024-07-03T18:32:31.485+0000] {logging_mixin.py:188} INFO - [2024-07-03T18:32:31.484+0000] {dag.py:3096} INFO - Sync 3 DAGs
[2024-07-03T18:32:31.507+0000] {logging_mixin.py:188} INFO - [2024-07-03T18:32:31.507+0000] {dag.py:3954} INFO - Setting next_dagrun for example_branch_datetime_operator to 2024-07-02 00:00:00+00:00, run_after=2024-07-03 00:00:00+00:00
[2024-07-03T18:32:31.512+0000] {logging_mixin.py:188} INFO - [2024-07-03T18:32:31.512+0000] {dag.py:3954} INFO - Setting next_dagrun for example_branch_datetime_operator_2 to 2024-07-02 00:00:00+00:00, run_after=2024-07-03 00:00:00+00:00
[2024-07-03T18:32:31.514+0000] {logging_mixin.py:188} INFO - [2024-07-03T18:32:31.514+0000] {dag.py:3954} INFO - Setting next_dagrun for example_branch_datetime_operator_3 to 2024-07-02 00:00:00+00:00, run_after=2024-07-03 00:00:00+00:00
[2024-07-03T18:32:31.529+0000] {processor.py:183} INFO - Processing /home/airflow/.local/lib/python3.12/site-packages/airflow/example_dags/example_branch_datetime_operator.py took 0.090 seconds
[2024-07-03T18:40:28.842+0000] {processor.py:161} INFO - Started process (PID=59) to work on /home/airflow/.local/lib/python3.12/site-packages/airflow/example_dags/example_branch_datetime_operator.py
[2024-07-03T18:40:28.843+0000] {processor.py:830} INFO - Processing file /home/airflow/.local/lib/python3.12/site-packages/airflow/example_dags/example_branch_datetime_operator.py for tasks to queue
[2024-07-03T18:40:28.845+0000] {logging_mixin.py:188} INFO - [2024-07-03T18:40:28.844+0000] {dagbag.py:545} INFO - Filling up the DagBag from /home/airflow/.local/lib/python3.12/site-packages/airflow/example_dags/example_branch_datetime_operator.py
[2024-07-03T18:40:28.855+0000] {processor.py:840} INFO - DAG(s) 'example_branch_datetime_operator', 'example_branch_datetime_operator_2', 'example_branch_datetime_operator_3' retrieved from /home/airflow/.local/lib/python3.12/site-packages/airflow/example_dags/example_branch_datetime_operator.py
[2024-07-03T18:40:28.966+0000] {logging_mixin.py:188} INFO - [2024-07-03T18:40:28.966+0000] {dag.py:3096} INFO - Sync 3 DAGs
[2024-07-03T18:40:28.984+0000] {logging_mixin.py:188} INFO - [2024-07-03T18:40:28.984+0000] {dag.py:3954} INFO - Setting next_dagrun for example_branch_datetime_operator to 2024-07-02 00:00:00+00:00, run_after=2024-07-03 00:00:00+00:00
[2024-07-03T18:40:28.988+0000] {logging_mixin.py:188} INFO - [2024-07-03T18:40:28.988+0000] {dag.py:3954} INFO - Setting next_dagrun for example_branch_datetime_operator_2 to 2024-07-02 00:00:00+00:00, run_after=2024-07-03 00:00:00+00:00
[2024-07-03T18:40:28.990+0000] {logging_mixin.py:188} INFO - [2024-07-03T18:40:28.990+0000] {dag.py:3954} INFO - Setting next_dagrun for example_branch_datetime_operator_3 to 2024-07-02 00:00:00+00:00, run_after=2024-07-03 00:00:00+00:00
[2024-07-03T18:40:29.007+0000] {processor.py:183} INFO - Processing /home/airflow/.local/lib/python3.12/site-packages/airflow/example_dags/example_branch_datetime_operator.py took 0.169 seconds
[2024-07-03T18:40:59.117+0000] {processor.py:161} INFO - Started process (PID=117) to work on /home/airflow/.local/lib/python3.12/site-packages/airflow/example_dags/example_branch_datetime_operator.py
[2024-07-03T18:40:59.119+0000] {processor.py:830} INFO - Processing file /home/airflow/.local/lib/python3.12/site-packages/airflow/example_dags/example_branch_datetime_operator.py for tasks to queue
[2024-07-03T18:40:59.120+0000] {logging_mixin.py:188} INFO - [2024-07-03T18:40:59.120+0000] {dagbag.py:545} INFO - Filling up the DagBag from /home/airflow/.local/lib/python3.12/site-packages/airflow/example_dags/example_branch_datetime_operator.py
[2024-07-03T18:40:59.132+0000] {processor.py:840} INFO - DAG(s) 'example_branch_datetime_operator', 'example_branch_datetime_operator_2', 'example_branch_datetime_operator_3' retrieved from /home/airflow/.local/lib/python3.12/site-packages/airflow/example_dags/example_branch_datetime_operator.py
[2024-07-03T18:40:59.160+0000] {logging_mixin.py:188} INFO - [2024-07-03T18:40:59.160+0000] {dag.py:3096} INFO - Sync 3 DAGs
[2024-07-03T18:40:59.183+0000] {logging_mixin.py:188} INFO - [2024-07-03T18:40:59.183+0000] {dag.py:3954} INFO - Setting next_dagrun for example_branch_datetime_operator to 2024-07-02 00:00:00+00:00, run_after=2024-07-03 00:00:00+00:00
[2024-07-03T18:40:59.187+0000] {logging_mixin.py:188} INFO - [2024-07-03T18:40:59.187+0000] {dag.py:3954} INFO - Setting next_dagrun for example_branch_datetime_operator_2 to 2024-07-02 00:00:00+00:00, run_after=2024-07-03 00:00:00+00:00
[2024-07-03T18:40:59.190+0000] {logging_mixin.py:188} INFO - [2024-07-03T18:40:59.190+0000] {dag.py:3954} INFO - Setting next_dagrun for example_branch_datetime_operator_3 to 2024-07-02 00:00:00+00:00, run_after=2024-07-03 00:00:00+00:00
[2024-07-03T18:40:59.208+0000] {processor.py:183} INFO - Processing /home/airflow/.local/lib/python3.12/site-packages/airflow/example_dags/example_branch_datetime_operator.py took 0.097 seconds
[2024-07-03T18:41:29.682+0000] {processor.py:161} INFO - Started process (PID=175) to work on /home/airflow/.local/lib/python3.12/site-packages/airflow/example_dags/example_branch_datetime_operator.py
[2024-07-03T18:41:29.683+0000] {processor.py:830} INFO - Processing file /home/airflow/.local/lib/python3.12/site-packages/airflow/example_dags/example_branch_datetime_operator.py for tasks to queue
[2024-07-03T18:41:29.685+0000] {logging_mixin.py:188} INFO - [2024-07-03T18:41:29.684+0000] {dagbag.py:545} INFO - Filling up the DagBag from /home/airflow/.local/lib/python3.12/site-packages/airflow/example_dags/example_branch_datetime_operator.py
[2024-07-03T18:41:29.693+0000] {processor.py:840} INFO - DAG(s) 'example_branch_datetime_operator_3', 'example_branch_datetime_operator', 'example_branch_datetime_operator_2' retrieved from /home/airflow/.local/lib/python3.12/site-packages/airflow/example_dags/example_branch_datetime_operator.py
[2024-07-03T18:41:29.716+0000] {logging_mixin.py:188} INFO - [2024-07-03T18:41:29.716+0000] {dag.py:3096} INFO - Sync 3 DAGs
[2024-07-03T18:41:29.735+0000] {logging_mixin.py:188} INFO - [2024-07-03T18:41:29.735+0000] {dag.py:3954} INFO - Setting next_dagrun for example_branch_datetime_operator to 2024-07-02 00:00:00+00:00, run_after=2024-07-03 00:00:00+00:00
[2024-07-03T18:41:29.740+0000] {logging_mixin.py:188} INFO - [2024-07-03T18:41:29.740+0000] {dag.py:3954} INFO - Setting next_dagrun for example_branch_datetime_operator_2 to 2024-07-02 00:00:00+00:00, run_after=2024-07-03 00:00:00+00:00
[2024-07-03T18:41:29.742+0000] {logging_mixin.py:188} INFO - [2024-07-03T18:41:29.742+0000] {dag.py:3954} INFO - Setting next_dagrun for example_branch_datetime_operator_3 to 2024-07-02 00:00:00+00:00, run_after=2024-07-03 00:00:00+00:00
[2024-07-03T18:41:29.756+0000] {processor.py:183} INFO - Processing /home/airflow/.local/lib/python3.12/site-packages/airflow/example_dags/example_branch_datetime_operator.py took 0.078 seconds
[2024-07-03T18:42:00.355+0000] {processor.py:161} INFO - Started process (PID=233) to work on /home/airflow/.local/lib/python3.12/site-packages/airflow/example_dags/example_branch_datetime_operator.py
[2024-07-03T18:42:00.356+0000] {processor.py:830} INFO - Processing file /home/airflow/.local/lib/python3.12/site-packages/airflow/example_dags/example_branch_datetime_operator.py for tasks to queue
[2024-07-03T18:42:00.358+0000] {logging_mixin.py:188} INFO - [2024-07-03T18:42:00.358+0000] {dagbag.py:545} INFO - Filling up the DagBag from /home/airflow/.local/lib/python3.12/site-packages/airflow/example_dags/example_branch_datetime_operator.py
[2024-07-03T18:42:00.367+0000] {processor.py:840} INFO - DAG(s) 'example_branch_datetime_operator_2', 'example_branch_datetime_operator', 'example_branch_datetime_operator_3' retrieved from /home/airflow/.local/lib/python3.12/site-packages/airflow/example_dags/example_branch_datetime_operator.py
[2024-07-03T18:42:00.474+0000] {logging_mixin.py:188} INFO - [2024-07-03T18:42:00.474+0000] {dag.py:3096} INFO - Sync 3 DAGs
[2024-07-03T18:42:00.492+0000] {logging_mixin.py:188} INFO - [2024-07-03T18:42:00.492+0000] {dag.py:3954} INFO - Setting next_dagrun for example_branch_datetime_operator to 2024-07-02 00:00:00+00:00, run_after=2024-07-03 00:00:00+00:00
[2024-07-03T18:42:00.496+0000] {logging_mixin.py:188} INFO - [2024-07-03T18:42:00.496+0000] {dag.py:3954} INFO - Setting next_dagrun for example_branch_datetime_operator_2 to 2024-07-02 00:00:00+00:00, run_after=2024-07-03 00:00:00+00:00
[2024-07-03T18:42:00.498+0000] {logging_mixin.py:188} INFO - [2024-07-03T18:42:00.498+0000] {dag.py:3954} INFO - Setting next_dagrun for example_branch_datetime_operator_3 to 2024-07-02 00:00:00+00:00, run_after=2024-07-03 00:00:00+00:00
[2024-07-03T18:42:00.514+0000] {processor.py:183} INFO - Processing /home/airflow/.local/lib/python3.12/site-packages/airflow/example_dags/example_branch_datetime_operator.py took 0.163 seconds
