[2024-07-03T18:25:51.724+0000] {processor.py:161} INFO - Started process (PID=37) to work on /home/airflow/.local/lib/python3.12/site-packages/airflow/example_dags/example_branch_labels.py
[2024-07-03T18:25:51.725+0000] {processor.py:830} INFO - Processing file /home/airflow/.local/lib/python3.12/site-packages/airflow/example_dags/example_branch_labels.py for tasks to queue
[2024-07-03T18:25:51.726+0000] {logging_mixin.py:188} INFO - [2024-07-03T18:25:51.726+0000] {dagbag.py:545} INFO - Filling up the DagBag from /home/airflow/.local/lib/python3.12/site-packages/airflow/example_dags/example_branch_labels.py
[2024-07-03T18:25:51.735+0000] {processor.py:840} INFO - DAG(s) 'example_branch_labels' retrieved from /home/airflow/.local/lib/python3.12/site-packages/airflow/example_dags/example_branch_labels.py
[2024-07-03T18:25:51.747+0000] {logging_mixin.py:188} INFO - [2024-07-03T18:25:51.747+0000] {dag.py:3096} INFO - Sync 1 DAGs
[2024-07-03T18:25:51.774+0000] {logging_mixin.py:188} INFO - [2024-07-03T18:25:51.773+0000] {dag.py:3954} INFO - Setting next_dagrun for example_branch_labels to 2024-07-02 00:00:00+00:00, run_after=2024-07-03 00:00:00+00:00
[2024-07-03T18:25:51.791+0000] {processor.py:183} INFO - Processing /home/airflow/.local/lib/python3.12/site-packages/airflow/example_dags/example_branch_labels.py took 0.073 seconds
[2024-07-03T18:26:22.502+0000] {processor.py:161} INFO - Started process (PID=95) to work on /home/airflow/.local/lib/python3.12/site-packages/airflow/example_dags/example_branch_labels.py
[2024-07-03T18:26:22.503+0000] {processor.py:830} INFO - Processing file /home/airflow/.local/lib/python3.12/site-packages/airflow/example_dags/example_branch_labels.py for tasks to queue
[2024-07-03T18:26:22.504+0000] {logging_mixin.py:188} INFO - [2024-07-03T18:26:22.504+0000] {dagbag.py:545} INFO - Filling up the DagBag from /home/airflow/.local/lib/python3.12/site-packages/airflow/example_dags/example_branch_labels.py
[2024-07-03T18:26:22.510+0000] {processor.py:840} INFO - DAG(s) 'example_branch_labels' retrieved from /home/airflow/.local/lib/python3.12/site-packages/airflow/example_dags/example_branch_labels.py
[2024-07-03T18:26:22.601+0000] {logging_mixin.py:188} INFO - [2024-07-03T18:26:22.601+0000] {dag.py:3096} INFO - Sync 1 DAGs
[2024-07-03T18:26:22.619+0000] {logging_mixin.py:188} INFO - [2024-07-03T18:26:22.619+0000] {dag.py:3954} INFO - Setting next_dagrun for example_branch_labels to 2024-07-02 00:00:00+00:00, run_after=2024-07-03 00:00:00+00:00
[2024-07-03T18:26:22.635+0000] {processor.py:183} INFO - Processing /home/airflow/.local/lib/python3.12/site-packages/airflow/example_dags/example_branch_labels.py took 0.137 seconds
[2024-07-03T18:26:53.379+0000] {processor.py:161} INFO - Started process (PID=153) to work on /home/airflow/.local/lib/python3.12/site-packages/airflow/example_dags/example_branch_labels.py
[2024-07-03T18:26:53.380+0000] {processor.py:830} INFO - Processing file /home/airflow/.local/lib/python3.12/site-packages/airflow/example_dags/example_branch_labels.py for tasks to queue
[2024-07-03T18:26:53.381+0000] {logging_mixin.py:188} INFO - [2024-07-03T18:26:53.381+0000] {dagbag.py:545} INFO - Filling up the DagBag from /home/airflow/.local/lib/python3.12/site-packages/airflow/example_dags/example_branch_labels.py
[2024-07-03T18:26:53.388+0000] {processor.py:840} INFO - DAG(s) 'example_branch_labels' retrieved from /home/airflow/.local/lib/python3.12/site-packages/airflow/example_dags/example_branch_labels.py
[2024-07-03T18:26:53.408+0000] {logging_mixin.py:188} INFO - [2024-07-03T18:26:53.408+0000] {dag.py:3096} INFO - Sync 1 DAGs
[2024-07-03T18:26:53.433+0000] {logging_mixin.py:188} INFO - [2024-07-03T18:26:53.433+0000] {dag.py:3954} INFO - Setting next_dagrun for example_branch_labels to 2024-07-02 00:00:00+00:00, run_after=2024-07-03 00:00:00+00:00
[2024-07-03T18:26:53.450+0000] {processor.py:183} INFO - Processing /home/airflow/.local/lib/python3.12/site-packages/airflow/example_dags/example_branch_labels.py took 0.076 seconds
[2024-07-03T18:27:23.538+0000] {processor.py:161} INFO - Started process (PID=211) to work on /home/airflow/.local/lib/python3.12/site-packages/airflow/example_dags/example_branch_labels.py
[2024-07-03T18:27:23.539+0000] {processor.py:830} INFO - Processing file /home/airflow/.local/lib/python3.12/site-packages/airflow/example_dags/example_branch_labels.py for tasks to queue
[2024-07-03T18:27:23.540+0000] {logging_mixin.py:188} INFO - [2024-07-03T18:27:23.540+0000] {dagbag.py:545} INFO - Filling up the DagBag from /home/airflow/.local/lib/python3.12/site-packages/airflow/example_dags/example_branch_labels.py
[2024-07-03T18:27:23.546+0000] {processor.py:840} INFO - DAG(s) 'example_branch_labels' retrieved from /home/airflow/.local/lib/python3.12/site-packages/airflow/example_dags/example_branch_labels.py
[2024-07-03T18:27:23.564+0000] {logging_mixin.py:188} INFO - [2024-07-03T18:27:23.564+0000] {dag.py:3096} INFO - Sync 1 DAGs
[2024-07-03T18:27:23.583+0000] {logging_mixin.py:188} INFO - [2024-07-03T18:27:23.582+0000] {dag.py:3954} INFO - Setting next_dagrun for example_branch_labels to 2024-07-02 00:00:00+00:00, run_after=2024-07-03 00:00:00+00:00
[2024-07-03T18:27:23.597+0000] {processor.py:183} INFO - Processing /home/airflow/.local/lib/python3.12/site-packages/airflow/example_dags/example_branch_labels.py took 0.063 seconds
[2024-07-03T18:27:53.907+0000] {processor.py:161} INFO - Started process (PID=269) to work on /home/airflow/.local/lib/python3.12/site-packages/airflow/example_dags/example_branch_labels.py
[2024-07-03T18:27:53.908+0000] {processor.py:830} INFO - Processing file /home/airflow/.local/lib/python3.12/site-packages/airflow/example_dags/example_branch_labels.py for tasks to queue
[2024-07-03T18:27:53.909+0000] {logging_mixin.py:188} INFO - [2024-07-03T18:27:53.909+0000] {dagbag.py:545} INFO - Filling up the DagBag from /home/airflow/.local/lib/python3.12/site-packages/airflow/example_dags/example_branch_labels.py
[2024-07-03T18:27:53.915+0000] {processor.py:840} INFO - DAG(s) 'example_branch_labels' retrieved from /home/airflow/.local/lib/python3.12/site-packages/airflow/example_dags/example_branch_labels.py
[2024-07-03T18:27:53.934+0000] {logging_mixin.py:188} INFO - [2024-07-03T18:27:53.933+0000] {dag.py:3096} INFO - Sync 1 DAGs
[2024-07-03T18:27:53.953+0000] {logging_mixin.py:188} INFO - [2024-07-03T18:27:53.953+0000] {dag.py:3954} INFO - Setting next_dagrun for example_branch_labels to 2024-07-02 00:00:00+00:00, run_after=2024-07-03 00:00:00+00:00
[2024-07-03T18:27:53.970+0000] {processor.py:183} INFO - Processing /home/airflow/.local/lib/python3.12/site-packages/airflow/example_dags/example_branch_labels.py took 0.069 seconds
[2024-07-03T18:28:24.119+0000] {processor.py:161} INFO - Started process (PID=327) to work on /home/airflow/.local/lib/python3.12/site-packages/airflow/example_dags/example_branch_labels.py
[2024-07-03T18:28:24.120+0000] {processor.py:830} INFO - Processing file /home/airflow/.local/lib/python3.12/site-packages/airflow/example_dags/example_branch_labels.py for tasks to queue
[2024-07-03T18:28:24.121+0000] {logging_mixin.py:188} INFO - [2024-07-03T18:28:24.121+0000] {dagbag.py:545} INFO - Filling up the DagBag from /home/airflow/.local/lib/python3.12/site-packages/airflow/example_dags/example_branch_labels.py
[2024-07-03T18:28:24.128+0000] {processor.py:840} INFO - DAG(s) 'example_branch_labels' retrieved from /home/airflow/.local/lib/python3.12/site-packages/airflow/example_dags/example_branch_labels.py
[2024-07-03T18:28:24.148+0000] {logging_mixin.py:188} INFO - [2024-07-03T18:28:24.148+0000] {dag.py:3096} INFO - Sync 1 DAGs
[2024-07-03T18:28:24.169+0000] {logging_mixin.py:188} INFO - [2024-07-03T18:28:24.169+0000] {dag.py:3954} INFO - Setting next_dagrun for example_branch_labels to 2024-07-02 00:00:00+00:00, run_after=2024-07-03 00:00:00+00:00
[2024-07-03T18:28:24.185+0000] {processor.py:183} INFO - Processing /home/airflow/.local/lib/python3.12/site-packages/airflow/example_dags/example_branch_labels.py took 0.070 seconds
[2024-07-03T18:28:54.618+0000] {processor.py:161} INFO - Started process (PID=385) to work on /home/airflow/.local/lib/python3.12/site-packages/airflow/example_dags/example_branch_labels.py
[2024-07-03T18:28:54.619+0000] {processor.py:830} INFO - Processing file /home/airflow/.local/lib/python3.12/site-packages/airflow/example_dags/example_branch_labels.py for tasks to queue
[2024-07-03T18:28:54.621+0000] {logging_mixin.py:188} INFO - [2024-07-03T18:28:54.620+0000] {dagbag.py:545} INFO - Filling up the DagBag from /home/airflow/.local/lib/python3.12/site-packages/airflow/example_dags/example_branch_labels.py
[2024-07-03T18:28:54.627+0000] {processor.py:840} INFO - DAG(s) 'example_branch_labels' retrieved from /home/airflow/.local/lib/python3.12/site-packages/airflow/example_dags/example_branch_labels.py
[2024-07-03T18:28:54.646+0000] {logging_mixin.py:188} INFO - [2024-07-03T18:28:54.646+0000] {dag.py:3096} INFO - Sync 1 DAGs
[2024-07-03T18:28:54.665+0000] {logging_mixin.py:188} INFO - [2024-07-03T18:28:54.665+0000] {dag.py:3954} INFO - Setting next_dagrun for example_branch_labels to 2024-07-02 00:00:00+00:00, run_after=2024-07-03 00:00:00+00:00
[2024-07-03T18:28:54.681+0000] {processor.py:183} INFO - Processing /home/airflow/.local/lib/python3.12/site-packages/airflow/example_dags/example_branch_labels.py took 0.067 seconds
[2024-07-03T18:29:25.133+0000] {processor.py:161} INFO - Started process (PID=443) to work on /home/airflow/.local/lib/python3.12/site-packages/airflow/example_dags/example_branch_labels.py
[2024-07-03T18:29:25.134+0000] {processor.py:830} INFO - Processing file /home/airflow/.local/lib/python3.12/site-packages/airflow/example_dags/example_branch_labels.py for tasks to queue
[2024-07-03T18:29:25.135+0000] {logging_mixin.py:188} INFO - [2024-07-03T18:29:25.135+0000] {dagbag.py:545} INFO - Filling up the DagBag from /home/airflow/.local/lib/python3.12/site-packages/airflow/example_dags/example_branch_labels.py
[2024-07-03T18:29:25.142+0000] {processor.py:840} INFO - DAG(s) 'example_branch_labels' retrieved from /home/airflow/.local/lib/python3.12/site-packages/airflow/example_dags/example_branch_labels.py
[2024-07-03T18:29:25.160+0000] {logging_mixin.py:188} INFO - [2024-07-03T18:29:25.160+0000] {dag.py:3096} INFO - Sync 1 DAGs
[2024-07-03T18:29:25.179+0000] {logging_mixin.py:188} INFO - [2024-07-03T18:29:25.179+0000] {dag.py:3954} INFO - Setting next_dagrun for example_branch_labels to 2024-07-02 00:00:00+00:00, run_after=2024-07-03 00:00:00+00:00
[2024-07-03T18:29:25.194+0000] {processor.py:183} INFO - Processing /home/airflow/.local/lib/python3.12/site-packages/airflow/example_dags/example_branch_labels.py took 0.065 seconds
[2024-07-03T18:29:55.618+0000] {processor.py:161} INFO - Started process (PID=501) to work on /home/airflow/.local/lib/python3.12/site-packages/airflow/example_dags/example_branch_labels.py
[2024-07-03T18:29:55.619+0000] {processor.py:830} INFO - Processing file /home/airflow/.local/lib/python3.12/site-packages/airflow/example_dags/example_branch_labels.py for tasks to queue
[2024-07-03T18:29:55.621+0000] {logging_mixin.py:188} INFO - [2024-07-03T18:29:55.620+0000] {dagbag.py:545} INFO - Filling up the DagBag from /home/airflow/.local/lib/python3.12/site-packages/airflow/example_dags/example_branch_labels.py
[2024-07-03T18:29:55.627+0000] {processor.py:840} INFO - DAG(s) 'example_branch_labels' retrieved from /home/airflow/.local/lib/python3.12/site-packages/airflow/example_dags/example_branch_labels.py
[2024-07-03T18:29:55.646+0000] {logging_mixin.py:188} INFO - [2024-07-03T18:29:55.646+0000] {dag.py:3096} INFO - Sync 1 DAGs
[2024-07-03T18:29:55.665+0000] {logging_mixin.py:188} INFO - [2024-07-03T18:29:55.665+0000] {dag.py:3954} INFO - Setting next_dagrun for example_branch_labels to 2024-07-02 00:00:00+00:00, run_after=2024-07-03 00:00:00+00:00
[2024-07-03T18:29:55.679+0000] {processor.py:183} INFO - Processing /home/airflow/.local/lib/python3.12/site-packages/airflow/example_dags/example_branch_labels.py took 0.065 seconds
[2024-07-03T18:30:26.165+0000] {processor.py:161} INFO - Started process (PID=566) to work on /home/airflow/.local/lib/python3.12/site-packages/airflow/example_dags/example_branch_labels.py
[2024-07-03T18:30:26.166+0000] {processor.py:830} INFO - Processing file /home/airflow/.local/lib/python3.12/site-packages/airflow/example_dags/example_branch_labels.py for tasks to queue
[2024-07-03T18:30:26.170+0000] {logging_mixin.py:188} INFO - [2024-07-03T18:30:26.170+0000] {dagbag.py:545} INFO - Filling up the DagBag from /home/airflow/.local/lib/python3.12/site-packages/airflow/example_dags/example_branch_labels.py
[2024-07-03T18:30:26.185+0000] {processor.py:840} INFO - DAG(s) 'example_branch_labels' retrieved from /home/airflow/.local/lib/python3.12/site-packages/airflow/example_dags/example_branch_labels.py
[2024-07-03T18:30:26.222+0000] {logging_mixin.py:188} INFO - [2024-07-03T18:30:26.222+0000] {dag.py:3096} INFO - Sync 1 DAGs
[2024-07-03T18:30:26.260+0000] {logging_mixin.py:188} INFO - [2024-07-03T18:30:26.259+0000] {dag.py:3954} INFO - Setting next_dagrun for example_branch_labels to 2024-07-02 00:00:00+00:00, run_after=2024-07-03 00:00:00+00:00
[2024-07-03T18:30:26.286+0000] {processor.py:183} INFO - Processing /home/airflow/.local/lib/python3.12/site-packages/airflow/example_dags/example_branch_labels.py took 0.134 seconds
[2024-07-03T18:30:56.521+0000] {processor.py:161} INFO - Started process (PID=625) to work on /home/airflow/.local/lib/python3.12/site-packages/airflow/example_dags/example_branch_labels.py
[2024-07-03T18:30:56.522+0000] {processor.py:830} INFO - Processing file /home/airflow/.local/lib/python3.12/site-packages/airflow/example_dags/example_branch_labels.py for tasks to queue
[2024-07-03T18:30:56.524+0000] {logging_mixin.py:188} INFO - [2024-07-03T18:30:56.523+0000] {dagbag.py:545} INFO - Filling up the DagBag from /home/airflow/.local/lib/python3.12/site-packages/airflow/example_dags/example_branch_labels.py
[2024-07-03T18:30:56.531+0000] {processor.py:840} INFO - DAG(s) 'example_branch_labels' retrieved from /home/airflow/.local/lib/python3.12/site-packages/airflow/example_dags/example_branch_labels.py
[2024-07-03T18:30:56.563+0000] {logging_mixin.py:188} INFO - [2024-07-03T18:30:56.562+0000] {dag.py:3096} INFO - Sync 1 DAGs
[2024-07-03T18:30:56.589+0000] {logging_mixin.py:188} INFO - [2024-07-03T18:30:56.588+0000] {dag.py:3954} INFO - Setting next_dagrun for example_branch_labels to 2024-07-02 00:00:00+00:00, run_after=2024-07-03 00:00:00+00:00
[2024-07-03T18:30:56.607+0000] {processor.py:183} INFO - Processing /home/airflow/.local/lib/python3.12/site-packages/airflow/example_dags/example_branch_labels.py took 0.092 seconds
[2024-07-03T18:31:26.703+0000] {processor.py:161} INFO - Started process (PID=683) to work on /home/airflow/.local/lib/python3.12/site-packages/airflow/example_dags/example_branch_labels.py
[2024-07-03T18:31:26.704+0000] {processor.py:830} INFO - Processing file /home/airflow/.local/lib/python3.12/site-packages/airflow/example_dags/example_branch_labels.py for tasks to queue
[2024-07-03T18:31:26.706+0000] {logging_mixin.py:188} INFO - [2024-07-03T18:31:26.705+0000] {dagbag.py:545} INFO - Filling up the DagBag from /home/airflow/.local/lib/python3.12/site-packages/airflow/example_dags/example_branch_labels.py
[2024-07-03T18:31:26.712+0000] {processor.py:840} INFO - DAG(s) 'example_branch_labels' retrieved from /home/airflow/.local/lib/python3.12/site-packages/airflow/example_dags/example_branch_labels.py
[2024-07-03T18:31:26.732+0000] {logging_mixin.py:188} INFO - [2024-07-03T18:31:26.731+0000] {dag.py:3096} INFO - Sync 1 DAGs
[2024-07-03T18:31:26.753+0000] {logging_mixin.py:188} INFO - [2024-07-03T18:31:26.753+0000] {dag.py:3954} INFO - Setting next_dagrun for example_branch_labels to 2024-07-02 00:00:00+00:00, run_after=2024-07-03 00:00:00+00:00
[2024-07-03T18:31:26.770+0000] {processor.py:183} INFO - Processing /home/airflow/.local/lib/python3.12/site-packages/airflow/example_dags/example_branch_labels.py took 0.071 seconds
[2024-07-03T18:31:56.969+0000] {processor.py:161} INFO - Started process (PID=741) to work on /home/airflow/.local/lib/python3.12/site-packages/airflow/example_dags/example_branch_labels.py
[2024-07-03T18:31:56.970+0000] {processor.py:830} INFO - Processing file /home/airflow/.local/lib/python3.12/site-packages/airflow/example_dags/example_branch_labels.py for tasks to queue
[2024-07-03T18:31:56.973+0000] {logging_mixin.py:188} INFO - [2024-07-03T18:31:56.973+0000] {dagbag.py:545} INFO - Filling up the DagBag from /home/airflow/.local/lib/python3.12/site-packages/airflow/example_dags/example_branch_labels.py
[2024-07-03T18:31:56.982+0000] {processor.py:840} INFO - DAG(s) 'example_branch_labels' retrieved from /home/airflow/.local/lib/python3.12/site-packages/airflow/example_dags/example_branch_labels.py
[2024-07-03T18:31:57.006+0000] {logging_mixin.py:188} INFO - [2024-07-03T18:31:57.006+0000] {dag.py:3096} INFO - Sync 1 DAGs
[2024-07-03T18:31:57.030+0000] {logging_mixin.py:188} INFO - [2024-07-03T18:31:57.030+0000] {dag.py:3954} INFO - Setting next_dagrun for example_branch_labels to 2024-07-02 00:00:00+00:00, run_after=2024-07-03 00:00:00+00:00
[2024-07-03T18:31:57.053+0000] {processor.py:183} INFO - Processing /home/airflow/.local/lib/python3.12/site-packages/airflow/example_dags/example_branch_labels.py took 0.091 seconds
[2024-07-03T18:32:27.128+0000] {processor.py:161} INFO - Started process (PID=799) to work on /home/airflow/.local/lib/python3.12/site-packages/airflow/example_dags/example_branch_labels.py
[2024-07-03T18:32:27.129+0000] {processor.py:830} INFO - Processing file /home/airflow/.local/lib/python3.12/site-packages/airflow/example_dags/example_branch_labels.py for tasks to queue
[2024-07-03T18:32:27.131+0000] {logging_mixin.py:188} INFO - [2024-07-03T18:32:27.130+0000] {dagbag.py:545} INFO - Filling up the DagBag from /home/airflow/.local/lib/python3.12/site-packages/airflow/example_dags/example_branch_labels.py
[2024-07-03T18:32:27.137+0000] {processor.py:840} INFO - DAG(s) 'example_branch_labels' retrieved from /home/airflow/.local/lib/python3.12/site-packages/airflow/example_dags/example_branch_labels.py
[2024-07-03T18:32:27.156+0000] {logging_mixin.py:188} INFO - [2024-07-03T18:32:27.156+0000] {dag.py:3096} INFO - Sync 1 DAGs
[2024-07-03T18:32:27.178+0000] {logging_mixin.py:188} INFO - [2024-07-03T18:32:27.178+0000] {dag.py:3954} INFO - Setting next_dagrun for example_branch_labels to 2024-07-02 00:00:00+00:00, run_after=2024-07-03 00:00:00+00:00
[2024-07-03T18:32:27.195+0000] {processor.py:183} INFO - Processing /home/airflow/.local/lib/python3.12/site-packages/airflow/example_dags/example_branch_labels.py took 0.071 seconds
[2024-07-03T18:40:26.360+0000] {processor.py:161} INFO - Started process (PID=37) to work on /home/airflow/.local/lib/python3.12/site-packages/airflow/example_dags/example_branch_labels.py
[2024-07-03T18:40:26.361+0000] {processor.py:830} INFO - Processing file /home/airflow/.local/lib/python3.12/site-packages/airflow/example_dags/example_branch_labels.py for tasks to queue
[2024-07-03T18:40:26.363+0000] {logging_mixin.py:188} INFO - [2024-07-03T18:40:26.362+0000] {dagbag.py:545} INFO - Filling up the DagBag from /home/airflow/.local/lib/python3.12/site-packages/airflow/example_dags/example_branch_labels.py
[2024-07-03T18:40:26.374+0000] {processor.py:840} INFO - DAG(s) 'example_branch_labels' retrieved from /home/airflow/.local/lib/python3.12/site-packages/airflow/example_dags/example_branch_labels.py
[2024-07-03T18:40:26.490+0000] {logging_mixin.py:188} INFO - [2024-07-03T18:40:26.489+0000] {dag.py:3096} INFO - Sync 1 DAGs
[2024-07-03T18:40:26.512+0000] {logging_mixin.py:188} INFO - [2024-07-03T18:40:26.512+0000] {dag.py:3954} INFO - Setting next_dagrun for example_branch_labels to 2024-07-02 00:00:00+00:00, run_after=2024-07-03 00:00:00+00:00
[2024-07-03T18:40:26.536+0000] {processor.py:183} INFO - Processing /home/airflow/.local/lib/python3.12/site-packages/airflow/example_dags/example_branch_labels.py took 0.181 seconds
[2024-07-03T18:40:57.176+0000] {processor.py:161} INFO - Started process (PID=95) to work on /home/airflow/.local/lib/python3.12/site-packages/airflow/example_dags/example_branch_labels.py
[2024-07-03T18:40:57.177+0000] {processor.py:830} INFO - Processing file /home/airflow/.local/lib/python3.12/site-packages/airflow/example_dags/example_branch_labels.py for tasks to queue
[2024-07-03T18:40:57.179+0000] {logging_mixin.py:188} INFO - [2024-07-03T18:40:57.178+0000] {dagbag.py:545} INFO - Filling up the DagBag from /home/airflow/.local/lib/python3.12/site-packages/airflow/example_dags/example_branch_labels.py
[2024-07-03T18:40:57.189+0000] {processor.py:840} INFO - DAG(s) 'example_branch_labels' retrieved from /home/airflow/.local/lib/python3.12/site-packages/airflow/example_dags/example_branch_labels.py
[2024-07-03T18:40:57.212+0000] {logging_mixin.py:188} INFO - [2024-07-03T18:40:57.212+0000] {dag.py:3096} INFO - Sync 1 DAGs
[2024-07-03T18:40:57.238+0000] {logging_mixin.py:188} INFO - [2024-07-03T18:40:57.238+0000] {dag.py:3954} INFO - Setting next_dagrun for example_branch_labels to 2024-07-02 00:00:00+00:00, run_after=2024-07-03 00:00:00+00:00
[2024-07-03T18:40:57.260+0000] {processor.py:183} INFO - Processing /home/airflow/.local/lib/python3.12/site-packages/airflow/example_dags/example_branch_labels.py took 0.089 seconds
[2024-07-03T18:41:27.338+0000] {processor.py:161} INFO - Started process (PID=153) to work on /home/airflow/.local/lib/python3.12/site-packages/airflow/example_dags/example_branch_labels.py
[2024-07-03T18:41:27.339+0000] {processor.py:830} INFO - Processing file /home/airflow/.local/lib/python3.12/site-packages/airflow/example_dags/example_branch_labels.py for tasks to queue
[2024-07-03T18:41:27.340+0000] {logging_mixin.py:188} INFO - [2024-07-03T18:41:27.340+0000] {dagbag.py:545} INFO - Filling up the DagBag from /home/airflow/.local/lib/python3.12/site-packages/airflow/example_dags/example_branch_labels.py
[2024-07-03T18:41:27.346+0000] {processor.py:840} INFO - DAG(s) 'example_branch_labels' retrieved from /home/airflow/.local/lib/python3.12/site-packages/airflow/example_dags/example_branch_labels.py
[2024-07-03T18:41:27.366+0000] {logging_mixin.py:188} INFO - [2024-07-03T18:41:27.366+0000] {dag.py:3096} INFO - Sync 1 DAGs
[2024-07-03T18:41:27.387+0000] {logging_mixin.py:188} INFO - [2024-07-03T18:41:27.387+0000] {dag.py:3954} INFO - Setting next_dagrun for example_branch_labels to 2024-07-02 00:00:00+00:00, run_after=2024-07-03 00:00:00+00:00
[2024-07-03T18:41:27.403+0000] {processor.py:183} INFO - Processing /home/airflow/.local/lib/python3.12/site-packages/airflow/example_dags/example_branch_labels.py took 0.070 seconds
[2024-07-03T18:41:57.459+0000] {processor.py:161} INFO - Started process (PID=211) to work on /home/airflow/.local/lib/python3.12/site-packages/airflow/example_dags/example_branch_labels.py
[2024-07-03T18:41:57.460+0000] {processor.py:830} INFO - Processing file /home/airflow/.local/lib/python3.12/site-packages/airflow/example_dags/example_branch_labels.py for tasks to queue
[2024-07-03T18:41:57.461+0000] {logging_mixin.py:188} INFO - [2024-07-03T18:41:57.461+0000] {dagbag.py:545} INFO - Filling up the DagBag from /home/airflow/.local/lib/python3.12/site-packages/airflow/example_dags/example_branch_labels.py
[2024-07-03T18:41:57.468+0000] {processor.py:840} INFO - DAG(s) 'example_branch_labels' retrieved from /home/airflow/.local/lib/python3.12/site-packages/airflow/example_dags/example_branch_labels.py
[2024-07-03T18:41:57.569+0000] {logging_mixin.py:188} INFO - [2024-07-03T18:41:57.569+0000] {dag.py:3096} INFO - Sync 1 DAGs
[2024-07-03T18:41:57.588+0000] {logging_mixin.py:188} INFO - [2024-07-03T18:41:57.588+0000] {dag.py:3954} INFO - Setting next_dagrun for example_branch_labels to 2024-07-02 00:00:00+00:00, run_after=2024-07-03 00:00:00+00:00
[2024-07-03T18:41:57.606+0000] {processor.py:183} INFO - Processing /home/airflow/.local/lib/python3.12/site-packages/airflow/example_dags/example_branch_labels.py took 0.151 seconds
