[2024-07-03T18:25:52.537+0000] {processor.py:161} INFO - Started process (PID=48) to work on /home/airflow/.local/lib/python3.12/site-packages/airflow/example_dags/example_datasets.py
[2024-07-03T18:25:52.538+0000] {processor.py:830} INFO - Processing file /home/airflow/.local/lib/python3.12/site-packages/airflow/example_dags/example_datasets.py for tasks to queue
[2024-07-03T18:25:52.540+0000] {logging_mixin.py:188} INFO - [2024-07-03T18:25:52.540+0000] {dagbag.py:545} INFO - Filling up the DagBag from /home/airflow/.local/lib/python3.12/site-packages/airflow/example_dags/example_datasets.py
[2024-07-03T18:25:52.562+0000] {processor.py:840} INFO - DAG(s) 'dataset_produces_2', 'conditional_dataset_and_time_based_timetable', 'dataset_consumes_1_and_2', 'dataset_consumes_1_never_scheduled', 'dataset_consumes_unknown_never_scheduled', 'consume_1_and_2_with_dataset_expressions', 'dataset_produces_1', 'dataset_consumes_1', 'consume_1_or_both_2_and_3_with_dataset_expressions', 'consume_1_or_2_with_dataset_expressions' retrieved from /home/airflow/.local/lib/python3.12/site-packages/airflow/example_dags/example_datasets.py
[2024-07-03T18:25:52.581+0000] {logging_mixin.py:188} INFO - [2024-07-03T18:25:52.581+0000] {dag.py:3096} INFO - Sync 10 DAGs
[2024-07-03T18:25:52.608+0000] {logging_mixin.py:188} INFO - [2024-07-03T18:25:52.608+0000] {dag.py:3954} INFO - Setting next_dagrun for conditional_dataset_and_time_based_timetable to 2024-07-03 01:00:00+00:00, run_after=2024-07-03 01:00:00+00:00
[2024-07-03T18:25:52.613+0000] {logging_mixin.py:188} INFO - [2024-07-03T18:25:52.612+0000] {dag.py:3954} INFO - Setting next_dagrun for consume_1_and_2_with_dataset_expressions to None, run_after=None
[2024-07-03T18:25:52.614+0000] {logging_mixin.py:188} INFO - [2024-07-03T18:25:52.614+0000] {dag.py:3954} INFO - Setting next_dagrun for consume_1_or_2_with_dataset_expressions to None, run_after=None
[2024-07-03T18:25:52.616+0000] {logging_mixin.py:188} INFO - [2024-07-03T18:25:52.615+0000] {dag.py:3954} INFO - Setting next_dagrun for consume_1_or_both_2_and_3_with_dataset_expressions to None, run_after=None
[2024-07-03T18:25:52.617+0000] {logging_mixin.py:188} INFO - [2024-07-03T18:25:52.617+0000] {dag.py:3954} INFO - Setting next_dagrun for dataset_consumes_1 to None, run_after=None
[2024-07-03T18:25:52.618+0000] {logging_mixin.py:188} INFO - [2024-07-03T18:25:52.618+0000] {dag.py:3954} INFO - Setting next_dagrun for dataset_consumes_1_and_2 to None, run_after=None
[2024-07-03T18:25:52.621+0000] {logging_mixin.py:188} INFO - [2024-07-03T18:25:52.621+0000] {dag.py:3954} INFO - Setting next_dagrun for dataset_consumes_1_never_scheduled to None, run_after=None
[2024-07-03T18:25:52.623+0000] {logging_mixin.py:188} INFO - [2024-07-03T18:25:52.623+0000] {dag.py:3954} INFO - Setting next_dagrun for dataset_consumes_unknown_never_scheduled to None, run_after=None
[2024-07-03T18:25:52.625+0000] {logging_mixin.py:188} INFO - [2024-07-03T18:25:52.625+0000] {dag.py:3954} INFO - Setting next_dagrun for dataset_produces_1 to 2024-07-02 00:00:00+00:00, run_after=2024-07-03 00:00:00+00:00
[2024-07-03T18:25:52.627+0000] {logging_mixin.py:188} INFO - [2024-07-03T18:25:52.627+0000] {dag.py:3954} INFO - Setting next_dagrun for dataset_produces_2 to None, run_after=None
[2024-07-03T18:25:52.664+0000] {processor.py:183} INFO - Processing /home/airflow/.local/lib/python3.12/site-packages/airflow/example_dags/example_datasets.py took 0.133 seconds
[2024-07-03T18:26:23.685+0000] {processor.py:161} INFO - Started process (PID=106) to work on /home/airflow/.local/lib/python3.12/site-packages/airflow/example_dags/example_datasets.py
[2024-07-03T18:26:23.686+0000] {processor.py:830} INFO - Processing file /home/airflow/.local/lib/python3.12/site-packages/airflow/example_dags/example_datasets.py for tasks to queue
[2024-07-03T18:26:23.687+0000] {logging_mixin.py:188} INFO - [2024-07-03T18:26:23.687+0000] {dagbag.py:545} INFO - Filling up the DagBag from /home/airflow/.local/lib/python3.12/site-packages/airflow/example_dags/example_datasets.py
[2024-07-03T18:26:23.698+0000] {processor.py:840} INFO - DAG(s) 'dataset_consumes_1', 'dataset_consumes_unknown_never_scheduled', 'conditional_dataset_and_time_based_timetable', 'dataset_consumes_1_and_2', 'consume_1_and_2_with_dataset_expressions', 'consume_1_or_both_2_and_3_with_dataset_expressions', 'dataset_produces_1', 'dataset_produces_2', 'consume_1_or_2_with_dataset_expressions', 'dataset_consumes_1_never_scheduled' retrieved from /home/airflow/.local/lib/python3.12/site-packages/airflow/example_dags/example_datasets.py
[2024-07-03T18:26:23.875+0000] {logging_mixin.py:188} INFO - [2024-07-03T18:26:23.875+0000] {dag.py:3096} INFO - Sync 10 DAGs
[2024-07-03T18:26:23.897+0000] {logging_mixin.py:188} INFO - [2024-07-03T18:26:23.897+0000] {dag.py:3954} INFO - Setting next_dagrun for conditional_dataset_and_time_based_timetable to 2024-07-03 01:00:00+00:00, run_after=2024-07-03 01:00:00+00:00
[2024-07-03T18:26:23.900+0000] {logging_mixin.py:188} INFO - [2024-07-03T18:26:23.900+0000] {dag.py:3954} INFO - Setting next_dagrun for consume_1_and_2_with_dataset_expressions to None, run_after=None
[2024-07-03T18:26:23.902+0000] {logging_mixin.py:188} INFO - [2024-07-03T18:26:23.902+0000] {dag.py:3954} INFO - Setting next_dagrun for consume_1_or_2_with_dataset_expressions to None, run_after=None
[2024-07-03T18:26:23.903+0000] {logging_mixin.py:188} INFO - [2024-07-03T18:26:23.903+0000] {dag.py:3954} INFO - Setting next_dagrun for consume_1_or_both_2_and_3_with_dataset_expressions to None, run_after=None
[2024-07-03T18:26:23.905+0000] {logging_mixin.py:188} INFO - [2024-07-03T18:26:23.905+0000] {dag.py:3954} INFO - Setting next_dagrun for dataset_consumes_1 to None, run_after=None
[2024-07-03T18:26:23.907+0000] {logging_mixin.py:188} INFO - [2024-07-03T18:26:23.907+0000] {dag.py:3954} INFO - Setting next_dagrun for dataset_consumes_1_and_2 to None, run_after=None
[2024-07-03T18:26:23.908+0000] {logging_mixin.py:188} INFO - [2024-07-03T18:26:23.908+0000] {dag.py:3954} INFO - Setting next_dagrun for dataset_consumes_1_never_scheduled to None, run_after=None
[2024-07-03T18:26:23.910+0000] {logging_mixin.py:188} INFO - [2024-07-03T18:26:23.909+0000] {dag.py:3954} INFO - Setting next_dagrun for dataset_consumes_unknown_never_scheduled to None, run_after=None
[2024-07-03T18:26:23.912+0000] {logging_mixin.py:188} INFO - [2024-07-03T18:26:23.912+0000] {dag.py:3954} INFO - Setting next_dagrun for dataset_produces_1 to 2024-07-02 00:00:00+00:00, run_after=2024-07-03 00:00:00+00:00
[2024-07-03T18:26:23.914+0000] {logging_mixin.py:188} INFO - [2024-07-03T18:26:23.914+0000] {dag.py:3954} INFO - Setting next_dagrun for dataset_produces_2 to None, run_after=None
[2024-07-03T18:26:23.946+0000] {processor.py:183} INFO - Processing /home/airflow/.local/lib/python3.12/site-packages/airflow/example_dags/example_datasets.py took 0.266 seconds
[2024-07-03T18:26:54.060+0000] {processor.py:161} INFO - Started process (PID=165) to work on /home/airflow/.local/lib/python3.12/site-packages/airflow/example_dags/example_datasets.py
[2024-07-03T18:26:54.061+0000] {processor.py:830} INFO - Processing file /home/airflow/.local/lib/python3.12/site-packages/airflow/example_dags/example_datasets.py for tasks to queue
[2024-07-03T18:26:54.063+0000] {logging_mixin.py:188} INFO - [2024-07-03T18:26:54.062+0000] {dagbag.py:545} INFO - Filling up the DagBag from /home/airflow/.local/lib/python3.12/site-packages/airflow/example_dags/example_datasets.py
[2024-07-03T18:26:54.074+0000] {processor.py:840} INFO - DAG(s) 'dataset_consumes_unknown_never_scheduled', 'dataset_consumes_1', 'conditional_dataset_and_time_based_timetable', 'consume_1_or_2_with_dataset_expressions', 'consume_1_and_2_with_dataset_expressions', 'dataset_produces_2', 'dataset_produces_1', 'consume_1_or_both_2_and_3_with_dataset_expressions', 'dataset_consumes_1_never_scheduled', 'dataset_consumes_1_and_2' retrieved from /home/airflow/.local/lib/python3.12/site-packages/airflow/example_dags/example_datasets.py
[2024-07-03T18:26:54.118+0000] {logging_mixin.py:188} INFO - [2024-07-03T18:26:54.118+0000] {dag.py:3096} INFO - Sync 10 DAGs
[2024-07-03T18:26:54.142+0000] {logging_mixin.py:188} INFO - [2024-07-03T18:26:54.142+0000] {dag.py:3954} INFO - Setting next_dagrun for conditional_dataset_and_time_based_timetable to 2024-07-03 01:00:00+00:00, run_after=2024-07-03 01:00:00+00:00
[2024-07-03T18:26:54.147+0000] {logging_mixin.py:188} INFO - [2024-07-03T18:26:54.146+0000] {dag.py:3954} INFO - Setting next_dagrun for consume_1_and_2_with_dataset_expressions to None, run_after=None
[2024-07-03T18:26:54.148+0000] {logging_mixin.py:188} INFO - [2024-07-03T18:26:54.148+0000] {dag.py:3954} INFO - Setting next_dagrun for consume_1_or_2_with_dataset_expressions to None, run_after=None
[2024-07-03T18:26:54.149+0000] {logging_mixin.py:188} INFO - [2024-07-03T18:26:54.149+0000] {dag.py:3954} INFO - Setting next_dagrun for consume_1_or_both_2_and_3_with_dataset_expressions to None, run_after=None
[2024-07-03T18:26:54.150+0000] {logging_mixin.py:188} INFO - [2024-07-03T18:26:54.150+0000] {dag.py:3954} INFO - Setting next_dagrun for dataset_consumes_1 to None, run_after=None
[2024-07-03T18:26:54.151+0000] {logging_mixin.py:188} INFO - [2024-07-03T18:26:54.151+0000] {dag.py:3954} INFO - Setting next_dagrun for dataset_consumes_1_and_2 to None, run_after=None
[2024-07-03T18:26:54.152+0000] {logging_mixin.py:188} INFO - [2024-07-03T18:26:54.152+0000] {dag.py:3954} INFO - Setting next_dagrun for dataset_consumes_1_never_scheduled to None, run_after=None
[2024-07-03T18:26:54.154+0000] {logging_mixin.py:188} INFO - [2024-07-03T18:26:54.154+0000] {dag.py:3954} INFO - Setting next_dagrun for dataset_consumes_unknown_never_scheduled to None, run_after=None
[2024-07-03T18:26:54.157+0000] {logging_mixin.py:188} INFO - [2024-07-03T18:26:54.156+0000] {dag.py:3954} INFO - Setting next_dagrun for dataset_produces_1 to 2024-07-02 00:00:00+00:00, run_after=2024-07-03 00:00:00+00:00
[2024-07-03T18:26:54.158+0000] {logging_mixin.py:188} INFO - [2024-07-03T18:26:54.158+0000] {dag.py:3954} INFO - Setting next_dagrun for dataset_produces_2 to None, run_after=None
[2024-07-03T18:26:54.190+0000] {processor.py:183} INFO - Processing /home/airflow/.local/lib/python3.12/site-packages/airflow/example_dags/example_datasets.py took 0.135 seconds
[2024-07-03T18:27:24.310+0000] {processor.py:161} INFO - Started process (PID=223) to work on /home/airflow/.local/lib/python3.12/site-packages/airflow/example_dags/example_datasets.py
[2024-07-03T18:27:24.312+0000] {processor.py:830} INFO - Processing file /home/airflow/.local/lib/python3.12/site-packages/airflow/example_dags/example_datasets.py for tasks to queue
[2024-07-03T18:27:24.314+0000] {logging_mixin.py:188} INFO - [2024-07-03T18:27:24.314+0000] {dagbag.py:545} INFO - Filling up the DagBag from /home/airflow/.local/lib/python3.12/site-packages/airflow/example_dags/example_datasets.py
[2024-07-03T18:27:24.337+0000] {processor.py:840} INFO - DAG(s) 'dataset_consumes_1_and_2', 'dataset_consumes_unknown_never_scheduled', 'consume_1_or_2_with_dataset_expressions', 'consume_1_or_both_2_and_3_with_dataset_expressions', 'consume_1_and_2_with_dataset_expressions', 'dataset_consumes_1_never_scheduled', 'dataset_produces_2', 'dataset_produces_1', 'conditional_dataset_and_time_based_timetable', 'dataset_consumes_1' retrieved from /home/airflow/.local/lib/python3.12/site-packages/airflow/example_dags/example_datasets.py
[2024-07-03T18:27:24.495+0000] {logging_mixin.py:188} INFO - [2024-07-03T18:27:24.495+0000] {dag.py:3096} INFO - Sync 10 DAGs
[2024-07-03T18:27:24.536+0000] {logging_mixin.py:188} INFO - [2024-07-03T18:27:24.536+0000] {dag.py:3954} INFO - Setting next_dagrun for conditional_dataset_and_time_based_timetable to 2024-07-03 01:00:00+00:00, run_after=2024-07-03 01:00:00+00:00
[2024-07-03T18:27:24.541+0000] {logging_mixin.py:188} INFO - [2024-07-03T18:27:24.540+0000] {dag.py:3954} INFO - Setting next_dagrun for consume_1_and_2_with_dataset_expressions to None, run_after=None
[2024-07-03T18:27:24.542+0000] {logging_mixin.py:188} INFO - [2024-07-03T18:27:24.542+0000] {dag.py:3954} INFO - Setting next_dagrun for consume_1_or_2_with_dataset_expressions to None, run_after=None
[2024-07-03T18:27:24.543+0000] {logging_mixin.py:188} INFO - [2024-07-03T18:27:24.543+0000] {dag.py:3954} INFO - Setting next_dagrun for consume_1_or_both_2_and_3_with_dataset_expressions to None, run_after=None
[2024-07-03T18:27:24.545+0000] {logging_mixin.py:188} INFO - [2024-07-03T18:27:24.544+0000] {dag.py:3954} INFO - Setting next_dagrun for dataset_consumes_1 to None, run_after=None
[2024-07-03T18:27:24.546+0000] {logging_mixin.py:188} INFO - [2024-07-03T18:27:24.545+0000] {dag.py:3954} INFO - Setting next_dagrun for dataset_consumes_1_and_2 to None, run_after=None
[2024-07-03T18:27:24.547+0000] {logging_mixin.py:188} INFO - [2024-07-03T18:27:24.547+0000] {dag.py:3954} INFO - Setting next_dagrun for dataset_consumes_1_never_scheduled to None, run_after=None
[2024-07-03T18:27:24.548+0000] {logging_mixin.py:188} INFO - [2024-07-03T18:27:24.548+0000] {dag.py:3954} INFO - Setting next_dagrun for dataset_consumes_unknown_never_scheduled to None, run_after=None
[2024-07-03T18:27:24.550+0000] {logging_mixin.py:188} INFO - [2024-07-03T18:27:24.550+0000] {dag.py:3954} INFO - Setting next_dagrun for dataset_produces_1 to 2024-07-02 00:00:00+00:00, run_after=2024-07-03 00:00:00+00:00
[2024-07-03T18:27:24.551+0000] {logging_mixin.py:188} INFO - [2024-07-03T18:27:24.551+0000] {dag.py:3954} INFO - Setting next_dagrun for dataset_produces_2 to None, run_after=None
[2024-07-03T18:27:24.584+0000] {processor.py:183} INFO - Processing /home/airflow/.local/lib/python3.12/site-packages/airflow/example_dags/example_datasets.py took 0.283 seconds
[2024-07-03T18:27:55.456+0000] {processor.py:161} INFO - Started process (PID=281) to work on /home/airflow/.local/lib/python3.12/site-packages/airflow/example_dags/example_datasets.py
[2024-07-03T18:27:55.457+0000] {processor.py:830} INFO - Processing file /home/airflow/.local/lib/python3.12/site-packages/airflow/example_dags/example_datasets.py for tasks to queue
[2024-07-03T18:27:55.458+0000] {logging_mixin.py:188} INFO - [2024-07-03T18:27:55.458+0000] {dagbag.py:545} INFO - Filling up the DagBag from /home/airflow/.local/lib/python3.12/site-packages/airflow/example_dags/example_datasets.py
[2024-07-03T18:27:55.469+0000] {processor.py:840} INFO - DAG(s) 'dataset_consumes_1_never_scheduled', 'consume_1_or_2_with_dataset_expressions', 'dataset_consumes_unknown_never_scheduled', 'consume_1_and_2_with_dataset_expressions', 'dataset_consumes_1', 'dataset_produces_1', 'consume_1_or_both_2_and_3_with_dataset_expressions', 'conditional_dataset_and_time_based_timetable', 'dataset_produces_2', 'dataset_consumes_1_and_2' retrieved from /home/airflow/.local/lib/python3.12/site-packages/airflow/example_dags/example_datasets.py
[2024-07-03T18:27:55.511+0000] {logging_mixin.py:188} INFO - [2024-07-03T18:27:55.511+0000] {dag.py:3096} INFO - Sync 10 DAGs
[2024-07-03T18:27:55.533+0000] {logging_mixin.py:188} INFO - [2024-07-03T18:27:55.533+0000] {dag.py:3954} INFO - Setting next_dagrun for conditional_dataset_and_time_based_timetable to 2024-07-03 01:00:00+00:00, run_after=2024-07-03 01:00:00+00:00
[2024-07-03T18:27:55.537+0000] {logging_mixin.py:188} INFO - [2024-07-03T18:27:55.537+0000] {dag.py:3954} INFO - Setting next_dagrun for consume_1_and_2_with_dataset_expressions to None, run_after=None
[2024-07-03T18:27:55.538+0000] {logging_mixin.py:188} INFO - [2024-07-03T18:27:55.538+0000] {dag.py:3954} INFO - Setting next_dagrun for consume_1_or_2_with_dataset_expressions to None, run_after=None
[2024-07-03T18:27:55.539+0000] {logging_mixin.py:188} INFO - [2024-07-03T18:27:55.539+0000] {dag.py:3954} INFO - Setting next_dagrun for consume_1_or_both_2_and_3_with_dataset_expressions to None, run_after=None
[2024-07-03T18:27:55.540+0000] {logging_mixin.py:188} INFO - [2024-07-03T18:27:55.540+0000] {dag.py:3954} INFO - Setting next_dagrun for dataset_consumes_1 to None, run_after=None
[2024-07-03T18:27:55.541+0000] {logging_mixin.py:188} INFO - [2024-07-03T18:27:55.541+0000] {dag.py:3954} INFO - Setting next_dagrun for dataset_consumes_1_and_2 to None, run_after=None
[2024-07-03T18:27:55.542+0000] {logging_mixin.py:188} INFO - [2024-07-03T18:27:55.542+0000] {dag.py:3954} INFO - Setting next_dagrun for dataset_consumes_1_never_scheduled to None, run_after=None
[2024-07-03T18:27:55.543+0000] {logging_mixin.py:188} INFO - [2024-07-03T18:27:55.543+0000] {dag.py:3954} INFO - Setting next_dagrun for dataset_consumes_unknown_never_scheduled to None, run_after=None
[2024-07-03T18:27:55.546+0000] {logging_mixin.py:188} INFO - [2024-07-03T18:27:55.546+0000] {dag.py:3954} INFO - Setting next_dagrun for dataset_produces_1 to 2024-07-02 00:00:00+00:00, run_after=2024-07-03 00:00:00+00:00
[2024-07-03T18:27:55.547+0000] {logging_mixin.py:188} INFO - [2024-07-03T18:27:55.547+0000] {dag.py:3954} INFO - Setting next_dagrun for dataset_produces_2 to None, run_after=None
[2024-07-03T18:27:55.576+0000] {processor.py:183} INFO - Processing /home/airflow/.local/lib/python3.12/site-packages/airflow/example_dags/example_datasets.py took 0.125 seconds
[2024-07-03T18:28:25.736+0000] {processor.py:161} INFO - Started process (PID=339) to work on /home/airflow/.local/lib/python3.12/site-packages/airflow/example_dags/example_datasets.py
[2024-07-03T18:28:25.737+0000] {processor.py:830} INFO - Processing file /home/airflow/.local/lib/python3.12/site-packages/airflow/example_dags/example_datasets.py for tasks to queue
[2024-07-03T18:28:25.739+0000] {logging_mixin.py:188} INFO - [2024-07-03T18:28:25.738+0000] {dagbag.py:545} INFO - Filling up the DagBag from /home/airflow/.local/lib/python3.12/site-packages/airflow/example_dags/example_datasets.py
[2024-07-03T18:28:25.750+0000] {processor.py:840} INFO - DAG(s) 'dataset_produces_2', 'consume_1_and_2_with_dataset_expressions', 'dataset_produces_1', 'conditional_dataset_and_time_based_timetable', 'consume_1_or_both_2_and_3_with_dataset_expressions', 'dataset_consumes_unknown_never_scheduled', 'consume_1_or_2_with_dataset_expressions', 'dataset_consumes_1_never_scheduled', 'dataset_consumes_1_and_2', 'dataset_consumes_1' retrieved from /home/airflow/.local/lib/python3.12/site-packages/airflow/example_dags/example_datasets.py
[2024-07-03T18:28:25.796+0000] {logging_mixin.py:188} INFO - [2024-07-03T18:28:25.796+0000] {dag.py:3096} INFO - Sync 10 DAGs
[2024-07-03T18:28:25.817+0000] {logging_mixin.py:188} INFO - [2024-07-03T18:28:25.817+0000] {dag.py:3954} INFO - Setting next_dagrun for conditional_dataset_and_time_based_timetable to 2024-07-03 01:00:00+00:00, run_after=2024-07-03 01:00:00+00:00
[2024-07-03T18:28:25.821+0000] {logging_mixin.py:188} INFO - [2024-07-03T18:28:25.821+0000] {dag.py:3954} INFO - Setting next_dagrun for consume_1_and_2_with_dataset_expressions to None, run_after=None
[2024-07-03T18:28:25.823+0000] {logging_mixin.py:188} INFO - [2024-07-03T18:28:25.822+0000] {dag.py:3954} INFO - Setting next_dagrun for consume_1_or_2_with_dataset_expressions to None, run_after=None
[2024-07-03T18:28:25.824+0000] {logging_mixin.py:188} INFO - [2024-07-03T18:28:25.824+0000] {dag.py:3954} INFO - Setting next_dagrun for consume_1_or_both_2_and_3_with_dataset_expressions to None, run_after=None
[2024-07-03T18:28:25.825+0000] {logging_mixin.py:188} INFO - [2024-07-03T18:28:25.825+0000] {dag.py:3954} INFO - Setting next_dagrun for dataset_consumes_1 to None, run_after=None
[2024-07-03T18:28:25.826+0000] {logging_mixin.py:188} INFO - [2024-07-03T18:28:25.826+0000] {dag.py:3954} INFO - Setting next_dagrun for dataset_consumes_1_and_2 to None, run_after=None
[2024-07-03T18:28:25.827+0000] {logging_mixin.py:188} INFO - [2024-07-03T18:28:25.827+0000] {dag.py:3954} INFO - Setting next_dagrun for dataset_consumes_1_never_scheduled to None, run_after=None
[2024-07-03T18:28:25.828+0000] {logging_mixin.py:188} INFO - [2024-07-03T18:28:25.828+0000] {dag.py:3954} INFO - Setting next_dagrun for dataset_consumes_unknown_never_scheduled to None, run_after=None
[2024-07-03T18:28:25.830+0000] {logging_mixin.py:188} INFO - [2024-07-03T18:28:25.830+0000] {dag.py:3954} INFO - Setting next_dagrun for dataset_produces_1 to 2024-07-02 00:00:00+00:00, run_after=2024-07-03 00:00:00+00:00
[2024-07-03T18:28:25.831+0000] {logging_mixin.py:188} INFO - [2024-07-03T18:28:25.831+0000] {dag.py:3954} INFO - Setting next_dagrun for dataset_produces_2 to None, run_after=None
[2024-07-03T18:28:25.859+0000] {processor.py:183} INFO - Processing /home/airflow/.local/lib/python3.12/site-packages/airflow/example_dags/example_datasets.py took 0.128 seconds
[2024-07-03T18:28:56.298+0000] {processor.py:161} INFO - Started process (PID=397) to work on /home/airflow/.local/lib/python3.12/site-packages/airflow/example_dags/example_datasets.py
[2024-07-03T18:28:56.298+0000] {processor.py:830} INFO - Processing file /home/airflow/.local/lib/python3.12/site-packages/airflow/example_dags/example_datasets.py for tasks to queue
[2024-07-03T18:28:56.300+0000] {logging_mixin.py:188} INFO - [2024-07-03T18:28:56.300+0000] {dagbag.py:545} INFO - Filling up the DagBag from /home/airflow/.local/lib/python3.12/site-packages/airflow/example_dags/example_datasets.py
[2024-07-03T18:28:56.327+0000] {processor.py:840} INFO - DAG(s) 'dataset_consumes_1_never_scheduled', 'dataset_consumes_1_and_2', 'dataset_consumes_unknown_never_scheduled', 'dataset_produces_1', 'consume_1_or_2_with_dataset_expressions', 'dataset_produces_2', 'consume_1_and_2_with_dataset_expressions', 'consume_1_or_both_2_and_3_with_dataset_expressions', 'conditional_dataset_and_time_based_timetable', 'dataset_consumes_1' retrieved from /home/airflow/.local/lib/python3.12/site-packages/airflow/example_dags/example_datasets.py
[2024-07-03T18:28:56.381+0000] {logging_mixin.py:188} INFO - [2024-07-03T18:28:56.381+0000] {dag.py:3096} INFO - Sync 10 DAGs
[2024-07-03T18:28:56.409+0000] {logging_mixin.py:188} INFO - [2024-07-03T18:28:56.409+0000] {dag.py:3954} INFO - Setting next_dagrun for conditional_dataset_and_time_based_timetable to 2024-07-03 01:00:00+00:00, run_after=2024-07-03 01:00:00+00:00
[2024-07-03T18:28:56.414+0000] {logging_mixin.py:188} INFO - [2024-07-03T18:28:56.414+0000] {dag.py:3954} INFO - Setting next_dagrun for consume_1_and_2_with_dataset_expressions to None, run_after=None
[2024-07-03T18:28:56.415+0000] {logging_mixin.py:188} INFO - [2024-07-03T18:28:56.415+0000] {dag.py:3954} INFO - Setting next_dagrun for consume_1_or_2_with_dataset_expressions to None, run_after=None
[2024-07-03T18:28:56.417+0000] {logging_mixin.py:188} INFO - [2024-07-03T18:28:56.416+0000] {dag.py:3954} INFO - Setting next_dagrun for consume_1_or_both_2_and_3_with_dataset_expressions to None, run_after=None
[2024-07-03T18:28:56.418+0000] {logging_mixin.py:188} INFO - [2024-07-03T18:28:56.418+0000] {dag.py:3954} INFO - Setting next_dagrun for dataset_consumes_1 to None, run_after=None
[2024-07-03T18:28:56.420+0000] {logging_mixin.py:188} INFO - [2024-07-03T18:28:56.419+0000] {dag.py:3954} INFO - Setting next_dagrun for dataset_consumes_1_and_2 to None, run_after=None
[2024-07-03T18:28:56.421+0000] {logging_mixin.py:188} INFO - [2024-07-03T18:28:56.421+0000] {dag.py:3954} INFO - Setting next_dagrun for dataset_consumes_1_never_scheduled to None, run_after=None
[2024-07-03T18:28:56.422+0000] {logging_mixin.py:188} INFO - [2024-07-03T18:28:56.422+0000] {dag.py:3954} INFO - Setting next_dagrun for dataset_consumes_unknown_never_scheduled to None, run_after=None
[2024-07-03T18:28:56.425+0000] {logging_mixin.py:188} INFO - [2024-07-03T18:28:56.424+0000] {dag.py:3954} INFO - Setting next_dagrun for dataset_produces_1 to 2024-07-02 00:00:00+00:00, run_after=2024-07-03 00:00:00+00:00
[2024-07-03T18:28:56.426+0000] {logging_mixin.py:188} INFO - [2024-07-03T18:28:56.426+0000] {dag.py:3954} INFO - Setting next_dagrun for dataset_produces_2 to None, run_after=None
[2024-07-03T18:28:56.455+0000] {processor.py:183} INFO - Processing /home/airflow/.local/lib/python3.12/site-packages/airflow/example_dags/example_datasets.py took 0.161 seconds
[2024-07-03T18:29:26.666+0000] {processor.py:161} INFO - Started process (PID=455) to work on /home/airflow/.local/lib/python3.12/site-packages/airflow/example_dags/example_datasets.py
[2024-07-03T18:29:26.666+0000] {processor.py:830} INFO - Processing file /home/airflow/.local/lib/python3.12/site-packages/airflow/example_dags/example_datasets.py for tasks to queue
[2024-07-03T18:29:26.668+0000] {logging_mixin.py:188} INFO - [2024-07-03T18:29:26.667+0000] {dagbag.py:545} INFO - Filling up the DagBag from /home/airflow/.local/lib/python3.12/site-packages/airflow/example_dags/example_datasets.py
[2024-07-03T18:29:26.678+0000] {processor.py:840} INFO - DAG(s) 'consume_1_and_2_with_dataset_expressions', 'conditional_dataset_and_time_based_timetable', 'consume_1_or_both_2_and_3_with_dataset_expressions', 'dataset_consumes_unknown_never_scheduled', 'consume_1_or_2_with_dataset_expressions', 'dataset_produces_2', 'dataset_consumes_1', 'dataset_consumes_1_and_2', 'dataset_consumes_1_never_scheduled', 'dataset_produces_1' retrieved from /home/airflow/.local/lib/python3.12/site-packages/airflow/example_dags/example_datasets.py
[2024-07-03T18:29:26.718+0000] {logging_mixin.py:188} INFO - [2024-07-03T18:29:26.718+0000] {dag.py:3096} INFO - Sync 10 DAGs
[2024-07-03T18:29:26.738+0000] {logging_mixin.py:188} INFO - [2024-07-03T18:29:26.738+0000] {dag.py:3954} INFO - Setting next_dagrun for conditional_dataset_and_time_based_timetable to 2024-07-03 01:00:00+00:00, run_after=2024-07-03 01:00:00+00:00
[2024-07-03T18:29:26.742+0000] {logging_mixin.py:188} INFO - [2024-07-03T18:29:26.742+0000] {dag.py:3954} INFO - Setting next_dagrun for consume_1_and_2_with_dataset_expressions to None, run_after=None
[2024-07-03T18:29:26.744+0000] {logging_mixin.py:188} INFO - [2024-07-03T18:29:26.743+0000] {dag.py:3954} INFO - Setting next_dagrun for consume_1_or_2_with_dataset_expressions to None, run_after=None
[2024-07-03T18:29:26.745+0000] {logging_mixin.py:188} INFO - [2024-07-03T18:29:26.745+0000] {dag.py:3954} INFO - Setting next_dagrun for consume_1_or_both_2_and_3_with_dataset_expressions to None, run_after=None
[2024-07-03T18:29:26.746+0000] {logging_mixin.py:188} INFO - [2024-07-03T18:29:26.746+0000] {dag.py:3954} INFO - Setting next_dagrun for dataset_consumes_1 to None, run_after=None
[2024-07-03T18:29:26.747+0000] {logging_mixin.py:188} INFO - [2024-07-03T18:29:26.747+0000] {dag.py:3954} INFO - Setting next_dagrun for dataset_consumes_1_and_2 to None, run_after=None
[2024-07-03T18:29:26.748+0000] {logging_mixin.py:188} INFO - [2024-07-03T18:29:26.748+0000] {dag.py:3954} INFO - Setting next_dagrun for dataset_consumes_1_never_scheduled to None, run_after=None
[2024-07-03T18:29:26.749+0000] {logging_mixin.py:188} INFO - [2024-07-03T18:29:26.749+0000] {dag.py:3954} INFO - Setting next_dagrun for dataset_consumes_unknown_never_scheduled to None, run_after=None
[2024-07-03T18:29:26.752+0000] {logging_mixin.py:188} INFO - [2024-07-03T18:29:26.752+0000] {dag.py:3954} INFO - Setting next_dagrun for dataset_produces_1 to 2024-07-02 00:00:00+00:00, run_after=2024-07-03 00:00:00+00:00
[2024-07-03T18:29:26.753+0000] {logging_mixin.py:188} INFO - [2024-07-03T18:29:26.753+0000] {dag.py:3954} INFO - Setting next_dagrun for dataset_produces_2 to None, run_after=None
[2024-07-03T18:29:26.781+0000] {processor.py:183} INFO - Processing /home/airflow/.local/lib/python3.12/site-packages/airflow/example_dags/example_datasets.py took 0.119 seconds
[2024-07-03T18:29:57.188+0000] {processor.py:161} INFO - Started process (PID=513) to work on /home/airflow/.local/lib/python3.12/site-packages/airflow/example_dags/example_datasets.py
[2024-07-03T18:29:57.189+0000] {processor.py:830} INFO - Processing file /home/airflow/.local/lib/python3.12/site-packages/airflow/example_dags/example_datasets.py for tasks to queue
[2024-07-03T18:29:57.190+0000] {logging_mixin.py:188} INFO - [2024-07-03T18:29:57.190+0000] {dagbag.py:545} INFO - Filling up the DagBag from /home/airflow/.local/lib/python3.12/site-packages/airflow/example_dags/example_datasets.py
[2024-07-03T18:29:57.202+0000] {processor.py:840} INFO - DAG(s) 'conditional_dataset_and_time_based_timetable', 'dataset_consumes_unknown_never_scheduled', 'dataset_consumes_1_and_2', 'dataset_produces_1', 'consume_1_or_both_2_and_3_with_dataset_expressions', 'dataset_produces_2', 'dataset_consumes_1_never_scheduled', 'dataset_consumes_1', 'consume_1_or_2_with_dataset_expressions', 'consume_1_and_2_with_dataset_expressions' retrieved from /home/airflow/.local/lib/python3.12/site-packages/airflow/example_dags/example_datasets.py
[2024-07-03T18:29:57.243+0000] {logging_mixin.py:188} INFO - [2024-07-03T18:29:57.243+0000] {dag.py:3096} INFO - Sync 10 DAGs
[2024-07-03T18:29:57.265+0000] {logging_mixin.py:188} INFO - [2024-07-03T18:29:57.265+0000] {dag.py:3954} INFO - Setting next_dagrun for conditional_dataset_and_time_based_timetable to 2024-07-03 01:00:00+00:00, run_after=2024-07-03 01:00:00+00:00
[2024-07-03T18:29:57.269+0000] {logging_mixin.py:188} INFO - [2024-07-03T18:29:57.269+0000] {dag.py:3954} INFO - Setting next_dagrun for consume_1_and_2_with_dataset_expressions to None, run_after=None
[2024-07-03T18:29:57.270+0000] {logging_mixin.py:188} INFO - [2024-07-03T18:29:57.270+0000] {dag.py:3954} INFO - Setting next_dagrun for consume_1_or_2_with_dataset_expressions to None, run_after=None
[2024-07-03T18:29:57.271+0000] {logging_mixin.py:188} INFO - [2024-07-03T18:29:57.271+0000] {dag.py:3954} INFO - Setting next_dagrun for consume_1_or_both_2_and_3_with_dataset_expressions to None, run_after=None
[2024-07-03T18:29:57.272+0000] {logging_mixin.py:188} INFO - [2024-07-03T18:29:57.272+0000] {dag.py:3954} INFO - Setting next_dagrun for dataset_consumes_1 to None, run_after=None
[2024-07-03T18:29:57.273+0000] {logging_mixin.py:188} INFO - [2024-07-03T18:29:57.273+0000] {dag.py:3954} INFO - Setting next_dagrun for dataset_consumes_1_and_2 to None, run_after=None
[2024-07-03T18:29:57.275+0000] {logging_mixin.py:188} INFO - [2024-07-03T18:29:57.275+0000] {dag.py:3954} INFO - Setting next_dagrun for dataset_consumes_1_never_scheduled to None, run_after=None
[2024-07-03T18:29:57.276+0000] {logging_mixin.py:188} INFO - [2024-07-03T18:29:57.276+0000] {dag.py:3954} INFO - Setting next_dagrun for dataset_consumes_unknown_never_scheduled to None, run_after=None
[2024-07-03T18:29:57.278+0000] {logging_mixin.py:188} INFO - [2024-07-03T18:29:57.278+0000] {dag.py:3954} INFO - Setting next_dagrun for dataset_produces_1 to 2024-07-02 00:00:00+00:00, run_after=2024-07-03 00:00:00+00:00
[2024-07-03T18:29:57.279+0000] {logging_mixin.py:188} INFO - [2024-07-03T18:29:57.279+0000] {dag.py:3954} INFO - Setting next_dagrun for dataset_produces_2 to None, run_after=None
[2024-07-03T18:29:57.309+0000] {processor.py:183} INFO - Processing /home/airflow/.local/lib/python3.12/site-packages/airflow/example_dags/example_datasets.py took 0.125 seconds
[2024-07-03T18:30:27.902+0000] {processor.py:161} INFO - Started process (PID=578) to work on /home/airflow/.local/lib/python3.12/site-packages/airflow/example_dags/example_datasets.py
[2024-07-03T18:30:27.903+0000] {processor.py:830} INFO - Processing file /home/airflow/.local/lib/python3.12/site-packages/airflow/example_dags/example_datasets.py for tasks to queue
[2024-07-03T18:30:27.904+0000] {logging_mixin.py:188} INFO - [2024-07-03T18:30:27.904+0000] {dagbag.py:545} INFO - Filling up the DagBag from /home/airflow/.local/lib/python3.12/site-packages/airflow/example_dags/example_datasets.py
[2024-07-03T18:30:27.915+0000] {processor.py:840} INFO - DAG(s) 'dataset_consumes_1_never_scheduled', 'dataset_produces_2', 'consume_1_and_2_with_dataset_expressions', 'consume_1_or_2_with_dataset_expressions', 'dataset_produces_1', 'dataset_consumes_unknown_never_scheduled', 'consume_1_or_both_2_and_3_with_dataset_expressions', 'dataset_consumes_1_and_2', 'conditional_dataset_and_time_based_timetable', 'dataset_consumes_1' retrieved from /home/airflow/.local/lib/python3.12/site-packages/airflow/example_dags/example_datasets.py
[2024-07-03T18:30:27.959+0000] {logging_mixin.py:188} INFO - [2024-07-03T18:30:27.959+0000] {dag.py:3096} INFO - Sync 10 DAGs
[2024-07-03T18:30:27.983+0000] {logging_mixin.py:188} INFO - [2024-07-03T18:30:27.983+0000] {dag.py:3954} INFO - Setting next_dagrun for conditional_dataset_and_time_based_timetable to 2024-07-03 01:00:00+00:00, run_after=2024-07-03 01:00:00+00:00
[2024-07-03T18:30:27.987+0000] {logging_mixin.py:188} INFO - [2024-07-03T18:30:27.987+0000] {dag.py:3954} INFO - Setting next_dagrun for consume_1_and_2_with_dataset_expressions to None, run_after=None
[2024-07-03T18:30:27.988+0000] {logging_mixin.py:188} INFO - [2024-07-03T18:30:27.988+0000] {dag.py:3954} INFO - Setting next_dagrun for consume_1_or_2_with_dataset_expressions to None, run_after=None
[2024-07-03T18:30:27.989+0000] {logging_mixin.py:188} INFO - [2024-07-03T18:30:27.989+0000] {dag.py:3954} INFO - Setting next_dagrun for consume_1_or_both_2_and_3_with_dataset_expressions to None, run_after=None
[2024-07-03T18:30:27.990+0000] {logging_mixin.py:188} INFO - [2024-07-03T18:30:27.990+0000] {dag.py:3954} INFO - Setting next_dagrun for dataset_consumes_1 to None, run_after=None
[2024-07-03T18:30:27.991+0000] {logging_mixin.py:188} INFO - [2024-07-03T18:30:27.991+0000] {dag.py:3954} INFO - Setting next_dagrun for dataset_consumes_1_and_2 to None, run_after=None
[2024-07-03T18:30:27.992+0000] {logging_mixin.py:188} INFO - [2024-07-03T18:30:27.992+0000] {dag.py:3954} INFO - Setting next_dagrun for dataset_consumes_1_never_scheduled to None, run_after=None
[2024-07-03T18:30:27.994+0000] {logging_mixin.py:188} INFO - [2024-07-03T18:30:27.993+0000] {dag.py:3954} INFO - Setting next_dagrun for dataset_consumes_unknown_never_scheduled to None, run_after=None
[2024-07-03T18:30:27.996+0000] {logging_mixin.py:188} INFO - [2024-07-03T18:30:27.996+0000] {dag.py:3954} INFO - Setting next_dagrun for dataset_produces_1 to 2024-07-02 00:00:00+00:00, run_after=2024-07-03 00:00:00+00:00
[2024-07-03T18:30:27.997+0000] {logging_mixin.py:188} INFO - [2024-07-03T18:30:27.997+0000] {dag.py:3954} INFO - Setting next_dagrun for dataset_produces_2 to None, run_after=None
[2024-07-03T18:30:28.027+0000] {processor.py:183} INFO - Processing /home/airflow/.local/lib/python3.12/site-packages/airflow/example_dags/example_datasets.py took 0.129 seconds
[2024-07-03T18:30:58.192+0000] {processor.py:161} INFO - Started process (PID=637) to work on /home/airflow/.local/lib/python3.12/site-packages/airflow/example_dags/example_datasets.py
[2024-07-03T18:30:58.192+0000] {processor.py:830} INFO - Processing file /home/airflow/.local/lib/python3.12/site-packages/airflow/example_dags/example_datasets.py for tasks to queue
[2024-07-03T18:30:58.194+0000] {logging_mixin.py:188} INFO - [2024-07-03T18:30:58.194+0000] {dagbag.py:545} INFO - Filling up the DagBag from /home/airflow/.local/lib/python3.12/site-packages/airflow/example_dags/example_datasets.py
[2024-07-03T18:30:58.209+0000] {processor.py:840} INFO - DAG(s) 'consume_1_or_2_with_dataset_expressions', 'conditional_dataset_and_time_based_timetable', 'dataset_consumes_1_never_scheduled', 'consume_1_or_both_2_and_3_with_dataset_expressions', 'dataset_produces_2', 'dataset_consumes_1', 'dataset_consumes_unknown_never_scheduled', 'consume_1_and_2_with_dataset_expressions', 'dataset_consumes_1_and_2', 'dataset_produces_1' retrieved from /home/airflow/.local/lib/python3.12/site-packages/airflow/example_dags/example_datasets.py
[2024-07-03T18:30:58.268+0000] {logging_mixin.py:188} INFO - [2024-07-03T18:30:58.267+0000] {dag.py:3096} INFO - Sync 10 DAGs
[2024-07-03T18:30:58.292+0000] {logging_mixin.py:188} INFO - [2024-07-03T18:30:58.292+0000] {dag.py:3954} INFO - Setting next_dagrun for conditional_dataset_and_time_based_timetable to 2024-07-03 01:00:00+00:00, run_after=2024-07-03 01:00:00+00:00
[2024-07-03T18:30:58.297+0000] {logging_mixin.py:188} INFO - [2024-07-03T18:30:58.297+0000] {dag.py:3954} INFO - Setting next_dagrun for consume_1_and_2_with_dataset_expressions to None, run_after=None
[2024-07-03T18:30:58.298+0000] {logging_mixin.py:188} INFO - [2024-07-03T18:30:58.298+0000] {dag.py:3954} INFO - Setting next_dagrun for consume_1_or_2_with_dataset_expressions to None, run_after=None
[2024-07-03T18:30:58.301+0000] {logging_mixin.py:188} INFO - [2024-07-03T18:30:58.301+0000] {dag.py:3954} INFO - Setting next_dagrun for consume_1_or_both_2_and_3_with_dataset_expressions to None, run_after=None
[2024-07-03T18:30:58.302+0000] {logging_mixin.py:188} INFO - [2024-07-03T18:30:58.302+0000] {dag.py:3954} INFO - Setting next_dagrun for dataset_consumes_1 to None, run_after=None
[2024-07-03T18:30:58.304+0000] {logging_mixin.py:188} INFO - [2024-07-03T18:30:58.304+0000] {dag.py:3954} INFO - Setting next_dagrun for dataset_consumes_1_and_2 to None, run_after=None
[2024-07-03T18:30:58.305+0000] {logging_mixin.py:188} INFO - [2024-07-03T18:30:58.305+0000] {dag.py:3954} INFO - Setting next_dagrun for dataset_consumes_1_never_scheduled to None, run_after=None
[2024-07-03T18:30:58.306+0000] {logging_mixin.py:188} INFO - [2024-07-03T18:30:58.306+0000] {dag.py:3954} INFO - Setting next_dagrun for dataset_consumes_unknown_never_scheduled to None, run_after=None
[2024-07-03T18:30:58.310+0000] {logging_mixin.py:188} INFO - [2024-07-03T18:30:58.310+0000] {dag.py:3954} INFO - Setting next_dagrun for dataset_produces_1 to 2024-07-02 00:00:00+00:00, run_after=2024-07-03 00:00:00+00:00
[2024-07-03T18:30:58.312+0000] {logging_mixin.py:188} INFO - [2024-07-03T18:30:58.311+0000] {dag.py:3954} INFO - Setting next_dagrun for dataset_produces_2 to None, run_after=None
[2024-07-03T18:30:58.347+0000] {processor.py:183} INFO - Processing /home/airflow/.local/lib/python3.12/site-packages/airflow/example_dags/example_datasets.py took 0.160 seconds
[2024-07-03T18:31:28.531+0000] {processor.py:161} INFO - Started process (PID=694) to work on /home/airflow/.local/lib/python3.12/site-packages/airflow/example_dags/example_datasets.py
[2024-07-03T18:31:28.532+0000] {processor.py:830} INFO - Processing file /home/airflow/.local/lib/python3.12/site-packages/airflow/example_dags/example_datasets.py for tasks to queue
[2024-07-03T18:31:28.534+0000] {logging_mixin.py:188} INFO - [2024-07-03T18:31:28.534+0000] {dagbag.py:545} INFO - Filling up the DagBag from /home/airflow/.local/lib/python3.12/site-packages/airflow/example_dags/example_datasets.py
[2024-07-03T18:31:28.547+0000] {processor.py:840} INFO - DAG(s) 'dataset_consumes_1', 'consume_1_or_2_with_dataset_expressions', 'dataset_produces_2', 'dataset_consumes_unknown_never_scheduled', 'consume_1_and_2_with_dataset_expressions', 'dataset_consumes_1_and_2', 'conditional_dataset_and_time_based_timetable', 'dataset_produces_1', 'dataset_consumes_1_never_scheduled', 'consume_1_or_both_2_and_3_with_dataset_expressions' retrieved from /home/airflow/.local/lib/python3.12/site-packages/airflow/example_dags/example_datasets.py
[2024-07-03T18:31:28.590+0000] {logging_mixin.py:188} INFO - [2024-07-03T18:31:28.590+0000] {dag.py:3096} INFO - Sync 10 DAGs
[2024-07-03T18:31:28.612+0000] {logging_mixin.py:188} INFO - [2024-07-03T18:31:28.612+0000] {dag.py:3954} INFO - Setting next_dagrun for conditional_dataset_and_time_based_timetable to 2024-07-03 01:00:00+00:00, run_after=2024-07-03 01:00:00+00:00
[2024-07-03T18:31:28.616+0000] {logging_mixin.py:188} INFO - [2024-07-03T18:31:28.615+0000] {dag.py:3954} INFO - Setting next_dagrun for consume_1_and_2_with_dataset_expressions to None, run_after=None
[2024-07-03T18:31:28.618+0000] {logging_mixin.py:188} INFO - [2024-07-03T18:31:28.617+0000] {dag.py:3954} INFO - Setting next_dagrun for consume_1_or_2_with_dataset_expressions to None, run_after=None
[2024-07-03T18:31:28.620+0000] {logging_mixin.py:188} INFO - [2024-07-03T18:31:28.619+0000] {dag.py:3954} INFO - Setting next_dagrun for consume_1_or_both_2_and_3_with_dataset_expressions to None, run_after=None
[2024-07-03T18:31:28.621+0000] {logging_mixin.py:188} INFO - [2024-07-03T18:31:28.621+0000] {dag.py:3954} INFO - Setting next_dagrun for dataset_consumes_1 to None, run_after=None
[2024-07-03T18:31:28.622+0000] {logging_mixin.py:188} INFO - [2024-07-03T18:31:28.622+0000] {dag.py:3954} INFO - Setting next_dagrun for dataset_consumes_1_and_2 to None, run_after=None
[2024-07-03T18:31:28.623+0000] {logging_mixin.py:188} INFO - [2024-07-03T18:31:28.623+0000] {dag.py:3954} INFO - Setting next_dagrun for dataset_consumes_1_never_scheduled to None, run_after=None
[2024-07-03T18:31:28.624+0000] {logging_mixin.py:188} INFO - [2024-07-03T18:31:28.624+0000] {dag.py:3954} INFO - Setting next_dagrun for dataset_consumes_unknown_never_scheduled to None, run_after=None
[2024-07-03T18:31:28.627+0000] {logging_mixin.py:188} INFO - [2024-07-03T18:31:28.626+0000] {dag.py:3954} INFO - Setting next_dagrun for dataset_produces_1 to 2024-07-02 00:00:00+00:00, run_after=2024-07-03 00:00:00+00:00
[2024-07-03T18:31:28.628+0000] {logging_mixin.py:188} INFO - [2024-07-03T18:31:28.628+0000] {dag.py:3954} INFO - Setting next_dagrun for dataset_produces_2 to None, run_after=None
[2024-07-03T18:31:28.660+0000] {processor.py:183} INFO - Processing /home/airflow/.local/lib/python3.12/site-packages/airflow/example_dags/example_datasets.py took 0.133 seconds
[2024-07-03T18:31:58.726+0000] {processor.py:161} INFO - Started process (PID=752) to work on /home/airflow/.local/lib/python3.12/site-packages/airflow/example_dags/example_datasets.py
[2024-07-03T18:31:58.727+0000] {processor.py:830} INFO - Processing file /home/airflow/.local/lib/python3.12/site-packages/airflow/example_dags/example_datasets.py for tasks to queue
[2024-07-03T18:31:58.729+0000] {logging_mixin.py:188} INFO - [2024-07-03T18:31:58.728+0000] {dagbag.py:545} INFO - Filling up the DagBag from /home/airflow/.local/lib/python3.12/site-packages/airflow/example_dags/example_datasets.py
[2024-07-03T18:31:58.742+0000] {processor.py:840} INFO - DAG(s) 'dataset_consumes_1', 'dataset_produces_1', 'dataset_consumes_1_and_2', 'consume_1_and_2_with_dataset_expressions', 'dataset_produces_2', 'conditional_dataset_and_time_based_timetable', 'consume_1_or_both_2_and_3_with_dataset_expressions', 'dataset_consumes_1_never_scheduled', 'dataset_consumes_unknown_never_scheduled', 'consume_1_or_2_with_dataset_expressions' retrieved from /home/airflow/.local/lib/python3.12/site-packages/airflow/example_dags/example_datasets.py
[2024-07-03T18:31:58.790+0000] {logging_mixin.py:188} INFO - [2024-07-03T18:31:58.790+0000] {dag.py:3096} INFO - Sync 10 DAGs
[2024-07-03T18:31:58.812+0000] {logging_mixin.py:188} INFO - [2024-07-03T18:31:58.812+0000] {dag.py:3954} INFO - Setting next_dagrun for conditional_dataset_and_time_based_timetable to 2024-07-03 01:00:00+00:00, run_after=2024-07-03 01:00:00+00:00
[2024-07-03T18:31:58.816+0000] {logging_mixin.py:188} INFO - [2024-07-03T18:31:58.816+0000] {dag.py:3954} INFO - Setting next_dagrun for consume_1_and_2_with_dataset_expressions to None, run_after=None
[2024-07-03T18:31:58.818+0000] {logging_mixin.py:188} INFO - [2024-07-03T18:31:58.818+0000] {dag.py:3954} INFO - Setting next_dagrun for consume_1_or_2_with_dataset_expressions to None, run_after=None
[2024-07-03T18:31:58.820+0000] {logging_mixin.py:188} INFO - [2024-07-03T18:31:58.819+0000] {dag.py:3954} INFO - Setting next_dagrun for consume_1_or_both_2_and_3_with_dataset_expressions to None, run_after=None
[2024-07-03T18:31:58.821+0000] {logging_mixin.py:188} INFO - [2024-07-03T18:31:58.820+0000] {dag.py:3954} INFO - Setting next_dagrun for dataset_consumes_1 to None, run_after=None
[2024-07-03T18:31:58.822+0000] {logging_mixin.py:188} INFO - [2024-07-03T18:31:58.822+0000] {dag.py:3954} INFO - Setting next_dagrun for dataset_consumes_1_and_2 to None, run_after=None
[2024-07-03T18:31:58.823+0000] {logging_mixin.py:188} INFO - [2024-07-03T18:31:58.823+0000] {dag.py:3954} INFO - Setting next_dagrun for dataset_consumes_1_never_scheduled to None, run_after=None
[2024-07-03T18:31:58.825+0000] {logging_mixin.py:188} INFO - [2024-07-03T18:31:58.824+0000] {dag.py:3954} INFO - Setting next_dagrun for dataset_consumes_unknown_never_scheduled to None, run_after=None
[2024-07-03T18:31:58.827+0000] {logging_mixin.py:188} INFO - [2024-07-03T18:31:58.827+0000] {dag.py:3954} INFO - Setting next_dagrun for dataset_produces_1 to 2024-07-02 00:00:00+00:00, run_after=2024-07-03 00:00:00+00:00
[2024-07-03T18:31:58.828+0000] {logging_mixin.py:188} INFO - [2024-07-03T18:31:58.828+0000] {dag.py:3954} INFO - Setting next_dagrun for dataset_produces_2 to None, run_after=None
[2024-07-03T18:31:58.860+0000] {processor.py:183} INFO - Processing /home/airflow/.local/lib/python3.12/site-packages/airflow/example_dags/example_datasets.py took 0.138 seconds
[2024-07-03T18:32:29.702+0000] {processor.py:161} INFO - Started process (PID=810) to work on /home/airflow/.local/lib/python3.12/site-packages/airflow/example_dags/example_datasets.py
[2024-07-03T18:32:29.703+0000] {processor.py:830} INFO - Processing file /home/airflow/.local/lib/python3.12/site-packages/airflow/example_dags/example_datasets.py for tasks to queue
[2024-07-03T18:32:29.705+0000] {logging_mixin.py:188} INFO - [2024-07-03T18:32:29.705+0000] {dagbag.py:545} INFO - Filling up the DagBag from /home/airflow/.local/lib/python3.12/site-packages/airflow/example_dags/example_datasets.py
[2024-07-03T18:32:29.718+0000] {processor.py:840} INFO - DAG(s) 'dataset_produces_2', 'conditional_dataset_and_time_based_timetable', 'dataset_consumes_1_and_2', 'consume_1_or_both_2_and_3_with_dataset_expressions', 'dataset_consumes_1_never_scheduled', 'dataset_consumes_unknown_never_scheduled', 'consume_1_and_2_with_dataset_expressions', 'dataset_consumes_1', 'consume_1_or_2_with_dataset_expressions', 'dataset_produces_1' retrieved from /home/airflow/.local/lib/python3.12/site-packages/airflow/example_dags/example_datasets.py
[2024-07-03T18:32:29.765+0000] {logging_mixin.py:188} INFO - [2024-07-03T18:32:29.765+0000] {dag.py:3096} INFO - Sync 10 DAGs
[2024-07-03T18:32:29.791+0000] {logging_mixin.py:188} INFO - [2024-07-03T18:32:29.791+0000] {dag.py:3954} INFO - Setting next_dagrun for conditional_dataset_and_time_based_timetable to 2024-07-03 01:00:00+00:00, run_after=2024-07-03 01:00:00+00:00
[2024-07-03T18:32:29.795+0000] {logging_mixin.py:188} INFO - [2024-07-03T18:32:29.795+0000] {dag.py:3954} INFO - Setting next_dagrun for consume_1_and_2_with_dataset_expressions to None, run_after=None
[2024-07-03T18:32:29.797+0000] {logging_mixin.py:188} INFO - [2024-07-03T18:32:29.796+0000] {dag.py:3954} INFO - Setting next_dagrun for consume_1_or_2_with_dataset_expressions to None, run_after=None
[2024-07-03T18:32:29.798+0000] {logging_mixin.py:188} INFO - [2024-07-03T18:32:29.798+0000] {dag.py:3954} INFO - Setting next_dagrun for consume_1_or_both_2_and_3_with_dataset_expressions to None, run_after=None
[2024-07-03T18:32:29.801+0000] {logging_mixin.py:188} INFO - [2024-07-03T18:32:29.800+0000] {dag.py:3954} INFO - Setting next_dagrun for dataset_consumes_1 to None, run_after=None
[2024-07-03T18:32:29.803+0000] {logging_mixin.py:188} INFO - [2024-07-03T18:32:29.803+0000] {dag.py:3954} INFO - Setting next_dagrun for dataset_consumes_1_and_2 to None, run_after=None
[2024-07-03T18:32:29.804+0000] {logging_mixin.py:188} INFO - [2024-07-03T18:32:29.804+0000] {dag.py:3954} INFO - Setting next_dagrun for dataset_consumes_1_never_scheduled to None, run_after=None
[2024-07-03T18:32:29.805+0000] {logging_mixin.py:188} INFO - [2024-07-03T18:32:29.805+0000] {dag.py:3954} INFO - Setting next_dagrun for dataset_consumes_unknown_never_scheduled to None, run_after=None
[2024-07-03T18:32:29.808+0000] {logging_mixin.py:188} INFO - [2024-07-03T18:32:29.808+0000] {dag.py:3954} INFO - Setting next_dagrun for dataset_produces_1 to 2024-07-02 00:00:00+00:00, run_after=2024-07-03 00:00:00+00:00
[2024-07-03T18:32:29.809+0000] {logging_mixin.py:188} INFO - [2024-07-03T18:32:29.809+0000] {dag.py:3954} INFO - Setting next_dagrun for dataset_produces_2 to None, run_after=None
[2024-07-03T18:32:29.842+0000] {processor.py:183} INFO - Processing /home/airflow/.local/lib/python3.12/site-packages/airflow/example_dags/example_datasets.py took 0.146 seconds
[2024-07-03T18:40:27.684+0000] {processor.py:161} INFO - Started process (PID=48) to work on /home/airflow/.local/lib/python3.12/site-packages/airflow/example_dags/example_datasets.py
[2024-07-03T18:40:27.685+0000] {processor.py:830} INFO - Processing file /home/airflow/.local/lib/python3.12/site-packages/airflow/example_dags/example_datasets.py for tasks to queue
[2024-07-03T18:40:27.687+0000] {logging_mixin.py:188} INFO - [2024-07-03T18:40:27.686+0000] {dagbag.py:545} INFO - Filling up the DagBag from /home/airflow/.local/lib/python3.12/site-packages/airflow/example_dags/example_datasets.py
[2024-07-03T18:40:27.708+0000] {processor.py:840} INFO - DAG(s) 'consume_1_or_2_with_dataset_expressions', 'dataset_produces_2', 'dataset_consumes_1_never_scheduled', 'dataset_consumes_unknown_never_scheduled', 'dataset_produces_1', 'consume_1_and_2_with_dataset_expressions', 'consume_1_or_both_2_and_3_with_dataset_expressions', 'dataset_consumes_1_and_2', 'conditional_dataset_and_time_based_timetable', 'dataset_consumes_1' retrieved from /home/airflow/.local/lib/python3.12/site-packages/airflow/example_dags/example_datasets.py
[2024-07-03T18:40:27.942+0000] {logging_mixin.py:188} INFO - [2024-07-03T18:40:27.941+0000] {dag.py:3096} INFO - Sync 10 DAGs
[2024-07-03T18:40:27.969+0000] {logging_mixin.py:188} INFO - [2024-07-03T18:40:27.968+0000] {dag.py:3954} INFO - Setting next_dagrun for conditional_dataset_and_time_based_timetable to 2024-07-03 01:00:00+00:00, run_after=2024-07-03 01:00:00+00:00
[2024-07-03T18:40:27.972+0000] {logging_mixin.py:188} INFO - [2024-07-03T18:40:27.972+0000] {dag.py:3954} INFO - Setting next_dagrun for consume_1_and_2_with_dataset_expressions to None, run_after=None
[2024-07-03T18:40:27.973+0000] {logging_mixin.py:188} INFO - [2024-07-03T18:40:27.973+0000] {dag.py:3954} INFO - Setting next_dagrun for consume_1_or_2_with_dataset_expressions to None, run_after=None
[2024-07-03T18:40:27.975+0000] {logging_mixin.py:188} INFO - [2024-07-03T18:40:27.974+0000] {dag.py:3954} INFO - Setting next_dagrun for consume_1_or_both_2_and_3_with_dataset_expressions to None, run_after=None
[2024-07-03T18:40:27.976+0000] {logging_mixin.py:188} INFO - [2024-07-03T18:40:27.976+0000] {dag.py:3954} INFO - Setting next_dagrun for dataset_consumes_1 to None, run_after=None
[2024-07-03T18:40:27.978+0000] {logging_mixin.py:188} INFO - [2024-07-03T18:40:27.977+0000] {dag.py:3954} INFO - Setting next_dagrun for dataset_consumes_1_and_2 to None, run_after=None
[2024-07-03T18:40:27.979+0000] {logging_mixin.py:188} INFO - [2024-07-03T18:40:27.979+0000] {dag.py:3954} INFO - Setting next_dagrun for dataset_consumes_1_never_scheduled to None, run_after=None
[2024-07-03T18:40:27.981+0000] {logging_mixin.py:188} INFO - [2024-07-03T18:40:27.981+0000] {dag.py:3954} INFO - Setting next_dagrun for dataset_consumes_unknown_never_scheduled to None, run_after=None
[2024-07-03T18:40:27.985+0000] {logging_mixin.py:188} INFO - [2024-07-03T18:40:27.985+0000] {dag.py:3954} INFO - Setting next_dagrun for dataset_produces_1 to 2024-07-02 00:00:00+00:00, run_after=2024-07-03 00:00:00+00:00
[2024-07-03T18:40:27.987+0000] {logging_mixin.py:188} INFO - [2024-07-03T18:40:27.987+0000] {dag.py:3954} INFO - Setting next_dagrun for dataset_produces_2 to None, run_after=None
[2024-07-03T18:40:28.027+0000] {processor.py:183} INFO - Processing /home/airflow/.local/lib/python3.12/site-packages/airflow/example_dags/example_datasets.py took 0.349 seconds
[2024-07-03T18:40:58.060+0000] {processor.py:161} INFO - Started process (PID=106) to work on /home/airflow/.local/lib/python3.12/site-packages/airflow/example_dags/example_datasets.py
[2024-07-03T18:40:58.061+0000] {processor.py:830} INFO - Processing file /home/airflow/.local/lib/python3.12/site-packages/airflow/example_dags/example_datasets.py for tasks to queue
[2024-07-03T18:40:58.063+0000] {logging_mixin.py:188} INFO - [2024-07-03T18:40:58.062+0000] {dagbag.py:545} INFO - Filling up the DagBag from /home/airflow/.local/lib/python3.12/site-packages/airflow/example_dags/example_datasets.py
[2024-07-03T18:40:58.074+0000] {processor.py:840} INFO - DAG(s) 'consume_1_or_2_with_dataset_expressions', 'consume_1_and_2_with_dataset_expressions', 'dataset_produces_2', 'conditional_dataset_and_time_based_timetable', 'dataset_consumes_1', 'dataset_consumes_1_never_scheduled', 'dataset_consumes_unknown_never_scheduled', 'consume_1_or_both_2_and_3_with_dataset_expressions', 'dataset_consumes_1_and_2', 'dataset_produces_1' retrieved from /home/airflow/.local/lib/python3.12/site-packages/airflow/example_dags/example_datasets.py
[2024-07-03T18:40:58.126+0000] {logging_mixin.py:188} INFO - [2024-07-03T18:40:58.126+0000] {dag.py:3096} INFO - Sync 10 DAGs
[2024-07-03T18:40:58.155+0000] {logging_mixin.py:188} INFO - [2024-07-03T18:40:58.155+0000] {dag.py:3954} INFO - Setting next_dagrun for conditional_dataset_and_time_based_timetable to 2024-07-03 01:00:00+00:00, run_after=2024-07-03 01:00:00+00:00
[2024-07-03T18:40:58.160+0000] {logging_mixin.py:188} INFO - [2024-07-03T18:40:58.160+0000] {dag.py:3954} INFO - Setting next_dagrun for consume_1_and_2_with_dataset_expressions to None, run_after=None
[2024-07-03T18:40:58.162+0000] {logging_mixin.py:188} INFO - [2024-07-03T18:40:58.162+0000] {dag.py:3954} INFO - Setting next_dagrun for consume_1_or_2_with_dataset_expressions to None, run_after=None
[2024-07-03T18:40:58.164+0000] {logging_mixin.py:188} INFO - [2024-07-03T18:40:58.164+0000] {dag.py:3954} INFO - Setting next_dagrun for consume_1_or_both_2_and_3_with_dataset_expressions to None, run_after=None
[2024-07-03T18:40:58.166+0000] {logging_mixin.py:188} INFO - [2024-07-03T18:40:58.166+0000] {dag.py:3954} INFO - Setting next_dagrun for dataset_consumes_1 to None, run_after=None
[2024-07-03T18:40:58.168+0000] {logging_mixin.py:188} INFO - [2024-07-03T18:40:58.168+0000] {dag.py:3954} INFO - Setting next_dagrun for dataset_consumes_1_and_2 to None, run_after=None
[2024-07-03T18:40:58.169+0000] {logging_mixin.py:188} INFO - [2024-07-03T18:40:58.169+0000] {dag.py:3954} INFO - Setting next_dagrun for dataset_consumes_1_never_scheduled to None, run_after=None
[2024-07-03T18:40:58.171+0000] {logging_mixin.py:188} INFO - [2024-07-03T18:40:58.171+0000] {dag.py:3954} INFO - Setting next_dagrun for dataset_consumes_unknown_never_scheduled to None, run_after=None
[2024-07-03T18:40:58.175+0000] {logging_mixin.py:188} INFO - [2024-07-03T18:40:58.174+0000] {dag.py:3954} INFO - Setting next_dagrun for dataset_produces_1 to 2024-07-02 00:00:00+00:00, run_after=2024-07-03 00:00:00+00:00
[2024-07-03T18:40:58.177+0000] {logging_mixin.py:188} INFO - [2024-07-03T18:40:58.177+0000] {dag.py:3954} INFO - Setting next_dagrun for dataset_produces_2 to None, run_after=None
[2024-07-03T18:40:58.210+0000] {processor.py:183} INFO - Processing /home/airflow/.local/lib/python3.12/site-packages/airflow/example_dags/example_datasets.py took 0.154 seconds
[2024-07-03T18:41:28.877+0000] {processor.py:161} INFO - Started process (PID=164) to work on /home/airflow/.local/lib/python3.12/site-packages/airflow/example_dags/example_datasets.py
[2024-07-03T18:41:28.878+0000] {processor.py:830} INFO - Processing file /home/airflow/.local/lib/python3.12/site-packages/airflow/example_dags/example_datasets.py for tasks to queue
[2024-07-03T18:41:28.879+0000] {logging_mixin.py:188} INFO - [2024-07-03T18:41:28.879+0000] {dagbag.py:545} INFO - Filling up the DagBag from /home/airflow/.local/lib/python3.12/site-packages/airflow/example_dags/example_datasets.py
[2024-07-03T18:41:28.890+0000] {processor.py:840} INFO - DAG(s) 'dataset_produces_1', 'consume_1_and_2_with_dataset_expressions', 'conditional_dataset_and_time_based_timetable', 'dataset_produces_2', 'consume_1_or_both_2_and_3_with_dataset_expressions', 'consume_1_or_2_with_dataset_expressions', 'dataset_consumes_unknown_never_scheduled', 'dataset_consumes_1_and_2', 'dataset_consumes_1_never_scheduled', 'dataset_consumes_1' retrieved from /home/airflow/.local/lib/python3.12/site-packages/airflow/example_dags/example_datasets.py
[2024-07-03T18:41:28.935+0000] {logging_mixin.py:188} INFO - [2024-07-03T18:41:28.935+0000] {dag.py:3096} INFO - Sync 10 DAGs
[2024-07-03T18:41:28.957+0000] {logging_mixin.py:188} INFO - [2024-07-03T18:41:28.957+0000] {dag.py:3954} INFO - Setting next_dagrun for conditional_dataset_and_time_based_timetable to 2024-07-03 01:00:00+00:00, run_after=2024-07-03 01:00:00+00:00
[2024-07-03T18:41:28.960+0000] {logging_mixin.py:188} INFO - [2024-07-03T18:41:28.960+0000] {dag.py:3954} INFO - Setting next_dagrun for consume_1_and_2_with_dataset_expressions to None, run_after=None
[2024-07-03T18:41:28.962+0000] {logging_mixin.py:188} INFO - [2024-07-03T18:41:28.962+0000] {dag.py:3954} INFO - Setting next_dagrun for consume_1_or_2_with_dataset_expressions to None, run_after=None
[2024-07-03T18:41:28.963+0000] {logging_mixin.py:188} INFO - [2024-07-03T18:41:28.963+0000] {dag.py:3954} INFO - Setting next_dagrun for consume_1_or_both_2_and_3_with_dataset_expressions to None, run_after=None
[2024-07-03T18:41:28.965+0000] {logging_mixin.py:188} INFO - [2024-07-03T18:41:28.964+0000] {dag.py:3954} INFO - Setting next_dagrun for dataset_consumes_1 to None, run_after=None
[2024-07-03T18:41:28.966+0000] {logging_mixin.py:188} INFO - [2024-07-03T18:41:28.966+0000] {dag.py:3954} INFO - Setting next_dagrun for dataset_consumes_1_and_2 to None, run_after=None
[2024-07-03T18:41:28.968+0000] {logging_mixin.py:188} INFO - [2024-07-03T18:41:28.967+0000] {dag.py:3954} INFO - Setting next_dagrun for dataset_consumes_1_never_scheduled to None, run_after=None
[2024-07-03T18:41:28.969+0000] {logging_mixin.py:188} INFO - [2024-07-03T18:41:28.969+0000] {dag.py:3954} INFO - Setting next_dagrun for dataset_consumes_unknown_never_scheduled to None, run_after=None
[2024-07-03T18:41:28.971+0000] {logging_mixin.py:188} INFO - [2024-07-03T18:41:28.971+0000] {dag.py:3954} INFO - Setting next_dagrun for dataset_produces_1 to 2024-07-02 00:00:00+00:00, run_after=2024-07-03 00:00:00+00:00
[2024-07-03T18:41:28.972+0000] {logging_mixin.py:188} INFO - [2024-07-03T18:41:28.972+0000] {dag.py:3954} INFO - Setting next_dagrun for dataset_produces_2 to None, run_after=None
[2024-07-03T18:41:29.002+0000] {processor.py:183} INFO - Processing /home/airflow/.local/lib/python3.12/site-packages/airflow/example_dags/example_datasets.py took 0.129 seconds
[2024-07-03T18:41:59.318+0000] {processor.py:161} INFO - Started process (PID=222) to work on /home/airflow/.local/lib/python3.12/site-packages/airflow/example_dags/example_datasets.py
[2024-07-03T18:41:59.318+0000] {processor.py:830} INFO - Processing file /home/airflow/.local/lib/python3.12/site-packages/airflow/example_dags/example_datasets.py for tasks to queue
[2024-07-03T18:41:59.320+0000] {logging_mixin.py:188} INFO - [2024-07-03T18:41:59.320+0000] {dagbag.py:545} INFO - Filling up the DagBag from /home/airflow/.local/lib/python3.12/site-packages/airflow/example_dags/example_datasets.py
[2024-07-03T18:41:59.331+0000] {processor.py:840} INFO - DAG(s) 'dataset_produces_2', 'consume_1_or_2_with_dataset_expressions', 'conditional_dataset_and_time_based_timetable', 'dataset_consumes_1_never_scheduled', 'dataset_produces_1', 'consume_1_and_2_with_dataset_expressions', 'dataset_consumes_unknown_never_scheduled', 'dataset_consumes_1_and_2', 'dataset_consumes_1', 'consume_1_or_both_2_and_3_with_dataset_expressions' retrieved from /home/airflow/.local/lib/python3.12/site-packages/airflow/example_dags/example_datasets.py
[2024-07-03T18:41:59.501+0000] {logging_mixin.py:188} INFO - [2024-07-03T18:41:59.500+0000] {dag.py:3096} INFO - Sync 10 DAGs
[2024-07-03T18:41:59.520+0000] {logging_mixin.py:188} INFO - [2024-07-03T18:41:59.520+0000] {dag.py:3954} INFO - Setting next_dagrun for conditional_dataset_and_time_based_timetable to 2024-07-03 01:00:00+00:00, run_after=2024-07-03 01:00:00+00:00
[2024-07-03T18:41:59.523+0000] {logging_mixin.py:188} INFO - [2024-07-03T18:41:59.523+0000] {dag.py:3954} INFO - Setting next_dagrun for consume_1_and_2_with_dataset_expressions to None, run_after=None
[2024-07-03T18:41:59.524+0000] {logging_mixin.py:188} INFO - [2024-07-03T18:41:59.524+0000] {dag.py:3954} INFO - Setting next_dagrun for consume_1_or_2_with_dataset_expressions to None, run_after=None
[2024-07-03T18:41:59.525+0000] {logging_mixin.py:188} INFO - [2024-07-03T18:41:59.525+0000] {dag.py:3954} INFO - Setting next_dagrun for consume_1_or_both_2_and_3_with_dataset_expressions to None, run_after=None
[2024-07-03T18:41:59.527+0000] {logging_mixin.py:188} INFO - [2024-07-03T18:41:59.526+0000] {dag.py:3954} INFO - Setting next_dagrun for dataset_consumes_1 to None, run_after=None
[2024-07-03T18:41:59.528+0000] {logging_mixin.py:188} INFO - [2024-07-03T18:41:59.528+0000] {dag.py:3954} INFO - Setting next_dagrun for dataset_consumes_1_and_2 to None, run_after=None
[2024-07-03T18:41:59.529+0000] {logging_mixin.py:188} INFO - [2024-07-03T18:41:59.529+0000] {dag.py:3954} INFO - Setting next_dagrun for dataset_consumes_1_never_scheduled to None, run_after=None
[2024-07-03T18:41:59.530+0000] {logging_mixin.py:188} INFO - [2024-07-03T18:41:59.530+0000] {dag.py:3954} INFO - Setting next_dagrun for dataset_consumes_unknown_never_scheduled to None, run_after=None
[2024-07-03T18:41:59.532+0000] {logging_mixin.py:188} INFO - [2024-07-03T18:41:59.532+0000] {dag.py:3954} INFO - Setting next_dagrun for dataset_produces_1 to 2024-07-02 00:00:00+00:00, run_after=2024-07-03 00:00:00+00:00
[2024-07-03T18:41:59.533+0000] {logging_mixin.py:188} INFO - [2024-07-03T18:41:59.533+0000] {dag.py:3954} INFO - Setting next_dagrun for dataset_produces_2 to None, run_after=None
[2024-07-03T18:41:59.566+0000] {processor.py:183} INFO - Processing /home/airflow/.local/lib/python3.12/site-packages/airflow/example_dags/example_datasets.py took 0.252 seconds
