[2024-07-03T18:25:54.430+0000] {processor.py:161} INFO - Started process (PID=74) to work on /home/airflow/.local/lib/python3.12/site-packages/airflow/example_dags/example_latest_only.py
[2024-07-03T18:25:54.431+0000] {processor.py:830} INFO - Processing file /home/airflow/.local/lib/python3.12/site-packages/airflow/example_dags/example_latest_only.py for tasks to queue
[2024-07-03T18:25:54.432+0000] {logging_mixin.py:188} INFO - [2024-07-03T18:25:54.432+0000] {dagbag.py:545} INFO - Filling up the DagBag from /home/airflow/.local/lib/python3.12/site-packages/airflow/example_dags/example_latest_only.py
[2024-07-03T18:25:54.439+0000] {processor.py:840} INFO - DAG(s) 'latest_only' retrieved from /home/airflow/.local/lib/python3.12/site-packages/airflow/example_dags/example_latest_only.py
[2024-07-03T18:25:54.451+0000] {logging_mixin.py:188} INFO - [2024-07-03T18:25:54.450+0000] {dag.py:3096} INFO - Sync 1 DAGs
[2024-07-03T18:25:54.477+0000] {logging_mixin.py:188} INFO - [2024-07-03T18:25:54.477+0000] {dag.py:3954} INFO - Setting next_dagrun for latest_only to 2024-07-03 12:00:00+00:00, run_after=2024-07-03 16:00:00+00:00
[2024-07-03T18:25:54.496+0000] {processor.py:183} INFO - Processing /home/airflow/.local/lib/python3.12/site-packages/airflow/example_dags/example_latest_only.py took 0.072 seconds
[2024-07-03T18:26:26.097+0000] {processor.py:161} INFO - Started process (PID=132) to work on /home/airflow/.local/lib/python3.12/site-packages/airflow/example_dags/example_latest_only.py
[2024-07-03T18:26:26.098+0000] {processor.py:830} INFO - Processing file /home/airflow/.local/lib/python3.12/site-packages/airflow/example_dags/example_latest_only.py for tasks to queue
[2024-07-03T18:26:26.099+0000] {logging_mixin.py:188} INFO - [2024-07-03T18:26:26.099+0000] {dagbag.py:545} INFO - Filling up the DagBag from /home/airflow/.local/lib/python3.12/site-packages/airflow/example_dags/example_latest_only.py
[2024-07-03T18:26:26.104+0000] {processor.py:840} INFO - DAG(s) 'latest_only' retrieved from /home/airflow/.local/lib/python3.12/site-packages/airflow/example_dags/example_latest_only.py
[2024-07-03T18:26:26.207+0000] {logging_mixin.py:188} INFO - [2024-07-03T18:26:26.207+0000] {dag.py:3096} INFO - Sync 1 DAGs
[2024-07-03T18:26:26.227+0000] {logging_mixin.py:188} INFO - [2024-07-03T18:26:26.227+0000] {dag.py:3954} INFO - Setting next_dagrun for latest_only to 2024-07-03 12:00:00+00:00, run_after=2024-07-03 16:00:00+00:00
[2024-07-03T18:26:26.243+0000] {processor.py:183} INFO - Processing /home/airflow/.local/lib/python3.12/site-packages/airflow/example_dags/example_latest_only.py took 0.150 seconds
[2024-07-03T18:26:56.485+0000] {processor.py:161} INFO - Started process (PID=190) to work on /home/airflow/.local/lib/python3.12/site-packages/airflow/example_dags/example_latest_only.py
[2024-07-03T18:26:56.486+0000] {processor.py:830} INFO - Processing file /home/airflow/.local/lib/python3.12/site-packages/airflow/example_dags/example_latest_only.py for tasks to queue
[2024-07-03T18:26:56.488+0000] {logging_mixin.py:188} INFO - [2024-07-03T18:26:56.487+0000] {dagbag.py:545} INFO - Filling up the DagBag from /home/airflow/.local/lib/python3.12/site-packages/airflow/example_dags/example_latest_only.py
[2024-07-03T18:26:56.493+0000] {processor.py:840} INFO - DAG(s) 'latest_only' retrieved from /home/airflow/.local/lib/python3.12/site-packages/airflow/example_dags/example_latest_only.py
[2024-07-03T18:26:56.513+0000] {logging_mixin.py:188} INFO - [2024-07-03T18:26:56.512+0000] {dag.py:3096} INFO - Sync 1 DAGs
[2024-07-03T18:26:56.536+0000] {logging_mixin.py:188} INFO - [2024-07-03T18:26:56.535+0000] {dag.py:3954} INFO - Setting next_dagrun for latest_only to 2024-07-03 12:00:00+00:00, run_after=2024-07-03 16:00:00+00:00
[2024-07-03T18:26:56.554+0000] {processor.py:183} INFO - Processing /home/airflow/.local/lib/python3.12/site-packages/airflow/example_dags/example_latest_only.py took 0.074 seconds
[2024-07-03T18:27:26.927+0000] {processor.py:161} INFO - Started process (PID=248) to work on /home/airflow/.local/lib/python3.12/site-packages/airflow/example_dags/example_latest_only.py
[2024-07-03T18:27:26.928+0000] {processor.py:830} INFO - Processing file /home/airflow/.local/lib/python3.12/site-packages/airflow/example_dags/example_latest_only.py for tasks to queue
[2024-07-03T18:27:26.929+0000] {logging_mixin.py:188} INFO - [2024-07-03T18:27:26.929+0000] {dagbag.py:545} INFO - Filling up the DagBag from /home/airflow/.local/lib/python3.12/site-packages/airflow/example_dags/example_latest_only.py
[2024-07-03T18:27:26.933+0000] {processor.py:840} INFO - DAG(s) 'latest_only' retrieved from /home/airflow/.local/lib/python3.12/site-packages/airflow/example_dags/example_latest_only.py
[2024-07-03T18:27:26.950+0000] {logging_mixin.py:188} INFO - [2024-07-03T18:27:26.950+0000] {dag.py:3096} INFO - Sync 1 DAGs
[2024-07-03T18:27:26.972+0000] {logging_mixin.py:188} INFO - [2024-07-03T18:27:26.972+0000] {dag.py:3954} INFO - Setting next_dagrun for latest_only to 2024-07-03 12:00:00+00:00, run_after=2024-07-03 16:00:00+00:00
[2024-07-03T18:27:26.992+0000] {processor.py:183} INFO - Processing /home/airflow/.local/lib/python3.12/site-packages/airflow/example_dags/example_latest_only.py took 0.070 seconds
[2024-07-03T18:27:57.989+0000] {processor.py:161} INFO - Started process (PID=306) to work on /home/airflow/.local/lib/python3.12/site-packages/airflow/example_dags/example_latest_only.py
[2024-07-03T18:27:57.990+0000] {processor.py:830} INFO - Processing file /home/airflow/.local/lib/python3.12/site-packages/airflow/example_dags/example_latest_only.py for tasks to queue
[2024-07-03T18:27:57.992+0000] {logging_mixin.py:188} INFO - [2024-07-03T18:27:57.992+0000] {dagbag.py:545} INFO - Filling up the DagBag from /home/airflow/.local/lib/python3.12/site-packages/airflow/example_dags/example_latest_only.py
[2024-07-03T18:27:57.996+0000] {processor.py:840} INFO - DAG(s) 'latest_only' retrieved from /home/airflow/.local/lib/python3.12/site-packages/airflow/example_dags/example_latest_only.py
[2024-07-03T18:27:58.017+0000] {logging_mixin.py:188} INFO - [2024-07-03T18:27:58.016+0000] {dag.py:3096} INFO - Sync 1 DAGs
[2024-07-03T18:27:58.040+0000] {logging_mixin.py:188} INFO - [2024-07-03T18:27:58.039+0000] {dag.py:3954} INFO - Setting next_dagrun for latest_only to 2024-07-03 12:00:00+00:00, run_after=2024-07-03 16:00:00+00:00
[2024-07-03T18:27:58.059+0000] {processor.py:183} INFO - Processing /home/airflow/.local/lib/python3.12/site-packages/airflow/example_dags/example_latest_only.py took 0.075 seconds
[2024-07-03T18:28:28.154+0000] {processor.py:161} INFO - Started process (PID=364) to work on /home/airflow/.local/lib/python3.12/site-packages/airflow/example_dags/example_latest_only.py
[2024-07-03T18:28:28.155+0000] {processor.py:830} INFO - Processing file /home/airflow/.local/lib/python3.12/site-packages/airflow/example_dags/example_latest_only.py for tasks to queue
[2024-07-03T18:28:28.157+0000] {logging_mixin.py:188} INFO - [2024-07-03T18:28:28.157+0000] {dagbag.py:545} INFO - Filling up the DagBag from /home/airflow/.local/lib/python3.12/site-packages/airflow/example_dags/example_latest_only.py
[2024-07-03T18:28:28.162+0000] {processor.py:840} INFO - DAG(s) 'latest_only' retrieved from /home/airflow/.local/lib/python3.12/site-packages/airflow/example_dags/example_latest_only.py
[2024-07-03T18:28:28.180+0000] {logging_mixin.py:188} INFO - [2024-07-03T18:28:28.180+0000] {dag.py:3096} INFO - Sync 1 DAGs
[2024-07-03T18:28:28.199+0000] {logging_mixin.py:188} INFO - [2024-07-03T18:28:28.199+0000] {dag.py:3954} INFO - Setting next_dagrun for latest_only to 2024-07-03 12:00:00+00:00, run_after=2024-07-03 16:00:00+00:00
[2024-07-03T18:28:28.215+0000] {processor.py:183} INFO - Processing /home/airflow/.local/lib/python3.12/site-packages/airflow/example_dags/example_latest_only.py took 0.065 seconds
[2024-07-03T18:28:58.589+0000] {processor.py:161} INFO - Started process (PID=422) to work on /home/airflow/.local/lib/python3.12/site-packages/airflow/example_dags/example_latest_only.py
[2024-07-03T18:28:58.590+0000] {processor.py:830} INFO - Processing file /home/airflow/.local/lib/python3.12/site-packages/airflow/example_dags/example_latest_only.py for tasks to queue
[2024-07-03T18:28:58.591+0000] {logging_mixin.py:188} INFO - [2024-07-03T18:28:58.591+0000] {dagbag.py:545} INFO - Filling up the DagBag from /home/airflow/.local/lib/python3.12/site-packages/airflow/example_dags/example_latest_only.py
[2024-07-03T18:28:58.595+0000] {processor.py:840} INFO - DAG(s) 'latest_only' retrieved from /home/airflow/.local/lib/python3.12/site-packages/airflow/example_dags/example_latest_only.py
[2024-07-03T18:28:58.611+0000] {logging_mixin.py:188} INFO - [2024-07-03T18:28:58.611+0000] {dag.py:3096} INFO - Sync 1 DAGs
[2024-07-03T18:28:58.629+0000] {logging_mixin.py:188} INFO - [2024-07-03T18:28:58.629+0000] {dag.py:3954} INFO - Setting next_dagrun for latest_only to 2024-07-03 12:00:00+00:00, run_after=2024-07-03 16:00:00+00:00
[2024-07-03T18:28:58.646+0000] {processor.py:183} INFO - Processing /home/airflow/.local/lib/python3.12/site-packages/airflow/example_dags/example_latest_only.py took 0.062 seconds
[2024-07-03T18:29:29.113+0000] {processor.py:161} INFO - Started process (PID=480) to work on /home/airflow/.local/lib/python3.12/site-packages/airflow/example_dags/example_latest_only.py
[2024-07-03T18:29:29.114+0000] {processor.py:830} INFO - Processing file /home/airflow/.local/lib/python3.12/site-packages/airflow/example_dags/example_latest_only.py for tasks to queue
[2024-07-03T18:29:29.115+0000] {logging_mixin.py:188} INFO - [2024-07-03T18:29:29.115+0000] {dagbag.py:545} INFO - Filling up the DagBag from /home/airflow/.local/lib/python3.12/site-packages/airflow/example_dags/example_latest_only.py
[2024-07-03T18:29:29.119+0000] {processor.py:840} INFO - DAG(s) 'latest_only' retrieved from /home/airflow/.local/lib/python3.12/site-packages/airflow/example_dags/example_latest_only.py
[2024-07-03T18:29:29.139+0000] {logging_mixin.py:188} INFO - [2024-07-03T18:29:29.139+0000] {dag.py:3096} INFO - Sync 1 DAGs
[2024-07-03T18:29:29.157+0000] {logging_mixin.py:188} INFO - [2024-07-03T18:29:29.157+0000] {dag.py:3954} INFO - Setting next_dagrun for latest_only to 2024-07-03 12:00:00+00:00, run_after=2024-07-03 16:00:00+00:00
[2024-07-03T18:29:29.172+0000] {processor.py:183} INFO - Processing /home/airflow/.local/lib/python3.12/site-packages/airflow/example_dags/example_latest_only.py took 0.064 seconds
[2024-07-03T18:29:59.488+0000] {processor.py:161} INFO - Started process (PID=538) to work on /home/airflow/.local/lib/python3.12/site-packages/airflow/example_dags/example_latest_only.py
[2024-07-03T18:29:59.489+0000] {processor.py:830} INFO - Processing file /home/airflow/.local/lib/python3.12/site-packages/airflow/example_dags/example_latest_only.py for tasks to queue
[2024-07-03T18:29:59.490+0000] {logging_mixin.py:188} INFO - [2024-07-03T18:29:59.490+0000] {dagbag.py:545} INFO - Filling up the DagBag from /home/airflow/.local/lib/python3.12/site-packages/airflow/example_dags/example_latest_only.py
[2024-07-03T18:29:59.494+0000] {processor.py:840} INFO - DAG(s) 'latest_only' retrieved from /home/airflow/.local/lib/python3.12/site-packages/airflow/example_dags/example_latest_only.py
[2024-07-03T18:29:59.511+0000] {logging_mixin.py:188} INFO - [2024-07-03T18:29:59.511+0000] {dag.py:3096} INFO - Sync 1 DAGs
[2024-07-03T18:29:59.529+0000] {logging_mixin.py:188} INFO - [2024-07-03T18:29:59.529+0000] {dag.py:3954} INFO - Setting next_dagrun for latest_only to 2024-07-03 12:00:00+00:00, run_after=2024-07-03 16:00:00+00:00
[2024-07-03T18:29:59.543+0000] {processor.py:183} INFO - Processing /home/airflow/.local/lib/python3.12/site-packages/airflow/example_dags/example_latest_only.py took 0.060 seconds
[2024-07-03T18:30:30.370+0000] {processor.py:161} INFO - Started process (PID=603) to work on /home/airflow/.local/lib/python3.12/site-packages/airflow/example_dags/example_latest_only.py
[2024-07-03T18:30:30.371+0000] {processor.py:830} INFO - Processing file /home/airflow/.local/lib/python3.12/site-packages/airflow/example_dags/example_latest_only.py for tasks to queue
[2024-07-03T18:30:30.372+0000] {logging_mixin.py:188} INFO - [2024-07-03T18:30:30.372+0000] {dagbag.py:545} INFO - Filling up the DagBag from /home/airflow/.local/lib/python3.12/site-packages/airflow/example_dags/example_latest_only.py
[2024-07-03T18:30:30.376+0000] {processor.py:840} INFO - DAG(s) 'latest_only' retrieved from /home/airflow/.local/lib/python3.12/site-packages/airflow/example_dags/example_latest_only.py
[2024-07-03T18:30:30.394+0000] {logging_mixin.py:188} INFO - [2024-07-03T18:30:30.394+0000] {dag.py:3096} INFO - Sync 1 DAGs
[2024-07-03T18:30:30.414+0000] {logging_mixin.py:188} INFO - [2024-07-03T18:30:30.413+0000] {dag.py:3954} INFO - Setting next_dagrun for latest_only to 2024-07-03 12:00:00+00:00, run_after=2024-07-03 16:00:00+00:00
[2024-07-03T18:30:30.428+0000] {processor.py:183} INFO - Processing /home/airflow/.local/lib/python3.12/site-packages/airflow/example_dags/example_latest_only.py took 0.063 seconds
[2024-07-03T18:31:00.928+0000] {processor.py:161} INFO - Started process (PID=662) to work on /home/airflow/.local/lib/python3.12/site-packages/airflow/example_dags/example_latest_only.py
[2024-07-03T18:31:00.930+0000] {processor.py:830} INFO - Processing file /home/airflow/.local/lib/python3.12/site-packages/airflow/example_dags/example_latest_only.py for tasks to queue
[2024-07-03T18:31:00.931+0000] {logging_mixin.py:188} INFO - [2024-07-03T18:31:00.931+0000] {dagbag.py:545} INFO - Filling up the DagBag from /home/airflow/.local/lib/python3.12/site-packages/airflow/example_dags/example_latest_only.py
[2024-07-03T18:31:00.937+0000] {processor.py:840} INFO - DAG(s) 'latest_only' retrieved from /home/airflow/.local/lib/python3.12/site-packages/airflow/example_dags/example_latest_only.py
[2024-07-03T18:31:00.957+0000] {logging_mixin.py:188} INFO - [2024-07-03T18:31:00.957+0000] {dag.py:3096} INFO - Sync 1 DAGs
[2024-07-03T18:31:00.983+0000] {logging_mixin.py:188} INFO - [2024-07-03T18:31:00.983+0000] {dag.py:3954} INFO - Setting next_dagrun for latest_only to 2024-07-03 12:00:00+00:00, run_after=2024-07-03 16:00:00+00:00
[2024-07-03T18:31:01.004+0000] {processor.py:183} INFO - Processing /home/airflow/.local/lib/python3.12/site-packages/airflow/example_dags/example_latest_only.py took 0.081 seconds
[2024-07-03T18:31:31.345+0000] {processor.py:161} INFO - Started process (PID=720) to work on /home/airflow/.local/lib/python3.12/site-packages/airflow/example_dags/example_latest_only.py
[2024-07-03T18:31:31.346+0000] {processor.py:830} INFO - Processing file /home/airflow/.local/lib/python3.12/site-packages/airflow/example_dags/example_latest_only.py for tasks to queue
[2024-07-03T18:31:31.348+0000] {logging_mixin.py:188} INFO - [2024-07-03T18:31:31.347+0000] {dagbag.py:545} INFO - Filling up the DagBag from /home/airflow/.local/lib/python3.12/site-packages/airflow/example_dags/example_latest_only.py
[2024-07-03T18:31:31.355+0000] {processor.py:840} INFO - DAG(s) 'latest_only' retrieved from /home/airflow/.local/lib/python3.12/site-packages/airflow/example_dags/example_latest_only.py
[2024-07-03T18:31:31.377+0000] {logging_mixin.py:188} INFO - [2024-07-03T18:31:31.377+0000] {dag.py:3096} INFO - Sync 1 DAGs
[2024-07-03T18:31:31.398+0000] {logging_mixin.py:188} INFO - [2024-07-03T18:31:31.397+0000] {dag.py:3954} INFO - Setting next_dagrun for latest_only to 2024-07-03 12:00:00+00:00, run_after=2024-07-03 16:00:00+00:00
[2024-07-03T18:31:31.422+0000] {processor.py:183} INFO - Processing /home/airflow/.local/lib/python3.12/site-packages/airflow/example_dags/example_latest_only.py took 0.083 seconds
[2024-07-03T18:32:01.548+0000] {processor.py:161} INFO - Started process (PID=778) to work on /home/airflow/.local/lib/python3.12/site-packages/airflow/example_dags/example_latest_only.py
[2024-07-03T18:32:01.549+0000] {processor.py:830} INFO - Processing file /home/airflow/.local/lib/python3.12/site-packages/airflow/example_dags/example_latest_only.py for tasks to queue
[2024-07-03T18:32:01.552+0000] {logging_mixin.py:188} INFO - [2024-07-03T18:32:01.552+0000] {dagbag.py:545} INFO - Filling up the DagBag from /home/airflow/.local/lib/python3.12/site-packages/airflow/example_dags/example_latest_only.py
[2024-07-03T18:32:01.556+0000] {processor.py:840} INFO - DAG(s) 'latest_only' retrieved from /home/airflow/.local/lib/python3.12/site-packages/airflow/example_dags/example_latest_only.py
[2024-07-03T18:32:01.574+0000] {logging_mixin.py:188} INFO - [2024-07-03T18:32:01.574+0000] {dag.py:3096} INFO - Sync 1 DAGs
[2024-07-03T18:32:01.593+0000] {logging_mixin.py:188} INFO - [2024-07-03T18:32:01.593+0000] {dag.py:3954} INFO - Setting next_dagrun for latest_only to 2024-07-03 12:00:00+00:00, run_after=2024-07-03 16:00:00+00:00
[2024-07-03T18:32:01.610+0000] {processor.py:183} INFO - Processing /home/airflow/.local/lib/python3.12/site-packages/airflow/example_dags/example_latest_only.py took 0.066 seconds
[2024-07-03T18:32:32.391+0000] {processor.py:161} INFO - Started process (PID=836) to work on /home/airflow/.local/lib/python3.12/site-packages/airflow/example_dags/example_latest_only.py
[2024-07-03T18:32:32.392+0000] {processor.py:830} INFO - Processing file /home/airflow/.local/lib/python3.12/site-packages/airflow/example_dags/example_latest_only.py for tasks to queue
[2024-07-03T18:32:32.393+0000] {logging_mixin.py:188} INFO - [2024-07-03T18:32:32.393+0000] {dagbag.py:545} INFO - Filling up the DagBag from /home/airflow/.local/lib/python3.12/site-packages/airflow/example_dags/example_latest_only.py
[2024-07-03T18:32:32.397+0000] {processor.py:840} INFO - DAG(s) 'latest_only' retrieved from /home/airflow/.local/lib/python3.12/site-packages/airflow/example_dags/example_latest_only.py
[2024-07-03T18:32:32.414+0000] {logging_mixin.py:188} INFO - [2024-07-03T18:32:32.413+0000] {dag.py:3096} INFO - Sync 1 DAGs
[2024-07-03T18:32:32.435+0000] {logging_mixin.py:188} INFO - [2024-07-03T18:32:32.435+0000] {dag.py:3954} INFO - Setting next_dagrun for latest_only to 2024-07-03 12:00:00+00:00, run_after=2024-07-03 16:00:00+00:00
[2024-07-03T18:32:32.450+0000] {processor.py:183} INFO - Processing /home/airflow/.local/lib/python3.12/site-packages/airflow/example_dags/example_latest_only.py took 0.064 seconds
[2024-07-03T18:40:30.249+0000] {processor.py:161} INFO - Started process (PID=74) to work on /home/airflow/.local/lib/python3.12/site-packages/airflow/example_dags/example_latest_only.py
[2024-07-03T18:40:30.251+0000] {processor.py:830} INFO - Processing file /home/airflow/.local/lib/python3.12/site-packages/airflow/example_dags/example_latest_only.py for tasks to queue
[2024-07-03T18:40:30.254+0000] {logging_mixin.py:188} INFO - [2024-07-03T18:40:30.254+0000] {dagbag.py:545} INFO - Filling up the DagBag from /home/airflow/.local/lib/python3.12/site-packages/airflow/example_dags/example_latest_only.py
[2024-07-03T18:40:30.261+0000] {processor.py:840} INFO - DAG(s) 'latest_only' retrieved from /home/airflow/.local/lib/python3.12/site-packages/airflow/example_dags/example_latest_only.py
[2024-07-03T18:40:30.382+0000] {logging_mixin.py:188} INFO - [2024-07-03T18:40:30.380+0000] {dag.py:3096} INFO - Sync 1 DAGs
[2024-07-03T18:40:30.403+0000] {logging_mixin.py:188} INFO - [2024-07-03T18:40:30.402+0000] {dag.py:3954} INFO - Setting next_dagrun for latest_only to 2024-07-03 12:00:00+00:00, run_after=2024-07-03 16:00:00+00:00
[2024-07-03T18:40:30.424+0000] {processor.py:183} INFO - Processing /home/airflow/.local/lib/python3.12/site-packages/airflow/example_dags/example_latest_only.py took 0.183 seconds
[2024-07-03T18:41:01.195+0000] {processor.py:161} INFO - Started process (PID=132) to work on /home/airflow/.local/lib/python3.12/site-packages/airflow/example_dags/example_latest_only.py
[2024-07-03T18:41:01.196+0000] {processor.py:830} INFO - Processing file /home/airflow/.local/lib/python3.12/site-packages/airflow/example_dags/example_latest_only.py for tasks to queue
[2024-07-03T18:41:01.198+0000] {logging_mixin.py:188} INFO - [2024-07-03T18:41:01.197+0000] {dagbag.py:545} INFO - Filling up the DagBag from /home/airflow/.local/lib/python3.12/site-packages/airflow/example_dags/example_latest_only.py
[2024-07-03T18:41:01.201+0000] {processor.py:840} INFO - DAG(s) 'latest_only' retrieved from /home/airflow/.local/lib/python3.12/site-packages/airflow/example_dags/example_latest_only.py
[2024-07-03T18:41:01.217+0000] {logging_mixin.py:188} INFO - [2024-07-03T18:41:01.216+0000] {dag.py:3096} INFO - Sync 1 DAGs
[2024-07-03T18:41:01.234+0000] {logging_mixin.py:188} INFO - [2024-07-03T18:41:01.234+0000] {dag.py:3954} INFO - Setting next_dagrun for latest_only to 2024-07-03 12:00:00+00:00, run_after=2024-07-03 16:00:00+00:00
[2024-07-03T18:41:01.249+0000] {processor.py:183} INFO - Processing /home/airflow/.local/lib/python3.12/site-packages/airflow/example_dags/example_latest_only.py took 0.059 seconds
[2024-07-03T18:41:31.475+0000] {processor.py:161} INFO - Started process (PID=190) to work on /home/airflow/.local/lib/python3.12/site-packages/airflow/example_dags/example_latest_only.py
[2024-07-03T18:41:31.476+0000] {processor.py:830} INFO - Processing file /home/airflow/.local/lib/python3.12/site-packages/airflow/example_dags/example_latest_only.py for tasks to queue
[2024-07-03T18:41:31.478+0000] {logging_mixin.py:188} INFO - [2024-07-03T18:41:31.478+0000] {dagbag.py:545} INFO - Filling up the DagBag from /home/airflow/.local/lib/python3.12/site-packages/airflow/example_dags/example_latest_only.py
[2024-07-03T18:41:31.481+0000] {processor.py:840} INFO - DAG(s) 'latest_only' retrieved from /home/airflow/.local/lib/python3.12/site-packages/airflow/example_dags/example_latest_only.py
[2024-07-03T18:41:31.498+0000] {logging_mixin.py:188} INFO - [2024-07-03T18:41:31.498+0000] {dag.py:3096} INFO - Sync 1 DAGs
[2024-07-03T18:41:31.516+0000] {logging_mixin.py:188} INFO - [2024-07-03T18:41:31.516+0000] {dag.py:3954} INFO - Setting next_dagrun for latest_only to 2024-07-03 12:00:00+00:00, run_after=2024-07-03 16:00:00+00:00
[2024-07-03T18:41:31.533+0000] {processor.py:183} INFO - Processing /home/airflow/.local/lib/python3.12/site-packages/airflow/example_dags/example_latest_only.py took 0.061 seconds
[2024-07-03T18:42:01.650+0000] {processor.py:161} INFO - Started process (PID=248) to work on /home/airflow/.local/lib/python3.12/site-packages/airflow/example_dags/example_latest_only.py
[2024-07-03T18:42:01.651+0000] {processor.py:830} INFO - Processing file /home/airflow/.local/lib/python3.12/site-packages/airflow/example_dags/example_latest_only.py for tasks to queue
[2024-07-03T18:42:01.653+0000] {logging_mixin.py:188} INFO - [2024-07-03T18:42:01.652+0000] {dagbag.py:545} INFO - Filling up the DagBag from /home/airflow/.local/lib/python3.12/site-packages/airflow/example_dags/example_latest_only.py
[2024-07-03T18:42:01.656+0000] {processor.py:840} INFO - DAG(s) 'latest_only' retrieved from /home/airflow/.local/lib/python3.12/site-packages/airflow/example_dags/example_latest_only.py
[2024-07-03T18:42:01.741+0000] {logging_mixin.py:188} INFO - [2024-07-03T18:42:01.741+0000] {dag.py:3096} INFO - Sync 1 DAGs
[2024-07-03T18:42:01.757+0000] {logging_mixin.py:188} INFO - [2024-07-03T18:42:01.757+0000] {dag.py:3954} INFO - Setting next_dagrun for latest_only to 2024-07-03 12:00:00+00:00, run_after=2024-07-03 16:00:00+00:00
[2024-07-03T18:42:01.775+0000] {processor.py:183} INFO - Processing /home/airflow/.local/lib/python3.12/site-packages/airflow/example_dags/example_latest_only.py took 0.129 seconds
