[2024-07-03T18:25:51.942+0000] {processor.py:161} INFO - Started process (PID=40) to work on /home/airflow/.local/lib/python3.12/site-packages/airflow/example_dags/example_skip_dag.py
[2024-07-03T18:25:51.943+0000] {processor.py:830} INFO - Processing file /home/airflow/.local/lib/python3.12/site-packages/airflow/example_dags/example_skip_dag.py for tasks to queue
[2024-07-03T18:25:51.945+0000] {logging_mixin.py:188} INFO - [2024-07-03T18:25:51.944+0000] {dagbag.py:545} INFO - Filling up the DagBag from /home/airflow/.local/lib/python3.12/site-packages/airflow/example_dags/example_skip_dag.py
[2024-07-03T18:25:51.954+0000] {processor.py:840} INFO - DAG(s) 'example_skip_dag' retrieved from /home/airflow/.local/lib/python3.12/site-packages/airflow/example_dags/example_skip_dag.py
[2024-07-03T18:25:51.966+0000] {logging_mixin.py:188} INFO - [2024-07-03T18:25:51.965+0000] {dag.py:3096} INFO - Sync 1 DAGs
[2024-07-03T18:25:51.989+0000] {logging_mixin.py:188} INFO - [2024-07-03T18:25:51.989+0000] {dag.py:3954} INFO - Setting next_dagrun for example_skip_dag to 2024-07-02 00:00:00+00:00, run_after=2024-07-03 00:00:00+00:00
[2024-07-03T18:25:52.008+0000] {processor.py:183} INFO - Processing /home/airflow/.local/lib/python3.12/site-packages/airflow/example_dags/example_skip_dag.py took 0.072 seconds
[2024-07-03T18:26:22.820+0000] {processor.py:161} INFO - Started process (PID=98) to work on /home/airflow/.local/lib/python3.12/site-packages/airflow/example_dags/example_skip_dag.py
[2024-07-03T18:26:22.821+0000] {processor.py:830} INFO - Processing file /home/airflow/.local/lib/python3.12/site-packages/airflow/example_dags/example_skip_dag.py for tasks to queue
[2024-07-03T18:26:22.822+0000] {logging_mixin.py:188} INFO - [2024-07-03T18:26:22.822+0000] {dagbag.py:545} INFO - Filling up the DagBag from /home/airflow/.local/lib/python3.12/site-packages/airflow/example_dags/example_skip_dag.py
[2024-07-03T18:26:22.827+0000] {processor.py:840} INFO - DAG(s) 'example_skip_dag' retrieved from /home/airflow/.local/lib/python3.12/site-packages/airflow/example_dags/example_skip_dag.py
[2024-07-03T18:26:22.913+0000] {logging_mixin.py:188} INFO - [2024-07-03T18:26:22.913+0000] {dag.py:3096} INFO - Sync 1 DAGs
[2024-07-03T18:26:22.930+0000] {logging_mixin.py:188} INFO - [2024-07-03T18:26:22.930+0000] {dag.py:3954} INFO - Setting next_dagrun for example_skip_dag to 2024-07-02 00:00:00+00:00, run_after=2024-07-03 00:00:00+00:00
[2024-07-03T18:26:22.946+0000] {processor.py:183} INFO - Processing /home/airflow/.local/lib/python3.12/site-packages/airflow/example_dags/example_skip_dag.py took 0.131 seconds
[2024-07-03T18:26:53.574+0000] {processor.py:161} INFO - Started process (PID=156) to work on /home/airflow/.local/lib/python3.12/site-packages/airflow/example_dags/example_skip_dag.py
[2024-07-03T18:26:53.574+0000] {processor.py:830} INFO - Processing file /home/airflow/.local/lib/python3.12/site-packages/airflow/example_dags/example_skip_dag.py for tasks to queue
[2024-07-03T18:26:53.576+0000] {logging_mixin.py:188} INFO - [2024-07-03T18:26:53.576+0000] {dagbag.py:545} INFO - Filling up the DagBag from /home/airflow/.local/lib/python3.12/site-packages/airflow/example_dags/example_skip_dag.py
[2024-07-03T18:26:53.581+0000] {processor.py:840} INFO - DAG(s) 'example_skip_dag' retrieved from /home/airflow/.local/lib/python3.12/site-packages/airflow/example_dags/example_skip_dag.py
[2024-07-03T18:26:53.603+0000] {logging_mixin.py:188} INFO - [2024-07-03T18:26:53.603+0000] {dag.py:3096} INFO - Sync 1 DAGs
[2024-07-03T18:26:53.625+0000] {logging_mixin.py:188} INFO - [2024-07-03T18:26:53.625+0000] {dag.py:3954} INFO - Setting next_dagrun for example_skip_dag to 2024-07-02 00:00:00+00:00, run_after=2024-07-03 00:00:00+00:00
[2024-07-03T18:26:53.643+0000] {processor.py:183} INFO - Processing /home/airflow/.local/lib/python3.12/site-packages/airflow/example_dags/example_skip_dag.py took 0.075 seconds
[2024-07-03T18:27:23.714+0000] {processor.py:161} INFO - Started process (PID=214) to work on /home/airflow/.local/lib/python3.12/site-packages/airflow/example_dags/example_skip_dag.py
[2024-07-03T18:27:23.715+0000] {processor.py:830} INFO - Processing file /home/airflow/.local/lib/python3.12/site-packages/airflow/example_dags/example_skip_dag.py for tasks to queue
[2024-07-03T18:27:23.717+0000] {logging_mixin.py:188} INFO - [2024-07-03T18:27:23.716+0000] {dagbag.py:545} INFO - Filling up the DagBag from /home/airflow/.local/lib/python3.12/site-packages/airflow/example_dags/example_skip_dag.py
[2024-07-03T18:27:23.722+0000] {processor.py:840} INFO - DAG(s) 'example_skip_dag' retrieved from /home/airflow/.local/lib/python3.12/site-packages/airflow/example_dags/example_skip_dag.py
[2024-07-03T18:27:23.758+0000] {logging_mixin.py:188} INFO - [2024-07-03T18:27:23.758+0000] {dag.py:3096} INFO - Sync 1 DAGs
[2024-07-03T18:27:23.779+0000] {logging_mixin.py:188} INFO - [2024-07-03T18:27:23.778+0000] {dag.py:3954} INFO - Setting next_dagrun for example_skip_dag to 2024-07-02 00:00:00+00:00, run_after=2024-07-03 00:00:00+00:00
[2024-07-03T18:27:23.795+0000] {processor.py:183} INFO - Processing /home/airflow/.local/lib/python3.12/site-packages/airflow/example_dags/example_skip_dag.py took 0.085 seconds
[2024-07-03T18:27:54.089+0000] {processor.py:161} INFO - Started process (PID=272) to work on /home/airflow/.local/lib/python3.12/site-packages/airflow/example_dags/example_skip_dag.py
[2024-07-03T18:27:54.090+0000] {processor.py:830} INFO - Processing file /home/airflow/.local/lib/python3.12/site-packages/airflow/example_dags/example_skip_dag.py for tasks to queue
[2024-07-03T18:27:54.092+0000] {logging_mixin.py:188} INFO - [2024-07-03T18:27:54.092+0000] {dagbag.py:545} INFO - Filling up the DagBag from /home/airflow/.local/lib/python3.12/site-packages/airflow/example_dags/example_skip_dag.py
[2024-07-03T18:27:54.097+0000] {processor.py:840} INFO - DAG(s) 'example_skip_dag' retrieved from /home/airflow/.local/lib/python3.12/site-packages/airflow/example_dags/example_skip_dag.py
[2024-07-03T18:27:54.116+0000] {logging_mixin.py:188} INFO - [2024-07-03T18:27:54.116+0000] {dag.py:3096} INFO - Sync 1 DAGs
[2024-07-03T18:27:54.135+0000] {logging_mixin.py:188} INFO - [2024-07-03T18:27:54.134+0000] {dag.py:3954} INFO - Setting next_dagrun for example_skip_dag to 2024-07-02 00:00:00+00:00, run_after=2024-07-03 00:00:00+00:00
[2024-07-03T18:27:54.150+0000] {processor.py:183} INFO - Processing /home/airflow/.local/lib/python3.12/site-packages/airflow/example_dags/example_skip_dag.py took 0.067 seconds
[2024-07-03T18:28:24.310+0000] {processor.py:161} INFO - Started process (PID=330) to work on /home/airflow/.local/lib/python3.12/site-packages/airflow/example_dags/example_skip_dag.py
[2024-07-03T18:28:24.311+0000] {processor.py:830} INFO - Processing file /home/airflow/.local/lib/python3.12/site-packages/airflow/example_dags/example_skip_dag.py for tasks to queue
[2024-07-03T18:28:24.313+0000] {logging_mixin.py:188} INFO - [2024-07-03T18:28:24.313+0000] {dagbag.py:545} INFO - Filling up the DagBag from /home/airflow/.local/lib/python3.12/site-packages/airflow/example_dags/example_skip_dag.py
[2024-07-03T18:28:24.323+0000] {processor.py:840} INFO - DAG(s) 'example_skip_dag' retrieved from /home/airflow/.local/lib/python3.12/site-packages/airflow/example_dags/example_skip_dag.py
[2024-07-03T18:28:24.352+0000] {logging_mixin.py:188} INFO - [2024-07-03T18:28:24.352+0000] {dag.py:3096} INFO - Sync 1 DAGs
[2024-07-03T18:28:24.379+0000] {logging_mixin.py:188} INFO - [2024-07-03T18:28:24.379+0000] {dag.py:3954} INFO - Setting next_dagrun for example_skip_dag to 2024-07-02 00:00:00+00:00, run_after=2024-07-03 00:00:00+00:00
[2024-07-03T18:28:24.399+0000] {processor.py:183} INFO - Processing /home/airflow/.local/lib/python3.12/site-packages/airflow/example_dags/example_skip_dag.py took 0.095 seconds
[2024-07-03T18:28:54.819+0000] {processor.py:161} INFO - Started process (PID=388) to work on /home/airflow/.local/lib/python3.12/site-packages/airflow/example_dags/example_skip_dag.py
[2024-07-03T18:28:54.820+0000] {processor.py:830} INFO - Processing file /home/airflow/.local/lib/python3.12/site-packages/airflow/example_dags/example_skip_dag.py for tasks to queue
[2024-07-03T18:28:54.822+0000] {logging_mixin.py:188} INFO - [2024-07-03T18:28:54.822+0000] {dagbag.py:545} INFO - Filling up the DagBag from /home/airflow/.local/lib/python3.12/site-packages/airflow/example_dags/example_skip_dag.py
[2024-07-03T18:28:54.827+0000] {processor.py:840} INFO - DAG(s) 'example_skip_dag' retrieved from /home/airflow/.local/lib/python3.12/site-packages/airflow/example_dags/example_skip_dag.py
[2024-07-03T18:28:54.846+0000] {logging_mixin.py:188} INFO - [2024-07-03T18:28:54.845+0000] {dag.py:3096} INFO - Sync 1 DAGs
[2024-07-03T18:28:54.863+0000] {logging_mixin.py:188} INFO - [2024-07-03T18:28:54.863+0000] {dag.py:3954} INFO - Setting next_dagrun for example_skip_dag to 2024-07-02 00:00:00+00:00, run_after=2024-07-03 00:00:00+00:00
[2024-07-03T18:28:54.879+0000] {processor.py:183} INFO - Processing /home/airflow/.local/lib/python3.12/site-packages/airflow/example_dags/example_skip_dag.py took 0.064 seconds
[2024-07-03T18:29:25.303+0000] {processor.py:161} INFO - Started process (PID=446) to work on /home/airflow/.local/lib/python3.12/site-packages/airflow/example_dags/example_skip_dag.py
[2024-07-03T18:29:25.303+0000] {processor.py:830} INFO - Processing file /home/airflow/.local/lib/python3.12/site-packages/airflow/example_dags/example_skip_dag.py for tasks to queue
[2024-07-03T18:29:25.305+0000] {logging_mixin.py:188} INFO - [2024-07-03T18:29:25.305+0000] {dagbag.py:545} INFO - Filling up the DagBag from /home/airflow/.local/lib/python3.12/site-packages/airflow/example_dags/example_skip_dag.py
[2024-07-03T18:29:25.310+0000] {processor.py:840} INFO - DAG(s) 'example_skip_dag' retrieved from /home/airflow/.local/lib/python3.12/site-packages/airflow/example_dags/example_skip_dag.py
[2024-07-03T18:29:25.328+0000] {logging_mixin.py:188} INFO - [2024-07-03T18:29:25.328+0000] {dag.py:3096} INFO - Sync 1 DAGs
[2024-07-03T18:29:25.348+0000] {logging_mixin.py:188} INFO - [2024-07-03T18:29:25.348+0000] {dag.py:3954} INFO - Setting next_dagrun for example_skip_dag to 2024-07-02 00:00:00+00:00, run_after=2024-07-03 00:00:00+00:00
[2024-07-03T18:29:25.363+0000] {processor.py:183} INFO - Processing /home/airflow/.local/lib/python3.12/site-packages/airflow/example_dags/example_skip_dag.py took 0.065 seconds
[2024-07-03T18:29:55.793+0000] {processor.py:161} INFO - Started process (PID=504) to work on /home/airflow/.local/lib/python3.12/site-packages/airflow/example_dags/example_skip_dag.py
[2024-07-03T18:29:55.793+0000] {processor.py:830} INFO - Processing file /home/airflow/.local/lib/python3.12/site-packages/airflow/example_dags/example_skip_dag.py for tasks to queue
[2024-07-03T18:29:55.795+0000] {logging_mixin.py:188} INFO - [2024-07-03T18:29:55.795+0000] {dagbag.py:545} INFO - Filling up the DagBag from /home/airflow/.local/lib/python3.12/site-packages/airflow/example_dags/example_skip_dag.py
[2024-07-03T18:29:55.800+0000] {processor.py:840} INFO - DAG(s) 'example_skip_dag' retrieved from /home/airflow/.local/lib/python3.12/site-packages/airflow/example_dags/example_skip_dag.py
[2024-07-03T18:29:55.819+0000] {logging_mixin.py:188} INFO - [2024-07-03T18:29:55.819+0000] {dag.py:3096} INFO - Sync 1 DAGs
[2024-07-03T18:29:55.842+0000] {logging_mixin.py:188} INFO - [2024-07-03T18:29:55.842+0000] {dag.py:3954} INFO - Setting next_dagrun for example_skip_dag to 2024-07-02 00:00:00+00:00, run_after=2024-07-03 00:00:00+00:00
[2024-07-03T18:29:55.860+0000] {processor.py:183} INFO - Processing /home/airflow/.local/lib/python3.12/site-packages/airflow/example_dags/example_skip_dag.py took 0.071 seconds
[2024-07-03T18:30:26.462+0000] {processor.py:161} INFO - Started process (PID=569) to work on /home/airflow/.local/lib/python3.12/site-packages/airflow/example_dags/example_skip_dag.py
[2024-07-03T18:30:26.463+0000] {processor.py:830} INFO - Processing file /home/airflow/.local/lib/python3.12/site-packages/airflow/example_dags/example_skip_dag.py for tasks to queue
[2024-07-03T18:30:26.465+0000] {logging_mixin.py:188} INFO - [2024-07-03T18:30:26.465+0000] {dagbag.py:545} INFO - Filling up the DagBag from /home/airflow/.local/lib/python3.12/site-packages/airflow/example_dags/example_skip_dag.py
[2024-07-03T18:30:26.475+0000] {processor.py:840} INFO - DAG(s) 'example_skip_dag' retrieved from /home/airflow/.local/lib/python3.12/site-packages/airflow/example_dags/example_skip_dag.py
[2024-07-03T18:30:26.502+0000] {logging_mixin.py:188} INFO - [2024-07-03T18:30:26.501+0000] {dag.py:3096} INFO - Sync 1 DAGs
[2024-07-03T18:30:26.528+0000] {logging_mixin.py:188} INFO - [2024-07-03T18:30:26.527+0000] {dag.py:3954} INFO - Setting next_dagrun for example_skip_dag to 2024-07-02 00:00:00+00:00, run_after=2024-07-03 00:00:00+00:00
[2024-07-03T18:30:26.550+0000] {processor.py:183} INFO - Processing /home/airflow/.local/lib/python3.12/site-packages/airflow/example_dags/example_skip_dag.py took 0.094 seconds
[2024-07-03T18:30:56.746+0000] {processor.py:161} INFO - Started process (PID=628) to work on /home/airflow/.local/lib/python3.12/site-packages/airflow/example_dags/example_skip_dag.py
[2024-07-03T18:30:56.748+0000] {processor.py:830} INFO - Processing file /home/airflow/.local/lib/python3.12/site-packages/airflow/example_dags/example_skip_dag.py for tasks to queue
[2024-07-03T18:30:56.751+0000] {logging_mixin.py:188} INFO - [2024-07-03T18:30:56.750+0000] {dagbag.py:545} INFO - Filling up the DagBag from /home/airflow/.local/lib/python3.12/site-packages/airflow/example_dags/example_skip_dag.py
[2024-07-03T18:30:56.757+0000] {processor.py:840} INFO - DAG(s) 'example_skip_dag' retrieved from /home/airflow/.local/lib/python3.12/site-packages/airflow/example_dags/example_skip_dag.py
[2024-07-03T18:30:56.779+0000] {logging_mixin.py:188} INFO - [2024-07-03T18:30:56.779+0000] {dag.py:3096} INFO - Sync 1 DAGs
[2024-07-03T18:30:56.799+0000] {logging_mixin.py:188} INFO - [2024-07-03T18:30:56.799+0000] {dag.py:3954} INFO - Setting next_dagrun for example_skip_dag to 2024-07-02 00:00:00+00:00, run_after=2024-07-03 00:00:00+00:00
[2024-07-03T18:30:56.819+0000] {processor.py:183} INFO - Processing /home/airflow/.local/lib/python3.12/site-packages/airflow/example_dags/example_skip_dag.py took 0.078 seconds
[2024-07-03T18:31:26.905+0000] {processor.py:161} INFO - Started process (PID=686) to work on /home/airflow/.local/lib/python3.12/site-packages/airflow/example_dags/example_skip_dag.py
[2024-07-03T18:31:26.906+0000] {processor.py:830} INFO - Processing file /home/airflow/.local/lib/python3.12/site-packages/airflow/example_dags/example_skip_dag.py for tasks to queue
[2024-07-03T18:31:26.908+0000] {logging_mixin.py:188} INFO - [2024-07-03T18:31:26.908+0000] {dagbag.py:545} INFO - Filling up the DagBag from /home/airflow/.local/lib/python3.12/site-packages/airflow/example_dags/example_skip_dag.py
[2024-07-03T18:31:26.914+0000] {processor.py:840} INFO - DAG(s) 'example_skip_dag' retrieved from /home/airflow/.local/lib/python3.12/site-packages/airflow/example_dags/example_skip_dag.py
[2024-07-03T18:31:26.936+0000] {logging_mixin.py:188} INFO - [2024-07-03T18:31:26.936+0000] {dag.py:3096} INFO - Sync 1 DAGs
[2024-07-03T18:31:26.958+0000] {logging_mixin.py:188} INFO - [2024-07-03T18:31:26.958+0000] {dag.py:3954} INFO - Setting next_dagrun for example_skip_dag to 2024-07-02 00:00:00+00:00, run_after=2024-07-03 00:00:00+00:00
[2024-07-03T18:31:26.976+0000] {processor.py:183} INFO - Processing /home/airflow/.local/lib/python3.12/site-packages/airflow/example_dags/example_skip_dag.py took 0.078 seconds
[2024-07-03T18:31:57.189+0000] {processor.py:161} INFO - Started process (PID=744) to work on /home/airflow/.local/lib/python3.12/site-packages/airflow/example_dags/example_skip_dag.py
[2024-07-03T18:31:57.189+0000] {processor.py:830} INFO - Processing file /home/airflow/.local/lib/python3.12/site-packages/airflow/example_dags/example_skip_dag.py for tasks to queue
[2024-07-03T18:31:57.191+0000] {logging_mixin.py:188} INFO - [2024-07-03T18:31:57.191+0000] {dagbag.py:545} INFO - Filling up the DagBag from /home/airflow/.local/lib/python3.12/site-packages/airflow/example_dags/example_skip_dag.py
[2024-07-03T18:31:57.196+0000] {processor.py:840} INFO - DAG(s) 'example_skip_dag' retrieved from /home/airflow/.local/lib/python3.12/site-packages/airflow/example_dags/example_skip_dag.py
[2024-07-03T18:31:57.216+0000] {logging_mixin.py:188} INFO - [2024-07-03T18:31:57.215+0000] {dag.py:3096} INFO - Sync 1 DAGs
[2024-07-03T18:31:57.241+0000] {logging_mixin.py:188} INFO - [2024-07-03T18:31:57.240+0000] {dag.py:3954} INFO - Setting next_dagrun for example_skip_dag to 2024-07-02 00:00:00+00:00, run_after=2024-07-03 00:00:00+00:00
[2024-07-03T18:31:57.257+0000] {processor.py:183} INFO - Processing /home/airflow/.local/lib/python3.12/site-packages/airflow/example_dags/example_skip_dag.py took 0.074 seconds
[2024-07-03T18:32:27.314+0000] {processor.py:161} INFO - Started process (PID=802) to work on /home/airflow/.local/lib/python3.12/site-packages/airflow/example_dags/example_skip_dag.py
[2024-07-03T18:32:27.315+0000] {processor.py:830} INFO - Processing file /home/airflow/.local/lib/python3.12/site-packages/airflow/example_dags/example_skip_dag.py for tasks to queue
[2024-07-03T18:32:27.317+0000] {logging_mixin.py:188} INFO - [2024-07-03T18:32:27.317+0000] {dagbag.py:545} INFO - Filling up the DagBag from /home/airflow/.local/lib/python3.12/site-packages/airflow/example_dags/example_skip_dag.py
[2024-07-03T18:32:27.322+0000] {processor.py:840} INFO - DAG(s) 'example_skip_dag' retrieved from /home/airflow/.local/lib/python3.12/site-packages/airflow/example_dags/example_skip_dag.py
[2024-07-03T18:32:27.342+0000] {logging_mixin.py:188} INFO - [2024-07-03T18:32:27.341+0000] {dag.py:3096} INFO - Sync 1 DAGs
[2024-07-03T18:32:27.361+0000] {logging_mixin.py:188} INFO - [2024-07-03T18:32:27.361+0000] {dag.py:3954} INFO - Setting next_dagrun for example_skip_dag to 2024-07-02 00:00:00+00:00, run_after=2024-07-03 00:00:00+00:00
[2024-07-03T18:32:27.377+0000] {processor.py:183} INFO - Processing /home/airflow/.local/lib/python3.12/site-packages/airflow/example_dags/example_skip_dag.py took 0.068 seconds
[2024-07-03T18:40:26.580+0000] {processor.py:161} INFO - Started process (PID=40) to work on /home/airflow/.local/lib/python3.12/site-packages/airflow/example_dags/example_skip_dag.py
[2024-07-03T18:40:26.582+0000] {processor.py:830} INFO - Processing file /home/airflow/.local/lib/python3.12/site-packages/airflow/example_dags/example_skip_dag.py for tasks to queue
[2024-07-03T18:40:26.584+0000] {logging_mixin.py:188} INFO - [2024-07-03T18:40:26.584+0000] {dagbag.py:545} INFO - Filling up the DagBag from /home/airflow/.local/lib/python3.12/site-packages/airflow/example_dags/example_skip_dag.py
[2024-07-03T18:40:26.595+0000] {processor.py:840} INFO - DAG(s) 'example_skip_dag' retrieved from /home/airflow/.local/lib/python3.12/site-packages/airflow/example_dags/example_skip_dag.py
[2024-07-03T18:40:26.737+0000] {logging_mixin.py:188} INFO - [2024-07-03T18:40:26.737+0000] {dag.py:3096} INFO - Sync 1 DAGs
[2024-07-03T18:40:26.757+0000] {logging_mixin.py:188} INFO - [2024-07-03T18:40:26.757+0000] {dag.py:3954} INFO - Setting next_dagrun for example_skip_dag to 2024-07-02 00:00:00+00:00, run_after=2024-07-03 00:00:00+00:00
[2024-07-03T18:40:26.779+0000] {processor.py:183} INFO - Processing /home/airflow/.local/lib/python3.12/site-packages/airflow/example_dags/example_skip_dag.py took 0.203 seconds
[2024-07-03T18:40:57.379+0000] {processor.py:161} INFO - Started process (PID=98) to work on /home/airflow/.local/lib/python3.12/site-packages/airflow/example_dags/example_skip_dag.py
[2024-07-03T18:40:57.380+0000] {processor.py:830} INFO - Processing file /home/airflow/.local/lib/python3.12/site-packages/airflow/example_dags/example_skip_dag.py for tasks to queue
[2024-07-03T18:40:57.381+0000] {logging_mixin.py:188} INFO - [2024-07-03T18:40:57.381+0000] {dagbag.py:545} INFO - Filling up the DagBag from /home/airflow/.local/lib/python3.12/site-packages/airflow/example_dags/example_skip_dag.py
[2024-07-03T18:40:57.387+0000] {processor.py:840} INFO - DAG(s) 'example_skip_dag' retrieved from /home/airflow/.local/lib/python3.12/site-packages/airflow/example_dags/example_skip_dag.py
[2024-07-03T18:40:57.406+0000] {logging_mixin.py:188} INFO - [2024-07-03T18:40:57.405+0000] {dag.py:3096} INFO - Sync 1 DAGs
[2024-07-03T18:40:57.426+0000] {logging_mixin.py:188} INFO - [2024-07-03T18:40:57.426+0000] {dag.py:3954} INFO - Setting next_dagrun for example_skip_dag to 2024-07-02 00:00:00+00:00, run_after=2024-07-03 00:00:00+00:00
[2024-07-03T18:40:57.442+0000] {processor.py:183} INFO - Processing /home/airflow/.local/lib/python3.12/site-packages/airflow/example_dags/example_skip_dag.py took 0.068 seconds
[2024-07-03T18:41:27.530+0000] {processor.py:161} INFO - Started process (PID=156) to work on /home/airflow/.local/lib/python3.12/site-packages/airflow/example_dags/example_skip_dag.py
[2024-07-03T18:41:27.531+0000] {processor.py:830} INFO - Processing file /home/airflow/.local/lib/python3.12/site-packages/airflow/example_dags/example_skip_dag.py for tasks to queue
[2024-07-03T18:41:27.533+0000] {logging_mixin.py:188} INFO - [2024-07-03T18:41:27.533+0000] {dagbag.py:545} INFO - Filling up the DagBag from /home/airflow/.local/lib/python3.12/site-packages/airflow/example_dags/example_skip_dag.py
[2024-07-03T18:41:27.540+0000] {processor.py:840} INFO - DAG(s) 'example_skip_dag' retrieved from /home/airflow/.local/lib/python3.12/site-packages/airflow/example_dags/example_skip_dag.py
[2024-07-03T18:41:27.560+0000] {logging_mixin.py:188} INFO - [2024-07-03T18:41:27.560+0000] {dag.py:3096} INFO - Sync 1 DAGs
[2024-07-03T18:41:27.579+0000] {logging_mixin.py:188} INFO - [2024-07-03T18:41:27.579+0000] {dag.py:3954} INFO - Setting next_dagrun for example_skip_dag to 2024-07-02 00:00:00+00:00, run_after=2024-07-03 00:00:00+00:00
[2024-07-03T18:41:27.600+0000] {processor.py:183} INFO - Processing /home/airflow/.local/lib/python3.12/site-packages/airflow/example_dags/example_skip_dag.py took 0.075 seconds
[2024-07-03T18:41:57.799+0000] {processor.py:161} INFO - Started process (PID=214) to work on /home/airflow/.local/lib/python3.12/site-packages/airflow/example_dags/example_skip_dag.py
[2024-07-03T18:41:57.800+0000] {processor.py:830} INFO - Processing file /home/airflow/.local/lib/python3.12/site-packages/airflow/example_dags/example_skip_dag.py for tasks to queue
[2024-07-03T18:41:57.801+0000] {logging_mixin.py:188} INFO - [2024-07-03T18:41:57.801+0000] {dagbag.py:545} INFO - Filling up the DagBag from /home/airflow/.local/lib/python3.12/site-packages/airflow/example_dags/example_skip_dag.py
[2024-07-03T18:41:57.806+0000] {processor.py:840} INFO - DAG(s) 'example_skip_dag' retrieved from /home/airflow/.local/lib/python3.12/site-packages/airflow/example_dags/example_skip_dag.py
[2024-07-03T18:41:57.893+0000] {logging_mixin.py:188} INFO - [2024-07-03T18:41:57.893+0000] {dag.py:3096} INFO - Sync 1 DAGs
[2024-07-03T18:41:57.909+0000] {logging_mixin.py:188} INFO - [2024-07-03T18:41:57.909+0000] {dag.py:3954} INFO - Setting next_dagrun for example_skip_dag to 2024-07-02 00:00:00+00:00, run_after=2024-07-03 00:00:00+00:00
[2024-07-03T18:41:57.924+0000] {processor.py:183} INFO - Processing /home/airflow/.local/lib/python3.12/site-packages/airflow/example_dags/example_skip_dag.py took 0.130 seconds
