[2024-07-03T18:25:54.685+0000] {processor.py:161} INFO - Started process (PID=79) to work on /home/airflow/.local/lib/python3.12/site-packages/airflow/example_dags/example_task_group_decorator.py
[2024-07-03T18:25:54.685+0000] {processor.py:830} INFO - Processing file /home/airflow/.local/lib/python3.12/site-packages/airflow/example_dags/example_task_group_decorator.py for tasks to queue
[2024-07-03T18:25:54.687+0000] {logging_mixin.py:188} INFO - [2024-07-03T18:25:54.687+0000] {dagbag.py:545} INFO - Filling up the DagBag from /home/airflow/.local/lib/python3.12/site-packages/airflow/example_dags/example_task_group_decorator.py
[2024-07-03T18:25:54.702+0000] {processor.py:840} INFO - DAG(s) 'example_task_group_decorator' retrieved from /home/airflow/.local/lib/python3.12/site-packages/airflow/example_dags/example_task_group_decorator.py
[2024-07-03T18:25:54.719+0000] {logging_mixin.py:188} INFO - [2024-07-03T18:25:54.718+0000] {dag.py:3096} INFO - Sync 1 DAGs
[2024-07-03T18:25:54.748+0000] {logging_mixin.py:188} INFO - [2024-07-03T18:25:54.748+0000] {dag.py:3954} INFO - Setting next_dagrun for example_task_group_decorator to 2024-07-02 00:00:00+00:00, run_after=2024-07-03 00:00:00+00:00
[2024-07-03T18:25:54.773+0000] {processor.py:183} INFO - Processing /home/airflow/.local/lib/python3.12/site-packages/airflow/example_dags/example_task_group_decorator.py took 0.093 seconds
[2024-07-03T18:26:26.595+0000] {processor.py:161} INFO - Started process (PID=137) to work on /home/airflow/.local/lib/python3.12/site-packages/airflow/example_dags/example_task_group_decorator.py
[2024-07-03T18:26:26.596+0000] {processor.py:830} INFO - Processing file /home/airflow/.local/lib/python3.12/site-packages/airflow/example_dags/example_task_group_decorator.py for tasks to queue
[2024-07-03T18:26:26.598+0000] {logging_mixin.py:188} INFO - [2024-07-03T18:26:26.597+0000] {dagbag.py:545} INFO - Filling up the DagBag from /home/airflow/.local/lib/python3.12/site-packages/airflow/example_dags/example_task_group_decorator.py
[2024-07-03T18:26:26.611+0000] {processor.py:840} INFO - DAG(s) 'example_task_group_decorator' retrieved from /home/airflow/.local/lib/python3.12/site-packages/airflow/example_dags/example_task_group_decorator.py
[2024-07-03T18:26:26.711+0000] {logging_mixin.py:188} INFO - [2024-07-03T18:26:26.711+0000] {dag.py:3096} INFO - Sync 1 DAGs
[2024-07-03T18:26:26.732+0000] {logging_mixin.py:188} INFO - [2024-07-03T18:26:26.732+0000] {dag.py:3954} INFO - Setting next_dagrun for example_task_group_decorator to 2024-07-02 00:00:00+00:00, run_after=2024-07-03 00:00:00+00:00
[2024-07-03T18:26:26.750+0000] {processor.py:183} INFO - Processing /home/airflow/.local/lib/python3.12/site-packages/airflow/example_dags/example_task_group_decorator.py took 0.160 seconds
[2024-07-03T18:26:56.785+0000] {processor.py:161} INFO - Started process (PID=197) to work on /home/airflow/.local/lib/python3.12/site-packages/airflow/example_dags/example_task_group_decorator.py
[2024-07-03T18:26:56.786+0000] {processor.py:830} INFO - Processing file /home/airflow/.local/lib/python3.12/site-packages/airflow/example_dags/example_task_group_decorator.py for tasks to queue
[2024-07-03T18:26:56.788+0000] {logging_mixin.py:188} INFO - [2024-07-03T18:26:56.787+0000] {dagbag.py:545} INFO - Filling up the DagBag from /home/airflow/.local/lib/python3.12/site-packages/airflow/example_dags/example_task_group_decorator.py
[2024-07-03T18:26:56.800+0000] {processor.py:840} INFO - DAG(s) 'example_task_group_decorator' retrieved from /home/airflow/.local/lib/python3.12/site-packages/airflow/example_dags/example_task_group_decorator.py
[2024-07-03T18:26:56.825+0000] {logging_mixin.py:188} INFO - [2024-07-03T18:26:56.825+0000] {dag.py:3096} INFO - Sync 1 DAGs
[2024-07-03T18:26:56.846+0000] {logging_mixin.py:188} INFO - [2024-07-03T18:26:56.846+0000] {dag.py:3954} INFO - Setting next_dagrun for example_task_group_decorator to 2024-07-02 00:00:00+00:00, run_after=2024-07-03 00:00:00+00:00
[2024-07-03T18:26:56.865+0000] {processor.py:183} INFO - Processing /home/airflow/.local/lib/python3.12/site-packages/airflow/example_dags/example_task_group_decorator.py took 0.084 seconds
[2024-07-03T18:27:27.244+0000] {processor.py:161} INFO - Started process (PID=255) to work on /home/airflow/.local/lib/python3.12/site-packages/airflow/example_dags/example_task_group_decorator.py
[2024-07-03T18:27:27.244+0000] {processor.py:830} INFO - Processing file /home/airflow/.local/lib/python3.12/site-packages/airflow/example_dags/example_task_group_decorator.py for tasks to queue
[2024-07-03T18:27:27.246+0000] {logging_mixin.py:188} INFO - [2024-07-03T18:27:27.246+0000] {dagbag.py:545} INFO - Filling up the DagBag from /home/airflow/.local/lib/python3.12/site-packages/airflow/example_dags/example_task_group_decorator.py
[2024-07-03T18:27:27.260+0000] {processor.py:840} INFO - DAG(s) 'example_task_group_decorator' retrieved from /home/airflow/.local/lib/python3.12/site-packages/airflow/example_dags/example_task_group_decorator.py
[2024-07-03T18:27:27.285+0000] {logging_mixin.py:188} INFO - [2024-07-03T18:27:27.284+0000] {dag.py:3096} INFO - Sync 1 DAGs
[2024-07-03T18:27:27.306+0000] {logging_mixin.py:188} INFO - [2024-07-03T18:27:27.306+0000] {dag.py:3954} INFO - Setting next_dagrun for example_task_group_decorator to 2024-07-02 00:00:00+00:00, run_after=2024-07-03 00:00:00+00:00
[2024-07-03T18:27:27.323+0000] {processor.py:183} INFO - Processing /home/airflow/.local/lib/python3.12/site-packages/airflow/example_dags/example_task_group_decorator.py took 0.084 seconds
[2024-07-03T18:27:58.346+0000] {processor.py:161} INFO - Started process (PID=311) to work on /home/airflow/.local/lib/python3.12/site-packages/airflow/example_dags/example_task_group_decorator.py
[2024-07-03T18:27:58.348+0000] {processor.py:830} INFO - Processing file /home/airflow/.local/lib/python3.12/site-packages/airflow/example_dags/example_task_group_decorator.py for tasks to queue
[2024-07-03T18:27:58.350+0000] {logging_mixin.py:188} INFO - [2024-07-03T18:27:58.349+0000] {dagbag.py:545} INFO - Filling up the DagBag from /home/airflow/.local/lib/python3.12/site-packages/airflow/example_dags/example_task_group_decorator.py
[2024-07-03T18:27:58.364+0000] {processor.py:840} INFO - DAG(s) 'example_task_group_decorator' retrieved from /home/airflow/.local/lib/python3.12/site-packages/airflow/example_dags/example_task_group_decorator.py
[2024-07-03T18:27:58.394+0000] {logging_mixin.py:188} INFO - [2024-07-03T18:27:58.393+0000] {dag.py:3096} INFO - Sync 1 DAGs
[2024-07-03T18:27:58.420+0000] {logging_mixin.py:188} INFO - [2024-07-03T18:27:58.420+0000] {dag.py:3954} INFO - Setting next_dagrun for example_task_group_decorator to 2024-07-02 00:00:00+00:00, run_after=2024-07-03 00:00:00+00:00
[2024-07-03T18:27:58.439+0000] {processor.py:183} INFO - Processing /home/airflow/.local/lib/python3.12/site-packages/airflow/example_dags/example_task_group_decorator.py took 0.098 seconds
[2024-07-03T18:28:29.363+0000] {processor.py:161} INFO - Started process (PID=369) to work on /home/airflow/.local/lib/python3.12/site-packages/airflow/example_dags/example_task_group_decorator.py
[2024-07-03T18:28:29.364+0000] {processor.py:830} INFO - Processing file /home/airflow/.local/lib/python3.12/site-packages/airflow/example_dags/example_task_group_decorator.py for tasks to queue
[2024-07-03T18:28:29.366+0000] {logging_mixin.py:188} INFO - [2024-07-03T18:28:29.365+0000] {dagbag.py:545} INFO - Filling up the DagBag from /home/airflow/.local/lib/python3.12/site-packages/airflow/example_dags/example_task_group_decorator.py
[2024-07-03T18:28:29.380+0000] {processor.py:840} INFO - DAG(s) 'example_task_group_decorator' retrieved from /home/airflow/.local/lib/python3.12/site-packages/airflow/example_dags/example_task_group_decorator.py
[2024-07-03T18:28:29.403+0000] {logging_mixin.py:188} INFO - [2024-07-03T18:28:29.403+0000] {dag.py:3096} INFO - Sync 1 DAGs
[2024-07-03T18:28:29.423+0000] {logging_mixin.py:188} INFO - [2024-07-03T18:28:29.423+0000] {dag.py:3954} INFO - Setting next_dagrun for example_task_group_decorator to 2024-07-02 00:00:00+00:00, run_after=2024-07-03 00:00:00+00:00
[2024-07-03T18:28:29.438+0000] {processor.py:183} INFO - Processing /home/airflow/.local/lib/python3.12/site-packages/airflow/example_dags/example_task_group_decorator.py took 0.080 seconds
[2024-07-03T18:28:59.827+0000] {processor.py:161} INFO - Started process (PID=427) to work on /home/airflow/.local/lib/python3.12/site-packages/airflow/example_dags/example_task_group_decorator.py
[2024-07-03T18:28:59.828+0000] {processor.py:830} INFO - Processing file /home/airflow/.local/lib/python3.12/site-packages/airflow/example_dags/example_task_group_decorator.py for tasks to queue
[2024-07-03T18:28:59.830+0000] {logging_mixin.py:188} INFO - [2024-07-03T18:28:59.829+0000] {dagbag.py:545} INFO - Filling up the DagBag from /home/airflow/.local/lib/python3.12/site-packages/airflow/example_dags/example_task_group_decorator.py
[2024-07-03T18:28:59.841+0000] {processor.py:840} INFO - DAG(s) 'example_task_group_decorator' retrieved from /home/airflow/.local/lib/python3.12/site-packages/airflow/example_dags/example_task_group_decorator.py
[2024-07-03T18:28:59.862+0000] {logging_mixin.py:188} INFO - [2024-07-03T18:28:59.862+0000] {dag.py:3096} INFO - Sync 1 DAGs
[2024-07-03T18:28:59.880+0000] {logging_mixin.py:188} INFO - [2024-07-03T18:28:59.880+0000] {dag.py:3954} INFO - Setting next_dagrun for example_task_group_decorator to 2024-07-02 00:00:00+00:00, run_after=2024-07-03 00:00:00+00:00
[2024-07-03T18:28:59.894+0000] {processor.py:183} INFO - Processing /home/airflow/.local/lib/python3.12/site-packages/airflow/example_dags/example_task_group_decorator.py took 0.071 seconds
[2024-07-03T18:29:30.296+0000] {processor.py:161} INFO - Started process (PID=485) to work on /home/airflow/.local/lib/python3.12/site-packages/airflow/example_dags/example_task_group_decorator.py
[2024-07-03T18:29:30.297+0000] {processor.py:830} INFO - Processing file /home/airflow/.local/lib/python3.12/site-packages/airflow/example_dags/example_task_group_decorator.py for tasks to queue
[2024-07-03T18:29:30.298+0000] {logging_mixin.py:188} INFO - [2024-07-03T18:29:30.298+0000] {dagbag.py:545} INFO - Filling up the DagBag from /home/airflow/.local/lib/python3.12/site-packages/airflow/example_dags/example_task_group_decorator.py
[2024-07-03T18:29:30.310+0000] {processor.py:840} INFO - DAG(s) 'example_task_group_decorator' retrieved from /home/airflow/.local/lib/python3.12/site-packages/airflow/example_dags/example_task_group_decorator.py
[2024-07-03T18:29:30.332+0000] {logging_mixin.py:188} INFO - [2024-07-03T18:29:30.331+0000] {dag.py:3096} INFO - Sync 1 DAGs
[2024-07-03T18:29:30.351+0000] {logging_mixin.py:188} INFO - [2024-07-03T18:29:30.351+0000] {dag.py:3954} INFO - Setting next_dagrun for example_task_group_decorator to 2024-07-02 00:00:00+00:00, run_after=2024-07-03 00:00:00+00:00
[2024-07-03T18:29:30.367+0000] {processor.py:183} INFO - Processing /home/airflow/.local/lib/python3.12/site-packages/airflow/example_dags/example_task_group_decorator.py took 0.075 seconds
[2024-07-03T18:30:00.706+0000] {processor.py:161} INFO - Started process (PID=543) to work on /home/airflow/.local/lib/python3.12/site-packages/airflow/example_dags/example_task_group_decorator.py
[2024-07-03T18:30:00.706+0000] {processor.py:830} INFO - Processing file /home/airflow/.local/lib/python3.12/site-packages/airflow/example_dags/example_task_group_decorator.py for tasks to queue
[2024-07-03T18:30:00.708+0000] {logging_mixin.py:188} INFO - [2024-07-03T18:30:00.707+0000] {dagbag.py:545} INFO - Filling up the DagBag from /home/airflow/.local/lib/python3.12/site-packages/airflow/example_dags/example_task_group_decorator.py
[2024-07-03T18:30:00.721+0000] {processor.py:840} INFO - DAG(s) 'example_task_group_decorator' retrieved from /home/airflow/.local/lib/python3.12/site-packages/airflow/example_dags/example_task_group_decorator.py
[2024-07-03T18:30:00.746+0000] {logging_mixin.py:188} INFO - [2024-07-03T18:30:00.746+0000] {dag.py:3096} INFO - Sync 1 DAGs
[2024-07-03T18:30:00.775+0000] {logging_mixin.py:188} INFO - [2024-07-03T18:30:00.774+0000] {dag.py:3954} INFO - Setting next_dagrun for example_task_group_decorator to 2024-07-02 00:00:00+00:00, run_after=2024-07-03 00:00:00+00:00
[2024-07-03T18:30:00.796+0000] {processor.py:183} INFO - Processing /home/airflow/.local/lib/python3.12/site-packages/airflow/example_dags/example_task_group_decorator.py took 0.096 seconds
[2024-07-03T18:30:31.565+0000] {processor.py:161} INFO - Started process (PID=608) to work on /home/airflow/.local/lib/python3.12/site-packages/airflow/example_dags/example_task_group_decorator.py
[2024-07-03T18:30:31.565+0000] {processor.py:830} INFO - Processing file /home/airflow/.local/lib/python3.12/site-packages/airflow/example_dags/example_task_group_decorator.py for tasks to queue
[2024-07-03T18:30:31.567+0000] {logging_mixin.py:188} INFO - [2024-07-03T18:30:31.567+0000] {dagbag.py:545} INFO - Filling up the DagBag from /home/airflow/.local/lib/python3.12/site-packages/airflow/example_dags/example_task_group_decorator.py
[2024-07-03T18:30:31.580+0000] {processor.py:840} INFO - DAG(s) 'example_task_group_decorator' retrieved from /home/airflow/.local/lib/python3.12/site-packages/airflow/example_dags/example_task_group_decorator.py
[2024-07-03T18:30:31.610+0000] {logging_mixin.py:188} INFO - [2024-07-03T18:30:31.609+0000] {dag.py:3096} INFO - Sync 1 DAGs
[2024-07-03T18:30:31.637+0000] {logging_mixin.py:188} INFO - [2024-07-03T18:30:31.637+0000] {dag.py:3954} INFO - Setting next_dagrun for example_task_group_decorator to 2024-07-02 00:00:00+00:00, run_after=2024-07-03 00:00:00+00:00
[2024-07-03T18:30:31.659+0000] {processor.py:183} INFO - Processing /home/airflow/.local/lib/python3.12/site-packages/airflow/example_dags/example_task_group_decorator.py took 0.098 seconds
[2024-07-03T18:31:02.156+0000] {processor.py:161} INFO - Started process (PID=667) to work on /home/airflow/.local/lib/python3.12/site-packages/airflow/example_dags/example_task_group_decorator.py
[2024-07-03T18:31:02.156+0000] {processor.py:830} INFO - Processing file /home/airflow/.local/lib/python3.12/site-packages/airflow/example_dags/example_task_group_decorator.py for tasks to queue
[2024-07-03T18:31:02.158+0000] {logging_mixin.py:188} INFO - [2024-07-03T18:31:02.158+0000] {dagbag.py:545} INFO - Filling up the DagBag from /home/airflow/.local/lib/python3.12/site-packages/airflow/example_dags/example_task_group_decorator.py
[2024-07-03T18:31:02.171+0000] {processor.py:840} INFO - DAG(s) 'example_task_group_decorator' retrieved from /home/airflow/.local/lib/python3.12/site-packages/airflow/example_dags/example_task_group_decorator.py
[2024-07-03T18:31:02.194+0000] {logging_mixin.py:188} INFO - [2024-07-03T18:31:02.193+0000] {dag.py:3096} INFO - Sync 1 DAGs
[2024-07-03T18:31:02.212+0000] {logging_mixin.py:188} INFO - [2024-07-03T18:31:02.212+0000] {dag.py:3954} INFO - Setting next_dagrun for example_task_group_decorator to 2024-07-02 00:00:00+00:00, run_after=2024-07-03 00:00:00+00:00
[2024-07-03T18:31:02.228+0000] {processor.py:183} INFO - Processing /home/airflow/.local/lib/python3.12/site-packages/airflow/example_dags/example_task_group_decorator.py took 0.077 seconds
[2024-07-03T18:31:32.592+0000] {processor.py:161} INFO - Started process (PID=725) to work on /home/airflow/.local/lib/python3.12/site-packages/airflow/example_dags/example_task_group_decorator.py
[2024-07-03T18:31:32.593+0000] {processor.py:830} INFO - Processing file /home/airflow/.local/lib/python3.12/site-packages/airflow/example_dags/example_task_group_decorator.py for tasks to queue
[2024-07-03T18:31:32.595+0000] {logging_mixin.py:188} INFO - [2024-07-03T18:31:32.594+0000] {dagbag.py:545} INFO - Filling up the DagBag from /home/airflow/.local/lib/python3.12/site-packages/airflow/example_dags/example_task_group_decorator.py
[2024-07-03T18:31:32.608+0000] {processor.py:840} INFO - DAG(s) 'example_task_group_decorator' retrieved from /home/airflow/.local/lib/python3.12/site-packages/airflow/example_dags/example_task_group_decorator.py
[2024-07-03T18:31:32.631+0000] {logging_mixin.py:188} INFO - [2024-07-03T18:31:32.631+0000] {dag.py:3096} INFO - Sync 1 DAGs
[2024-07-03T18:31:32.652+0000] {logging_mixin.py:188} INFO - [2024-07-03T18:31:32.651+0000] {dag.py:3954} INFO - Setting next_dagrun for example_task_group_decorator to 2024-07-02 00:00:00+00:00, run_after=2024-07-03 00:00:00+00:00
[2024-07-03T18:31:32.668+0000] {processor.py:183} INFO - Processing /home/airflow/.local/lib/python3.12/site-packages/airflow/example_dags/example_task_group_decorator.py took 0.080 seconds
[2024-07-03T18:32:02.854+0000] {processor.py:161} INFO - Started process (PID=783) to work on /home/airflow/.local/lib/python3.12/site-packages/airflow/example_dags/example_task_group_decorator.py
[2024-07-03T18:32:02.855+0000] {processor.py:830} INFO - Processing file /home/airflow/.local/lib/python3.12/site-packages/airflow/example_dags/example_task_group_decorator.py for tasks to queue
[2024-07-03T18:32:02.857+0000] {logging_mixin.py:188} INFO - [2024-07-03T18:32:02.856+0000] {dagbag.py:545} INFO - Filling up the DagBag from /home/airflow/.local/lib/python3.12/site-packages/airflow/example_dags/example_task_group_decorator.py
[2024-07-03T18:32:02.870+0000] {processor.py:840} INFO - DAG(s) 'example_task_group_decorator' retrieved from /home/airflow/.local/lib/python3.12/site-packages/airflow/example_dags/example_task_group_decorator.py
[2024-07-03T18:32:02.896+0000] {logging_mixin.py:188} INFO - [2024-07-03T18:32:02.896+0000] {dag.py:3096} INFO - Sync 1 DAGs
[2024-07-03T18:32:02.918+0000] {logging_mixin.py:188} INFO - [2024-07-03T18:32:02.918+0000] {dag.py:3954} INFO - Setting next_dagrun for example_task_group_decorator to 2024-07-02 00:00:00+00:00, run_after=2024-07-03 00:00:00+00:00
[2024-07-03T18:32:02.937+0000] {processor.py:183} INFO - Processing /home/airflow/.local/lib/python3.12/site-packages/airflow/example_dags/example_task_group_decorator.py took 0.087 seconds
[2024-07-03T18:32:33.676+0000] {processor.py:161} INFO - Started process (PID=847) to work on /home/airflow/.local/lib/python3.12/site-packages/airflow/example_dags/example_task_group_decorator.py
[2024-07-03T18:32:33.676+0000] {processor.py:830} INFO - Processing file /home/airflow/.local/lib/python3.12/site-packages/airflow/example_dags/example_task_group_decorator.py for tasks to queue
[2024-07-03T18:32:33.678+0000] {logging_mixin.py:188} INFO - [2024-07-03T18:32:33.678+0000] {dagbag.py:545} INFO - Filling up the DagBag from /home/airflow/.local/lib/python3.12/site-packages/airflow/example_dags/example_task_group_decorator.py
[2024-07-03T18:32:33.690+0000] {processor.py:840} INFO - DAG(s) 'example_task_group_decorator' retrieved from /home/airflow/.local/lib/python3.12/site-packages/airflow/example_dags/example_task_group_decorator.py
[2024-07-03T18:32:33.715+0000] {logging_mixin.py:188} INFO - [2024-07-03T18:32:33.715+0000] {dag.py:3096} INFO - Sync 1 DAGs
[2024-07-03T18:32:33.733+0000] {logging_mixin.py:188} INFO - [2024-07-03T18:32:33.733+0000] {dag.py:3954} INFO - Setting next_dagrun for example_task_group_decorator to 2024-07-02 00:00:00+00:00, run_after=2024-07-03 00:00:00+00:00
[2024-07-03T18:32:33.747+0000] {processor.py:183} INFO - Processing /home/airflow/.local/lib/python3.12/site-packages/airflow/example_dags/example_task_group_decorator.py took 0.076 seconds
[2024-07-03T18:40:30.760+0000] {processor.py:161} INFO - Started process (PID=79) to work on /home/airflow/.local/lib/python3.12/site-packages/airflow/example_dags/example_task_group_decorator.py
[2024-07-03T18:40:30.761+0000] {processor.py:830} INFO - Processing file /home/airflow/.local/lib/python3.12/site-packages/airflow/example_dags/example_task_group_decorator.py for tasks to queue
[2024-07-03T18:40:30.762+0000] {logging_mixin.py:188} INFO - [2024-07-03T18:40:30.762+0000] {dagbag.py:545} INFO - Filling up the DagBag from /home/airflow/.local/lib/python3.12/site-packages/airflow/example_dags/example_task_group_decorator.py
[2024-07-03T18:40:30.775+0000] {processor.py:840} INFO - DAG(s) 'example_task_group_decorator' retrieved from /home/airflow/.local/lib/python3.12/site-packages/airflow/example_dags/example_task_group_decorator.py
[2024-07-03T18:40:30.878+0000] {logging_mixin.py:188} INFO - [2024-07-03T18:40:30.878+0000] {dag.py:3096} INFO - Sync 1 DAGs
[2024-07-03T18:40:30.901+0000] {logging_mixin.py:188} INFO - [2024-07-03T18:40:30.901+0000] {dag.py:3954} INFO - Setting next_dagrun for example_task_group_decorator to 2024-07-02 00:00:00+00:00, run_after=2024-07-03 00:00:00+00:00
[2024-07-03T18:40:30.921+0000] {processor.py:183} INFO - Processing /home/airflow/.local/lib/python3.12/site-packages/airflow/example_dags/example_task_group_decorator.py took 0.166 seconds
[2024-07-03T18:41:01.456+0000] {processor.py:161} INFO - Started process (PID=137) to work on /home/airflow/.local/lib/python3.12/site-packages/airflow/example_dags/example_task_group_decorator.py
[2024-07-03T18:41:01.457+0000] {processor.py:830} INFO - Processing file /home/airflow/.local/lib/python3.12/site-packages/airflow/example_dags/example_task_group_decorator.py for tasks to queue
[2024-07-03T18:41:01.459+0000] {logging_mixin.py:188} INFO - [2024-07-03T18:41:01.458+0000] {dagbag.py:545} INFO - Filling up the DagBag from /home/airflow/.local/lib/python3.12/site-packages/airflow/example_dags/example_task_group_decorator.py
[2024-07-03T18:41:01.470+0000] {processor.py:840} INFO - DAG(s) 'example_task_group_decorator' retrieved from /home/airflow/.local/lib/python3.12/site-packages/airflow/example_dags/example_task_group_decorator.py
[2024-07-03T18:41:01.491+0000] {logging_mixin.py:188} INFO - [2024-07-03T18:41:01.491+0000] {dag.py:3096} INFO - Sync 1 DAGs
[2024-07-03T18:41:01.509+0000] {logging_mixin.py:188} INFO - [2024-07-03T18:41:01.509+0000] {dag.py:3954} INFO - Setting next_dagrun for example_task_group_decorator to 2024-07-02 00:00:00+00:00, run_after=2024-07-03 00:00:00+00:00
[2024-07-03T18:41:01.525+0000] {processor.py:183} INFO - Processing /home/airflow/.local/lib/python3.12/site-packages/airflow/example_dags/example_task_group_decorator.py took 0.073 seconds
[2024-07-03T18:41:31.745+0000] {processor.py:161} INFO - Started process (PID=195) to work on /home/airflow/.local/lib/python3.12/site-packages/airflow/example_dags/example_task_group_decorator.py
[2024-07-03T18:41:31.746+0000] {processor.py:830} INFO - Processing file /home/airflow/.local/lib/python3.12/site-packages/airflow/example_dags/example_task_group_decorator.py for tasks to queue
[2024-07-03T18:41:31.747+0000] {logging_mixin.py:188} INFO - [2024-07-03T18:41:31.747+0000] {dagbag.py:545} INFO - Filling up the DagBag from /home/airflow/.local/lib/python3.12/site-packages/airflow/example_dags/example_task_group_decorator.py
[2024-07-03T18:41:31.759+0000] {processor.py:840} INFO - DAG(s) 'example_task_group_decorator' retrieved from /home/airflow/.local/lib/python3.12/site-packages/airflow/example_dags/example_task_group_decorator.py
[2024-07-03T18:41:31.781+0000] {logging_mixin.py:188} INFO - [2024-07-03T18:41:31.780+0000] {dag.py:3096} INFO - Sync 1 DAGs
[2024-07-03T18:41:31.798+0000] {logging_mixin.py:188} INFO - [2024-07-03T18:41:31.798+0000] {dag.py:3954} INFO - Setting next_dagrun for example_task_group_decorator to 2024-07-02 00:00:00+00:00, run_after=2024-07-03 00:00:00+00:00
[2024-07-03T18:41:31.816+0000] {processor.py:183} INFO - Processing /home/airflow/.local/lib/python3.12/site-packages/airflow/example_dags/example_task_group_decorator.py took 0.075 seconds
[2024-07-03T18:42:02.084+0000] {processor.py:161} INFO - Started process (PID=253) to work on /home/airflow/.local/lib/python3.12/site-packages/airflow/example_dags/example_task_group_decorator.py
[2024-07-03T18:42:02.085+0000] {processor.py:830} INFO - Processing file /home/airflow/.local/lib/python3.12/site-packages/airflow/example_dags/example_task_group_decorator.py for tasks to queue
[2024-07-03T18:42:02.087+0000] {logging_mixin.py:188} INFO - [2024-07-03T18:42:02.086+0000] {dagbag.py:545} INFO - Filling up the DagBag from /home/airflow/.local/lib/python3.12/site-packages/airflow/example_dags/example_task_group_decorator.py
[2024-07-03T18:42:02.098+0000] {processor.py:840} INFO - DAG(s) 'example_task_group_decorator' retrieved from /home/airflow/.local/lib/python3.12/site-packages/airflow/example_dags/example_task_group_decorator.py
[2024-07-03T18:42:02.192+0000] {logging_mixin.py:188} INFO - [2024-07-03T18:42:02.191+0000] {dag.py:3096} INFO - Sync 1 DAGs
[2024-07-03T18:42:02.208+0000] {logging_mixin.py:188} INFO - [2024-07-03T18:42:02.208+0000] {dag.py:3954} INFO - Setting next_dagrun for example_task_group_decorator to 2024-07-02 00:00:00+00:00, run_after=2024-07-03 00:00:00+00:00
[2024-07-03T18:42:02.226+0000] {processor.py:183} INFO - Processing /home/airflow/.local/lib/python3.12/site-packages/airflow/example_dags/example_task_group_decorator.py took 0.147 seconds
