[2024-07-03T18:25:53.965+0000] {processor.py:161} INFO - Started process (PID=66) to work on /home/airflow/.local/lib/python3.12/site-packages/airflow/example_dags/example_bash_operator.py
[2024-07-03T18:25:53.966+0000] {processor.py:830} INFO - Processing file /home/airflow/.local/lib/python3.12/site-packages/airflow/example_dags/example_bash_operator.py for tasks to queue
[2024-07-03T18:25:53.968+0000] {logging_mixin.py:188} INFO - [2024-07-03T18:25:53.968+0000] {dagbag.py:545} INFO - Filling up the DagBag from /home/airflow/.local/lib/python3.12/site-packages/airflow/example_dags/example_bash_operator.py
[2024-07-03T18:25:53.984+0000] {processor.py:840} INFO - DAG(s) 'example_bash_operator' retrieved from /home/airflow/.local/lib/python3.12/site-packages/airflow/example_dags/example_bash_operator.py
[2024-07-03T18:25:53.997+0000] {logging_mixin.py:188} INFO - [2024-07-03T18:25:53.997+0000] {dag.py:3096} INFO - Sync 1 DAGs
[2024-07-03T18:25:54.028+0000] {logging_mixin.py:188} INFO - [2024-07-03T18:25:54.027+0000] {dag.py:3954} INFO - Setting next_dagrun for example_bash_operator to 2024-07-02 00:00:00+00:00, run_after=2024-07-03 00:00:00+00:00
[2024-07-03T18:25:54.051+0000] {processor.py:183} INFO - Processing /home/airflow/.local/lib/python3.12/site-packages/airflow/example_dags/example_bash_operator.py took 0.092 seconds
[2024-07-03T18:26:25.351+0000] {processor.py:161} INFO - Started process (PID=124) to work on /home/airflow/.local/lib/python3.12/site-packages/airflow/example_dags/example_bash_operator.py
[2024-07-03T18:26:25.352+0000] {processor.py:830} INFO - Processing file /home/airflow/.local/lib/python3.12/site-packages/airflow/example_dags/example_bash_operator.py for tasks to queue
[2024-07-03T18:26:25.355+0000] {logging_mixin.py:188} INFO - [2024-07-03T18:26:25.355+0000] {dagbag.py:545} INFO - Filling up the DagBag from /home/airflow/.local/lib/python3.12/site-packages/airflow/example_dags/example_bash_operator.py
[2024-07-03T18:26:25.365+0000] {processor.py:840} INFO - DAG(s) 'example_bash_operator' retrieved from /home/airflow/.local/lib/python3.12/site-packages/airflow/example_dags/example_bash_operator.py
[2024-07-03T18:26:25.483+0000] {logging_mixin.py:188} INFO - [2024-07-03T18:26:25.483+0000] {dag.py:3096} INFO - Sync 1 DAGs
[2024-07-03T18:26:25.506+0000] {logging_mixin.py:188} INFO - [2024-07-03T18:26:25.505+0000] {dag.py:3954} INFO - Setting next_dagrun for example_bash_operator to 2024-07-02 00:00:00+00:00, run_after=2024-07-03 00:00:00+00:00
[2024-07-03T18:26:25.527+0000] {processor.py:183} INFO - Processing /home/airflow/.local/lib/python3.12/site-packages/airflow/example_dags/example_bash_operator.py took 0.180 seconds
[2024-07-03T18:26:55.931+0000] {processor.py:161} INFO - Started process (PID=182) to work on /home/airflow/.local/lib/python3.12/site-packages/airflow/example_dags/example_bash_operator.py
[2024-07-03T18:26:55.932+0000] {processor.py:830} INFO - Processing file /home/airflow/.local/lib/python3.12/site-packages/airflow/example_dags/example_bash_operator.py for tasks to queue
[2024-07-03T18:26:55.934+0000] {logging_mixin.py:188} INFO - [2024-07-03T18:26:55.934+0000] {dagbag.py:545} INFO - Filling up the DagBag from /home/airflow/.local/lib/python3.12/site-packages/airflow/example_dags/example_bash_operator.py
[2024-07-03T18:26:55.944+0000] {processor.py:840} INFO - DAG(s) 'example_bash_operator' retrieved from /home/airflow/.local/lib/python3.12/site-packages/airflow/example_dags/example_bash_operator.py
[2024-07-03T18:26:55.978+0000] {logging_mixin.py:188} INFO - [2024-07-03T18:26:55.977+0000] {dag.py:3096} INFO - Sync 1 DAGs
[2024-07-03T18:26:56.000+0000] {logging_mixin.py:188} INFO - [2024-07-03T18:26:56.000+0000] {dag.py:3954} INFO - Setting next_dagrun for example_bash_operator to 2024-07-02 00:00:00+00:00, run_after=2024-07-03 00:00:00+00:00
[2024-07-03T18:26:56.019+0000] {processor.py:183} INFO - Processing /home/airflow/.local/lib/python3.12/site-packages/airflow/example_dags/example_bash_operator.py took 0.092 seconds
[2024-07-03T18:27:26.524+0000] {processor.py:161} INFO - Started process (PID=240) to work on /home/airflow/.local/lib/python3.12/site-packages/airflow/example_dags/example_bash_operator.py
[2024-07-03T18:27:26.525+0000] {processor.py:830} INFO - Processing file /home/airflow/.local/lib/python3.12/site-packages/airflow/example_dags/example_bash_operator.py for tasks to queue
[2024-07-03T18:27:26.526+0000] {logging_mixin.py:188} INFO - [2024-07-03T18:27:26.526+0000] {dagbag.py:545} INFO - Filling up the DagBag from /home/airflow/.local/lib/python3.12/site-packages/airflow/example_dags/example_bash_operator.py
[2024-07-03T18:27:26.535+0000] {processor.py:840} INFO - DAG(s) 'example_bash_operator' retrieved from /home/airflow/.local/lib/python3.12/site-packages/airflow/example_dags/example_bash_operator.py
[2024-07-03T18:27:26.560+0000] {logging_mixin.py:188} INFO - [2024-07-03T18:27:26.560+0000] {dag.py:3096} INFO - Sync 1 DAGs
[2024-07-03T18:27:26.581+0000] {logging_mixin.py:188} INFO - [2024-07-03T18:27:26.581+0000] {dag.py:3954} INFO - Setting next_dagrun for example_bash_operator to 2024-07-02 00:00:00+00:00, run_after=2024-07-03 00:00:00+00:00
[2024-07-03T18:27:26.598+0000] {processor.py:183} INFO - Processing /home/airflow/.local/lib/python3.12/site-packages/airflow/example_dags/example_bash_operator.py took 0.078 seconds
[2024-07-03T18:27:57.452+0000] {processor.py:161} INFO - Started process (PID=298) to work on /home/airflow/.local/lib/python3.12/site-packages/airflow/example_dags/example_bash_operator.py
[2024-07-03T18:27:57.452+0000] {processor.py:830} INFO - Processing file /home/airflow/.local/lib/python3.12/site-packages/airflow/example_dags/example_bash_operator.py for tasks to queue
[2024-07-03T18:27:57.454+0000] {logging_mixin.py:188} INFO - [2024-07-03T18:27:57.454+0000] {dagbag.py:545} INFO - Filling up the DagBag from /home/airflow/.local/lib/python3.12/site-packages/airflow/example_dags/example_bash_operator.py
[2024-07-03T18:27:57.467+0000] {processor.py:840} INFO - DAG(s) 'example_bash_operator' retrieved from /home/airflow/.local/lib/python3.12/site-packages/airflow/example_dags/example_bash_operator.py
[2024-07-03T18:27:57.498+0000] {logging_mixin.py:188} INFO - [2024-07-03T18:27:57.497+0000] {dag.py:3096} INFO - Sync 1 DAGs
[2024-07-03T18:27:57.519+0000] {logging_mixin.py:188} INFO - [2024-07-03T18:27:57.519+0000] {dag.py:3954} INFO - Setting next_dagrun for example_bash_operator to 2024-07-02 00:00:00+00:00, run_after=2024-07-03 00:00:00+00:00
[2024-07-03T18:27:57.536+0000] {processor.py:183} INFO - Processing /home/airflow/.local/lib/python3.12/site-packages/airflow/example_dags/example_bash_operator.py took 0.089 seconds
[2024-07-03T18:28:27.745+0000] {processor.py:161} INFO - Started process (PID=356) to work on /home/airflow/.local/lib/python3.12/site-packages/airflow/example_dags/example_bash_operator.py
[2024-07-03T18:28:27.746+0000] {processor.py:830} INFO - Processing file /home/airflow/.local/lib/python3.12/site-packages/airflow/example_dags/example_bash_operator.py for tasks to queue
[2024-07-03T18:28:27.747+0000] {logging_mixin.py:188} INFO - [2024-07-03T18:28:27.747+0000] {dagbag.py:545} INFO - Filling up the DagBag from /home/airflow/.local/lib/python3.12/site-packages/airflow/example_dags/example_bash_operator.py
[2024-07-03T18:28:27.757+0000] {processor.py:840} INFO - DAG(s) 'example_bash_operator' retrieved from /home/airflow/.local/lib/python3.12/site-packages/airflow/example_dags/example_bash_operator.py
[2024-07-03T18:28:27.785+0000] {logging_mixin.py:188} INFO - [2024-07-03T18:28:27.785+0000] {dag.py:3096} INFO - Sync 1 DAGs
[2024-07-03T18:28:27.806+0000] {logging_mixin.py:188} INFO - [2024-07-03T18:28:27.806+0000] {dag.py:3954} INFO - Setting next_dagrun for example_bash_operator to 2024-07-02 00:00:00+00:00, run_after=2024-07-03 00:00:00+00:00
[2024-07-03T18:28:27.823+0000] {processor.py:183} INFO - Processing /home/airflow/.local/lib/python3.12/site-packages/airflow/example_dags/example_bash_operator.py took 0.082 seconds
[2024-07-03T18:28:58.197+0000] {processor.py:161} INFO - Started process (PID=414) to work on /home/airflow/.local/lib/python3.12/site-packages/airflow/example_dags/example_bash_operator.py
[2024-07-03T18:28:58.198+0000] {processor.py:830} INFO - Processing file /home/airflow/.local/lib/python3.12/site-packages/airflow/example_dags/example_bash_operator.py for tasks to queue
[2024-07-03T18:28:58.199+0000] {logging_mixin.py:188} INFO - [2024-07-03T18:28:58.199+0000] {dagbag.py:545} INFO - Filling up the DagBag from /home/airflow/.local/lib/python3.12/site-packages/airflow/example_dags/example_bash_operator.py
[2024-07-03T18:28:58.209+0000] {processor.py:840} INFO - DAG(s) 'example_bash_operator' retrieved from /home/airflow/.local/lib/python3.12/site-packages/airflow/example_dags/example_bash_operator.py
[2024-07-03T18:28:58.234+0000] {logging_mixin.py:188} INFO - [2024-07-03T18:28:58.234+0000] {dag.py:3096} INFO - Sync 1 DAGs
[2024-07-03T18:28:58.253+0000] {logging_mixin.py:188} INFO - [2024-07-03T18:28:58.253+0000] {dag.py:3954} INFO - Setting next_dagrun for example_bash_operator to 2024-07-02 00:00:00+00:00, run_after=2024-07-03 00:00:00+00:00
[2024-07-03T18:28:58.269+0000] {processor.py:183} INFO - Processing /home/airflow/.local/lib/python3.12/site-packages/airflow/example_dags/example_bash_operator.py took 0.076 seconds
[2024-07-03T18:29:28.626+0000] {processor.py:161} INFO - Started process (PID=472) to work on /home/airflow/.local/lib/python3.12/site-packages/airflow/example_dags/example_bash_operator.py
[2024-07-03T18:29:28.627+0000] {processor.py:830} INFO - Processing file /home/airflow/.local/lib/python3.12/site-packages/airflow/example_dags/example_bash_operator.py for tasks to queue
[2024-07-03T18:29:28.628+0000] {logging_mixin.py:188} INFO - [2024-07-03T18:29:28.628+0000] {dagbag.py:545} INFO - Filling up the DagBag from /home/airflow/.local/lib/python3.12/site-packages/airflow/example_dags/example_bash_operator.py
[2024-07-03T18:29:28.637+0000] {processor.py:840} INFO - DAG(s) 'example_bash_operator' retrieved from /home/airflow/.local/lib/python3.12/site-packages/airflow/example_dags/example_bash_operator.py
[2024-07-03T18:29:28.662+0000] {logging_mixin.py:188} INFO - [2024-07-03T18:29:28.661+0000] {dag.py:3096} INFO - Sync 1 DAGs
[2024-07-03T18:29:28.680+0000] {logging_mixin.py:188} INFO - [2024-07-03T18:29:28.680+0000] {dag.py:3954} INFO - Setting next_dagrun for example_bash_operator to 2024-07-02 00:00:00+00:00, run_after=2024-07-03 00:00:00+00:00
[2024-07-03T18:29:28.695+0000] {processor.py:183} INFO - Processing /home/airflow/.local/lib/python3.12/site-packages/airflow/example_dags/example_bash_operator.py took 0.073 seconds
[2024-07-03T18:29:59.112+0000] {processor.py:161} INFO - Started process (PID=530) to work on /home/airflow/.local/lib/python3.12/site-packages/airflow/example_dags/example_bash_operator.py
[2024-07-03T18:29:59.113+0000] {processor.py:830} INFO - Processing file /home/airflow/.local/lib/python3.12/site-packages/airflow/example_dags/example_bash_operator.py for tasks to queue
[2024-07-03T18:29:59.114+0000] {logging_mixin.py:188} INFO - [2024-07-03T18:29:59.114+0000] {dagbag.py:545} INFO - Filling up the DagBag from /home/airflow/.local/lib/python3.12/site-packages/airflow/example_dags/example_bash_operator.py
[2024-07-03T18:29:59.125+0000] {processor.py:840} INFO - DAG(s) 'example_bash_operator' retrieved from /home/airflow/.local/lib/python3.12/site-packages/airflow/example_dags/example_bash_operator.py
[2024-07-03T18:29:59.153+0000] {logging_mixin.py:188} INFO - [2024-07-03T18:29:59.153+0000] {dag.py:3096} INFO - Sync 1 DAGs
[2024-07-03T18:29:59.174+0000] {logging_mixin.py:188} INFO - [2024-07-03T18:29:59.174+0000] {dag.py:3954} INFO - Setting next_dagrun for example_bash_operator to 2024-07-02 00:00:00+00:00, run_after=2024-07-03 00:00:00+00:00
[2024-07-03T18:29:59.190+0000] {processor.py:183} INFO - Processing /home/airflow/.local/lib/python3.12/site-packages/airflow/example_dags/example_bash_operator.py took 0.082 seconds
[2024-07-03T18:30:29.963+0000] {processor.py:161} INFO - Started process (PID=595) to work on /home/airflow/.local/lib/python3.12/site-packages/airflow/example_dags/example_bash_operator.py
[2024-07-03T18:30:29.964+0000] {processor.py:830} INFO - Processing file /home/airflow/.local/lib/python3.12/site-packages/airflow/example_dags/example_bash_operator.py for tasks to queue
[2024-07-03T18:30:29.966+0000] {logging_mixin.py:188} INFO - [2024-07-03T18:30:29.965+0000] {dagbag.py:545} INFO - Filling up the DagBag from /home/airflow/.local/lib/python3.12/site-packages/airflow/example_dags/example_bash_operator.py
[2024-07-03T18:30:29.978+0000] {processor.py:840} INFO - DAG(s) 'example_bash_operator' retrieved from /home/airflow/.local/lib/python3.12/site-packages/airflow/example_dags/example_bash_operator.py
[2024-07-03T18:30:30.007+0000] {logging_mixin.py:188} INFO - [2024-07-03T18:30:30.007+0000] {dag.py:3096} INFO - Sync 1 DAGs
[2024-07-03T18:30:30.028+0000] {logging_mixin.py:188} INFO - [2024-07-03T18:30:30.028+0000] {dag.py:3954} INFO - Setting next_dagrun for example_bash_operator to 2024-07-03 00:00:00+00:00, run_after=2024-07-04 00:00:00+00:00
[2024-07-03T18:30:30.044+0000] {processor.py:183} INFO - Processing /home/airflow/.local/lib/python3.12/site-packages/airflow/example_dags/example_bash_operator.py took 0.087 seconds
[2024-07-03T18:31:00.513+0000] {processor.py:161} INFO - Started process (PID=654) to work on /home/airflow/.local/lib/python3.12/site-packages/airflow/example_dags/example_bash_operator.py
[2024-07-03T18:31:00.514+0000] {processor.py:830} INFO - Processing file /home/airflow/.local/lib/python3.12/site-packages/airflow/example_dags/example_bash_operator.py for tasks to queue
[2024-07-03T18:31:00.516+0000] {logging_mixin.py:188} INFO - [2024-07-03T18:31:00.516+0000] {dagbag.py:545} INFO - Filling up the DagBag from /home/airflow/.local/lib/python3.12/site-packages/airflow/example_dags/example_bash_operator.py
[2024-07-03T18:31:00.526+0000] {processor.py:840} INFO - DAG(s) 'example_bash_operator' retrieved from /home/airflow/.local/lib/python3.12/site-packages/airflow/example_dags/example_bash_operator.py
[2024-07-03T18:31:00.555+0000] {logging_mixin.py:188} INFO - [2024-07-03T18:31:00.554+0000] {dag.py:3096} INFO - Sync 1 DAGs
[2024-07-03T18:31:00.583+0000] {logging_mixin.py:188} INFO - [2024-07-03T18:31:00.583+0000] {dag.py:3954} INFO - Setting next_dagrun for example_bash_operator to 2024-07-03 00:00:00+00:00, run_after=2024-07-04 00:00:00+00:00
[2024-07-03T18:31:00.603+0000] {processor.py:183} INFO - Processing /home/airflow/.local/lib/python3.12/site-packages/airflow/example_dags/example_bash_operator.py took 0.095 seconds
[2024-07-03T18:31:30.717+0000] {processor.py:161} INFO - Started process (PID=712) to work on /home/airflow/.local/lib/python3.12/site-packages/airflow/example_dags/example_bash_operator.py
[2024-07-03T18:31:30.718+0000] {processor.py:830} INFO - Processing file /home/airflow/.local/lib/python3.12/site-packages/airflow/example_dags/example_bash_operator.py for tasks to queue
[2024-07-03T18:31:30.720+0000] {logging_mixin.py:188} INFO - [2024-07-03T18:31:30.720+0000] {dagbag.py:545} INFO - Filling up the DagBag from /home/airflow/.local/lib/python3.12/site-packages/airflow/example_dags/example_bash_operator.py
[2024-07-03T18:31:30.729+0000] {processor.py:840} INFO - DAG(s) 'example_bash_operator' retrieved from /home/airflow/.local/lib/python3.12/site-packages/airflow/example_dags/example_bash_operator.py
[2024-07-03T18:31:30.759+0000] {logging_mixin.py:188} INFO - [2024-07-03T18:31:30.758+0000] {dag.py:3096} INFO - Sync 1 DAGs
[2024-07-03T18:31:30.782+0000] {logging_mixin.py:188} INFO - [2024-07-03T18:31:30.782+0000] {dag.py:3954} INFO - Setting next_dagrun for example_bash_operator to 2024-07-03 00:00:00+00:00, run_after=2024-07-04 00:00:00+00:00
[2024-07-03T18:31:30.806+0000] {processor.py:183} INFO - Processing /home/airflow/.local/lib/python3.12/site-packages/airflow/example_dags/example_bash_operator.py took 0.094 seconds
[2024-07-03T18:32:00.978+0000] {processor.py:161} INFO - Started process (PID=770) to work on /home/airflow/.local/lib/python3.12/site-packages/airflow/example_dags/example_bash_operator.py
[2024-07-03T18:32:00.978+0000] {processor.py:830} INFO - Processing file /home/airflow/.local/lib/python3.12/site-packages/airflow/example_dags/example_bash_operator.py for tasks to queue
[2024-07-03T18:32:00.980+0000] {logging_mixin.py:188} INFO - [2024-07-03T18:32:00.980+0000] {dagbag.py:545} INFO - Filling up the DagBag from /home/airflow/.local/lib/python3.12/site-packages/airflow/example_dags/example_bash_operator.py
[2024-07-03T18:32:00.990+0000] {processor.py:840} INFO - DAG(s) 'example_bash_operator' retrieved from /home/airflow/.local/lib/python3.12/site-packages/airflow/example_dags/example_bash_operator.py
[2024-07-03T18:32:01.015+0000] {logging_mixin.py:188} INFO - [2024-07-03T18:32:01.015+0000] {dag.py:3096} INFO - Sync 1 DAGs
[2024-07-03T18:32:01.038+0000] {logging_mixin.py:188} INFO - [2024-07-03T18:32:01.038+0000] {dag.py:3954} INFO - Setting next_dagrun for example_bash_operator to 2024-07-03 00:00:00+00:00, run_after=2024-07-04 00:00:00+00:00
[2024-07-03T18:32:01.056+0000] {processor.py:183} INFO - Processing /home/airflow/.local/lib/python3.12/site-packages/airflow/example_dags/example_bash_operator.py took 0.083 seconds
[2024-07-03T18:32:31.883+0000] {processor.py:161} INFO - Started process (PID=828) to work on /home/airflow/.local/lib/python3.12/site-packages/airflow/example_dags/example_bash_operator.py
[2024-07-03T18:32:31.886+0000] {processor.py:830} INFO - Processing file /home/airflow/.local/lib/python3.12/site-packages/airflow/example_dags/example_bash_operator.py for tasks to queue
[2024-07-03T18:32:31.888+0000] {logging_mixin.py:188} INFO - [2024-07-03T18:32:31.887+0000] {dagbag.py:545} INFO - Filling up the DagBag from /home/airflow/.local/lib/python3.12/site-packages/airflow/example_dags/example_bash_operator.py
[2024-07-03T18:32:31.897+0000] {processor.py:840} INFO - DAG(s) 'example_bash_operator' retrieved from /home/airflow/.local/lib/python3.12/site-packages/airflow/example_dags/example_bash_operator.py
[2024-07-03T18:32:31.925+0000] {logging_mixin.py:188} INFO - [2024-07-03T18:32:31.924+0000] {dag.py:3096} INFO - Sync 1 DAGs
[2024-07-03T18:32:31.945+0000] {logging_mixin.py:188} INFO - [2024-07-03T18:32:31.945+0000] {dag.py:3954} INFO - Setting next_dagrun for example_bash_operator to 2024-07-03 00:00:00+00:00, run_after=2024-07-04 00:00:00+00:00
[2024-07-03T18:32:31.962+0000] {processor.py:183} INFO - Processing /home/airflow/.local/lib/python3.12/site-packages/airflow/example_dags/example_bash_operator.py took 0.083 seconds
[2024-07-03T18:40:29.422+0000] {processor.py:161} INFO - Started process (PID=66) to work on /home/airflow/.local/lib/python3.12/site-packages/airflow/example_dags/example_bash_operator.py
[2024-07-03T18:40:29.423+0000] {processor.py:830} INFO - Processing file /home/airflow/.local/lib/python3.12/site-packages/airflow/example_dags/example_bash_operator.py for tasks to queue
[2024-07-03T18:40:29.425+0000] {logging_mixin.py:188} INFO - [2024-07-03T18:40:29.424+0000] {dagbag.py:545} INFO - Filling up the DagBag from /home/airflow/.local/lib/python3.12/site-packages/airflow/example_dags/example_bash_operator.py
[2024-07-03T18:40:29.435+0000] {processor.py:840} INFO - DAG(s) 'example_bash_operator' retrieved from /home/airflow/.local/lib/python3.12/site-packages/airflow/example_dags/example_bash_operator.py
[2024-07-03T18:40:29.533+0000] {logging_mixin.py:188} INFO - [2024-07-03T18:40:29.533+0000] {dag.py:3096} INFO - Sync 1 DAGs
[2024-07-03T18:40:29.554+0000] {logging_mixin.py:188} INFO - [2024-07-03T18:40:29.554+0000] {dag.py:3954} INFO - Setting next_dagrun for example_bash_operator to 2024-07-03 00:00:00+00:00, run_after=2024-07-04 00:00:00+00:00
[2024-07-03T18:40:29.588+0000] {processor.py:183} INFO - Processing /home/airflow/.local/lib/python3.12/site-packages/airflow/example_dags/example_bash_operator.py took 0.170 seconds
[2024-07-03T18:40:59.704+0000] {processor.py:161} INFO - Started process (PID=124) to work on /home/airflow/.local/lib/python3.12/site-packages/airflow/example_dags/example_bash_operator.py
[2024-07-03T18:40:59.704+0000] {processor.py:830} INFO - Processing file /home/airflow/.local/lib/python3.12/site-packages/airflow/example_dags/example_bash_operator.py for tasks to queue
[2024-07-03T18:40:59.706+0000] {logging_mixin.py:188} INFO - [2024-07-03T18:40:59.706+0000] {dagbag.py:545} INFO - Filling up the DagBag from /home/airflow/.local/lib/python3.12/site-packages/airflow/example_dags/example_bash_operator.py
[2024-07-03T18:40:59.715+0000] {processor.py:840} INFO - DAG(s) 'example_bash_operator' retrieved from /home/airflow/.local/lib/python3.12/site-packages/airflow/example_dags/example_bash_operator.py
[2024-07-03T18:40:59.742+0000] {logging_mixin.py:188} INFO - [2024-07-03T18:40:59.741+0000] {dag.py:3096} INFO - Sync 1 DAGs
[2024-07-03T18:40:59.762+0000] {logging_mixin.py:188} INFO - [2024-07-03T18:40:59.762+0000] {dag.py:3954} INFO - Setting next_dagrun for example_bash_operator to 2024-07-03 00:00:00+00:00, run_after=2024-07-04 00:00:00+00:00
[2024-07-03T18:40:59.779+0000] {processor.py:183} INFO - Processing /home/airflow/.local/lib/python3.12/site-packages/airflow/example_dags/example_bash_operator.py took 0.080 seconds
[2024-07-03T18:41:30.114+0000] {processor.py:161} INFO - Started process (PID=182) to work on /home/airflow/.local/lib/python3.12/site-packages/airflow/example_dags/example_bash_operator.py
[2024-07-03T18:41:30.115+0000] {processor.py:830} INFO - Processing file /home/airflow/.local/lib/python3.12/site-packages/airflow/example_dags/example_bash_operator.py for tasks to queue
[2024-07-03T18:41:30.117+0000] {logging_mixin.py:188} INFO - [2024-07-03T18:41:30.116+0000] {dagbag.py:545} INFO - Filling up the DagBag from /home/airflow/.local/lib/python3.12/site-packages/airflow/example_dags/example_bash_operator.py
[2024-07-03T18:41:30.126+0000] {processor.py:840} INFO - DAG(s) 'example_bash_operator' retrieved from /home/airflow/.local/lib/python3.12/site-packages/airflow/example_dags/example_bash_operator.py
[2024-07-03T18:41:30.149+0000] {logging_mixin.py:188} INFO - [2024-07-03T18:41:30.149+0000] {dag.py:3096} INFO - Sync 1 DAGs
[2024-07-03T18:41:30.169+0000] {logging_mixin.py:188} INFO - [2024-07-03T18:41:30.169+0000] {dag.py:3954} INFO - Setting next_dagrun for example_bash_operator to 2024-07-03 00:00:00+00:00, run_after=2024-07-04 00:00:00+00:00
[2024-07-03T18:41:30.185+0000] {processor.py:183} INFO - Processing /home/airflow/.local/lib/python3.12/site-packages/airflow/example_dags/example_bash_operator.py took 0.075 seconds
[2024-07-03T18:42:00.993+0000] {processor.py:161} INFO - Started process (PID=240) to work on /home/airflow/.local/lib/python3.12/site-packages/airflow/example_dags/example_bash_operator.py
[2024-07-03T18:42:00.994+0000] {processor.py:830} INFO - Processing file /home/airflow/.local/lib/python3.12/site-packages/airflow/example_dags/example_bash_operator.py for tasks to queue
[2024-07-03T18:42:00.995+0000] {logging_mixin.py:188} INFO - [2024-07-03T18:42:00.995+0000] {dagbag.py:545} INFO - Filling up the DagBag from /home/airflow/.local/lib/python3.12/site-packages/airflow/example_dags/example_bash_operator.py
[2024-07-03T18:42:01.004+0000] {processor.py:840} INFO - DAG(s) 'example_bash_operator' retrieved from /home/airflow/.local/lib/python3.12/site-packages/airflow/example_dags/example_bash_operator.py
[2024-07-03T18:42:01.093+0000] {logging_mixin.py:188} INFO - [2024-07-03T18:42:01.093+0000] {dag.py:3096} INFO - Sync 1 DAGs
[2024-07-03T18:42:01.110+0000] {logging_mixin.py:188} INFO - [2024-07-03T18:42:01.110+0000] {dag.py:3954} INFO - Setting next_dagrun for example_bash_operator to 2024-07-03 00:00:00+00:00, run_after=2024-07-04 00:00:00+00:00
[2024-07-03T18:42:01.127+0000] {processor.py:183} INFO - Processing /home/airflow/.local/lib/python3.12/site-packages/airflow/example_dags/example_bash_operator.py took 0.137 seconds
