[2024-07-03T18:25:51.942+0000] {processor.py:161} INFO - Started process (PID=41) to work on /home/airflow/.local/lib/python3.12/site-packages/airflow/example_dags/example_branch_python_dop_operator_3.py
[2024-07-03T18:25:51.943+0000] {processor.py:830} INFO - Processing file /home/airflow/.local/lib/python3.12/site-packages/airflow/example_dags/example_branch_python_dop_operator_3.py for tasks to queue
[2024-07-03T18:25:51.945+0000] {logging_mixin.py:188} INFO - [2024-07-03T18:25:51.944+0000] {dagbag.py:545} INFO - Filling up the DagBag from /home/airflow/.local/lib/python3.12/site-packages/airflow/example_dags/example_branch_python_dop_operator_3.py
[2024-07-03T18:25:51.956+0000] {processor.py:840} INFO - DAG(s) 'example_branch_dop_operator_v3' retrieved from /home/airflow/.local/lib/python3.12/site-packages/airflow/example_dags/example_branch_python_dop_operator_3.py
[2024-07-03T18:25:51.966+0000] {logging_mixin.py:188} INFO - [2024-07-03T18:25:51.966+0000] {dag.py:3096} INFO - Sync 1 DAGs
[2024-07-03T18:25:51.993+0000] {logging_mixin.py:188} INFO - [2024-07-03T18:25:51.993+0000] {dag.py:3954} INFO - Setting next_dagrun for example_branch_dop_operator_v3 to 2024-07-03 18:24:00+00:00, run_after=2024-07-03 18:25:00+00:00
[2024-07-03T18:25:52.012+0000] {processor.py:183} INFO - Processing /home/airflow/.local/lib/python3.12/site-packages/airflow/example_dags/example_branch_python_dop_operator_3.py took 0.076 seconds
[2024-07-03T18:26:22.820+0000] {processor.py:161} INFO - Started process (PID=99) to work on /home/airflow/.local/lib/python3.12/site-packages/airflow/example_dags/example_branch_python_dop_operator_3.py
[2024-07-03T18:26:22.820+0000] {processor.py:830} INFO - Processing file /home/airflow/.local/lib/python3.12/site-packages/airflow/example_dags/example_branch_python_dop_operator_3.py for tasks to queue
[2024-07-03T18:26:22.822+0000] {logging_mixin.py:188} INFO - [2024-07-03T18:26:22.822+0000] {dagbag.py:545} INFO - Filling up the DagBag from /home/airflow/.local/lib/python3.12/site-packages/airflow/example_dags/example_branch_python_dop_operator_3.py
[2024-07-03T18:26:22.829+0000] {processor.py:840} INFO - DAG(s) 'example_branch_dop_operator_v3' retrieved from /home/airflow/.local/lib/python3.12/site-packages/airflow/example_dags/example_branch_python_dop_operator_3.py
[2024-07-03T18:26:22.915+0000] {logging_mixin.py:188} INFO - [2024-07-03T18:26:22.914+0000] {dag.py:3096} INFO - Sync 1 DAGs
[2024-07-03T18:26:22.934+0000] {logging_mixin.py:188} INFO - [2024-07-03T18:26:22.933+0000] {dag.py:3954} INFO - Setting next_dagrun for example_branch_dop_operator_v3 to 2024-07-03 18:25:00+00:00, run_after=2024-07-03 18:26:00+00:00
[2024-07-03T18:26:22.949+0000] {processor.py:183} INFO - Processing /home/airflow/.local/lib/python3.12/site-packages/airflow/example_dags/example_branch_python_dop_operator_3.py took 0.134 seconds
[2024-07-03T18:26:53.595+0000] {processor.py:161} INFO - Started process (PID=157) to work on /home/airflow/.local/lib/python3.12/site-packages/airflow/example_dags/example_branch_python_dop_operator_3.py
[2024-07-03T18:26:53.596+0000] {processor.py:830} INFO - Processing file /home/airflow/.local/lib/python3.12/site-packages/airflow/example_dags/example_branch_python_dop_operator_3.py for tasks to queue
[2024-07-03T18:26:53.597+0000] {logging_mixin.py:188} INFO - [2024-07-03T18:26:53.597+0000] {dagbag.py:545} INFO - Filling up the DagBag from /home/airflow/.local/lib/python3.12/site-packages/airflow/example_dags/example_branch_python_dop_operator_3.py
[2024-07-03T18:26:53.605+0000] {processor.py:840} INFO - DAG(s) 'example_branch_dop_operator_v3' retrieved from /home/airflow/.local/lib/python3.12/site-packages/airflow/example_dags/example_branch_python_dop_operator_3.py
[2024-07-03T18:26:53.623+0000] {logging_mixin.py:188} INFO - [2024-07-03T18:26:53.622+0000] {dag.py:3096} INFO - Sync 1 DAGs
[2024-07-03T18:26:53.646+0000] {logging_mixin.py:188} INFO - [2024-07-03T18:26:53.646+0000] {dag.py:3954} INFO - Setting next_dagrun for example_branch_dop_operator_v3 to 2024-07-03 18:25:00+00:00, run_after=2024-07-03 18:26:00+00:00
[2024-07-03T18:26:53.665+0000] {processor.py:183} INFO - Processing /home/airflow/.local/lib/python3.12/site-packages/airflow/example_dags/example_branch_python_dop_operator_3.py took 0.075 seconds
[2024-07-03T18:27:23.752+0000] {processor.py:161} INFO - Started process (PID=215) to work on /home/airflow/.local/lib/python3.12/site-packages/airflow/example_dags/example_branch_python_dop_operator_3.py
[2024-07-03T18:27:23.753+0000] {processor.py:830} INFO - Processing file /home/airflow/.local/lib/python3.12/site-packages/airflow/example_dags/example_branch_python_dop_operator_3.py for tasks to queue
[2024-07-03T18:27:23.755+0000] {logging_mixin.py:188} INFO - [2024-07-03T18:27:23.755+0000] {dagbag.py:545} INFO - Filling up the DagBag from /home/airflow/.local/lib/python3.12/site-packages/airflow/example_dags/example_branch_python_dop_operator_3.py
[2024-07-03T18:27:23.762+0000] {processor.py:840} INFO - DAG(s) 'example_branch_dop_operator_v3' retrieved from /home/airflow/.local/lib/python3.12/site-packages/airflow/example_dags/example_branch_python_dop_operator_3.py
[2024-07-03T18:27:23.780+0000] {logging_mixin.py:188} INFO - [2024-07-03T18:27:23.780+0000] {dag.py:3096} INFO - Sync 1 DAGs
[2024-07-03T18:27:23.802+0000] {logging_mixin.py:188} INFO - [2024-07-03T18:27:23.802+0000] {dag.py:3954} INFO - Setting next_dagrun for example_branch_dop_operator_v3 to 2024-07-03 18:26:00+00:00, run_after=2024-07-03 18:27:00+00:00
[2024-07-03T18:27:23.820+0000] {processor.py:183} INFO - Processing /home/airflow/.local/lib/python3.12/site-packages/airflow/example_dags/example_branch_python_dop_operator_3.py took 0.074 seconds
[2024-07-03T18:27:54.112+0000] {processor.py:161} INFO - Started process (PID=273) to work on /home/airflow/.local/lib/python3.12/site-packages/airflow/example_dags/example_branch_python_dop_operator_3.py
[2024-07-03T18:27:54.113+0000] {processor.py:830} INFO - Processing file /home/airflow/.local/lib/python3.12/site-packages/airflow/example_dags/example_branch_python_dop_operator_3.py for tasks to queue
[2024-07-03T18:27:54.115+0000] {logging_mixin.py:188} INFO - [2024-07-03T18:27:54.114+0000] {dagbag.py:545} INFO - Filling up the DagBag from /home/airflow/.local/lib/python3.12/site-packages/airflow/example_dags/example_branch_python_dop_operator_3.py
[2024-07-03T18:27:54.121+0000] {processor.py:840} INFO - DAG(s) 'example_branch_dop_operator_v3' retrieved from /home/airflow/.local/lib/python3.12/site-packages/airflow/example_dags/example_branch_python_dop_operator_3.py
[2024-07-03T18:27:54.138+0000] {logging_mixin.py:188} INFO - [2024-07-03T18:27:54.138+0000] {dag.py:3096} INFO - Sync 1 DAGs
[2024-07-03T18:27:54.159+0000] {logging_mixin.py:188} INFO - [2024-07-03T18:27:54.159+0000] {dag.py:3954} INFO - Setting next_dagrun for example_branch_dop_operator_v3 to 2024-07-03 18:26:00+00:00, run_after=2024-07-03 18:27:00+00:00
[2024-07-03T18:27:54.177+0000] {processor.py:183} INFO - Processing /home/airflow/.local/lib/python3.12/site-packages/airflow/example_dags/example_branch_python_dop_operator_3.py took 0.069 seconds
[2024-07-03T18:28:24.339+0000] {processor.py:161} INFO - Started process (PID=331) to work on /home/airflow/.local/lib/python3.12/site-packages/airflow/example_dags/example_branch_python_dop_operator_3.py
[2024-07-03T18:28:24.341+0000] {processor.py:830} INFO - Processing file /home/airflow/.local/lib/python3.12/site-packages/airflow/example_dags/example_branch_python_dop_operator_3.py for tasks to queue
[2024-07-03T18:28:24.343+0000] {logging_mixin.py:188} INFO - [2024-07-03T18:28:24.343+0000] {dagbag.py:545} INFO - Filling up the DagBag from /home/airflow/.local/lib/python3.12/site-packages/airflow/example_dags/example_branch_python_dop_operator_3.py
[2024-07-03T18:28:24.353+0000] {processor.py:840} INFO - DAG(s) 'example_branch_dop_operator_v3' retrieved from /home/airflow/.local/lib/python3.12/site-packages/airflow/example_dags/example_branch_python_dop_operator_3.py
[2024-07-03T18:28:24.377+0000] {logging_mixin.py:188} INFO - [2024-07-03T18:28:24.377+0000] {dag.py:3096} INFO - Sync 1 DAGs
[2024-07-03T18:28:24.406+0000] {logging_mixin.py:188} INFO - [2024-07-03T18:28:24.405+0000] {dag.py:3954} INFO - Setting next_dagrun for example_branch_dop_operator_v3 to 2024-07-03 18:27:00+00:00, run_after=2024-07-03 18:28:00+00:00
[2024-07-03T18:28:24.425+0000] {processor.py:183} INFO - Processing /home/airflow/.local/lib/python3.12/site-packages/airflow/example_dags/example_branch_python_dop_operator_3.py took 0.093 seconds
[2024-07-03T18:28:54.908+0000] {processor.py:161} INFO - Started process (PID=389) to work on /home/airflow/.local/lib/python3.12/site-packages/airflow/example_dags/example_branch_python_dop_operator_3.py
[2024-07-03T18:28:54.909+0000] {processor.py:830} INFO - Processing file /home/airflow/.local/lib/python3.12/site-packages/airflow/example_dags/example_branch_python_dop_operator_3.py for tasks to queue
[2024-07-03T18:28:54.910+0000] {logging_mixin.py:188} INFO - [2024-07-03T18:28:54.910+0000] {dagbag.py:545} INFO - Filling up the DagBag from /home/airflow/.local/lib/python3.12/site-packages/airflow/example_dags/example_branch_python_dop_operator_3.py
[2024-07-03T18:28:54.917+0000] {processor.py:840} INFO - DAG(s) 'example_branch_dop_operator_v3' retrieved from /home/airflow/.local/lib/python3.12/site-packages/airflow/example_dags/example_branch_python_dop_operator_3.py
[2024-07-03T18:28:54.937+0000] {logging_mixin.py:188} INFO - [2024-07-03T18:28:54.937+0000] {dag.py:3096} INFO - Sync 1 DAGs
[2024-07-03T18:28:54.961+0000] {logging_mixin.py:188} INFO - [2024-07-03T18:28:54.961+0000] {dag.py:3954} INFO - Setting next_dagrun for example_branch_dop_operator_v3 to 2024-07-03 18:27:00+00:00, run_after=2024-07-03 18:28:00+00:00
[2024-07-03T18:28:54.979+0000] {processor.py:183} INFO - Processing /home/airflow/.local/lib/python3.12/site-packages/airflow/example_dags/example_branch_python_dop_operator_3.py took 0.075 seconds
[2024-07-03T18:29:25.324+0000] {processor.py:161} INFO - Started process (PID=447) to work on /home/airflow/.local/lib/python3.12/site-packages/airflow/example_dags/example_branch_python_dop_operator_3.py
[2024-07-03T18:29:25.325+0000] {processor.py:830} INFO - Processing file /home/airflow/.local/lib/python3.12/site-packages/airflow/example_dags/example_branch_python_dop_operator_3.py for tasks to queue
[2024-07-03T18:29:25.326+0000] {logging_mixin.py:188} INFO - [2024-07-03T18:29:25.326+0000] {dagbag.py:545} INFO - Filling up the DagBag from /home/airflow/.local/lib/python3.12/site-packages/airflow/example_dags/example_branch_python_dop_operator_3.py
[2024-07-03T18:29:25.335+0000] {processor.py:840} INFO - DAG(s) 'example_branch_dop_operator_v3' retrieved from /home/airflow/.local/lib/python3.12/site-packages/airflow/example_dags/example_branch_python_dop_operator_3.py
[2024-07-03T18:29:25.352+0000] {logging_mixin.py:188} INFO - [2024-07-03T18:29:25.352+0000] {dag.py:3096} INFO - Sync 1 DAGs
[2024-07-03T18:29:25.373+0000] {logging_mixin.py:188} INFO - [2024-07-03T18:29:25.372+0000] {dag.py:3954} INFO - Setting next_dagrun for example_branch_dop_operator_v3 to 2024-07-03 18:28:00+00:00, run_after=2024-07-03 18:29:00+00:00
[2024-07-03T18:29:25.389+0000] {processor.py:183} INFO - Processing /home/airflow/.local/lib/python3.12/site-packages/airflow/example_dags/example_branch_python_dop_operator_3.py took 0.069 seconds
[2024-07-03T18:29:55.819+0000] {processor.py:161} INFO - Started process (PID=505) to work on /home/airflow/.local/lib/python3.12/site-packages/airflow/example_dags/example_branch_python_dop_operator_3.py
[2024-07-03T18:29:55.820+0000] {processor.py:830} INFO - Processing file /home/airflow/.local/lib/python3.12/site-packages/airflow/example_dags/example_branch_python_dop_operator_3.py for tasks to queue
[2024-07-03T18:29:55.821+0000] {logging_mixin.py:188} INFO - [2024-07-03T18:29:55.821+0000] {dagbag.py:545} INFO - Filling up the DagBag from /home/airflow/.local/lib/python3.12/site-packages/airflow/example_dags/example_branch_python_dop_operator_3.py
[2024-07-03T18:29:55.830+0000] {processor.py:840} INFO - DAG(s) 'example_branch_dop_operator_v3' retrieved from /home/airflow/.local/lib/python3.12/site-packages/airflow/example_dags/example_branch_python_dop_operator_3.py
[2024-07-03T18:29:55.850+0000] {logging_mixin.py:188} INFO - [2024-07-03T18:29:55.850+0000] {dag.py:3096} INFO - Sync 1 DAGs
[2024-07-03T18:29:55.875+0000] {logging_mixin.py:188} INFO - [2024-07-03T18:29:55.874+0000] {dag.py:3954} INFO - Setting next_dagrun for example_branch_dop_operator_v3 to 2024-07-03 18:28:00+00:00, run_after=2024-07-03 18:29:00+00:00
[2024-07-03T18:29:55.898+0000] {processor.py:183} INFO - Processing /home/airflow/.local/lib/python3.12/site-packages/airflow/example_dags/example_branch_python_dop_operator_3.py took 0.083 seconds
[2024-07-03T18:30:26.493+0000] {processor.py:161} INFO - Started process (PID=570) to work on /home/airflow/.local/lib/python3.12/site-packages/airflow/example_dags/example_branch_python_dop_operator_3.py
[2024-07-03T18:30:26.496+0000] {processor.py:830} INFO - Processing file /home/airflow/.local/lib/python3.12/site-packages/airflow/example_dags/example_branch_python_dop_operator_3.py for tasks to queue
[2024-07-03T18:30:26.498+0000] {logging_mixin.py:188} INFO - [2024-07-03T18:30:26.498+0000] {dagbag.py:545} INFO - Filling up the DagBag from /home/airflow/.local/lib/python3.12/site-packages/airflow/example_dags/example_branch_python_dop_operator_3.py
[2024-07-03T18:30:26.510+0000] {processor.py:840} INFO - DAG(s) 'example_branch_dop_operator_v3' retrieved from /home/airflow/.local/lib/python3.12/site-packages/airflow/example_dags/example_branch_python_dop_operator_3.py
[2024-07-03T18:30:26.534+0000] {logging_mixin.py:188} INFO - [2024-07-03T18:30:26.534+0000] {dag.py:3096} INFO - Sync 1 DAGs
[2024-07-03T18:30:26.561+0000] {logging_mixin.py:188} INFO - [2024-07-03T18:30:26.560+0000] {dag.py:3954} INFO - Setting next_dagrun for example_branch_dop_operator_v3 to 2024-07-03 18:29:00+00:00, run_after=2024-07-03 18:30:00+00:00
[2024-07-03T18:30:26.581+0000] {processor.py:183} INFO - Processing /home/airflow/.local/lib/python3.12/site-packages/airflow/example_dags/example_branch_python_dop_operator_3.py took 0.094 seconds
[2024-07-03T18:30:56.766+0000] {processor.py:161} INFO - Started process (PID=629) to work on /home/airflow/.local/lib/python3.12/site-packages/airflow/example_dags/example_branch_python_dop_operator_3.py
[2024-07-03T18:30:56.768+0000] {processor.py:830} INFO - Processing file /home/airflow/.local/lib/python3.12/site-packages/airflow/example_dags/example_branch_python_dop_operator_3.py for tasks to queue
[2024-07-03T18:30:56.770+0000] {logging_mixin.py:188} INFO - [2024-07-03T18:30:56.770+0000] {dagbag.py:545} INFO - Filling up the DagBag from /home/airflow/.local/lib/python3.12/site-packages/airflow/example_dags/example_branch_python_dop_operator_3.py
[2024-07-03T18:30:56.778+0000] {processor.py:840} INFO - DAG(s) 'example_branch_dop_operator_v3' retrieved from /home/airflow/.local/lib/python3.12/site-packages/airflow/example_dags/example_branch_python_dop_operator_3.py
[2024-07-03T18:30:56.797+0000] {logging_mixin.py:188} INFO - [2024-07-03T18:30:56.796+0000] {dag.py:3096} INFO - Sync 1 DAGs
[2024-07-03T18:30:56.824+0000] {logging_mixin.py:188} INFO - [2024-07-03T18:30:56.824+0000] {dag.py:3954} INFO - Setting next_dagrun for example_branch_dop_operator_v3 to 2024-07-03 18:29:00+00:00, run_after=2024-07-03 18:30:00+00:00
[2024-07-03T18:30:56.845+0000] {processor.py:183} INFO - Processing /home/airflow/.local/lib/python3.12/site-packages/airflow/example_dags/example_branch_python_dop_operator_3.py took 0.085 seconds
[2024-07-03T18:31:26.928+0000] {processor.py:161} INFO - Started process (PID=687) to work on /home/airflow/.local/lib/python3.12/site-packages/airflow/example_dags/example_branch_python_dop_operator_3.py
[2024-07-03T18:31:26.929+0000] {processor.py:830} INFO - Processing file /home/airflow/.local/lib/python3.12/site-packages/airflow/example_dags/example_branch_python_dop_operator_3.py for tasks to queue
[2024-07-03T18:31:26.930+0000] {logging_mixin.py:188} INFO - [2024-07-03T18:31:26.930+0000] {dagbag.py:545} INFO - Filling up the DagBag from /home/airflow/.local/lib/python3.12/site-packages/airflow/example_dags/example_branch_python_dop_operator_3.py
[2024-07-03T18:31:26.939+0000] {processor.py:840} INFO - DAG(s) 'example_branch_dop_operator_v3' retrieved from /home/airflow/.local/lib/python3.12/site-packages/airflow/example_dags/example_branch_python_dop_operator_3.py
[2024-07-03T18:31:26.959+0000] {logging_mixin.py:188} INFO - [2024-07-03T18:31:26.958+0000] {dag.py:3096} INFO - Sync 1 DAGs
[2024-07-03T18:31:26.983+0000] {logging_mixin.py:188} INFO - [2024-07-03T18:31:26.983+0000] {dag.py:3954} INFO - Setting next_dagrun for example_branch_dop_operator_v3 to 2024-07-03 18:30:00+00:00, run_after=2024-07-03 18:31:00+00:00
[2024-07-03T18:31:27.003+0000] {processor.py:183} INFO - Processing /home/airflow/.local/lib/python3.12/site-packages/airflow/example_dags/example_branch_python_dop_operator_3.py took 0.080 seconds
[2024-07-03T18:31:57.214+0000] {processor.py:161} INFO - Started process (PID=745) to work on /home/airflow/.local/lib/python3.12/site-packages/airflow/example_dags/example_branch_python_dop_operator_3.py
[2024-07-03T18:31:57.215+0000] {processor.py:830} INFO - Processing file /home/airflow/.local/lib/python3.12/site-packages/airflow/example_dags/example_branch_python_dop_operator_3.py for tasks to queue
[2024-07-03T18:31:57.216+0000] {logging_mixin.py:188} INFO - [2024-07-03T18:31:57.216+0000] {dagbag.py:545} INFO - Filling up the DagBag from /home/airflow/.local/lib/python3.12/site-packages/airflow/example_dags/example_branch_python_dop_operator_3.py
[2024-07-03T18:31:57.224+0000] {processor.py:840} INFO - DAG(s) 'example_branch_dop_operator_v3' retrieved from /home/airflow/.local/lib/python3.12/site-packages/airflow/example_dags/example_branch_python_dop_operator_3.py
[2024-07-03T18:31:57.244+0000] {logging_mixin.py:188} INFO - [2024-07-03T18:31:57.244+0000] {dag.py:3096} INFO - Sync 1 DAGs
[2024-07-03T18:31:57.267+0000] {logging_mixin.py:188} INFO - [2024-07-03T18:31:57.266+0000] {dag.py:3954} INFO - Setting next_dagrun for example_branch_dop_operator_v3 to 2024-07-03 18:30:00+00:00, run_after=2024-07-03 18:31:00+00:00
[2024-07-03T18:31:57.286+0000] {processor.py:183} INFO - Processing /home/airflow/.local/lib/python3.12/site-packages/airflow/example_dags/example_branch_python_dop_operator_3.py took 0.077 seconds
[2024-07-03T18:32:27.337+0000] {processor.py:161} INFO - Started process (PID=803) to work on /home/airflow/.local/lib/python3.12/site-packages/airflow/example_dags/example_branch_python_dop_operator_3.py
[2024-07-03T18:32:27.338+0000] {processor.py:830} INFO - Processing file /home/airflow/.local/lib/python3.12/site-packages/airflow/example_dags/example_branch_python_dop_operator_3.py for tasks to queue
[2024-07-03T18:32:27.339+0000] {logging_mixin.py:188} INFO - [2024-07-03T18:32:27.339+0000] {dagbag.py:545} INFO - Filling up the DagBag from /home/airflow/.local/lib/python3.12/site-packages/airflow/example_dags/example_branch_python_dop_operator_3.py
[2024-07-03T18:32:27.348+0000] {processor.py:840} INFO - DAG(s) 'example_branch_dop_operator_v3' retrieved from /home/airflow/.local/lib/python3.12/site-packages/airflow/example_dags/example_branch_python_dop_operator_3.py
[2024-07-03T18:32:27.365+0000] {logging_mixin.py:188} INFO - [2024-07-03T18:32:27.365+0000] {dag.py:3096} INFO - Sync 1 DAGs
[2024-07-03T18:32:27.387+0000] {logging_mixin.py:188} INFO - [2024-07-03T18:32:27.387+0000] {dag.py:3954} INFO - Setting next_dagrun for example_branch_dop_operator_v3 to 2024-07-03 18:31:00+00:00, run_after=2024-07-03 18:32:00+00:00
[2024-07-03T18:32:27.403+0000] {processor.py:183} INFO - Processing /home/airflow/.local/lib/python3.12/site-packages/airflow/example_dags/example_branch_python_dop_operator_3.py took 0.070 seconds
[2024-07-03T18:40:26.795+0000] {processor.py:161} INFO - Started process (PID=41) to work on /home/airflow/.local/lib/python3.12/site-packages/airflow/example_dags/example_branch_python_dop_operator_3.py
[2024-07-03T18:40:26.796+0000] {processor.py:830} INFO - Processing file /home/airflow/.local/lib/python3.12/site-packages/airflow/example_dags/example_branch_python_dop_operator_3.py for tasks to queue
[2024-07-03T18:40:26.798+0000] {logging_mixin.py:188} INFO - [2024-07-03T18:40:26.798+0000] {dagbag.py:545} INFO - Filling up the DagBag from /home/airflow/.local/lib/python3.12/site-packages/airflow/example_dags/example_branch_python_dop_operator_3.py
[2024-07-03T18:40:26.809+0000] {processor.py:840} INFO - DAG(s) 'example_branch_dop_operator_v3' retrieved from /home/airflow/.local/lib/python3.12/site-packages/airflow/example_dags/example_branch_python_dop_operator_3.py
[2024-07-03T18:40:26.919+0000] {logging_mixin.py:188} INFO - [2024-07-03T18:40:26.919+0000] {dag.py:3096} INFO - Sync 1 DAGs
[2024-07-03T18:40:26.941+0000] {logging_mixin.py:188} INFO - [2024-07-03T18:40:26.941+0000] {dag.py:3954} INFO - Setting next_dagrun for example_branch_dop_operator_v3 to 2024-07-03 18:39:00+00:00, run_after=2024-07-03 18:40:00+00:00
[2024-07-03T18:40:26.962+0000] {processor.py:183} INFO - Processing /home/airflow/.local/lib/python3.12/site-packages/airflow/example_dags/example_branch_python_dop_operator_3.py took 0.171 seconds
[2024-07-03T18:40:57.403+0000] {processor.py:161} INFO - Started process (PID=99) to work on /home/airflow/.local/lib/python3.12/site-packages/airflow/example_dags/example_branch_python_dop_operator_3.py
[2024-07-03T18:40:57.404+0000] {processor.py:830} INFO - Processing file /home/airflow/.local/lib/python3.12/site-packages/airflow/example_dags/example_branch_python_dop_operator_3.py for tasks to queue
[2024-07-03T18:40:57.405+0000] {logging_mixin.py:188} INFO - [2024-07-03T18:40:57.405+0000] {dagbag.py:545} INFO - Filling up the DagBag from /home/airflow/.local/lib/python3.12/site-packages/airflow/example_dags/example_branch_python_dop_operator_3.py
[2024-07-03T18:40:57.412+0000] {processor.py:840} INFO - DAG(s) 'example_branch_dop_operator_v3' retrieved from /home/airflow/.local/lib/python3.12/site-packages/airflow/example_dags/example_branch_python_dop_operator_3.py
[2024-07-03T18:40:57.431+0000] {logging_mixin.py:188} INFO - [2024-07-03T18:40:57.431+0000] {dag.py:3096} INFO - Sync 1 DAGs
[2024-07-03T18:40:57.454+0000] {logging_mixin.py:188} INFO - [2024-07-03T18:40:57.454+0000] {dag.py:3954} INFO - Setting next_dagrun for example_branch_dop_operator_v3 to 2024-07-03 18:39:00+00:00, run_after=2024-07-03 18:40:00+00:00
[2024-07-03T18:40:57.471+0000] {processor.py:183} INFO - Processing /home/airflow/.local/lib/python3.12/site-packages/airflow/example_dags/example_branch_python_dop_operator_3.py took 0.072 seconds
[2024-07-03T18:41:27.553+0000] {processor.py:161} INFO - Started process (PID=157) to work on /home/airflow/.local/lib/python3.12/site-packages/airflow/example_dags/example_branch_python_dop_operator_3.py
[2024-07-03T18:41:27.554+0000] {processor.py:830} INFO - Processing file /home/airflow/.local/lib/python3.12/site-packages/airflow/example_dags/example_branch_python_dop_operator_3.py for tasks to queue
[2024-07-03T18:41:27.555+0000] {logging_mixin.py:188} INFO - [2024-07-03T18:41:27.555+0000] {dagbag.py:545} INFO - Filling up the DagBag from /home/airflow/.local/lib/python3.12/site-packages/airflow/example_dags/example_branch_python_dop_operator_3.py
[2024-07-03T18:41:27.562+0000] {processor.py:840} INFO - DAG(s) 'example_branch_dop_operator_v3' retrieved from /home/airflow/.local/lib/python3.12/site-packages/airflow/example_dags/example_branch_python_dop_operator_3.py
[2024-07-03T18:41:27.581+0000] {logging_mixin.py:188} INFO - [2024-07-03T18:41:27.580+0000] {dag.py:3096} INFO - Sync 1 DAGs
[2024-07-03T18:41:27.607+0000] {logging_mixin.py:188} INFO - [2024-07-03T18:41:27.606+0000] {dag.py:3954} INFO - Setting next_dagrun for example_branch_dop_operator_v3 to 2024-07-03 18:40:00+00:00, run_after=2024-07-03 18:41:00+00:00
[2024-07-03T18:41:27.626+0000] {processor.py:183} INFO - Processing /home/airflow/.local/lib/python3.12/site-packages/airflow/example_dags/example_branch_python_dop_operator_3.py took 0.077 seconds
[2024-07-03T18:41:57.818+0000] {processor.py:161} INFO - Started process (PID=215) to work on /home/airflow/.local/lib/python3.12/site-packages/airflow/example_dags/example_branch_python_dop_operator_3.py
[2024-07-03T18:41:57.819+0000] {processor.py:830} INFO - Processing file /home/airflow/.local/lib/python3.12/site-packages/airflow/example_dags/example_branch_python_dop_operator_3.py for tasks to queue
[2024-07-03T18:41:57.821+0000] {logging_mixin.py:188} INFO - [2024-07-03T18:41:57.820+0000] {dagbag.py:545} INFO - Filling up the DagBag from /home/airflow/.local/lib/python3.12/site-packages/airflow/example_dags/example_branch_python_dop_operator_3.py
[2024-07-03T18:41:57.828+0000] {processor.py:840} INFO - DAG(s) 'example_branch_dop_operator_v3' retrieved from /home/airflow/.local/lib/python3.12/site-packages/airflow/example_dags/example_branch_python_dop_operator_3.py
[2024-07-03T18:41:57.911+0000] {logging_mixin.py:188} INFO - [2024-07-03T18:41:57.911+0000] {dag.py:3096} INFO - Sync 1 DAGs
[2024-07-03T18:41:57.931+0000] {logging_mixin.py:188} INFO - [2024-07-03T18:41:57.930+0000] {dag.py:3954} INFO - Setting next_dagrun for example_branch_dop_operator_v3 to 2024-07-03 18:40:00+00:00, run_after=2024-07-03 18:41:00+00:00
[2024-07-03T18:41:57.948+0000] {processor.py:183} INFO - Processing /home/airflow/.local/lib/python3.12/site-packages/airflow/example_dags/example_branch_python_dop_operator_3.py took 0.134 seconds
