[2024-07-03T18:25:54.633+0000] {processor.py:161} INFO - Started process (PID=78) to work on /home/airflow/.local/lib/python3.12/site-packages/airflow/example_dags/example_nested_branch_dag.py
[2024-07-03T18:25:54.634+0000] {processor.py:830} INFO - Processing file /home/airflow/.local/lib/python3.12/site-packages/airflow/example_dags/example_nested_branch_dag.py for tasks to queue
[2024-07-03T18:25:54.636+0000] {logging_mixin.py:188} INFO - [2024-07-03T18:25:54.635+0000] {dagbag.py:545} INFO - Filling up the DagBag from /home/airflow/.local/lib/python3.12/site-packages/airflow/example_dags/example_nested_branch_dag.py
[2024-07-03T18:25:54.646+0000] {processor.py:840} INFO - DAG(s) 'example_nested_branch_dag' retrieved from /home/airflow/.local/lib/python3.12/site-packages/airflow/example_dags/example_nested_branch_dag.py
[2024-07-03T18:25:54.660+0000] {logging_mixin.py:188} INFO - [2024-07-03T18:25:54.660+0000] {dag.py:3096} INFO - Sync 1 DAGs
[2024-07-03T18:25:54.685+0000] {logging_mixin.py:188} INFO - [2024-07-03T18:25:54.685+0000] {dag.py:3954} INFO - Setting next_dagrun for example_nested_branch_dag to 2024-07-02 00:00:00+00:00, run_after=2024-07-03 00:00:00+00:00
[2024-07-03T18:25:54.703+0000] {processor.py:183} INFO - Processing /home/airflow/.local/lib/python3.12/site-packages/airflow/example_dags/example_nested_branch_dag.py took 0.075 seconds
[2024-07-03T18:26:26.452+0000] {processor.py:161} INFO - Started process (PID=136) to work on /home/airflow/.local/lib/python3.12/site-packages/airflow/example_dags/example_nested_branch_dag.py
[2024-07-03T18:26:26.455+0000] {processor.py:830} INFO - Processing file /home/airflow/.local/lib/python3.12/site-packages/airflow/example_dags/example_nested_branch_dag.py for tasks to queue
[2024-07-03T18:26:26.457+0000] {logging_mixin.py:188} INFO - [2024-07-03T18:26:26.457+0000] {dagbag.py:545} INFO - Filling up the DagBag from /home/airflow/.local/lib/python3.12/site-packages/airflow/example_dags/example_nested_branch_dag.py
[2024-07-03T18:26:26.465+0000] {processor.py:840} INFO - DAG(s) 'example_nested_branch_dag' retrieved from /home/airflow/.local/lib/python3.12/site-packages/airflow/example_dags/example_nested_branch_dag.py
[2024-07-03T18:26:26.569+0000] {logging_mixin.py:188} INFO - [2024-07-03T18:26:26.568+0000] {dag.py:3096} INFO - Sync 1 DAGs
[2024-07-03T18:26:26.591+0000] {logging_mixin.py:188} INFO - [2024-07-03T18:26:26.591+0000] {dag.py:3954} INFO - Setting next_dagrun for example_nested_branch_dag to 2024-07-02 00:00:00+00:00, run_after=2024-07-03 00:00:00+00:00
[2024-07-03T18:26:26.607+0000] {processor.py:183} INFO - Processing /home/airflow/.local/lib/python3.12/site-packages/airflow/example_dags/example_nested_branch_dag.py took 0.161 seconds
[2024-07-03T18:26:56.680+0000] {processor.py:161} INFO - Started process (PID=194) to work on /home/airflow/.local/lib/python3.12/site-packages/airflow/example_dags/example_nested_branch_dag.py
[2024-07-03T18:26:56.681+0000] {processor.py:830} INFO - Processing file /home/airflow/.local/lib/python3.12/site-packages/airflow/example_dags/example_nested_branch_dag.py for tasks to queue
[2024-07-03T18:26:56.683+0000] {logging_mixin.py:188} INFO - [2024-07-03T18:26:56.683+0000] {dagbag.py:545} INFO - Filling up the DagBag from /home/airflow/.local/lib/python3.12/site-packages/airflow/example_dags/example_nested_branch_dag.py
[2024-07-03T18:26:56.692+0000] {processor.py:840} INFO - DAG(s) 'example_nested_branch_dag' retrieved from /home/airflow/.local/lib/python3.12/site-packages/airflow/example_dags/example_nested_branch_dag.py
[2024-07-03T18:26:56.713+0000] {logging_mixin.py:188} INFO - [2024-07-03T18:26:56.713+0000] {dag.py:3096} INFO - Sync 1 DAGs
[2024-07-03T18:26:56.735+0000] {logging_mixin.py:188} INFO - [2024-07-03T18:26:56.734+0000] {dag.py:3954} INFO - Setting next_dagrun for example_nested_branch_dag to 2024-07-02 00:00:00+00:00, run_after=2024-07-03 00:00:00+00:00
[2024-07-03T18:26:56.756+0000] {processor.py:183} INFO - Processing /home/airflow/.local/lib/python3.12/site-packages/airflow/example_dags/example_nested_branch_dag.py took 0.081 seconds
[2024-07-03T18:27:27.122+0000] {processor.py:161} INFO - Started process (PID=252) to work on /home/airflow/.local/lib/python3.12/site-packages/airflow/example_dags/example_nested_branch_dag.py
[2024-07-03T18:27:27.123+0000] {processor.py:830} INFO - Processing file /home/airflow/.local/lib/python3.12/site-packages/airflow/example_dags/example_nested_branch_dag.py for tasks to queue
[2024-07-03T18:27:27.124+0000] {logging_mixin.py:188} INFO - [2024-07-03T18:27:27.124+0000] {dagbag.py:545} INFO - Filling up the DagBag from /home/airflow/.local/lib/python3.12/site-packages/airflow/example_dags/example_nested_branch_dag.py
[2024-07-03T18:27:27.133+0000] {processor.py:840} INFO - DAG(s) 'example_nested_branch_dag' retrieved from /home/airflow/.local/lib/python3.12/site-packages/airflow/example_dags/example_nested_branch_dag.py
[2024-07-03T18:27:27.156+0000] {logging_mixin.py:188} INFO - [2024-07-03T18:27:27.156+0000] {dag.py:3096} INFO - Sync 1 DAGs
[2024-07-03T18:27:27.179+0000] {logging_mixin.py:188} INFO - [2024-07-03T18:27:27.178+0000] {dag.py:3954} INFO - Setting next_dagrun for example_nested_branch_dag to 2024-07-02 00:00:00+00:00, run_after=2024-07-03 00:00:00+00:00
[2024-07-03T18:27:27.198+0000] {processor.py:183} INFO - Processing /home/airflow/.local/lib/python3.12/site-packages/airflow/example_dags/example_nested_branch_dag.py took 0.081 seconds
[2024-07-03T18:27:58.347+0000] {processor.py:161} INFO - Started process (PID=310) to work on /home/airflow/.local/lib/python3.12/site-packages/airflow/example_dags/example_nested_branch_dag.py
[2024-07-03T18:27:58.348+0000] {processor.py:830} INFO - Processing file /home/airflow/.local/lib/python3.12/site-packages/airflow/example_dags/example_nested_branch_dag.py for tasks to queue
[2024-07-03T18:27:58.350+0000] {logging_mixin.py:188} INFO - [2024-07-03T18:27:58.350+0000] {dagbag.py:545} INFO - Filling up the DagBag from /home/airflow/.local/lib/python3.12/site-packages/airflow/example_dags/example_nested_branch_dag.py
[2024-07-03T18:27:58.362+0000] {processor.py:840} INFO - DAG(s) 'example_nested_branch_dag' retrieved from /home/airflow/.local/lib/python3.12/site-packages/airflow/example_dags/example_nested_branch_dag.py
[2024-07-03T18:27:58.391+0000] {logging_mixin.py:188} INFO - [2024-07-03T18:27:58.390+0000] {dag.py:3096} INFO - Sync 1 DAGs
[2024-07-03T18:27:58.416+0000] {logging_mixin.py:188} INFO - [2024-07-03T18:27:58.416+0000] {dag.py:3954} INFO - Setting next_dagrun for example_nested_branch_dag to 2024-07-02 00:00:00+00:00, run_after=2024-07-03 00:00:00+00:00
[2024-07-03T18:27:58.439+0000] {processor.py:183} INFO - Processing /home/airflow/.local/lib/python3.12/site-packages/airflow/example_dags/example_nested_branch_dag.py took 0.099 seconds
[2024-07-03T18:28:29.281+0000] {processor.py:161} INFO - Started process (PID=368) to work on /home/airflow/.local/lib/python3.12/site-packages/airflow/example_dags/example_nested_branch_dag.py
[2024-07-03T18:28:29.282+0000] {processor.py:830} INFO - Processing file /home/airflow/.local/lib/python3.12/site-packages/airflow/example_dags/example_nested_branch_dag.py for tasks to queue
[2024-07-03T18:28:29.283+0000] {logging_mixin.py:188} INFO - [2024-07-03T18:28:29.283+0000] {dagbag.py:545} INFO - Filling up the DagBag from /home/airflow/.local/lib/python3.12/site-packages/airflow/example_dags/example_nested_branch_dag.py
[2024-07-03T18:28:29.291+0000] {processor.py:840} INFO - DAG(s) 'example_nested_branch_dag' retrieved from /home/airflow/.local/lib/python3.12/site-packages/airflow/example_dags/example_nested_branch_dag.py
[2024-07-03T18:28:29.312+0000] {logging_mixin.py:188} INFO - [2024-07-03T18:28:29.312+0000] {dag.py:3096} INFO - Sync 1 DAGs
[2024-07-03T18:28:29.331+0000] {logging_mixin.py:188} INFO - [2024-07-03T18:28:29.331+0000] {dag.py:3954} INFO - Setting next_dagrun for example_nested_branch_dag to 2024-07-02 00:00:00+00:00, run_after=2024-07-03 00:00:00+00:00
[2024-07-03T18:28:29.348+0000] {processor.py:183} INFO - Processing /home/airflow/.local/lib/python3.12/site-packages/airflow/example_dags/example_nested_branch_dag.py took 0.071 seconds
[2024-07-03T18:28:59.740+0000] {processor.py:161} INFO - Started process (PID=426) to work on /home/airflow/.local/lib/python3.12/site-packages/airflow/example_dags/example_nested_branch_dag.py
[2024-07-03T18:28:59.741+0000] {processor.py:830} INFO - Processing file /home/airflow/.local/lib/python3.12/site-packages/airflow/example_dags/example_nested_branch_dag.py for tasks to queue
[2024-07-03T18:28:59.743+0000] {logging_mixin.py:188} INFO - [2024-07-03T18:28:59.743+0000] {dagbag.py:545} INFO - Filling up the DagBag from /home/airflow/.local/lib/python3.12/site-packages/airflow/example_dags/example_nested_branch_dag.py
[2024-07-03T18:28:59.750+0000] {processor.py:840} INFO - DAG(s) 'example_nested_branch_dag' retrieved from /home/airflow/.local/lib/python3.12/site-packages/airflow/example_dags/example_nested_branch_dag.py
[2024-07-03T18:28:59.769+0000] {logging_mixin.py:188} INFO - [2024-07-03T18:28:59.769+0000] {dag.py:3096} INFO - Sync 1 DAGs
[2024-07-03T18:28:59.788+0000] {logging_mixin.py:188} INFO - [2024-07-03T18:28:59.788+0000] {dag.py:3954} INFO - Setting next_dagrun for example_nested_branch_dag to 2024-07-02 00:00:00+00:00, run_after=2024-07-03 00:00:00+00:00
[2024-07-03T18:28:59.803+0000] {processor.py:183} INFO - Processing /home/airflow/.local/lib/python3.12/site-packages/airflow/example_dags/example_nested_branch_dag.py took 0.067 seconds
[2024-07-03T18:29:30.211+0000] {processor.py:161} INFO - Started process (PID=484) to work on /home/airflow/.local/lib/python3.12/site-packages/airflow/example_dags/example_nested_branch_dag.py
[2024-07-03T18:29:30.212+0000] {processor.py:830} INFO - Processing file /home/airflow/.local/lib/python3.12/site-packages/airflow/example_dags/example_nested_branch_dag.py for tasks to queue
[2024-07-03T18:29:30.213+0000] {logging_mixin.py:188} INFO - [2024-07-03T18:29:30.213+0000] {dagbag.py:545} INFO - Filling up the DagBag from /home/airflow/.local/lib/python3.12/site-packages/airflow/example_dags/example_nested_branch_dag.py
[2024-07-03T18:29:30.221+0000] {processor.py:840} INFO - DAG(s) 'example_nested_branch_dag' retrieved from /home/airflow/.local/lib/python3.12/site-packages/airflow/example_dags/example_nested_branch_dag.py
[2024-07-03T18:29:30.239+0000] {logging_mixin.py:188} INFO - [2024-07-03T18:29:30.239+0000] {dag.py:3096} INFO - Sync 1 DAGs
[2024-07-03T18:29:30.258+0000] {logging_mixin.py:188} INFO - [2024-07-03T18:29:30.257+0000] {dag.py:3954} INFO - Setting next_dagrun for example_nested_branch_dag to 2024-07-02 00:00:00+00:00, run_after=2024-07-03 00:00:00+00:00
[2024-07-03T18:29:30.273+0000] {processor.py:183} INFO - Processing /home/airflow/.local/lib/python3.12/site-packages/airflow/example_dags/example_nested_branch_dag.py took 0.066 seconds
[2024-07-03T18:30:00.610+0000] {processor.py:161} INFO - Started process (PID=542) to work on /home/airflow/.local/lib/python3.12/site-packages/airflow/example_dags/example_nested_branch_dag.py
[2024-07-03T18:30:00.611+0000] {processor.py:830} INFO - Processing file /home/airflow/.local/lib/python3.12/site-packages/airflow/example_dags/example_nested_branch_dag.py for tasks to queue
[2024-07-03T18:30:00.612+0000] {logging_mixin.py:188} INFO - [2024-07-03T18:30:00.612+0000] {dagbag.py:545} INFO - Filling up the DagBag from /home/airflow/.local/lib/python3.12/site-packages/airflow/example_dags/example_nested_branch_dag.py
[2024-07-03T18:30:00.623+0000] {processor.py:840} INFO - DAG(s) 'example_nested_branch_dag' retrieved from /home/airflow/.local/lib/python3.12/site-packages/airflow/example_dags/example_nested_branch_dag.py
[2024-07-03T18:30:00.644+0000] {logging_mixin.py:188} INFO - [2024-07-03T18:30:00.643+0000] {dag.py:3096} INFO - Sync 1 DAGs
[2024-07-03T18:30:00.664+0000] {logging_mixin.py:188} INFO - [2024-07-03T18:30:00.663+0000] {dag.py:3954} INFO - Setting next_dagrun for example_nested_branch_dag to 2024-07-02 00:00:00+00:00, run_after=2024-07-03 00:00:00+00:00
[2024-07-03T18:30:00.679+0000] {processor.py:183} INFO - Processing /home/airflow/.local/lib/python3.12/site-packages/airflow/example_dags/example_nested_branch_dag.py took 0.076 seconds
[2024-07-03T18:30:31.473+0000] {processor.py:161} INFO - Started process (PID=607) to work on /home/airflow/.local/lib/python3.12/site-packages/airflow/example_dags/example_nested_branch_dag.py
[2024-07-03T18:30:31.474+0000] {processor.py:830} INFO - Processing file /home/airflow/.local/lib/python3.12/site-packages/airflow/example_dags/example_nested_branch_dag.py for tasks to queue
[2024-07-03T18:30:31.475+0000] {logging_mixin.py:188} INFO - [2024-07-03T18:30:31.475+0000] {dagbag.py:545} INFO - Filling up the DagBag from /home/airflow/.local/lib/python3.12/site-packages/airflow/example_dags/example_nested_branch_dag.py
[2024-07-03T18:30:31.482+0000] {processor.py:840} INFO - DAG(s) 'example_nested_branch_dag' retrieved from /home/airflow/.local/lib/python3.12/site-packages/airflow/example_dags/example_nested_branch_dag.py
[2024-07-03T18:30:31.502+0000] {logging_mixin.py:188} INFO - [2024-07-03T18:30:31.502+0000] {dag.py:3096} INFO - Sync 1 DAGs
[2024-07-03T18:30:31.522+0000] {logging_mixin.py:188} INFO - [2024-07-03T18:30:31.522+0000] {dag.py:3954} INFO - Setting next_dagrun for example_nested_branch_dag to 2024-07-02 00:00:00+00:00, run_after=2024-07-03 00:00:00+00:00
[2024-07-03T18:30:31.539+0000] {processor.py:183} INFO - Processing /home/airflow/.local/lib/python3.12/site-packages/airflow/example_dags/example_nested_branch_dag.py took 0.071 seconds
[2024-07-03T18:31:02.057+0000] {processor.py:161} INFO - Started process (PID=666) to work on /home/airflow/.local/lib/python3.12/site-packages/airflow/example_dags/example_nested_branch_dag.py
[2024-07-03T18:31:02.058+0000] {processor.py:830} INFO - Processing file /home/airflow/.local/lib/python3.12/site-packages/airflow/example_dags/example_nested_branch_dag.py for tasks to queue
[2024-07-03T18:31:02.060+0000] {logging_mixin.py:188} INFO - [2024-07-03T18:31:02.059+0000] {dagbag.py:545} INFO - Filling up the DagBag from /home/airflow/.local/lib/python3.12/site-packages/airflow/example_dags/example_nested_branch_dag.py
[2024-07-03T18:31:02.068+0000] {processor.py:840} INFO - DAG(s) 'example_nested_branch_dag' retrieved from /home/airflow/.local/lib/python3.12/site-packages/airflow/example_dags/example_nested_branch_dag.py
[2024-07-03T18:31:02.088+0000] {logging_mixin.py:188} INFO - [2024-07-03T18:31:02.087+0000] {dag.py:3096} INFO - Sync 1 DAGs
[2024-07-03T18:31:02.108+0000] {logging_mixin.py:188} INFO - [2024-07-03T18:31:02.108+0000] {dag.py:3954} INFO - Setting next_dagrun for example_nested_branch_dag to 2024-07-02 00:00:00+00:00, run_after=2024-07-03 00:00:00+00:00
[2024-07-03T18:31:02.125+0000] {processor.py:183} INFO - Processing /home/airflow/.local/lib/python3.12/site-packages/airflow/example_dags/example_nested_branch_dag.py took 0.072 seconds
[2024-07-03T18:31:32.487+0000] {processor.py:161} INFO - Started process (PID=724) to work on /home/airflow/.local/lib/python3.12/site-packages/airflow/example_dags/example_nested_branch_dag.py
[2024-07-03T18:31:32.488+0000] {processor.py:830} INFO - Processing file /home/airflow/.local/lib/python3.12/site-packages/airflow/example_dags/example_nested_branch_dag.py for tasks to queue
[2024-07-03T18:31:32.490+0000] {logging_mixin.py:188} INFO - [2024-07-03T18:31:32.489+0000] {dagbag.py:545} INFO - Filling up the DagBag from /home/airflow/.local/lib/python3.12/site-packages/airflow/example_dags/example_nested_branch_dag.py
[2024-07-03T18:31:32.498+0000] {processor.py:840} INFO - DAG(s) 'example_nested_branch_dag' retrieved from /home/airflow/.local/lib/python3.12/site-packages/airflow/example_dags/example_nested_branch_dag.py
[2024-07-03T18:31:32.519+0000] {logging_mixin.py:188} INFO - [2024-07-03T18:31:32.519+0000] {dag.py:3096} INFO - Sync 1 DAGs
[2024-07-03T18:31:32.540+0000] {logging_mixin.py:188} INFO - [2024-07-03T18:31:32.540+0000] {dag.py:3954} INFO - Setting next_dagrun for example_nested_branch_dag to 2024-07-02 00:00:00+00:00, run_after=2024-07-03 00:00:00+00:00
[2024-07-03T18:31:32.560+0000] {processor.py:183} INFO - Processing /home/airflow/.local/lib/python3.12/site-packages/airflow/example_dags/example_nested_branch_dag.py took 0.079 seconds
[2024-07-03T18:32:02.758+0000] {processor.py:161} INFO - Started process (PID=782) to work on /home/airflow/.local/lib/python3.12/site-packages/airflow/example_dags/example_nested_branch_dag.py
[2024-07-03T18:32:02.759+0000] {processor.py:830} INFO - Processing file /home/airflow/.local/lib/python3.12/site-packages/airflow/example_dags/example_nested_branch_dag.py for tasks to queue
[2024-07-03T18:32:02.760+0000] {logging_mixin.py:188} INFO - [2024-07-03T18:32:02.760+0000] {dagbag.py:545} INFO - Filling up the DagBag from /home/airflow/.local/lib/python3.12/site-packages/airflow/example_dags/example_nested_branch_dag.py
[2024-07-03T18:32:02.769+0000] {processor.py:840} INFO - DAG(s) 'example_nested_branch_dag' retrieved from /home/airflow/.local/lib/python3.12/site-packages/airflow/example_dags/example_nested_branch_dag.py
[2024-07-03T18:32:02.790+0000] {logging_mixin.py:188} INFO - [2024-07-03T18:32:02.789+0000] {dag.py:3096} INFO - Sync 1 DAGs
[2024-07-03T18:32:02.812+0000] {logging_mixin.py:188} INFO - [2024-07-03T18:32:02.812+0000] {dag.py:3954} INFO - Setting next_dagrun for example_nested_branch_dag to 2024-07-02 00:00:00+00:00, run_after=2024-07-03 00:00:00+00:00
[2024-07-03T18:32:02.830+0000] {processor.py:183} INFO - Processing /home/airflow/.local/lib/python3.12/site-packages/airflow/example_dags/example_nested_branch_dag.py took 0.076 seconds
[2024-07-03T18:32:33.580+0000] {processor.py:161} INFO - Started process (PID=846) to work on /home/airflow/.local/lib/python3.12/site-packages/airflow/example_dags/example_nested_branch_dag.py
[2024-07-03T18:32:33.581+0000] {processor.py:830} INFO - Processing file /home/airflow/.local/lib/python3.12/site-packages/airflow/example_dags/example_nested_branch_dag.py for tasks to queue
[2024-07-03T18:32:33.582+0000] {logging_mixin.py:188} INFO - [2024-07-03T18:32:33.582+0000] {dagbag.py:545} INFO - Filling up the DagBag from /home/airflow/.local/lib/python3.12/site-packages/airflow/example_dags/example_nested_branch_dag.py
[2024-07-03T18:32:33.592+0000] {processor.py:840} INFO - DAG(s) 'example_nested_branch_dag' retrieved from /home/airflow/.local/lib/python3.12/site-packages/airflow/example_dags/example_nested_branch_dag.py
[2024-07-03T18:32:33.612+0000] {logging_mixin.py:188} INFO - [2024-07-03T18:32:33.612+0000] {dag.py:3096} INFO - Sync 1 DAGs
[2024-07-03T18:32:33.633+0000] {logging_mixin.py:188} INFO - [2024-07-03T18:32:33.632+0000] {dag.py:3954} INFO - Setting next_dagrun for example_nested_branch_dag to 2024-07-02 00:00:00+00:00, run_after=2024-07-03 00:00:00+00:00
[2024-07-03T18:32:33.650+0000] {processor.py:183} INFO - Processing /home/airflow/.local/lib/python3.12/site-packages/airflow/example_dags/example_nested_branch_dag.py took 0.074 seconds
[2024-07-03T18:40:30.625+0000] {processor.py:161} INFO - Started process (PID=78) to work on /home/airflow/.local/lib/python3.12/site-packages/airflow/example_dags/example_nested_branch_dag.py
[2024-07-03T18:40:30.626+0000] {processor.py:830} INFO - Processing file /home/airflow/.local/lib/python3.12/site-packages/airflow/example_dags/example_nested_branch_dag.py for tasks to queue
[2024-07-03T18:40:30.628+0000] {logging_mixin.py:188} INFO - [2024-07-03T18:40:30.628+0000] {dagbag.py:545} INFO - Filling up the DagBag from /home/airflow/.local/lib/python3.12/site-packages/airflow/example_dags/example_nested_branch_dag.py
[2024-07-03T18:40:30.638+0000] {processor.py:840} INFO - DAG(s) 'example_nested_branch_dag' retrieved from /home/airflow/.local/lib/python3.12/site-packages/airflow/example_dags/example_nested_branch_dag.py
[2024-07-03T18:40:30.738+0000] {logging_mixin.py:188} INFO - [2024-07-03T18:40:30.738+0000] {dag.py:3096} INFO - Sync 1 DAGs
[2024-07-03T18:40:30.759+0000] {logging_mixin.py:188} INFO - [2024-07-03T18:40:30.759+0000] {dag.py:3954} INFO - Setting next_dagrun for example_nested_branch_dag to 2024-07-02 00:00:00+00:00, run_after=2024-07-03 00:00:00+00:00
[2024-07-03T18:40:30.782+0000] {processor.py:183} INFO - Processing /home/airflow/.local/lib/python3.12/site-packages/airflow/example_dags/example_nested_branch_dag.py took 0.161 seconds
[2024-07-03T18:41:01.456+0000] {processor.py:161} INFO - Started process (PID=136) to work on /home/airflow/.local/lib/python3.12/site-packages/airflow/example_dags/example_nested_branch_dag.py
[2024-07-03T18:41:01.457+0000] {processor.py:830} INFO - Processing file /home/airflow/.local/lib/python3.12/site-packages/airflow/example_dags/example_nested_branch_dag.py for tasks to queue
[2024-07-03T18:41:01.459+0000] {logging_mixin.py:188} INFO - [2024-07-03T18:41:01.458+0000] {dagbag.py:545} INFO - Filling up the DagBag from /home/airflow/.local/lib/python3.12/site-packages/airflow/example_dags/example_nested_branch_dag.py
[2024-07-03T18:41:01.466+0000] {processor.py:840} INFO - DAG(s) 'example_nested_branch_dag' retrieved from /home/airflow/.local/lib/python3.12/site-packages/airflow/example_dags/example_nested_branch_dag.py
[2024-07-03T18:41:01.485+0000] {logging_mixin.py:188} INFO - [2024-07-03T18:41:01.485+0000] {dag.py:3096} INFO - Sync 1 DAGs
[2024-07-03T18:41:01.503+0000] {logging_mixin.py:188} INFO - [2024-07-03T18:41:01.503+0000] {dag.py:3954} INFO - Setting next_dagrun for example_nested_branch_dag to 2024-07-02 00:00:00+00:00, run_after=2024-07-03 00:00:00+00:00
[2024-07-03T18:41:01.521+0000] {processor.py:183} INFO - Processing /home/airflow/.local/lib/python3.12/site-packages/airflow/example_dags/example_nested_branch_dag.py took 0.069 seconds
[2024-07-03T18:41:31.652+0000] {processor.py:161} INFO - Started process (PID=194) to work on /home/airflow/.local/lib/python3.12/site-packages/airflow/example_dags/example_nested_branch_dag.py
[2024-07-03T18:41:31.653+0000] {processor.py:830} INFO - Processing file /home/airflow/.local/lib/python3.12/site-packages/airflow/example_dags/example_nested_branch_dag.py for tasks to queue
[2024-07-03T18:41:31.654+0000] {logging_mixin.py:188} INFO - [2024-07-03T18:41:31.654+0000] {dagbag.py:545} INFO - Filling up the DagBag from /home/airflow/.local/lib/python3.12/site-packages/airflow/example_dags/example_nested_branch_dag.py
[2024-07-03T18:41:31.662+0000] {processor.py:840} INFO - DAG(s) 'example_nested_branch_dag' retrieved from /home/airflow/.local/lib/python3.12/site-packages/airflow/example_dags/example_nested_branch_dag.py
[2024-07-03T18:41:31.681+0000] {logging_mixin.py:188} INFO - [2024-07-03T18:41:31.681+0000] {dag.py:3096} INFO - Sync 1 DAGs
[2024-07-03T18:41:31.701+0000] {logging_mixin.py:188} INFO - [2024-07-03T18:41:31.701+0000] {dag.py:3954} INFO - Setting next_dagrun for example_nested_branch_dag to 2024-07-02 00:00:00+00:00, run_after=2024-07-03 00:00:00+00:00
[2024-07-03T18:41:31.720+0000] {processor.py:183} INFO - Processing /home/airflow/.local/lib/python3.12/site-packages/airflow/example_dags/example_nested_branch_dag.py took 0.072 seconds
[2024-07-03T18:42:01.949+0000] {processor.py:161} INFO - Started process (PID=252) to work on /home/airflow/.local/lib/python3.12/site-packages/airflow/example_dags/example_nested_branch_dag.py
[2024-07-03T18:42:01.950+0000] {processor.py:830} INFO - Processing file /home/airflow/.local/lib/python3.12/site-packages/airflow/example_dags/example_nested_branch_dag.py for tasks to queue
[2024-07-03T18:42:01.951+0000] {logging_mixin.py:188} INFO - [2024-07-03T18:42:01.951+0000] {dagbag.py:545} INFO - Filling up the DagBag from /home/airflow/.local/lib/python3.12/site-packages/airflow/example_dags/example_nested_branch_dag.py
[2024-07-03T18:42:01.959+0000] {processor.py:840} INFO - DAG(s) 'example_nested_branch_dag' retrieved from /home/airflow/.local/lib/python3.12/site-packages/airflow/example_dags/example_nested_branch_dag.py
[2024-07-03T18:42:02.045+0000] {logging_mixin.py:188} INFO - [2024-07-03T18:42:02.044+0000] {dag.py:3096} INFO - Sync 1 DAGs
[2024-07-03T18:42:02.062+0000] {logging_mixin.py:188} INFO - [2024-07-03T18:42:02.062+0000] {dag.py:3954} INFO - Setting next_dagrun for example_nested_branch_dag to 2024-07-02 00:00:00+00:00, run_after=2024-07-03 00:00:00+00:00
[2024-07-03T18:42:02.079+0000] {processor.py:183} INFO - Processing /home/airflow/.local/lib/python3.12/site-packages/airflow/example_dags/example_nested_branch_dag.py took 0.134 seconds
