[2024-07-03T18:25:52.169+0000] {processor.py:161} INFO - Started process (PID=44) to work on /home/airflow/.local/lib/python3.12/site-packages/airflow/example_dags/example_latest_only_with_trigger.py
[2024-07-03T18:25:52.170+0000] {processor.py:830} INFO - Processing file /home/airflow/.local/lib/python3.12/site-packages/airflow/example_dags/example_latest_only_with_trigger.py for tasks to queue
[2024-07-03T18:25:52.172+0000] {logging_mixin.py:188} INFO - [2024-07-03T18:25:52.172+0000] {dagbag.py:545} INFO - Filling up the DagBag from /home/airflow/.local/lib/python3.12/site-packages/airflow/example_dags/example_latest_only_with_trigger.py
[2024-07-03T18:25:52.179+0000] {processor.py:840} INFO - DAG(s) 'latest_only_with_trigger' retrieved from /home/airflow/.local/lib/python3.12/site-packages/airflow/example_dags/example_latest_only_with_trigger.py
[2024-07-03T18:25:52.191+0000] {logging_mixin.py:188} INFO - [2024-07-03T18:25:52.191+0000] {dag.py:3096} INFO - Sync 1 DAGs
[2024-07-03T18:25:52.216+0000] {logging_mixin.py:188} INFO - [2024-07-03T18:25:52.216+0000] {dag.py:3954} INFO - Setting next_dagrun for latest_only_with_trigger to 2024-07-03 12:00:00+00:00, run_after=2024-07-03 16:00:00+00:00
[2024-07-03T18:25:52.240+0000] {processor.py:183} INFO - Processing /home/airflow/.local/lib/python3.12/site-packages/airflow/example_dags/example_latest_only_with_trigger.py took 0.076 seconds
[2024-07-03T18:26:23.152+0000] {processor.py:161} INFO - Started process (PID=102) to work on /home/airflow/.local/lib/python3.12/site-packages/airflow/example_dags/example_latest_only_with_trigger.py
[2024-07-03T18:26:23.153+0000] {processor.py:830} INFO - Processing file /home/airflow/.local/lib/python3.12/site-packages/airflow/example_dags/example_latest_only_with_trigger.py for tasks to queue
[2024-07-03T18:26:23.154+0000] {logging_mixin.py:188} INFO - [2024-07-03T18:26:23.154+0000] {dagbag.py:545} INFO - Filling up the DagBag from /home/airflow/.local/lib/python3.12/site-packages/airflow/example_dags/example_latest_only_with_trigger.py
[2024-07-03T18:26:23.159+0000] {processor.py:840} INFO - DAG(s) 'latest_only_with_trigger' retrieved from /home/airflow/.local/lib/python3.12/site-packages/airflow/example_dags/example_latest_only_with_trigger.py
[2024-07-03T18:26:23.245+0000] {logging_mixin.py:188} INFO - [2024-07-03T18:26:23.244+0000] {dag.py:3096} INFO - Sync 1 DAGs
[2024-07-03T18:26:23.261+0000] {logging_mixin.py:188} INFO - [2024-07-03T18:26:23.261+0000] {dag.py:3954} INFO - Setting next_dagrun for latest_only_with_trigger to 2024-07-03 12:00:00+00:00, run_after=2024-07-03 16:00:00+00:00
[2024-07-03T18:26:23.276+0000] {processor.py:183} INFO - Processing /home/airflow/.local/lib/python3.12/site-packages/airflow/example_dags/example_latest_only_with_trigger.py took 0.128 seconds
[2024-07-03T18:26:53.771+0000] {processor.py:161} INFO - Started process (PID=160) to work on /home/airflow/.local/lib/python3.12/site-packages/airflow/example_dags/example_latest_only_with_trigger.py
[2024-07-03T18:26:53.771+0000] {processor.py:830} INFO - Processing file /home/airflow/.local/lib/python3.12/site-packages/airflow/example_dags/example_latest_only_with_trigger.py for tasks to queue
[2024-07-03T18:26:53.773+0000] {logging_mixin.py:188} INFO - [2024-07-03T18:26:53.773+0000] {dagbag.py:545} INFO - Filling up the DagBag from /home/airflow/.local/lib/python3.12/site-packages/airflow/example_dags/example_latest_only_with_trigger.py
[2024-07-03T18:26:53.778+0000] {processor.py:840} INFO - DAG(s) 'latest_only_with_trigger' retrieved from /home/airflow/.local/lib/python3.12/site-packages/airflow/example_dags/example_latest_only_with_trigger.py
[2024-07-03T18:26:53.796+0000] {logging_mixin.py:188} INFO - [2024-07-03T18:26:53.796+0000] {dag.py:3096} INFO - Sync 1 DAGs
[2024-07-03T18:26:53.817+0000] {logging_mixin.py:188} INFO - [2024-07-03T18:26:53.817+0000] {dag.py:3954} INFO - Setting next_dagrun for latest_only_with_trigger to 2024-07-03 12:00:00+00:00, run_after=2024-07-03 16:00:00+00:00
[2024-07-03T18:26:53.835+0000] {processor.py:183} INFO - Processing /home/airflow/.local/lib/python3.12/site-packages/airflow/example_dags/example_latest_only_with_trigger.py took 0.069 seconds
[2024-07-03T18:27:23.911+0000] {processor.py:161} INFO - Started process (PID=218) to work on /home/airflow/.local/lib/python3.12/site-packages/airflow/example_dags/example_latest_only_with_trigger.py
[2024-07-03T18:27:23.912+0000] {processor.py:830} INFO - Processing file /home/airflow/.local/lib/python3.12/site-packages/airflow/example_dags/example_latest_only_with_trigger.py for tasks to queue
[2024-07-03T18:27:23.914+0000] {logging_mixin.py:188} INFO - [2024-07-03T18:27:23.913+0000] {dagbag.py:545} INFO - Filling up the DagBag from /home/airflow/.local/lib/python3.12/site-packages/airflow/example_dags/example_latest_only_with_trigger.py
[2024-07-03T18:27:23.918+0000] {processor.py:840} INFO - DAG(s) 'latest_only_with_trigger' retrieved from /home/airflow/.local/lib/python3.12/site-packages/airflow/example_dags/example_latest_only_with_trigger.py
[2024-07-03T18:27:23.936+0000] {logging_mixin.py:188} INFO - [2024-07-03T18:27:23.936+0000] {dag.py:3096} INFO - Sync 1 DAGs
[2024-07-03T18:27:23.956+0000] {logging_mixin.py:188} INFO - [2024-07-03T18:27:23.955+0000] {dag.py:3954} INFO - Setting next_dagrun for latest_only_with_trigger to 2024-07-03 12:00:00+00:00, run_after=2024-07-03 16:00:00+00:00
[2024-07-03T18:27:23.972+0000] {processor.py:183} INFO - Processing /home/airflow/.local/lib/python3.12/site-packages/airflow/example_dags/example_latest_only_with_trigger.py took 0.065 seconds
[2024-07-03T18:27:54.263+0000] {processor.py:161} INFO - Started process (PID=276) to work on /home/airflow/.local/lib/python3.12/site-packages/airflow/example_dags/example_latest_only_with_trigger.py
[2024-07-03T18:27:54.264+0000] {processor.py:830} INFO - Processing file /home/airflow/.local/lib/python3.12/site-packages/airflow/example_dags/example_latest_only_with_trigger.py for tasks to queue
[2024-07-03T18:27:54.266+0000] {logging_mixin.py:188} INFO - [2024-07-03T18:27:54.266+0000] {dagbag.py:545} INFO - Filling up the DagBag from /home/airflow/.local/lib/python3.12/site-packages/airflow/example_dags/example_latest_only_with_trigger.py
[2024-07-03T18:27:54.271+0000] {processor.py:840} INFO - DAG(s) 'latest_only_with_trigger' retrieved from /home/airflow/.local/lib/python3.12/site-packages/airflow/example_dags/example_latest_only_with_trigger.py
[2024-07-03T18:27:54.288+0000] {logging_mixin.py:188} INFO - [2024-07-03T18:27:54.288+0000] {dag.py:3096} INFO - Sync 1 DAGs
[2024-07-03T18:27:54.306+0000] {logging_mixin.py:188} INFO - [2024-07-03T18:27:54.306+0000] {dag.py:3954} INFO - Setting next_dagrun for latest_only_with_trigger to 2024-07-03 12:00:00+00:00, run_after=2024-07-03 16:00:00+00:00
[2024-07-03T18:27:54.322+0000] {processor.py:183} INFO - Processing /home/airflow/.local/lib/python3.12/site-packages/airflow/example_dags/example_latest_only_with_trigger.py took 0.063 seconds
[2024-07-03T18:28:24.518+0000] {processor.py:161} INFO - Started process (PID=334) to work on /home/airflow/.local/lib/python3.12/site-packages/airflow/example_dags/example_latest_only_with_trigger.py
[2024-07-03T18:28:24.519+0000] {processor.py:830} INFO - Processing file /home/airflow/.local/lib/python3.12/site-packages/airflow/example_dags/example_latest_only_with_trigger.py for tasks to queue
[2024-07-03T18:28:24.520+0000] {logging_mixin.py:188} INFO - [2024-07-03T18:28:24.520+0000] {dagbag.py:545} INFO - Filling up the DagBag from /home/airflow/.local/lib/python3.12/site-packages/airflow/example_dags/example_latest_only_with_trigger.py
[2024-07-03T18:28:24.525+0000] {processor.py:840} INFO - DAG(s) 'latest_only_with_trigger' retrieved from /home/airflow/.local/lib/python3.12/site-packages/airflow/example_dags/example_latest_only_with_trigger.py
[2024-07-03T18:28:24.544+0000] {logging_mixin.py:188} INFO - [2024-07-03T18:28:24.544+0000] {dag.py:3096} INFO - Sync 1 DAGs
[2024-07-03T18:28:24.566+0000] {logging_mixin.py:188} INFO - [2024-07-03T18:28:24.566+0000] {dag.py:3954} INFO - Setting next_dagrun for latest_only_with_trigger to 2024-07-03 12:00:00+00:00, run_after=2024-07-03 16:00:00+00:00
[2024-07-03T18:28:24.585+0000] {processor.py:183} INFO - Processing /home/airflow/.local/lib/python3.12/site-packages/airflow/example_dags/example_latest_only_with_trigger.py took 0.072 seconds
[2024-07-03T18:28:55.084+0000] {processor.py:161} INFO - Started process (PID=392) to work on /home/airflow/.local/lib/python3.12/site-packages/airflow/example_dags/example_latest_only_with_trigger.py
[2024-07-03T18:28:55.085+0000] {processor.py:830} INFO - Processing file /home/airflow/.local/lib/python3.12/site-packages/airflow/example_dags/example_latest_only_with_trigger.py for tasks to queue
[2024-07-03T18:28:55.086+0000] {logging_mixin.py:188} INFO - [2024-07-03T18:28:55.086+0000] {dagbag.py:545} INFO - Filling up the DagBag from /home/airflow/.local/lib/python3.12/site-packages/airflow/example_dags/example_latest_only_with_trigger.py
[2024-07-03T18:28:55.090+0000] {processor.py:840} INFO - DAG(s) 'latest_only_with_trigger' retrieved from /home/airflow/.local/lib/python3.12/site-packages/airflow/example_dags/example_latest_only_with_trigger.py
[2024-07-03T18:28:55.107+0000] {logging_mixin.py:188} INFO - [2024-07-03T18:28:55.107+0000] {dag.py:3096} INFO - Sync 1 DAGs
[2024-07-03T18:28:55.126+0000] {logging_mixin.py:188} INFO - [2024-07-03T18:28:55.125+0000] {dag.py:3954} INFO - Setting next_dagrun for latest_only_with_trigger to 2024-07-03 12:00:00+00:00, run_after=2024-07-03 16:00:00+00:00
[2024-07-03T18:28:55.141+0000] {processor.py:183} INFO - Processing /home/airflow/.local/lib/python3.12/site-packages/airflow/example_dags/example_latest_only_with_trigger.py took 0.062 seconds
[2024-07-03T18:29:25.475+0000] {processor.py:161} INFO - Started process (PID=450) to work on /home/airflow/.local/lib/python3.12/site-packages/airflow/example_dags/example_latest_only_with_trigger.py
[2024-07-03T18:29:25.476+0000] {processor.py:830} INFO - Processing file /home/airflow/.local/lib/python3.12/site-packages/airflow/example_dags/example_latest_only_with_trigger.py for tasks to queue
[2024-07-03T18:29:25.478+0000] {logging_mixin.py:188} INFO - [2024-07-03T18:29:25.477+0000] {dagbag.py:545} INFO - Filling up the DagBag from /home/airflow/.local/lib/python3.12/site-packages/airflow/example_dags/example_latest_only_with_trigger.py
[2024-07-03T18:29:25.482+0000] {processor.py:840} INFO - DAG(s) 'latest_only_with_trigger' retrieved from /home/airflow/.local/lib/python3.12/site-packages/airflow/example_dags/example_latest_only_with_trigger.py
[2024-07-03T18:29:25.499+0000] {logging_mixin.py:188} INFO - [2024-07-03T18:29:25.499+0000] {dag.py:3096} INFO - Sync 1 DAGs
[2024-07-03T18:29:25.517+0000] {logging_mixin.py:188} INFO - [2024-07-03T18:29:25.517+0000] {dag.py:3954} INFO - Setting next_dagrun for latest_only_with_trigger to 2024-07-03 12:00:00+00:00, run_after=2024-07-03 16:00:00+00:00
[2024-07-03T18:29:25.532+0000] {processor.py:183} INFO - Processing /home/airflow/.local/lib/python3.12/site-packages/airflow/example_dags/example_latest_only_with_trigger.py took 0.061 seconds
[2024-07-03T18:29:55.990+0000] {processor.py:161} INFO - Started process (PID=508) to work on /home/airflow/.local/lib/python3.12/site-packages/airflow/example_dags/example_latest_only_with_trigger.py
[2024-07-03T18:29:55.991+0000] {processor.py:830} INFO - Processing file /home/airflow/.local/lib/python3.12/site-packages/airflow/example_dags/example_latest_only_with_trigger.py for tasks to queue
[2024-07-03T18:29:55.993+0000] {logging_mixin.py:188} INFO - [2024-07-03T18:29:55.993+0000] {dagbag.py:545} INFO - Filling up the DagBag from /home/airflow/.local/lib/python3.12/site-packages/airflow/example_dags/example_latest_only_with_trigger.py
[2024-07-03T18:29:55.997+0000] {processor.py:840} INFO - DAG(s) 'latest_only_with_trigger' retrieved from /home/airflow/.local/lib/python3.12/site-packages/airflow/example_dags/example_latest_only_with_trigger.py
[2024-07-03T18:29:56.016+0000] {logging_mixin.py:188} INFO - [2024-07-03T18:29:56.016+0000] {dag.py:3096} INFO - Sync 1 DAGs
[2024-07-03T18:29:56.035+0000] {logging_mixin.py:188} INFO - [2024-07-03T18:29:56.035+0000] {dag.py:3954} INFO - Setting next_dagrun for latest_only_with_trigger to 2024-07-03 12:00:00+00:00, run_after=2024-07-03 16:00:00+00:00
[2024-07-03T18:29:56.051+0000] {processor.py:183} INFO - Processing /home/airflow/.local/lib/python3.12/site-packages/airflow/example_dags/example_latest_only_with_trigger.py took 0.065 seconds
[2024-07-03T18:30:26.688+0000] {processor.py:161} INFO - Started process (PID=573) to work on /home/airflow/.local/lib/python3.12/site-packages/airflow/example_dags/example_latest_only_with_trigger.py
[2024-07-03T18:30:26.689+0000] {processor.py:830} INFO - Processing file /home/airflow/.local/lib/python3.12/site-packages/airflow/example_dags/example_latest_only_with_trigger.py for tasks to queue
[2024-07-03T18:30:26.691+0000] {logging_mixin.py:188} INFO - [2024-07-03T18:30:26.690+0000] {dagbag.py:545} INFO - Filling up the DagBag from /home/airflow/.local/lib/python3.12/site-packages/airflow/example_dags/example_latest_only_with_trigger.py
[2024-07-03T18:30:26.696+0000] {processor.py:840} INFO - DAG(s) 'latest_only_with_trigger' retrieved from /home/airflow/.local/lib/python3.12/site-packages/airflow/example_dags/example_latest_only_with_trigger.py
[2024-07-03T18:30:26.716+0000] {logging_mixin.py:188} INFO - [2024-07-03T18:30:26.716+0000] {dag.py:3096} INFO - Sync 1 DAGs
[2024-07-03T18:30:26.738+0000] {logging_mixin.py:188} INFO - [2024-07-03T18:30:26.738+0000] {dag.py:3954} INFO - Setting next_dagrun for latest_only_with_trigger to 2024-07-03 12:00:00+00:00, run_after=2024-07-03 16:00:00+00:00
[2024-07-03T18:30:26.756+0000] {processor.py:183} INFO - Processing /home/airflow/.local/lib/python3.12/site-packages/airflow/example_dags/example_latest_only_with_trigger.py took 0.074 seconds
[2024-07-03T18:30:56.961+0000] {processor.py:161} INFO - Started process (PID=632) to work on /home/airflow/.local/lib/python3.12/site-packages/airflow/example_dags/example_latest_only_with_trigger.py
[2024-07-03T18:30:56.962+0000] {processor.py:830} INFO - Processing file /home/airflow/.local/lib/python3.12/site-packages/airflow/example_dags/example_latest_only_with_trigger.py for tasks to queue
[2024-07-03T18:30:56.964+0000] {logging_mixin.py:188} INFO - [2024-07-03T18:30:56.963+0000] {dagbag.py:545} INFO - Filling up the DagBag from /home/airflow/.local/lib/python3.12/site-packages/airflow/example_dags/example_latest_only_with_trigger.py
[2024-07-03T18:30:56.970+0000] {processor.py:840} INFO - DAG(s) 'latest_only_with_trigger' retrieved from /home/airflow/.local/lib/python3.12/site-packages/airflow/example_dags/example_latest_only_with_trigger.py
[2024-07-03T18:30:56.992+0000] {logging_mixin.py:188} INFO - [2024-07-03T18:30:56.992+0000] {dag.py:3096} INFO - Sync 1 DAGs
[2024-07-03T18:30:57.013+0000] {logging_mixin.py:188} INFO - [2024-07-03T18:30:57.013+0000] {dag.py:3954} INFO - Setting next_dagrun for latest_only_with_trigger to 2024-07-03 12:00:00+00:00, run_after=2024-07-03 16:00:00+00:00
[2024-07-03T18:30:57.034+0000] {processor.py:183} INFO - Processing /home/airflow/.local/lib/python3.12/site-packages/airflow/example_dags/example_latest_only_with_trigger.py took 0.078 seconds
[2024-07-03T18:31:27.116+0000] {processor.py:161} INFO - Started process (PID=690) to work on /home/airflow/.local/lib/python3.12/site-packages/airflow/example_dags/example_latest_only_with_trigger.py
[2024-07-03T18:31:27.117+0000] {processor.py:830} INFO - Processing file /home/airflow/.local/lib/python3.12/site-packages/airflow/example_dags/example_latest_only_with_trigger.py for tasks to queue
[2024-07-03T18:31:27.119+0000] {logging_mixin.py:188} INFO - [2024-07-03T18:31:27.118+0000] {dagbag.py:545} INFO - Filling up the DagBag from /home/airflow/.local/lib/python3.12/site-packages/airflow/example_dags/example_latest_only_with_trigger.py
[2024-07-03T18:31:27.123+0000] {processor.py:840} INFO - DAG(s) 'latest_only_with_trigger' retrieved from /home/airflow/.local/lib/python3.12/site-packages/airflow/example_dags/example_latest_only_with_trigger.py
[2024-07-03T18:31:27.157+0000] {logging_mixin.py:188} INFO - [2024-07-03T18:31:27.156+0000] {dag.py:3096} INFO - Sync 1 DAGs
[2024-07-03T18:31:27.216+0000] {logging_mixin.py:188} INFO - [2024-07-03T18:31:27.216+0000] {dag.py:3954} INFO - Setting next_dagrun for latest_only_with_trigger to 2024-07-03 12:00:00+00:00, run_after=2024-07-03 16:00:00+00:00
[2024-07-03T18:31:27.276+0000] {processor.py:183} INFO - Processing /home/airflow/.local/lib/python3.12/site-packages/airflow/example_dags/example_latest_only_with_trigger.py took 0.165 seconds
[2024-07-03T18:31:57.383+0000] {processor.py:161} INFO - Started process (PID=748) to work on /home/airflow/.local/lib/python3.12/site-packages/airflow/example_dags/example_latest_only_with_trigger.py
[2024-07-03T18:31:57.385+0000] {processor.py:830} INFO - Processing file /home/airflow/.local/lib/python3.12/site-packages/airflow/example_dags/example_latest_only_with_trigger.py for tasks to queue
[2024-07-03T18:31:57.387+0000] {logging_mixin.py:188} INFO - [2024-07-03T18:31:57.387+0000] {dagbag.py:545} INFO - Filling up the DagBag from /home/airflow/.local/lib/python3.12/site-packages/airflow/example_dags/example_latest_only_with_trigger.py
[2024-07-03T18:31:57.392+0000] {processor.py:840} INFO - DAG(s) 'latest_only_with_trigger' retrieved from /home/airflow/.local/lib/python3.12/site-packages/airflow/example_dags/example_latest_only_with_trigger.py
[2024-07-03T18:31:57.413+0000] {logging_mixin.py:188} INFO - [2024-07-03T18:31:57.413+0000] {dag.py:3096} INFO - Sync 1 DAGs
[2024-07-03T18:31:57.455+0000] {logging_mixin.py:188} INFO - [2024-07-03T18:31:57.455+0000] {dag.py:3954} INFO - Setting next_dagrun for latest_only_with_trigger to 2024-07-03 12:00:00+00:00, run_after=2024-07-03 16:00:00+00:00
[2024-07-03T18:31:57.501+0000] {processor.py:183} INFO - Processing /home/airflow/.local/lib/python3.12/site-packages/airflow/example_dags/example_latest_only_with_trigger.py took 0.123 seconds
[2024-07-03T18:32:28.503+0000] {processor.py:161} INFO - Started process (PID=806) to work on /home/airflow/.local/lib/python3.12/site-packages/airflow/example_dags/example_latest_only_with_trigger.py
[2024-07-03T18:32:28.503+0000] {processor.py:830} INFO - Processing file /home/airflow/.local/lib/python3.12/site-packages/airflow/example_dags/example_latest_only_with_trigger.py for tasks to queue
[2024-07-03T18:32:28.505+0000] {logging_mixin.py:188} INFO - [2024-07-03T18:32:28.504+0000] {dagbag.py:545} INFO - Filling up the DagBag from /home/airflow/.local/lib/python3.12/site-packages/airflow/example_dags/example_latest_only_with_trigger.py
[2024-07-03T18:32:28.509+0000] {processor.py:840} INFO - DAG(s) 'latest_only_with_trigger' retrieved from /home/airflow/.local/lib/python3.12/site-packages/airflow/example_dags/example_latest_only_with_trigger.py
[2024-07-03T18:32:28.527+0000] {logging_mixin.py:188} INFO - [2024-07-03T18:32:28.526+0000] {dag.py:3096} INFO - Sync 1 DAGs
[2024-07-03T18:32:28.545+0000] {logging_mixin.py:188} INFO - [2024-07-03T18:32:28.545+0000] {dag.py:3954} INFO - Setting next_dagrun for latest_only_with_trigger to 2024-07-03 12:00:00+00:00, run_after=2024-07-03 16:00:00+00:00
[2024-07-03T18:32:28.561+0000] {processor.py:183} INFO - Processing /home/airflow/.local/lib/python3.12/site-packages/airflow/example_dags/example_latest_only_with_trigger.py took 0.063 seconds
[2024-07-03T18:40:27.205+0000] {processor.py:161} INFO - Started process (PID=44) to work on /home/airflow/.local/lib/python3.12/site-packages/airflow/example_dags/example_latest_only_with_trigger.py
[2024-07-03T18:40:27.206+0000] {processor.py:830} INFO - Processing file /home/airflow/.local/lib/python3.12/site-packages/airflow/example_dags/example_latest_only_with_trigger.py for tasks to queue
[2024-07-03T18:40:27.208+0000] {logging_mixin.py:188} INFO - [2024-07-03T18:40:27.208+0000] {dagbag.py:545} INFO - Filling up the DagBag from /home/airflow/.local/lib/python3.12/site-packages/airflow/example_dags/example_latest_only_with_trigger.py
[2024-07-03T18:40:27.220+0000] {processor.py:840} INFO - DAG(s) 'latest_only_with_trigger' retrieved from /home/airflow/.local/lib/python3.12/site-packages/airflow/example_dags/example_latest_only_with_trigger.py
[2024-07-03T18:40:27.349+0000] {logging_mixin.py:188} INFO - [2024-07-03T18:40:27.349+0000] {dag.py:3096} INFO - Sync 1 DAGs
[2024-07-03T18:40:27.375+0000] {logging_mixin.py:188} INFO - [2024-07-03T18:40:27.374+0000] {dag.py:3954} INFO - Setting next_dagrun for latest_only_with_trigger to 2024-07-03 12:00:00+00:00, run_after=2024-07-03 16:00:00+00:00
[2024-07-03T18:40:27.399+0000] {processor.py:183} INFO - Processing /home/airflow/.local/lib/python3.12/site-packages/airflow/example_dags/example_latest_only_with_trigger.py took 0.201 seconds
[2024-07-03T18:40:57.560+0000] {processor.py:161} INFO - Started process (PID=102) to work on /home/airflow/.local/lib/python3.12/site-packages/airflow/example_dags/example_latest_only_with_trigger.py
[2024-07-03T18:40:57.561+0000] {processor.py:830} INFO - Processing file /home/airflow/.local/lib/python3.12/site-packages/airflow/example_dags/example_latest_only_with_trigger.py for tasks to queue
[2024-07-03T18:40:57.563+0000] {logging_mixin.py:188} INFO - [2024-07-03T18:40:57.563+0000] {dagbag.py:545} INFO - Filling up the DagBag from /home/airflow/.local/lib/python3.12/site-packages/airflow/example_dags/example_latest_only_with_trigger.py
[2024-07-03T18:40:57.568+0000] {processor.py:840} INFO - DAG(s) 'latest_only_with_trigger' retrieved from /home/airflow/.local/lib/python3.12/site-packages/airflow/example_dags/example_latest_only_with_trigger.py
[2024-07-03T18:40:57.585+0000] {logging_mixin.py:188} INFO - [2024-07-03T18:40:57.585+0000] {dag.py:3096} INFO - Sync 1 DAGs
[2024-07-03T18:40:57.604+0000] {logging_mixin.py:188} INFO - [2024-07-03T18:40:57.603+0000] {dag.py:3954} INFO - Setting next_dagrun for latest_only_with_trigger to 2024-07-03 12:00:00+00:00, run_after=2024-07-03 16:00:00+00:00
[2024-07-03T18:40:57.620+0000] {processor.py:183} INFO - Processing /home/airflow/.local/lib/python3.12/site-packages/airflow/example_dags/example_latest_only_with_trigger.py took 0.064 seconds
[2024-07-03T18:41:27.724+0000] {processor.py:161} INFO - Started process (PID=160) to work on /home/airflow/.local/lib/python3.12/site-packages/airflow/example_dags/example_latest_only_with_trigger.py
[2024-07-03T18:41:27.725+0000] {processor.py:830} INFO - Processing file /home/airflow/.local/lib/python3.12/site-packages/airflow/example_dags/example_latest_only_with_trigger.py for tasks to queue
[2024-07-03T18:41:27.727+0000] {logging_mixin.py:188} INFO - [2024-07-03T18:41:27.727+0000] {dagbag.py:545} INFO - Filling up the DagBag from /home/airflow/.local/lib/python3.12/site-packages/airflow/example_dags/example_latest_only_with_trigger.py
[2024-07-03T18:41:27.732+0000] {processor.py:840} INFO - DAG(s) 'latest_only_with_trigger' retrieved from /home/airflow/.local/lib/python3.12/site-packages/airflow/example_dags/example_latest_only_with_trigger.py
[2024-07-03T18:41:27.753+0000] {logging_mixin.py:188} INFO - [2024-07-03T18:41:27.753+0000] {dag.py:3096} INFO - Sync 1 DAGs
[2024-07-03T18:41:27.772+0000] {logging_mixin.py:188} INFO - [2024-07-03T18:41:27.772+0000] {dag.py:3954} INFO - Setting next_dagrun for latest_only_with_trigger to 2024-07-03 12:00:00+00:00, run_after=2024-07-03 16:00:00+00:00
[2024-07-03T18:41:27.790+0000] {processor.py:183} INFO - Processing /home/airflow/.local/lib/python3.12/site-packages/airflow/example_dags/example_latest_only_with_trigger.py took 0.070 seconds
[2024-07-03T18:41:58.105+0000] {processor.py:161} INFO - Started process (PID=218) to work on /home/airflow/.local/lib/python3.12/site-packages/airflow/example_dags/example_latest_only_with_trigger.py
[2024-07-03T18:41:58.106+0000] {processor.py:830} INFO - Processing file /home/airflow/.local/lib/python3.12/site-packages/airflow/example_dags/example_latest_only_with_trigger.py for tasks to queue
[2024-07-03T18:41:58.108+0000] {logging_mixin.py:188} INFO - [2024-07-03T18:41:58.107+0000] {dagbag.py:545} INFO - Filling up the DagBag from /home/airflow/.local/lib/python3.12/site-packages/airflow/example_dags/example_latest_only_with_trigger.py
[2024-07-03T18:41:58.112+0000] {processor.py:840} INFO - DAG(s) 'latest_only_with_trigger' retrieved from /home/airflow/.local/lib/python3.12/site-packages/airflow/example_dags/example_latest_only_with_trigger.py
[2024-07-03T18:41:58.200+0000] {logging_mixin.py:188} INFO - [2024-07-03T18:41:58.199+0000] {dag.py:3096} INFO - Sync 1 DAGs
[2024-07-03T18:41:58.216+0000] {logging_mixin.py:188} INFO - [2024-07-03T18:41:58.216+0000] {dag.py:3954} INFO - Setting next_dagrun for latest_only_with_trigger to 2024-07-03 12:00:00+00:00, run_after=2024-07-03 16:00:00+00:00
[2024-07-03T18:41:58.231+0000] {processor.py:183} INFO - Processing /home/airflow/.local/lib/python3.12/site-packages/airflow/example_dags/example_latest_only_with_trigger.py took 0.130 seconds
