[2024-07-03T18:25:53.756+0000] {processor.py:161} INFO - Started process (PID=63) to work on /home/airflow/.local/lib/python3.12/site-packages/airflow/example_dags/example_xcomargs.py
[2024-07-03T18:25:53.757+0000] {processor.py:830} INFO - Processing file /home/airflow/.local/lib/python3.12/site-packages/airflow/example_dags/example_xcomargs.py for tasks to queue
[2024-07-03T18:25:53.759+0000] {logging_mixin.py:188} INFO - [2024-07-03T18:25:53.758+0000] {dagbag.py:545} INFO - Filling up the DagBag from /home/airflow/.local/lib/python3.12/site-packages/airflow/example_dags/example_xcomargs.py
[2024-07-03T18:25:53.773+0000] {processor.py:840} INFO - DAG(s) 'example_xcom_args_with_operators', 'example_xcom_args' retrieved from /home/airflow/.local/lib/python3.12/site-packages/airflow/example_dags/example_xcomargs.py
[2024-07-03T18:25:53.788+0000] {logging_mixin.py:188} INFO - [2024-07-03T18:25:53.786+0000] {dag.py:3096} INFO - Sync 2 DAGs
[2024-07-03T18:25:53.805+0000] {logging_mixin.py:188} INFO - [2024-07-03T18:25:53.805+0000] {dag.py:3954} INFO - Setting next_dagrun for example_xcom_args to None, run_after=None
[2024-07-03T18:25:53.809+0000] {logging_mixin.py:188} INFO - [2024-07-03T18:25:53.809+0000] {dag.py:3954} INFO - Setting next_dagrun for example_xcom_args_with_operators to None, run_after=None
[2024-07-03T18:25:53.827+0000] {processor.py:183} INFO - Processing /home/airflow/.local/lib/python3.12/site-packages/airflow/example_dags/example_xcomargs.py took 0.077 seconds
[2024-07-03T18:26:25.105+0000] {processor.py:161} INFO - Started process (PID=121) to work on /home/airflow/.local/lib/python3.12/site-packages/airflow/example_dags/example_xcomargs.py
[2024-07-03T18:26:25.107+0000] {processor.py:830} INFO - Processing file /home/airflow/.local/lib/python3.12/site-packages/airflow/example_dags/example_xcomargs.py for tasks to queue
[2024-07-03T18:26:25.108+0000] {logging_mixin.py:188} INFO - [2024-07-03T18:26:25.108+0000] {dagbag.py:545} INFO - Filling up the DagBag from /home/airflow/.local/lib/python3.12/site-packages/airflow/example_dags/example_xcomargs.py
[2024-07-03T18:26:25.115+0000] {processor.py:840} INFO - DAG(s) 'example_xcom_args_with_operators', 'example_xcom_args' retrieved from /home/airflow/.local/lib/python3.12/site-packages/airflow/example_dags/example_xcomargs.py
[2024-07-03T18:26:25.252+0000] {logging_mixin.py:188} INFO - [2024-07-03T18:26:25.251+0000] {dag.py:3096} INFO - Sync 2 DAGs
[2024-07-03T18:26:25.274+0000] {logging_mixin.py:188} INFO - [2024-07-03T18:26:25.273+0000] {dag.py:3954} INFO - Setting next_dagrun for example_xcom_args to None, run_after=None
[2024-07-03T18:26:25.278+0000] {logging_mixin.py:188} INFO - [2024-07-03T18:26:25.278+0000] {dag.py:3954} INFO - Setting next_dagrun for example_xcom_args_with_operators to None, run_after=None
[2024-07-03T18:26:25.302+0000] {processor.py:183} INFO - Processing /home/airflow/.local/lib/python3.12/site-packages/airflow/example_dags/example_xcomargs.py took 0.202 seconds
[2024-07-03T18:26:55.806+0000] {processor.py:161} INFO - Started process (PID=179) to work on /home/airflow/.local/lib/python3.12/site-packages/airflow/example_dags/example_xcomargs.py
[2024-07-03T18:26:55.807+0000] {processor.py:830} INFO - Processing file /home/airflow/.local/lib/python3.12/site-packages/airflow/example_dags/example_xcomargs.py for tasks to queue
[2024-07-03T18:26:55.808+0000] {logging_mixin.py:188} INFO - [2024-07-03T18:26:55.808+0000] {dagbag.py:545} INFO - Filling up the DagBag from /home/airflow/.local/lib/python3.12/site-packages/airflow/example_dags/example_xcomargs.py
[2024-07-03T18:26:55.815+0000] {processor.py:840} INFO - DAG(s) 'example_xcom_args_with_operators', 'example_xcom_args' retrieved from /home/airflow/.local/lib/python3.12/site-packages/airflow/example_dags/example_xcomargs.py
[2024-07-03T18:26:55.840+0000] {logging_mixin.py:188} INFO - [2024-07-03T18:26:55.839+0000] {dag.py:3096} INFO - Sync 2 DAGs
[2024-07-03T18:26:55.852+0000] {logging_mixin.py:188} INFO - [2024-07-03T18:26:55.851+0000] {dag.py:3954} INFO - Setting next_dagrun for example_xcom_args to None, run_after=None
[2024-07-03T18:26:55.856+0000] {logging_mixin.py:188} INFO - [2024-07-03T18:26:55.856+0000] {dag.py:3954} INFO - Setting next_dagrun for example_xcom_args_with_operators to None, run_after=None
[2024-07-03T18:26:55.873+0000] {processor.py:183} INFO - Processing /home/airflow/.local/lib/python3.12/site-packages/airflow/example_dags/example_xcomargs.py took 0.073 seconds
[2024-07-03T18:27:26.342+0000] {processor.py:161} INFO - Started process (PID=237) to work on /home/airflow/.local/lib/python3.12/site-packages/airflow/example_dags/example_xcomargs.py
[2024-07-03T18:27:26.343+0000] {processor.py:830} INFO - Processing file /home/airflow/.local/lib/python3.12/site-packages/airflow/example_dags/example_xcomargs.py for tasks to queue
[2024-07-03T18:27:26.344+0000] {logging_mixin.py:188} INFO - [2024-07-03T18:27:26.344+0000] {dagbag.py:545} INFO - Filling up the DagBag from /home/airflow/.local/lib/python3.12/site-packages/airflow/example_dags/example_xcomargs.py
[2024-07-03T18:27:26.350+0000] {processor.py:840} INFO - DAG(s) 'example_xcom_args', 'example_xcom_args_with_operators' retrieved from /home/airflow/.local/lib/python3.12/site-packages/airflow/example_dags/example_xcomargs.py
[2024-07-03T18:27:26.374+0000] {logging_mixin.py:188} INFO - [2024-07-03T18:27:26.374+0000] {dag.py:3096} INFO - Sync 2 DAGs
[2024-07-03T18:27:26.387+0000] {logging_mixin.py:188} INFO - [2024-07-03T18:27:26.387+0000] {dag.py:3954} INFO - Setting next_dagrun for example_xcom_args to None, run_after=None
[2024-07-03T18:27:26.391+0000] {logging_mixin.py:188} INFO - [2024-07-03T18:27:26.391+0000] {dag.py:3954} INFO - Setting next_dagrun for example_xcom_args_with_operators to None, run_after=None
[2024-07-03T18:27:26.406+0000] {processor.py:183} INFO - Processing /home/airflow/.local/lib/python3.12/site-packages/airflow/example_dags/example_xcomargs.py took 0.069 seconds
[2024-07-03T18:27:57.282+0000] {processor.py:161} INFO - Started process (PID=295) to work on /home/airflow/.local/lib/python3.12/site-packages/airflow/example_dags/example_xcomargs.py
[2024-07-03T18:27:57.283+0000] {processor.py:830} INFO - Processing file /home/airflow/.local/lib/python3.12/site-packages/airflow/example_dags/example_xcomargs.py for tasks to queue
[2024-07-03T18:27:57.284+0000] {logging_mixin.py:188} INFO - [2024-07-03T18:27:57.284+0000] {dagbag.py:545} INFO - Filling up the DagBag from /home/airflow/.local/lib/python3.12/site-packages/airflow/example_dags/example_xcomargs.py
[2024-07-03T18:27:57.290+0000] {processor.py:840} INFO - DAG(s) 'example_xcom_args_with_operators', 'example_xcom_args' retrieved from /home/airflow/.local/lib/python3.12/site-packages/airflow/example_dags/example_xcomargs.py
[2024-07-03T18:27:57.311+0000] {logging_mixin.py:188} INFO - [2024-07-03T18:27:57.311+0000] {dag.py:3096} INFO - Sync 2 DAGs
[2024-07-03T18:27:57.323+0000] {logging_mixin.py:188} INFO - [2024-07-03T18:27:57.322+0000] {dag.py:3954} INFO - Setting next_dagrun for example_xcom_args to None, run_after=None
[2024-07-03T18:27:57.326+0000] {logging_mixin.py:188} INFO - [2024-07-03T18:27:57.326+0000] {dag.py:3954} INFO - Setting next_dagrun for example_xcom_args_with_operators to None, run_after=None
[2024-07-03T18:27:57.340+0000] {processor.py:183} INFO - Processing /home/airflow/.local/lib/python3.12/site-packages/airflow/example_dags/example_xcomargs.py took 0.062 seconds
[2024-07-03T18:28:27.637+0000] {processor.py:161} INFO - Started process (PID=353) to work on /home/airflow/.local/lib/python3.12/site-packages/airflow/example_dags/example_xcomargs.py
[2024-07-03T18:28:27.638+0000] {processor.py:830} INFO - Processing file /home/airflow/.local/lib/python3.12/site-packages/airflow/example_dags/example_xcomargs.py for tasks to queue
[2024-07-03T18:28:27.640+0000] {logging_mixin.py:188} INFO - [2024-07-03T18:28:27.639+0000] {dagbag.py:545} INFO - Filling up the DagBag from /home/airflow/.local/lib/python3.12/site-packages/airflow/example_dags/example_xcomargs.py
[2024-07-03T18:28:27.646+0000] {processor.py:840} INFO - DAG(s) 'example_xcom_args_with_operators', 'example_xcom_args' retrieved from /home/airflow/.local/lib/python3.12/site-packages/airflow/example_dags/example_xcomargs.py
[2024-07-03T18:28:27.667+0000] {logging_mixin.py:188} INFO - [2024-07-03T18:28:27.667+0000] {dag.py:3096} INFO - Sync 2 DAGs
[2024-07-03T18:28:27.679+0000] {logging_mixin.py:188} INFO - [2024-07-03T18:28:27.678+0000] {dag.py:3954} INFO - Setting next_dagrun for example_xcom_args to None, run_after=None
[2024-07-03T18:28:27.682+0000] {logging_mixin.py:188} INFO - [2024-07-03T18:28:27.682+0000] {dag.py:3954} INFO - Setting next_dagrun for example_xcom_args_with_operators to None, run_after=None
[2024-07-03T18:28:27.697+0000] {processor.py:183} INFO - Processing /home/airflow/.local/lib/python3.12/site-packages/airflow/example_dags/example_xcomargs.py took 0.064 seconds
[2024-07-03T18:28:58.073+0000] {processor.py:161} INFO - Started process (PID=411) to work on /home/airflow/.local/lib/python3.12/site-packages/airflow/example_dags/example_xcomargs.py
[2024-07-03T18:28:58.073+0000] {processor.py:830} INFO - Processing file /home/airflow/.local/lib/python3.12/site-packages/airflow/example_dags/example_xcomargs.py for tasks to queue
[2024-07-03T18:28:58.075+0000] {logging_mixin.py:188} INFO - [2024-07-03T18:28:58.075+0000] {dagbag.py:545} INFO - Filling up the DagBag from /home/airflow/.local/lib/python3.12/site-packages/airflow/example_dags/example_xcomargs.py
[2024-07-03T18:28:58.082+0000] {processor.py:840} INFO - DAG(s) 'example_xcom_args_with_operators', 'example_xcom_args' retrieved from /home/airflow/.local/lib/python3.12/site-packages/airflow/example_dags/example_xcomargs.py
[2024-07-03T18:28:58.102+0000] {logging_mixin.py:188} INFO - [2024-07-03T18:28:58.102+0000] {dag.py:3096} INFO - Sync 2 DAGs
[2024-07-03T18:28:58.114+0000] {logging_mixin.py:188} INFO - [2024-07-03T18:28:58.114+0000] {dag.py:3954} INFO - Setting next_dagrun for example_xcom_args to None, run_after=None
[2024-07-03T18:28:58.118+0000] {logging_mixin.py:188} INFO - [2024-07-03T18:28:58.117+0000] {dag.py:3954} INFO - Setting next_dagrun for example_xcom_args_with_operators to None, run_after=None
[2024-07-03T18:28:58.130+0000] {processor.py:183} INFO - Processing /home/airflow/.local/lib/python3.12/site-packages/airflow/example_dags/example_xcomargs.py took 0.062 seconds
[2024-07-03T18:29:28.459+0000] {processor.py:161} INFO - Started process (PID=469) to work on /home/airflow/.local/lib/python3.12/site-packages/airflow/example_dags/example_xcomargs.py
[2024-07-03T18:29:28.460+0000] {processor.py:830} INFO - Processing file /home/airflow/.local/lib/python3.12/site-packages/airflow/example_dags/example_xcomargs.py for tasks to queue
[2024-07-03T18:29:28.461+0000] {logging_mixin.py:188} INFO - [2024-07-03T18:29:28.461+0000] {dagbag.py:545} INFO - Filling up the DagBag from /home/airflow/.local/lib/python3.12/site-packages/airflow/example_dags/example_xcomargs.py
[2024-07-03T18:29:28.467+0000] {processor.py:840} INFO - DAG(s) 'example_xcom_args', 'example_xcom_args_with_operators' retrieved from /home/airflow/.local/lib/python3.12/site-packages/airflow/example_dags/example_xcomargs.py
[2024-07-03T18:29:28.486+0000] {logging_mixin.py:188} INFO - [2024-07-03T18:29:28.486+0000] {dag.py:3096} INFO - Sync 2 DAGs
[2024-07-03T18:29:28.497+0000] {logging_mixin.py:188} INFO - [2024-07-03T18:29:28.497+0000] {dag.py:3954} INFO - Setting next_dagrun for example_xcom_args to None, run_after=None
[2024-07-03T18:29:28.500+0000] {logging_mixin.py:188} INFO - [2024-07-03T18:29:28.500+0000] {dag.py:3954} INFO - Setting next_dagrun for example_xcom_args_with_operators to None, run_after=None
[2024-07-03T18:29:28.518+0000] {processor.py:183} INFO - Processing /home/airflow/.local/lib/python3.12/site-packages/airflow/example_dags/example_xcomargs.py took 0.063 seconds
[2024-07-03T18:29:58.966+0000] {processor.py:161} INFO - Started process (PID=527) to work on /home/airflow/.local/lib/python3.12/site-packages/airflow/example_dags/example_xcomargs.py
[2024-07-03T18:29:58.967+0000] {processor.py:830} INFO - Processing file /home/airflow/.local/lib/python3.12/site-packages/airflow/example_dags/example_xcomargs.py for tasks to queue
[2024-07-03T18:29:58.969+0000] {logging_mixin.py:188} INFO - [2024-07-03T18:29:58.969+0000] {dagbag.py:545} INFO - Filling up the DagBag from /home/airflow/.local/lib/python3.12/site-packages/airflow/example_dags/example_xcomargs.py
[2024-07-03T18:29:58.977+0000] {processor.py:840} INFO - DAG(s) 'example_xcom_args_with_operators', 'example_xcom_args' retrieved from /home/airflow/.local/lib/python3.12/site-packages/airflow/example_dags/example_xcomargs.py
[2024-07-03T18:29:59.005+0000] {logging_mixin.py:188} INFO - [2024-07-03T18:29:59.005+0000] {dag.py:3096} INFO - Sync 2 DAGs
[2024-07-03T18:29:59.028+0000] {logging_mixin.py:188} INFO - [2024-07-03T18:29:59.028+0000] {dag.py:3954} INFO - Setting next_dagrun for example_xcom_args to None, run_after=None
[2024-07-03T18:29:59.031+0000] {logging_mixin.py:188} INFO - [2024-07-03T18:29:59.031+0000] {dag.py:3954} INFO - Setting next_dagrun for example_xcom_args_with_operators to None, run_after=None
[2024-07-03T18:29:59.049+0000] {processor.py:183} INFO - Processing /home/airflow/.local/lib/python3.12/site-packages/airflow/example_dags/example_xcomargs.py took 0.088 seconds
[2024-07-03T18:30:29.779+0000] {processor.py:161} INFO - Started process (PID=592) to work on /home/airflow/.local/lib/python3.12/site-packages/airflow/example_dags/example_xcomargs.py
[2024-07-03T18:30:29.780+0000] {processor.py:830} INFO - Processing file /home/airflow/.local/lib/python3.12/site-packages/airflow/example_dags/example_xcomargs.py for tasks to queue
[2024-07-03T18:30:29.782+0000] {logging_mixin.py:188} INFO - [2024-07-03T18:30:29.782+0000] {dagbag.py:545} INFO - Filling up the DagBag from /home/airflow/.local/lib/python3.12/site-packages/airflow/example_dags/example_xcomargs.py
[2024-07-03T18:30:29.790+0000] {processor.py:840} INFO - DAG(s) 'example_xcom_args_with_operators', 'example_xcom_args' retrieved from /home/airflow/.local/lib/python3.12/site-packages/airflow/example_dags/example_xcomargs.py
[2024-07-03T18:30:29.821+0000] {logging_mixin.py:188} INFO - [2024-07-03T18:30:29.821+0000] {dag.py:3096} INFO - Sync 2 DAGs
[2024-07-03T18:30:29.839+0000] {logging_mixin.py:188} INFO - [2024-07-03T18:30:29.838+0000] {dag.py:3954} INFO - Setting next_dagrun for example_xcom_args to None, run_after=None
[2024-07-03T18:30:29.844+0000] {logging_mixin.py:188} INFO - [2024-07-03T18:30:29.843+0000] {dag.py:3954} INFO - Setting next_dagrun for example_xcom_args_with_operators to None, run_after=None
[2024-07-03T18:30:29.863+0000] {processor.py:183} INFO - Processing /home/airflow/.local/lib/python3.12/site-packages/airflow/example_dags/example_xcomargs.py took 0.090 seconds
[2024-07-03T18:31:00.328+0000] {processor.py:161} INFO - Started process (PID=651) to work on /home/airflow/.local/lib/python3.12/site-packages/airflow/example_dags/example_xcomargs.py
[2024-07-03T18:31:00.329+0000] {processor.py:830} INFO - Processing file /home/airflow/.local/lib/python3.12/site-packages/airflow/example_dags/example_xcomargs.py for tasks to queue
[2024-07-03T18:31:00.331+0000] {logging_mixin.py:188} INFO - [2024-07-03T18:31:00.331+0000] {dagbag.py:545} INFO - Filling up the DagBag from /home/airflow/.local/lib/python3.12/site-packages/airflow/example_dags/example_xcomargs.py
[2024-07-03T18:31:00.338+0000] {processor.py:840} INFO - DAG(s) 'example_xcom_args_with_operators', 'example_xcom_args' retrieved from /home/airflow/.local/lib/python3.12/site-packages/airflow/example_dags/example_xcomargs.py
[2024-07-03T18:31:00.362+0000] {logging_mixin.py:188} INFO - [2024-07-03T18:31:00.362+0000] {dag.py:3096} INFO - Sync 2 DAGs
[2024-07-03T18:31:00.374+0000] {logging_mixin.py:188} INFO - [2024-07-03T18:31:00.374+0000] {dag.py:3954} INFO - Setting next_dagrun for example_xcom_args to None, run_after=None
[2024-07-03T18:31:00.378+0000] {logging_mixin.py:188} INFO - [2024-07-03T18:31:00.378+0000] {dag.py:3954} INFO - Setting next_dagrun for example_xcom_args_with_operators to None, run_after=None
[2024-07-03T18:31:00.394+0000] {processor.py:183} INFO - Processing /home/airflow/.local/lib/python3.12/site-packages/airflow/example_dags/example_xcomargs.py took 0.070 seconds
[2024-07-03T18:31:30.513+0000] {processor.py:161} INFO - Started process (PID=709) to work on /home/airflow/.local/lib/python3.12/site-packages/airflow/example_dags/example_xcomargs.py
[2024-07-03T18:31:30.514+0000] {processor.py:830} INFO - Processing file /home/airflow/.local/lib/python3.12/site-packages/airflow/example_dags/example_xcomargs.py for tasks to queue
[2024-07-03T18:31:30.516+0000] {logging_mixin.py:188} INFO - [2024-07-03T18:31:30.516+0000] {dagbag.py:545} INFO - Filling up the DagBag from /home/airflow/.local/lib/python3.12/site-packages/airflow/example_dags/example_xcomargs.py
[2024-07-03T18:31:30.524+0000] {processor.py:840} INFO - DAG(s) 'example_xcom_args', 'example_xcom_args_with_operators' retrieved from /home/airflow/.local/lib/python3.12/site-packages/airflow/example_dags/example_xcomargs.py
[2024-07-03T18:31:30.547+0000] {logging_mixin.py:188} INFO - [2024-07-03T18:31:30.546+0000] {dag.py:3096} INFO - Sync 2 DAGs
[2024-07-03T18:31:30.561+0000] {logging_mixin.py:188} INFO - [2024-07-03T18:31:30.560+0000] {dag.py:3954} INFO - Setting next_dagrun for example_xcom_args to None, run_after=None
[2024-07-03T18:31:30.565+0000] {logging_mixin.py:188} INFO - [2024-07-03T18:31:30.564+0000] {dag.py:3954} INFO - Setting next_dagrun for example_xcom_args_with_operators to None, run_after=None
[2024-07-03T18:31:30.581+0000] {processor.py:183} INFO - Processing /home/airflow/.local/lib/python3.12/site-packages/airflow/example_dags/example_xcomargs.py took 0.073 seconds
[2024-07-03T18:32:00.805+0000] {processor.py:161} INFO - Started process (PID=767) to work on /home/airflow/.local/lib/python3.12/site-packages/airflow/example_dags/example_xcomargs.py
[2024-07-03T18:32:00.806+0000] {processor.py:830} INFO - Processing file /home/airflow/.local/lib/python3.12/site-packages/airflow/example_dags/example_xcomargs.py for tasks to queue
[2024-07-03T18:32:00.807+0000] {logging_mixin.py:188} INFO - [2024-07-03T18:32:00.807+0000] {dagbag.py:545} INFO - Filling up the DagBag from /home/airflow/.local/lib/python3.12/site-packages/airflow/example_dags/example_xcomargs.py
[2024-07-03T18:32:00.814+0000] {processor.py:840} INFO - DAG(s) 'example_xcom_args_with_operators', 'example_xcom_args' retrieved from /home/airflow/.local/lib/python3.12/site-packages/airflow/example_dags/example_xcomargs.py
[2024-07-03T18:32:00.836+0000] {logging_mixin.py:188} INFO - [2024-07-03T18:32:00.835+0000] {dag.py:3096} INFO - Sync 2 DAGs
[2024-07-03T18:32:00.847+0000] {logging_mixin.py:188} INFO - [2024-07-03T18:32:00.846+0000] {dag.py:3954} INFO - Setting next_dagrun for example_xcom_args to None, run_after=None
[2024-07-03T18:32:00.850+0000] {logging_mixin.py:188} INFO - [2024-07-03T18:32:00.850+0000] {dag.py:3954} INFO - Setting next_dagrun for example_xcom_args_with_operators to None, run_after=None
[2024-07-03T18:32:00.863+0000] {processor.py:183} INFO - Processing /home/airflow/.local/lib/python3.12/site-packages/airflow/example_dags/example_xcomargs.py took 0.064 seconds
[2024-07-03T18:32:31.685+0000] {processor.py:161} INFO - Started process (PID=825) to work on /home/airflow/.local/lib/python3.12/site-packages/airflow/example_dags/example_xcomargs.py
[2024-07-03T18:32:31.686+0000] {processor.py:830} INFO - Processing file /home/airflow/.local/lib/python3.12/site-packages/airflow/example_dags/example_xcomargs.py for tasks to queue
[2024-07-03T18:32:31.687+0000] {logging_mixin.py:188} INFO - [2024-07-03T18:32:31.687+0000] {dagbag.py:545} INFO - Filling up the DagBag from /home/airflow/.local/lib/python3.12/site-packages/airflow/example_dags/example_xcomargs.py
[2024-07-03T18:32:31.695+0000] {processor.py:840} INFO - DAG(s) 'example_xcom_args_with_operators', 'example_xcom_args' retrieved from /home/airflow/.local/lib/python3.12/site-packages/airflow/example_dags/example_xcomargs.py
[2024-07-03T18:32:31.718+0000] {logging_mixin.py:188} INFO - [2024-07-03T18:32:31.718+0000] {dag.py:3096} INFO - Sync 2 DAGs
[2024-07-03T18:32:31.733+0000] {logging_mixin.py:188} INFO - [2024-07-03T18:32:31.733+0000] {dag.py:3954} INFO - Setting next_dagrun for example_xcom_args to None, run_after=None
[2024-07-03T18:32:31.739+0000] {logging_mixin.py:188} INFO - [2024-07-03T18:32:31.739+0000] {dag.py:3954} INFO - Setting next_dagrun for example_xcom_args_with_operators to None, run_after=None
[2024-07-03T18:32:31.754+0000] {processor.py:183} INFO - Processing /home/airflow/.local/lib/python3.12/site-packages/airflow/example_dags/example_xcomargs.py took 0.075 seconds
[2024-07-03T18:40:29.212+0000] {processor.py:161} INFO - Started process (PID=63) to work on /home/airflow/.local/lib/python3.12/site-packages/airflow/example_dags/example_xcomargs.py
[2024-07-03T18:40:29.213+0000] {processor.py:830} INFO - Processing file /home/airflow/.local/lib/python3.12/site-packages/airflow/example_dags/example_xcomargs.py for tasks to queue
[2024-07-03T18:40:29.214+0000] {logging_mixin.py:188} INFO - [2024-07-03T18:40:29.214+0000] {dagbag.py:545} INFO - Filling up the DagBag from /home/airflow/.local/lib/python3.12/site-packages/airflow/example_dags/example_xcomargs.py
[2024-07-03T18:40:29.223+0000] {processor.py:840} INFO - DAG(s) 'example_xcom_args', 'example_xcom_args_with_operators' retrieved from /home/airflow/.local/lib/python3.12/site-packages/airflow/example_dags/example_xcomargs.py
[2024-07-03T18:40:29.342+0000] {logging_mixin.py:188} INFO - [2024-07-03T18:40:29.341+0000] {dag.py:3096} INFO - Sync 2 DAGs
[2024-07-03T18:40:29.352+0000] {logging_mixin.py:188} INFO - [2024-07-03T18:40:29.352+0000] {dag.py:3954} INFO - Setting next_dagrun for example_xcom_args to None, run_after=None
[2024-07-03T18:40:29.355+0000] {logging_mixin.py:188} INFO - [2024-07-03T18:40:29.355+0000] {dag.py:3954} INFO - Setting next_dagrun for example_xcom_args_with_operators to None, run_after=None
[2024-07-03T18:40:29.371+0000] {processor.py:183} INFO - Processing /home/airflow/.local/lib/python3.12/site-packages/airflow/example_dags/example_xcomargs.py took 0.163 seconds
[2024-07-03T18:40:59.427+0000] {processor.py:161} INFO - Started process (PID=121) to work on /home/airflow/.local/lib/python3.12/site-packages/airflow/example_dags/example_xcomargs.py
[2024-07-03T18:40:59.428+0000] {processor.py:830} INFO - Processing file /home/airflow/.local/lib/python3.12/site-packages/airflow/example_dags/example_xcomargs.py for tasks to queue
[2024-07-03T18:40:59.429+0000] {logging_mixin.py:188} INFO - [2024-07-03T18:40:59.429+0000] {dagbag.py:545} INFO - Filling up the DagBag from /home/airflow/.local/lib/python3.12/site-packages/airflow/example_dags/example_xcomargs.py
[2024-07-03T18:40:59.436+0000] {processor.py:840} INFO - DAG(s) 'example_xcom_args', 'example_xcom_args_with_operators' retrieved from /home/airflow/.local/lib/python3.12/site-packages/airflow/example_dags/example_xcomargs.py
[2024-07-03T18:40:59.457+0000] {logging_mixin.py:188} INFO - [2024-07-03T18:40:59.457+0000] {dag.py:3096} INFO - Sync 2 DAGs
[2024-07-03T18:40:59.469+0000] {logging_mixin.py:188} INFO - [2024-07-03T18:40:59.469+0000] {dag.py:3954} INFO - Setting next_dagrun for example_xcom_args to None, run_after=None
[2024-07-03T18:40:59.472+0000] {logging_mixin.py:188} INFO - [2024-07-03T18:40:59.472+0000] {dag.py:3954} INFO - Setting next_dagrun for example_xcom_args_with_operators to None, run_after=None
[2024-07-03T18:40:59.487+0000] {processor.py:183} INFO - Processing /home/airflow/.local/lib/python3.12/site-packages/airflow/example_dags/example_xcomargs.py took 0.065 seconds
[2024-07-03T18:41:29.949+0000] {processor.py:161} INFO - Started process (PID=179) to work on /home/airflow/.local/lib/python3.12/site-packages/airflow/example_dags/example_xcomargs.py
[2024-07-03T18:41:29.950+0000] {processor.py:830} INFO - Processing file /home/airflow/.local/lib/python3.12/site-packages/airflow/example_dags/example_xcomargs.py for tasks to queue
[2024-07-03T18:41:29.951+0000] {logging_mixin.py:188} INFO - [2024-07-03T18:41:29.951+0000] {dagbag.py:545} INFO - Filling up the DagBag from /home/airflow/.local/lib/python3.12/site-packages/airflow/example_dags/example_xcomargs.py
[2024-07-03T18:41:29.957+0000] {processor.py:840} INFO - DAG(s) 'example_xcom_args', 'example_xcom_args_with_operators' retrieved from /home/airflow/.local/lib/python3.12/site-packages/airflow/example_dags/example_xcomargs.py
[2024-07-03T18:41:29.977+0000] {logging_mixin.py:188} INFO - [2024-07-03T18:41:29.976+0000] {dag.py:3096} INFO - Sync 2 DAGs
[2024-07-03T18:41:29.987+0000] {logging_mixin.py:188} INFO - [2024-07-03T18:41:29.987+0000] {dag.py:3954} INFO - Setting next_dagrun for example_xcom_args to None, run_after=None
[2024-07-03T18:41:29.990+0000] {logging_mixin.py:188} INFO - [2024-07-03T18:41:29.990+0000] {dag.py:3954} INFO - Setting next_dagrun for example_xcom_args_with_operators to None, run_after=None
[2024-07-03T18:41:30.004+0000] {processor.py:183} INFO - Processing /home/airflow/.local/lib/python3.12/site-packages/airflow/example_dags/example_xcomargs.py took 0.059 seconds
[2024-07-03T18:42:00.693+0000] {processor.py:161} INFO - Started process (PID=237) to work on /home/airflow/.local/lib/python3.12/site-packages/airflow/example_dags/example_xcomargs.py
[2024-07-03T18:42:00.694+0000] {processor.py:830} INFO - Processing file /home/airflow/.local/lib/python3.12/site-packages/airflow/example_dags/example_xcomargs.py for tasks to queue
[2024-07-03T18:42:00.695+0000] {logging_mixin.py:188} INFO - [2024-07-03T18:42:00.695+0000] {dagbag.py:545} INFO - Filling up the DagBag from /home/airflow/.local/lib/python3.12/site-packages/airflow/example_dags/example_xcomargs.py
[2024-07-03T18:42:00.702+0000] {processor.py:840} INFO - DAG(s) 'example_xcom_args_with_operators', 'example_xcom_args' retrieved from /home/airflow/.local/lib/python3.12/site-packages/airflow/example_dags/example_xcomargs.py
[2024-07-03T18:42:00.795+0000] {logging_mixin.py:188} INFO - [2024-07-03T18:42:00.795+0000] {dag.py:3096} INFO - Sync 2 DAGs
[2024-07-03T18:42:00.805+0000] {logging_mixin.py:188} INFO - [2024-07-03T18:42:00.804+0000] {dag.py:3954} INFO - Setting next_dagrun for example_xcom_args to None, run_after=None
[2024-07-03T18:42:00.807+0000] {logging_mixin.py:188} INFO - [2024-07-03T18:42:00.807+0000] {dag.py:3954} INFO - Setting next_dagrun for example_xcom_args_with_operators to None, run_after=None
[2024-07-03T18:42:00.824+0000] {processor.py:183} INFO - Processing /home/airflow/.local/lib/python3.12/site-packages/airflow/example_dags/example_xcomargs.py took 0.135 seconds
