[2024-07-03T18:25:54.479+0000] {processor.py:161} INFO - Started process (PID=75) to work on /home/airflow/.local/lib/python3.12/site-packages/airflow/example_dags/example_task_group.py
[2024-07-03T18:25:54.480+0000] {processor.py:830} INFO - Processing file /home/airflow/.local/lib/python3.12/site-packages/airflow/example_dags/example_task_group.py for tasks to queue
[2024-07-03T18:25:54.483+0000] {logging_mixin.py:188} INFO - [2024-07-03T18:25:54.482+0000] {dagbag.py:545} INFO - Filling up the DagBag from /home/airflow/.local/lib/python3.12/site-packages/airflow/example_dags/example_task_group.py
[2024-07-03T18:25:54.492+0000] {processor.py:840} INFO - DAG(s) 'example_task_group' retrieved from /home/airflow/.local/lib/python3.12/site-packages/airflow/example_dags/example_task_group.py
[2024-07-03T18:25:54.505+0000] {logging_mixin.py:188} INFO - [2024-07-03T18:25:54.505+0000] {dag.py:3096} INFO - Sync 1 DAGs
[2024-07-03T18:25:54.532+0000] {logging_mixin.py:188} INFO - [2024-07-03T18:25:54.532+0000] {dag.py:3954} INFO - Setting next_dagrun for example_task_group to 2024-07-02 00:00:00+00:00, run_after=2024-07-03 00:00:00+00:00
[2024-07-03T18:25:54.554+0000] {processor.py:183} INFO - Processing /home/airflow/.local/lib/python3.12/site-packages/airflow/example_dags/example_task_group.py took 0.079 seconds
[2024-07-03T18:26:26.233+0000] {processor.py:161} INFO - Started process (PID=133) to work on /home/airflow/.local/lib/python3.12/site-packages/airflow/example_dags/example_task_group.py
[2024-07-03T18:26:26.234+0000] {processor.py:830} INFO - Processing file /home/airflow/.local/lib/python3.12/site-packages/airflow/example_dags/example_task_group.py for tasks to queue
[2024-07-03T18:26:26.236+0000] {logging_mixin.py:188} INFO - [2024-07-03T18:26:26.235+0000] {dagbag.py:545} INFO - Filling up the DagBag from /home/airflow/.local/lib/python3.12/site-packages/airflow/example_dags/example_task_group.py
[2024-07-03T18:26:26.242+0000] {processor.py:840} INFO - DAG(s) 'example_task_group' retrieved from /home/airflow/.local/lib/python3.12/site-packages/airflow/example_dags/example_task_group.py
[2024-07-03T18:26:26.341+0000] {logging_mixin.py:188} INFO - [2024-07-03T18:26:26.341+0000] {dag.py:3096} INFO - Sync 1 DAGs
[2024-07-03T18:26:26.360+0000] {logging_mixin.py:188} INFO - [2024-07-03T18:26:26.360+0000] {dag.py:3954} INFO - Setting next_dagrun for example_task_group to 2024-07-02 00:00:00+00:00, run_after=2024-07-03 00:00:00+00:00
[2024-07-03T18:26:26.381+0000] {processor.py:183} INFO - Processing /home/airflow/.local/lib/python3.12/site-packages/airflow/example_dags/example_task_group.py took 0.153 seconds
[2024-07-03T18:26:56.512+0000] {processor.py:161} INFO - Started process (PID=191) to work on /home/airflow/.local/lib/python3.12/site-packages/airflow/example_dags/example_task_group.py
[2024-07-03T18:26:56.513+0000] {processor.py:830} INFO - Processing file /home/airflow/.local/lib/python3.12/site-packages/airflow/example_dags/example_task_group.py for tasks to queue
[2024-07-03T18:26:56.514+0000] {logging_mixin.py:188} INFO - [2024-07-03T18:26:56.514+0000] {dagbag.py:545} INFO - Filling up the DagBag from /home/airflow/.local/lib/python3.12/site-packages/airflow/example_dags/example_task_group.py
[2024-07-03T18:26:56.522+0000] {processor.py:840} INFO - DAG(s) 'example_task_group' retrieved from /home/airflow/.local/lib/python3.12/site-packages/airflow/example_dags/example_task_group.py
[2024-07-03T18:26:56.547+0000] {logging_mixin.py:188} INFO - [2024-07-03T18:26:56.547+0000] {dag.py:3096} INFO - Sync 1 DAGs
[2024-07-03T18:26:56.571+0000] {logging_mixin.py:188} INFO - [2024-07-03T18:26:56.570+0000] {dag.py:3954} INFO - Setting next_dagrun for example_task_group to 2024-07-02 00:00:00+00:00, run_after=2024-07-03 00:00:00+00:00
[2024-07-03T18:26:56.593+0000] {processor.py:183} INFO - Processing /home/airflow/.local/lib/python3.12/site-packages/airflow/example_dags/example_task_group.py took 0.086 seconds
[2024-07-03T18:27:26.991+0000] {processor.py:161} INFO - Started process (PID=249) to work on /home/airflow/.local/lib/python3.12/site-packages/airflow/example_dags/example_task_group.py
[2024-07-03T18:27:26.992+0000] {processor.py:830} INFO - Processing file /home/airflow/.local/lib/python3.12/site-packages/airflow/example_dags/example_task_group.py for tasks to queue
[2024-07-03T18:27:26.994+0000] {logging_mixin.py:188} INFO - [2024-07-03T18:27:26.993+0000] {dagbag.py:545} INFO - Filling up the DagBag from /home/airflow/.local/lib/python3.12/site-packages/airflow/example_dags/example_task_group.py
[2024-07-03T18:27:27.000+0000] {processor.py:840} INFO - DAG(s) 'example_task_group' retrieved from /home/airflow/.local/lib/python3.12/site-packages/airflow/example_dags/example_task_group.py
[2024-07-03T18:27:27.022+0000] {logging_mixin.py:188} INFO - [2024-07-03T18:27:27.022+0000] {dag.py:3096} INFO - Sync 1 DAGs
[2024-07-03T18:27:27.047+0000] {logging_mixin.py:188} INFO - [2024-07-03T18:27:27.047+0000] {dag.py:3954} INFO - Setting next_dagrun for example_task_group to 2024-07-02 00:00:00+00:00, run_after=2024-07-03 00:00:00+00:00
[2024-07-03T18:27:27.066+0000] {processor.py:183} INFO - Processing /home/airflow/.local/lib/python3.12/site-packages/airflow/example_dags/example_task_group.py took 0.080 seconds
[2024-07-03T18:27:58.093+0000] {processor.py:161} INFO - Started process (PID=307) to work on /home/airflow/.local/lib/python3.12/site-packages/airflow/example_dags/example_task_group.py
[2024-07-03T18:27:58.094+0000] {processor.py:830} INFO - Processing file /home/airflow/.local/lib/python3.12/site-packages/airflow/example_dags/example_task_group.py for tasks to queue
[2024-07-03T18:27:58.095+0000] {logging_mixin.py:188} INFO - [2024-07-03T18:27:58.095+0000] {dagbag.py:545} INFO - Filling up the DagBag from /home/airflow/.local/lib/python3.12/site-packages/airflow/example_dags/example_task_group.py
[2024-07-03T18:27:58.102+0000] {processor.py:840} INFO - DAG(s) 'example_task_group' retrieved from /home/airflow/.local/lib/python3.12/site-packages/airflow/example_dags/example_task_group.py
[2024-07-03T18:27:58.124+0000] {logging_mixin.py:188} INFO - [2024-07-03T18:27:58.123+0000] {dag.py:3096} INFO - Sync 1 DAGs
[2024-07-03T18:27:58.146+0000] {logging_mixin.py:188} INFO - [2024-07-03T18:27:58.146+0000] {dag.py:3954} INFO - Setting next_dagrun for example_task_group to 2024-07-02 00:00:00+00:00, run_after=2024-07-03 00:00:00+00:00
[2024-07-03T18:27:58.165+0000] {processor.py:183} INFO - Processing /home/airflow/.local/lib/python3.12/site-packages/airflow/example_dags/example_task_group.py took 0.077 seconds
[2024-07-03T18:28:28.241+0000] {processor.py:161} INFO - Started process (PID=366) to work on /home/airflow/.local/lib/python3.12/site-packages/airflow/example_dags/example_task_group.py
[2024-07-03T18:28:28.242+0000] {processor.py:830} INFO - Processing file /home/airflow/.local/lib/python3.12/site-packages/airflow/example_dags/example_task_group.py for tasks to queue
[2024-07-03T18:28:28.243+0000] {logging_mixin.py:188} INFO - [2024-07-03T18:28:28.243+0000] {dagbag.py:545} INFO - Filling up the DagBag from /home/airflow/.local/lib/python3.12/site-packages/airflow/example_dags/example_task_group.py
[2024-07-03T18:28:28.249+0000] {processor.py:840} INFO - DAG(s) 'example_task_group' retrieved from /home/airflow/.local/lib/python3.12/site-packages/airflow/example_dags/example_task_group.py
[2024-07-03T18:28:28.267+0000] {logging_mixin.py:188} INFO - [2024-07-03T18:28:28.267+0000] {dag.py:3096} INFO - Sync 1 DAGs
[2024-07-03T18:28:28.285+0000] {logging_mixin.py:188} INFO - [2024-07-03T18:28:28.285+0000] {dag.py:3954} INFO - Setting next_dagrun for example_task_group to 2024-07-02 00:00:00+00:00, run_after=2024-07-03 00:00:00+00:00
[2024-07-03T18:28:28.299+0000] {processor.py:183} INFO - Processing /home/airflow/.local/lib/python3.12/site-packages/airflow/example_dags/example_task_group.py took 0.063 seconds
[2024-07-03T18:28:58.646+0000] {processor.py:161} INFO - Started process (PID=423) to work on /home/airflow/.local/lib/python3.12/site-packages/airflow/example_dags/example_task_group.py
[2024-07-03T18:28:58.647+0000] {processor.py:830} INFO - Processing file /home/airflow/.local/lib/python3.12/site-packages/airflow/example_dags/example_task_group.py for tasks to queue
[2024-07-03T18:28:58.649+0000] {logging_mixin.py:188} INFO - [2024-07-03T18:28:58.648+0000] {dagbag.py:545} INFO - Filling up the DagBag from /home/airflow/.local/lib/python3.12/site-packages/airflow/example_dags/example_task_group.py
[2024-07-03T18:28:58.655+0000] {processor.py:840} INFO - DAG(s) 'example_task_group' retrieved from /home/airflow/.local/lib/python3.12/site-packages/airflow/example_dags/example_task_group.py
[2024-07-03T18:28:58.673+0000] {logging_mixin.py:188} INFO - [2024-07-03T18:28:58.673+0000] {dag.py:3096} INFO - Sync 1 DAGs
[2024-07-03T18:28:58.691+0000] {logging_mixin.py:188} INFO - [2024-07-03T18:28:58.691+0000] {dag.py:3954} INFO - Setting next_dagrun for example_task_group to 2024-07-02 00:00:00+00:00, run_after=2024-07-03 00:00:00+00:00
[2024-07-03T18:28:58.707+0000] {processor.py:183} INFO - Processing /home/airflow/.local/lib/python3.12/site-packages/airflow/example_dags/example_task_group.py took 0.065 seconds
[2024-07-03T18:29:29.113+0000] {processor.py:161} INFO - Started process (PID=481) to work on /home/airflow/.local/lib/python3.12/site-packages/airflow/example_dags/example_task_group.py
[2024-07-03T18:29:29.114+0000] {processor.py:830} INFO - Processing file /home/airflow/.local/lib/python3.12/site-packages/airflow/example_dags/example_task_group.py for tasks to queue
[2024-07-03T18:29:29.115+0000] {logging_mixin.py:188} INFO - [2024-07-03T18:29:29.115+0000] {dagbag.py:545} INFO - Filling up the DagBag from /home/airflow/.local/lib/python3.12/site-packages/airflow/example_dags/example_task_group.py
[2024-07-03T18:29:29.121+0000] {processor.py:840} INFO - DAG(s) 'example_task_group' retrieved from /home/airflow/.local/lib/python3.12/site-packages/airflow/example_dags/example_task_group.py
[2024-07-03T18:29:29.141+0000] {logging_mixin.py:188} INFO - [2024-07-03T18:29:29.141+0000] {dag.py:3096} INFO - Sync 1 DAGs
[2024-07-03T18:29:29.159+0000] {logging_mixin.py:188} INFO - [2024-07-03T18:29:29.159+0000] {dag.py:3954} INFO - Setting next_dagrun for example_task_group to 2024-07-02 00:00:00+00:00, run_after=2024-07-03 00:00:00+00:00
[2024-07-03T18:29:29.173+0000] {processor.py:183} INFO - Processing /home/airflow/.local/lib/python3.12/site-packages/airflow/example_dags/example_task_group.py took 0.065 seconds
[2024-07-03T18:29:59.511+0000] {processor.py:161} INFO - Started process (PID=539) to work on /home/airflow/.local/lib/python3.12/site-packages/airflow/example_dags/example_task_group.py
[2024-07-03T18:29:59.511+0000] {processor.py:830} INFO - Processing file /home/airflow/.local/lib/python3.12/site-packages/airflow/example_dags/example_task_group.py for tasks to queue
[2024-07-03T18:29:59.513+0000] {logging_mixin.py:188} INFO - [2024-07-03T18:29:59.513+0000] {dagbag.py:545} INFO - Filling up the DagBag from /home/airflow/.local/lib/python3.12/site-packages/airflow/example_dags/example_task_group.py
[2024-07-03T18:29:59.518+0000] {processor.py:840} INFO - DAG(s) 'example_task_group' retrieved from /home/airflow/.local/lib/python3.12/site-packages/airflow/example_dags/example_task_group.py
[2024-07-03T18:29:59.538+0000] {logging_mixin.py:188} INFO - [2024-07-03T18:29:59.538+0000] {dag.py:3096} INFO - Sync 1 DAGs
[2024-07-03T18:29:59.558+0000] {logging_mixin.py:188} INFO - [2024-07-03T18:29:59.558+0000] {dag.py:3954} INFO - Setting next_dagrun for example_task_group to 2024-07-02 00:00:00+00:00, run_after=2024-07-03 00:00:00+00:00
[2024-07-03T18:29:59.573+0000] {processor.py:183} INFO - Processing /home/airflow/.local/lib/python3.12/site-packages/airflow/example_dags/example_task_group.py took 0.067 seconds
[2024-07-03T18:30:30.459+0000] {processor.py:161} INFO - Started process (PID=604) to work on /home/airflow/.local/lib/python3.12/site-packages/airflow/example_dags/example_task_group.py
[2024-07-03T18:30:30.459+0000] {processor.py:830} INFO - Processing file /home/airflow/.local/lib/python3.12/site-packages/airflow/example_dags/example_task_group.py for tasks to queue
[2024-07-03T18:30:30.461+0000] {logging_mixin.py:188} INFO - [2024-07-03T18:30:30.461+0000] {dagbag.py:545} INFO - Filling up the DagBag from /home/airflow/.local/lib/python3.12/site-packages/airflow/example_dags/example_task_group.py
[2024-07-03T18:30:30.467+0000] {processor.py:840} INFO - DAG(s) 'example_task_group' retrieved from /home/airflow/.local/lib/python3.12/site-packages/airflow/example_dags/example_task_group.py
[2024-07-03T18:30:30.484+0000] {logging_mixin.py:188} INFO - [2024-07-03T18:30:30.484+0000] {dag.py:3096} INFO - Sync 1 DAGs
[2024-07-03T18:30:30.502+0000] {logging_mixin.py:188} INFO - [2024-07-03T18:30:30.502+0000] {dag.py:3954} INFO - Setting next_dagrun for example_task_group to 2024-07-02 00:00:00+00:00, run_after=2024-07-03 00:00:00+00:00
[2024-07-03T18:30:30.517+0000] {processor.py:183} INFO - Processing /home/airflow/.local/lib/python3.12/site-packages/airflow/example_dags/example_task_group.py took 0.063 seconds
[2024-07-03T18:31:00.941+0000] {processor.py:161} INFO - Started process (PID=663) to work on /home/airflow/.local/lib/python3.12/site-packages/airflow/example_dags/example_task_group.py
[2024-07-03T18:31:00.942+0000] {processor.py:830} INFO - Processing file /home/airflow/.local/lib/python3.12/site-packages/airflow/example_dags/example_task_group.py for tasks to queue
[2024-07-03T18:31:00.944+0000] {logging_mixin.py:188} INFO - [2024-07-03T18:31:00.944+0000] {dagbag.py:545} INFO - Filling up the DagBag from /home/airflow/.local/lib/python3.12/site-packages/airflow/example_dags/example_task_group.py
[2024-07-03T18:31:00.952+0000] {processor.py:840} INFO - DAG(s) 'example_task_group' retrieved from /home/airflow/.local/lib/python3.12/site-packages/airflow/example_dags/example_task_group.py
[2024-07-03T18:31:00.977+0000] {logging_mixin.py:188} INFO - [2024-07-03T18:31:00.976+0000] {dag.py:3096} INFO - Sync 1 DAGs
[2024-07-03T18:31:00.998+0000] {logging_mixin.py:188} INFO - [2024-07-03T18:31:00.998+0000] {dag.py:3954} INFO - Setting next_dagrun for example_task_group to 2024-07-02 00:00:00+00:00, run_after=2024-07-03 00:00:00+00:00
[2024-07-03T18:31:01.020+0000] {processor.py:183} INFO - Processing /home/airflow/.local/lib/python3.12/site-packages/airflow/example_dags/example_task_group.py took 0.084 seconds
[2024-07-03T18:31:31.369+0000] {processor.py:161} INFO - Started process (PID=721) to work on /home/airflow/.local/lib/python3.12/site-packages/airflow/example_dags/example_task_group.py
[2024-07-03T18:31:31.370+0000] {processor.py:830} INFO - Processing file /home/airflow/.local/lib/python3.12/site-packages/airflow/example_dags/example_task_group.py for tasks to queue
[2024-07-03T18:31:31.372+0000] {logging_mixin.py:188} INFO - [2024-07-03T18:31:31.372+0000] {dagbag.py:545} INFO - Filling up the DagBag from /home/airflow/.local/lib/python3.12/site-packages/airflow/example_dags/example_task_group.py
[2024-07-03T18:31:31.379+0000] {processor.py:840} INFO - DAG(s) 'example_task_group' retrieved from /home/airflow/.local/lib/python3.12/site-packages/airflow/example_dags/example_task_group.py
[2024-07-03T18:31:31.402+0000] {logging_mixin.py:188} INFO - [2024-07-03T18:31:31.402+0000] {dag.py:3096} INFO - Sync 1 DAGs
[2024-07-03T18:31:31.426+0000] {logging_mixin.py:188} INFO - [2024-07-03T18:31:31.426+0000] {dag.py:3954} INFO - Setting next_dagrun for example_task_group to 2024-07-02 00:00:00+00:00, run_after=2024-07-03 00:00:00+00:00
[2024-07-03T18:31:31.445+0000] {processor.py:183} INFO - Processing /home/airflow/.local/lib/python3.12/site-packages/airflow/example_dags/example_task_group.py took 0.083 seconds
[2024-07-03T18:32:01.632+0000] {processor.py:161} INFO - Started process (PID=779) to work on /home/airflow/.local/lib/python3.12/site-packages/airflow/example_dags/example_task_group.py
[2024-07-03T18:32:01.632+0000] {processor.py:830} INFO - Processing file /home/airflow/.local/lib/python3.12/site-packages/airflow/example_dags/example_task_group.py for tasks to queue
[2024-07-03T18:32:01.636+0000] {logging_mixin.py:188} INFO - [2024-07-03T18:32:01.636+0000] {dagbag.py:545} INFO - Filling up the DagBag from /home/airflow/.local/lib/python3.12/site-packages/airflow/example_dags/example_task_group.py
[2024-07-03T18:32:01.648+0000] {processor.py:840} INFO - DAG(s) 'example_task_group' retrieved from /home/airflow/.local/lib/python3.12/site-packages/airflow/example_dags/example_task_group.py
[2024-07-03T18:32:01.671+0000] {logging_mixin.py:188} INFO - [2024-07-03T18:32:01.671+0000] {dag.py:3096} INFO - Sync 1 DAGs
[2024-07-03T18:32:01.694+0000] {logging_mixin.py:188} INFO - [2024-07-03T18:32:01.694+0000] {dag.py:3954} INFO - Setting next_dagrun for example_task_group to 2024-07-02 00:00:00+00:00, run_after=2024-07-03 00:00:00+00:00
[2024-07-03T18:32:01.716+0000] {processor.py:183} INFO - Processing /home/airflow/.local/lib/python3.12/site-packages/airflow/example_dags/example_task_group.py took 0.089 seconds
[2024-07-03T18:32:32.482+0000] {processor.py:161} INFO - Started process (PID=837) to work on /home/airflow/.local/lib/python3.12/site-packages/airflow/example_dags/example_task_group.py
[2024-07-03T18:32:32.483+0000] {processor.py:830} INFO - Processing file /home/airflow/.local/lib/python3.12/site-packages/airflow/example_dags/example_task_group.py for tasks to queue
[2024-07-03T18:32:32.485+0000] {logging_mixin.py:188} INFO - [2024-07-03T18:32:32.484+0000] {dagbag.py:545} INFO - Filling up the DagBag from /home/airflow/.local/lib/python3.12/site-packages/airflow/example_dags/example_task_group.py
[2024-07-03T18:32:32.491+0000] {processor.py:840} INFO - DAG(s) 'example_task_group' retrieved from /home/airflow/.local/lib/python3.12/site-packages/airflow/example_dags/example_task_group.py
[2024-07-03T18:32:32.509+0000] {logging_mixin.py:188} INFO - [2024-07-03T18:32:32.509+0000] {dag.py:3096} INFO - Sync 1 DAGs
[2024-07-03T18:32:32.531+0000] {logging_mixin.py:188} INFO - [2024-07-03T18:32:32.531+0000] {dag.py:3954} INFO - Setting next_dagrun for example_task_group to 2024-07-02 00:00:00+00:00, run_after=2024-07-03 00:00:00+00:00
[2024-07-03T18:32:32.548+0000] {processor.py:183} INFO - Processing /home/airflow/.local/lib/python3.12/site-packages/airflow/example_dags/example_task_group.py took 0.071 seconds
[2024-07-03T18:40:30.411+0000] {processor.py:161} INFO - Started process (PID=75) to work on /home/airflow/.local/lib/python3.12/site-packages/airflow/example_dags/example_task_group.py
[2024-07-03T18:40:30.412+0000] {processor.py:830} INFO - Processing file /home/airflow/.local/lib/python3.12/site-packages/airflow/example_dags/example_task_group.py for tasks to queue
[2024-07-03T18:40:30.415+0000] {logging_mixin.py:188} INFO - [2024-07-03T18:40:30.415+0000] {dagbag.py:545} INFO - Filling up the DagBag from /home/airflow/.local/lib/python3.12/site-packages/airflow/example_dags/example_task_group.py
[2024-07-03T18:40:30.421+0000] {processor.py:840} INFO - DAG(s) 'example_task_group' retrieved from /home/airflow/.local/lib/python3.12/site-packages/airflow/example_dags/example_task_group.py
[2024-07-03T18:40:30.518+0000] {logging_mixin.py:188} INFO - [2024-07-03T18:40:30.518+0000] {dag.py:3096} INFO - Sync 1 DAGs
[2024-07-03T18:40:30.535+0000] {logging_mixin.py:188} INFO - [2024-07-03T18:40:30.535+0000] {dag.py:3954} INFO - Setting next_dagrun for example_task_group to 2024-07-02 00:00:00+00:00, run_after=2024-07-03 00:00:00+00:00
[2024-07-03T18:40:30.555+0000] {processor.py:183} INFO - Processing /home/airflow/.local/lib/python3.12/site-packages/airflow/example_dags/example_task_group.py took 0.148 seconds
[2024-07-03T18:41:01.279+0000] {processor.py:161} INFO - Started process (PID=133) to work on /home/airflow/.local/lib/python3.12/site-packages/airflow/example_dags/example_task_group.py
[2024-07-03T18:41:01.280+0000] {processor.py:830} INFO - Processing file /home/airflow/.local/lib/python3.12/site-packages/airflow/example_dags/example_task_group.py for tasks to queue
[2024-07-03T18:41:01.282+0000] {logging_mixin.py:188} INFO - [2024-07-03T18:41:01.282+0000] {dagbag.py:545} INFO - Filling up the DagBag from /home/airflow/.local/lib/python3.12/site-packages/airflow/example_dags/example_task_group.py
[2024-07-03T18:41:01.287+0000] {processor.py:840} INFO - DAG(s) 'example_task_group' retrieved from /home/airflow/.local/lib/python3.12/site-packages/airflow/example_dags/example_task_group.py
[2024-07-03T18:41:01.310+0000] {logging_mixin.py:188} INFO - [2024-07-03T18:41:01.310+0000] {dag.py:3096} INFO - Sync 1 DAGs
[2024-07-03T18:41:01.327+0000] {logging_mixin.py:188} INFO - [2024-07-03T18:41:01.327+0000] {dag.py:3954} INFO - Setting next_dagrun for example_task_group to 2024-07-02 00:00:00+00:00, run_after=2024-07-03 00:00:00+00:00
[2024-07-03T18:41:01.343+0000] {processor.py:183} INFO - Processing /home/airflow/.local/lib/python3.12/site-packages/airflow/example_dags/example_task_group.py took 0.068 seconds
[2024-07-03T18:41:31.475+0000] {processor.py:161} INFO - Started process (PID=191) to work on /home/airflow/.local/lib/python3.12/site-packages/airflow/example_dags/example_task_group.py
[2024-07-03T18:41:31.476+0000] {processor.py:830} INFO - Processing file /home/airflow/.local/lib/python3.12/site-packages/airflow/example_dags/example_task_group.py for tasks to queue
[2024-07-03T18:41:31.478+0000] {logging_mixin.py:188} INFO - [2024-07-03T18:41:31.478+0000] {dagbag.py:545} INFO - Filling up the DagBag from /home/airflow/.local/lib/python3.12/site-packages/airflow/example_dags/example_task_group.py
[2024-07-03T18:41:31.483+0000] {processor.py:840} INFO - DAG(s) 'example_task_group' retrieved from /home/airflow/.local/lib/python3.12/site-packages/airflow/example_dags/example_task_group.py
[2024-07-03T18:41:31.500+0000] {logging_mixin.py:188} INFO - [2024-07-03T18:41:31.500+0000] {dag.py:3096} INFO - Sync 1 DAGs
[2024-07-03T18:41:31.518+0000] {logging_mixin.py:188} INFO - [2024-07-03T18:41:31.517+0000] {dag.py:3954} INFO - Setting next_dagrun for example_task_group to 2024-07-02 00:00:00+00:00, run_after=2024-07-03 00:00:00+00:00
[2024-07-03T18:41:31.534+0000] {processor.py:183} INFO - Processing /home/airflow/.local/lib/python3.12/site-packages/airflow/example_dags/example_task_group.py took 0.063 seconds
[2024-07-03T18:42:01.779+0000] {processor.py:161} INFO - Started process (PID=249) to work on /home/airflow/.local/lib/python3.12/site-packages/airflow/example_dags/example_task_group.py
[2024-07-03T18:42:01.780+0000] {processor.py:830} INFO - Processing file /home/airflow/.local/lib/python3.12/site-packages/airflow/example_dags/example_task_group.py for tasks to queue
[2024-07-03T18:42:01.781+0000] {logging_mixin.py:188} INFO - [2024-07-03T18:42:01.781+0000] {dagbag.py:545} INFO - Filling up the DagBag from /home/airflow/.local/lib/python3.12/site-packages/airflow/example_dags/example_task_group.py
[2024-07-03T18:42:01.787+0000] {processor.py:840} INFO - DAG(s) 'example_task_group' retrieved from /home/airflow/.local/lib/python3.12/site-packages/airflow/example_dags/example_task_group.py
[2024-07-03T18:42:01.875+0000] {logging_mixin.py:188} INFO - [2024-07-03T18:42:01.875+0000] {dag.py:3096} INFO - Sync 1 DAGs
[2024-07-03T18:42:01.891+0000] {logging_mixin.py:188} INFO - [2024-07-03T18:42:01.890+0000] {dag.py:3954} INFO - Setting next_dagrun for example_task_group to 2024-07-02 00:00:00+00:00, run_after=2024-07-03 00:00:00+00:00
[2024-07-03T18:42:01.906+0000] {processor.py:183} INFO - Processing /home/airflow/.local/lib/python3.12/site-packages/airflow/example_dags/example_task_group.py took 0.132 seconds
