[2024-07-03T18:25:54.218+0000] {processor.py:161} INFO - Started process (PID=70) to work on /home/airflow/.local/lib/python3.12/site-packages/airflow/example_dags/example_sla_dag.py
[2024-07-03T18:25:54.219+0000] {processor.py:830} INFO - Processing file /home/airflow/.local/lib/python3.12/site-packages/airflow/example_dags/example_sla_dag.py for tasks to queue
[2024-07-03T18:25:54.222+0000] {logging_mixin.py:188} INFO - [2024-07-03T18:25:54.222+0000] {dagbag.py:545} INFO - Filling up the DagBag from /home/airflow/.local/lib/python3.12/site-packages/airflow/example_dags/example_sla_dag.py
[2024-07-03T18:25:54.232+0000] {processor.py:840} INFO - DAG(s) 'example_sla_dag' retrieved from /home/airflow/.local/lib/python3.12/site-packages/airflow/example_dags/example_sla_dag.py
[2024-07-03T18:25:54.245+0000] {logging_mixin.py:188} INFO - [2024-07-03T18:25:54.245+0000] {dag.py:3096} INFO - Sync 1 DAGs
[2024-07-03T18:25:54.276+0000] {logging_mixin.py:188} INFO - [2024-07-03T18:25:54.275+0000] {dag.py:3954} INFO - Setting next_dagrun for example_sla_dag to 2024-07-03 18:22:00+00:00, run_after=2024-07-03 18:24:00+00:00
[2024-07-03T18:25:54.296+0000] {processor.py:183} INFO - Processing /home/airflow/.local/lib/python3.12/site-packages/airflow/example_dags/example_sla_dag.py took 0.083 seconds
[2024-07-03T18:26:25.764+0000] {processor.py:161} INFO - Started process (PID=128) to work on /home/airflow/.local/lib/python3.12/site-packages/airflow/example_dags/example_sla_dag.py
[2024-07-03T18:26:25.765+0000] {processor.py:830} INFO - Processing file /home/airflow/.local/lib/python3.12/site-packages/airflow/example_dags/example_sla_dag.py for tasks to queue
[2024-07-03T18:26:25.766+0000] {logging_mixin.py:188} INFO - [2024-07-03T18:26:25.766+0000] {dagbag.py:545} INFO - Filling up the DagBag from /home/airflow/.local/lib/python3.12/site-packages/airflow/example_dags/example_sla_dag.py
[2024-07-03T18:26:25.775+0000] {processor.py:840} INFO - DAG(s) 'example_sla_dag' retrieved from /home/airflow/.local/lib/python3.12/site-packages/airflow/example_dags/example_sla_dag.py
[2024-07-03T18:26:25.867+0000] {logging_mixin.py:188} INFO - [2024-07-03T18:26:25.867+0000] {dag.py:3096} INFO - Sync 1 DAGs
[2024-07-03T18:26:25.891+0000] {logging_mixin.py:188} INFO - [2024-07-03T18:26:25.891+0000] {dag.py:3954} INFO - Setting next_dagrun for example_sla_dag to 2024-07-03 18:24:00+00:00, run_after=2024-07-03 18:26:00+00:00
[2024-07-03T18:26:25.908+0000] {processor.py:183} INFO - Processing /home/airflow/.local/lib/python3.12/site-packages/airflow/example_dags/example_sla_dag.py took 0.148 seconds
[2024-07-03T18:26:56.181+0000] {processor.py:161} INFO - Started process (PID=186) to work on /home/airflow/.local/lib/python3.12/site-packages/airflow/example_dags/example_sla_dag.py
[2024-07-03T18:26:56.182+0000] {processor.py:830} INFO - Processing file /home/airflow/.local/lib/python3.12/site-packages/airflow/example_dags/example_sla_dag.py for tasks to queue
[2024-07-03T18:26:56.184+0000] {logging_mixin.py:188} INFO - [2024-07-03T18:26:56.183+0000] {dagbag.py:545} INFO - Filling up the DagBag from /home/airflow/.local/lib/python3.12/site-packages/airflow/example_dags/example_sla_dag.py
[2024-07-03T18:26:56.195+0000] {processor.py:840} INFO - DAG(s) 'example_sla_dag' retrieved from /home/airflow/.local/lib/python3.12/site-packages/airflow/example_dags/example_sla_dag.py
[2024-07-03T18:26:56.223+0000] {logging_mixin.py:188} INFO - [2024-07-03T18:26:56.223+0000] {dag.py:3096} INFO - Sync 1 DAGs
[2024-07-03T18:26:56.251+0000] {logging_mixin.py:188} INFO - [2024-07-03T18:26:56.251+0000] {dag.py:3954} INFO - Setting next_dagrun for example_sla_dag to 2024-07-03 18:24:00+00:00, run_after=2024-07-03 18:26:00+00:00
[2024-07-03T18:26:56.270+0000] {processor.py:183} INFO - Processing /home/airflow/.local/lib/python3.12/site-packages/airflow/example_dags/example_sla_dag.py took 0.097 seconds
[2024-07-03T18:27:26.748+0000] {processor.py:161} INFO - Started process (PID=244) to work on /home/airflow/.local/lib/python3.12/site-packages/airflow/example_dags/example_sla_dag.py
[2024-07-03T18:27:26.748+0000] {processor.py:830} INFO - Processing file /home/airflow/.local/lib/python3.12/site-packages/airflow/example_dags/example_sla_dag.py for tasks to queue
[2024-07-03T18:27:26.750+0000] {logging_mixin.py:188} INFO - [2024-07-03T18:27:26.750+0000] {dagbag.py:545} INFO - Filling up the DagBag from /home/airflow/.local/lib/python3.12/site-packages/airflow/example_dags/example_sla_dag.py
[2024-07-03T18:27:26.759+0000] {processor.py:840} INFO - DAG(s) 'example_sla_dag' retrieved from /home/airflow/.local/lib/python3.12/site-packages/airflow/example_dags/example_sla_dag.py
[2024-07-03T18:27:26.777+0000] {logging_mixin.py:188} INFO - [2024-07-03T18:27:26.777+0000] {dag.py:3096} INFO - Sync 1 DAGs
[2024-07-03T18:27:26.799+0000] {logging_mixin.py:188} INFO - [2024-07-03T18:27:26.798+0000] {dag.py:3954} INFO - Setting next_dagrun for example_sla_dag to 2024-07-03 18:24:00+00:00, run_after=2024-07-03 18:26:00+00:00
[2024-07-03T18:27:26.814+0000] {processor.py:183} INFO - Processing /home/airflow/.local/lib/python3.12/site-packages/airflow/example_dags/example_sla_dag.py took 0.071 seconds
[2024-07-03T18:27:57.693+0000] {processor.py:161} INFO - Started process (PID=302) to work on /home/airflow/.local/lib/python3.12/site-packages/airflow/example_dags/example_sla_dag.py
[2024-07-03T18:27:57.694+0000] {processor.py:830} INFO - Processing file /home/airflow/.local/lib/python3.12/site-packages/airflow/example_dags/example_sla_dag.py for tasks to queue
[2024-07-03T18:27:57.696+0000] {logging_mixin.py:188} INFO - [2024-07-03T18:27:57.695+0000] {dagbag.py:545} INFO - Filling up the DagBag from /home/airflow/.local/lib/python3.12/site-packages/airflow/example_dags/example_sla_dag.py
[2024-07-03T18:27:57.703+0000] {processor.py:840} INFO - DAG(s) 'example_sla_dag' retrieved from /home/airflow/.local/lib/python3.12/site-packages/airflow/example_dags/example_sla_dag.py
[2024-07-03T18:27:57.721+0000] {logging_mixin.py:188} INFO - [2024-07-03T18:27:57.721+0000] {dag.py:3096} INFO - Sync 1 DAGs
[2024-07-03T18:27:57.743+0000] {logging_mixin.py:188} INFO - [2024-07-03T18:27:57.743+0000] {dag.py:3954} INFO - Setting next_dagrun for example_sla_dag to 2024-07-03 18:24:00+00:00, run_after=2024-07-03 18:26:00+00:00
[2024-07-03T18:27:57.761+0000] {processor.py:183} INFO - Processing /home/airflow/.local/lib/python3.12/site-packages/airflow/example_dags/example_sla_dag.py took 0.073 seconds
[2024-07-03T18:28:27.964+0000] {processor.py:161} INFO - Started process (PID=360) to work on /home/airflow/.local/lib/python3.12/site-packages/airflow/example_dags/example_sla_dag.py
[2024-07-03T18:28:27.965+0000] {processor.py:830} INFO - Processing file /home/airflow/.local/lib/python3.12/site-packages/airflow/example_dags/example_sla_dag.py for tasks to queue
[2024-07-03T18:28:27.966+0000] {logging_mixin.py:188} INFO - [2024-07-03T18:28:27.966+0000] {dagbag.py:545} INFO - Filling up the DagBag from /home/airflow/.local/lib/python3.12/site-packages/airflow/example_dags/example_sla_dag.py
[2024-07-03T18:28:27.974+0000] {processor.py:840} INFO - DAG(s) 'example_sla_dag' retrieved from /home/airflow/.local/lib/python3.12/site-packages/airflow/example_dags/example_sla_dag.py
[2024-07-03T18:28:27.996+0000] {logging_mixin.py:188} INFO - [2024-07-03T18:28:27.995+0000] {dag.py:3096} INFO - Sync 1 DAGs
[2024-07-03T18:28:28.019+0000] {logging_mixin.py:188} INFO - [2024-07-03T18:28:28.019+0000] {dag.py:3954} INFO - Setting next_dagrun for example_sla_dag to 2024-07-03 18:26:00+00:00, run_after=2024-07-03 18:28:00+00:00
[2024-07-03T18:28:28.039+0000] {processor.py:183} INFO - Processing /home/airflow/.local/lib/python3.12/site-packages/airflow/example_dags/example_sla_dag.py took 0.079 seconds
[2024-07-03T18:28:58.407+0000] {processor.py:161} INFO - Started process (PID=418) to work on /home/airflow/.local/lib/python3.12/site-packages/airflow/example_dags/example_sla_dag.py
[2024-07-03T18:28:58.408+0000] {processor.py:830} INFO - Processing file /home/airflow/.local/lib/python3.12/site-packages/airflow/example_dags/example_sla_dag.py for tasks to queue
[2024-07-03T18:28:58.409+0000] {logging_mixin.py:188} INFO - [2024-07-03T18:28:58.409+0000] {dagbag.py:545} INFO - Filling up the DagBag from /home/airflow/.local/lib/python3.12/site-packages/airflow/example_dags/example_sla_dag.py
[2024-07-03T18:28:58.416+0000] {processor.py:840} INFO - DAG(s) 'example_sla_dag' retrieved from /home/airflow/.local/lib/python3.12/site-packages/airflow/example_dags/example_sla_dag.py
[2024-07-03T18:28:58.433+0000] {logging_mixin.py:188} INFO - [2024-07-03T18:28:58.433+0000] {dag.py:3096} INFO - Sync 1 DAGs
[2024-07-03T18:28:58.453+0000] {logging_mixin.py:188} INFO - [2024-07-03T18:28:58.453+0000] {dag.py:3954} INFO - Setting next_dagrun for example_sla_dag to 2024-07-03 18:26:00+00:00, run_after=2024-07-03 18:28:00+00:00
[2024-07-03T18:28:58.468+0000] {processor.py:183} INFO - Processing /home/airflow/.local/lib/python3.12/site-packages/airflow/example_dags/example_sla_dag.py took 0.066 seconds
[2024-07-03T18:29:28.832+0000] {processor.py:161} INFO - Started process (PID=476) to work on /home/airflow/.local/lib/python3.12/site-packages/airflow/example_dags/example_sla_dag.py
[2024-07-03T18:29:28.833+0000] {processor.py:830} INFO - Processing file /home/airflow/.local/lib/python3.12/site-packages/airflow/example_dags/example_sla_dag.py for tasks to queue
[2024-07-03T18:29:28.835+0000] {logging_mixin.py:188} INFO - [2024-07-03T18:29:28.834+0000] {dagbag.py:545} INFO - Filling up the DagBag from /home/airflow/.local/lib/python3.12/site-packages/airflow/example_dags/example_sla_dag.py
[2024-07-03T18:29:28.841+0000] {processor.py:840} INFO - DAG(s) 'example_sla_dag' retrieved from /home/airflow/.local/lib/python3.12/site-packages/airflow/example_dags/example_sla_dag.py
[2024-07-03T18:29:28.858+0000] {logging_mixin.py:188} INFO - [2024-07-03T18:29:28.858+0000] {dag.py:3096} INFO - Sync 1 DAGs
[2024-07-03T18:29:28.880+0000] {logging_mixin.py:188} INFO - [2024-07-03T18:29:28.879+0000] {dag.py:3954} INFO - Setting next_dagrun for example_sla_dag to 2024-07-03 18:26:00+00:00, run_after=2024-07-03 18:28:00+00:00
[2024-07-03T18:29:28.895+0000] {processor.py:183} INFO - Processing /home/airflow/.local/lib/python3.12/site-packages/airflow/example_dags/example_sla_dag.py took 0.067 seconds
[2024-07-03T18:29:59.324+0000] {processor.py:161} INFO - Started process (PID=534) to work on /home/airflow/.local/lib/python3.12/site-packages/airflow/example_dags/example_sla_dag.py
[2024-07-03T18:29:59.325+0000] {processor.py:830} INFO - Processing file /home/airflow/.local/lib/python3.12/site-packages/airflow/example_dags/example_sla_dag.py for tasks to queue
[2024-07-03T18:29:59.326+0000] {logging_mixin.py:188} INFO - [2024-07-03T18:29:59.326+0000] {dagbag.py:545} INFO - Filling up the DagBag from /home/airflow/.local/lib/python3.12/site-packages/airflow/example_dags/example_sla_dag.py
[2024-07-03T18:29:59.333+0000] {processor.py:840} INFO - DAG(s) 'example_sla_dag' retrieved from /home/airflow/.local/lib/python3.12/site-packages/airflow/example_dags/example_sla_dag.py
[2024-07-03T18:29:59.351+0000] {logging_mixin.py:188} INFO - [2024-07-03T18:29:59.351+0000] {dag.py:3096} INFO - Sync 1 DAGs
[2024-07-03T18:29:59.372+0000] {logging_mixin.py:188} INFO - [2024-07-03T18:29:59.372+0000] {dag.py:3954} INFO - Setting next_dagrun for example_sla_dag to 2024-07-03 18:26:00+00:00, run_after=2024-07-03 18:28:00+00:00
[2024-07-03T18:29:59.387+0000] {processor.py:183} INFO - Processing /home/airflow/.local/lib/python3.12/site-packages/airflow/example_dags/example_sla_dag.py took 0.068 seconds
[2024-07-03T18:30:30.190+0000] {processor.py:161} INFO - Started process (PID=599) to work on /home/airflow/.local/lib/python3.12/site-packages/airflow/example_dags/example_sla_dag.py
[2024-07-03T18:30:30.191+0000] {processor.py:830} INFO - Processing file /home/airflow/.local/lib/python3.12/site-packages/airflow/example_dags/example_sla_dag.py for tasks to queue
[2024-07-03T18:30:30.193+0000] {logging_mixin.py:188} INFO - [2024-07-03T18:30:30.193+0000] {dagbag.py:545} INFO - Filling up the DagBag from /home/airflow/.local/lib/python3.12/site-packages/airflow/example_dags/example_sla_dag.py
[2024-07-03T18:30:30.200+0000] {processor.py:840} INFO - DAG(s) 'example_sla_dag' retrieved from /home/airflow/.local/lib/python3.12/site-packages/airflow/example_dags/example_sla_dag.py
[2024-07-03T18:30:30.217+0000] {logging_mixin.py:188} INFO - [2024-07-03T18:30:30.217+0000] {dag.py:3096} INFO - Sync 1 DAGs
[2024-07-03T18:30:30.238+0000] {logging_mixin.py:188} INFO - [2024-07-03T18:30:30.238+0000] {dag.py:3954} INFO - Setting next_dagrun for example_sla_dag to 2024-07-03 18:28:00+00:00, run_after=2024-07-03 18:30:00+00:00
[2024-07-03T18:30:30.254+0000] {processor.py:183} INFO - Processing /home/airflow/.local/lib/python3.12/site-packages/airflow/example_dags/example_sla_dag.py took 0.068 seconds
[2024-07-03T18:31:00.738+0000] {processor.py:161} INFO - Started process (PID=658) to work on /home/airflow/.local/lib/python3.12/site-packages/airflow/example_dags/example_sla_dag.py
[2024-07-03T18:31:00.738+0000] {processor.py:830} INFO - Processing file /home/airflow/.local/lib/python3.12/site-packages/airflow/example_dags/example_sla_dag.py for tasks to queue
[2024-07-03T18:31:00.740+0000] {logging_mixin.py:188} INFO - [2024-07-03T18:31:00.740+0000] {dagbag.py:545} INFO - Filling up the DagBag from /home/airflow/.local/lib/python3.12/site-packages/airflow/example_dags/example_sla_dag.py
[2024-07-03T18:31:00.747+0000] {processor.py:840} INFO - DAG(s) 'example_sla_dag' retrieved from /home/airflow/.local/lib/python3.12/site-packages/airflow/example_dags/example_sla_dag.py
[2024-07-03T18:31:00.768+0000] {logging_mixin.py:188} INFO - [2024-07-03T18:31:00.768+0000] {dag.py:3096} INFO - Sync 1 DAGs
[2024-07-03T18:31:00.793+0000] {logging_mixin.py:188} INFO - [2024-07-03T18:31:00.792+0000] {dag.py:3954} INFO - Setting next_dagrun for example_sla_dag to 2024-07-03 18:28:00+00:00, run_after=2024-07-03 18:30:00+00:00
[2024-07-03T18:31:00.811+0000] {processor.py:183} INFO - Processing /home/airflow/.local/lib/python3.12/site-packages/airflow/example_dags/example_sla_dag.py took 0.080 seconds
[2024-07-03T18:31:31.065+0000] {processor.py:161} INFO - Started process (PID=716) to work on /home/airflow/.local/lib/python3.12/site-packages/airflow/example_dags/example_sla_dag.py
[2024-07-03T18:31:31.067+0000] {processor.py:830} INFO - Processing file /home/airflow/.local/lib/python3.12/site-packages/airflow/example_dags/example_sla_dag.py for tasks to queue
[2024-07-03T18:31:31.070+0000] {logging_mixin.py:188} INFO - [2024-07-03T18:31:31.070+0000] {dagbag.py:545} INFO - Filling up the DagBag from /home/airflow/.local/lib/python3.12/site-packages/airflow/example_dags/example_sla_dag.py
[2024-07-03T18:31:31.079+0000] {processor.py:840} INFO - DAG(s) 'example_sla_dag' retrieved from /home/airflow/.local/lib/python3.12/site-packages/airflow/example_dags/example_sla_dag.py
[2024-07-03T18:31:31.104+0000] {logging_mixin.py:188} INFO - [2024-07-03T18:31:31.104+0000] {dag.py:3096} INFO - Sync 1 DAGs
[2024-07-03T18:31:31.136+0000] {logging_mixin.py:188} INFO - [2024-07-03T18:31:31.136+0000] {dag.py:3954} INFO - Setting next_dagrun for example_sla_dag to 2024-07-03 18:28:00+00:00, run_after=2024-07-03 18:30:00+00:00
[2024-07-03T18:31:31.168+0000] {processor.py:183} INFO - Processing /home/airflow/.local/lib/python3.12/site-packages/airflow/example_dags/example_sla_dag.py took 0.108 seconds
[2024-07-03T18:32:01.331+0000] {processor.py:161} INFO - Started process (PID=774) to work on /home/airflow/.local/lib/python3.12/site-packages/airflow/example_dags/example_sla_dag.py
[2024-07-03T18:32:01.332+0000] {processor.py:830} INFO - Processing file /home/airflow/.local/lib/python3.12/site-packages/airflow/example_dags/example_sla_dag.py for tasks to queue
[2024-07-03T18:32:01.334+0000] {logging_mixin.py:188} INFO - [2024-07-03T18:32:01.333+0000] {dagbag.py:545} INFO - Filling up the DagBag from /home/airflow/.local/lib/python3.12/site-packages/airflow/example_dags/example_sla_dag.py
[2024-07-03T18:32:01.341+0000] {processor.py:840} INFO - DAG(s) 'example_sla_dag' retrieved from /home/airflow/.local/lib/python3.12/site-packages/airflow/example_dags/example_sla_dag.py
[2024-07-03T18:32:01.360+0000] {logging_mixin.py:188} INFO - [2024-07-03T18:32:01.360+0000] {dag.py:3096} INFO - Sync 1 DAGs
[2024-07-03T18:32:01.387+0000] {logging_mixin.py:188} INFO - [2024-07-03T18:32:01.387+0000] {dag.py:3954} INFO - Setting next_dagrun for example_sla_dag to 2024-07-03 18:30:00+00:00, run_after=2024-07-03 18:32:00+00:00
[2024-07-03T18:32:01.406+0000] {processor.py:183} INFO - Processing /home/airflow/.local/lib/python3.12/site-packages/airflow/example_dags/example_sla_dag.py took 0.080 seconds
[2024-07-03T18:32:32.108+0000] {processor.py:161} INFO - Started process (PID=832) to work on /home/airflow/.local/lib/python3.12/site-packages/airflow/example_dags/example_sla_dag.py
[2024-07-03T18:32:32.108+0000] {processor.py:830} INFO - Processing file /home/airflow/.local/lib/python3.12/site-packages/airflow/example_dags/example_sla_dag.py for tasks to queue
[2024-07-03T18:32:32.110+0000] {logging_mixin.py:188} INFO - [2024-07-03T18:32:32.110+0000] {dagbag.py:545} INFO - Filling up the DagBag from /home/airflow/.local/lib/python3.12/site-packages/airflow/example_dags/example_sla_dag.py
[2024-07-03T18:32:32.116+0000] {processor.py:840} INFO - DAG(s) 'example_sla_dag' retrieved from /home/airflow/.local/lib/python3.12/site-packages/airflow/example_dags/example_sla_dag.py
[2024-07-03T18:32:32.133+0000] {logging_mixin.py:188} INFO - [2024-07-03T18:32:32.133+0000] {dag.py:3096} INFO - Sync 1 DAGs
[2024-07-03T18:32:32.155+0000] {logging_mixin.py:188} INFO - [2024-07-03T18:32:32.155+0000] {dag.py:3954} INFO - Setting next_dagrun for example_sla_dag to 2024-07-03 18:30:00+00:00, run_after=2024-07-03 18:32:00+00:00
[2024-07-03T18:32:32.172+0000] {processor.py:183} INFO - Processing /home/airflow/.local/lib/python3.12/site-packages/airflow/example_dags/example_sla_dag.py took 0.069 seconds
[2024-07-03T18:40:29.803+0000] {processor.py:161} INFO - Started process (PID=70) to work on /home/airflow/.local/lib/python3.12/site-packages/airflow/example_dags/example_sla_dag.py
[2024-07-03T18:40:29.804+0000] {processor.py:830} INFO - Processing file /home/airflow/.local/lib/python3.12/site-packages/airflow/example_dags/example_sla_dag.py for tasks to queue
[2024-07-03T18:40:29.805+0000] {logging_mixin.py:188} INFO - [2024-07-03T18:40:29.805+0000] {dagbag.py:545} INFO - Filling up the DagBag from /home/airflow/.local/lib/python3.12/site-packages/airflow/example_dags/example_sla_dag.py
[2024-07-03T18:40:29.812+0000] {processor.py:840} INFO - DAG(s) 'example_sla_dag' retrieved from /home/airflow/.local/lib/python3.12/site-packages/airflow/example_dags/example_sla_dag.py
[2024-07-03T18:40:29.903+0000] {logging_mixin.py:188} INFO - [2024-07-03T18:40:29.903+0000] {dag.py:3096} INFO - Sync 1 DAGs
[2024-07-03T18:40:29.923+0000] {logging_mixin.py:188} INFO - [2024-07-03T18:40:29.922+0000] {dag.py:3954} INFO - Setting next_dagrun for example_sla_dag to 2024-07-03 18:38:00+00:00, run_after=2024-07-03 18:40:00+00:00
[2024-07-03T18:40:29.940+0000] {processor.py:183} INFO - Processing /home/airflow/.local/lib/python3.12/site-packages/airflow/example_dags/example_sla_dag.py took 0.142 seconds
[2024-07-03T18:41:00.009+0000] {processor.py:161} INFO - Started process (PID=128) to work on /home/airflow/.local/lib/python3.12/site-packages/airflow/example_dags/example_sla_dag.py
[2024-07-03T18:41:00.010+0000] {processor.py:830} INFO - Processing file /home/airflow/.local/lib/python3.12/site-packages/airflow/example_dags/example_sla_dag.py for tasks to queue
[2024-07-03T18:41:00.011+0000] {logging_mixin.py:188} INFO - [2024-07-03T18:41:00.011+0000] {dagbag.py:545} INFO - Filling up the DagBag from /home/airflow/.local/lib/python3.12/site-packages/airflow/example_dags/example_sla_dag.py
[2024-07-03T18:41:00.019+0000] {processor.py:840} INFO - DAG(s) 'example_sla_dag' retrieved from /home/airflow/.local/lib/python3.12/site-packages/airflow/example_dags/example_sla_dag.py
[2024-07-03T18:41:00.038+0000] {logging_mixin.py:188} INFO - [2024-07-03T18:41:00.037+0000] {dag.py:3096} INFO - Sync 1 DAGs
[2024-07-03T18:41:00.060+0000] {logging_mixin.py:188} INFO - [2024-07-03T18:41:00.060+0000] {dag.py:3954} INFO - Setting next_dagrun for example_sla_dag to 2024-07-03 18:38:00+00:00, run_after=2024-07-03 18:40:00+00:00
[2024-07-03T18:41:00.077+0000] {processor.py:183} INFO - Processing /home/airflow/.local/lib/python3.12/site-packages/airflow/example_dags/example_sla_dag.py took 0.073 seconds
[2024-07-03T18:41:30.300+0000] {processor.py:161} INFO - Started process (PID=186) to work on /home/airflow/.local/lib/python3.12/site-packages/airflow/example_dags/example_sla_dag.py
[2024-07-03T18:41:30.301+0000] {processor.py:830} INFO - Processing file /home/airflow/.local/lib/python3.12/site-packages/airflow/example_dags/example_sla_dag.py for tasks to queue
[2024-07-03T18:41:30.302+0000] {logging_mixin.py:188} INFO - [2024-07-03T18:41:30.302+0000] {dagbag.py:545} INFO - Filling up the DagBag from /home/airflow/.local/lib/python3.12/site-packages/airflow/example_dags/example_sla_dag.py
[2024-07-03T18:41:30.308+0000] {processor.py:840} INFO - DAG(s) 'example_sla_dag' retrieved from /home/airflow/.local/lib/python3.12/site-packages/airflow/example_dags/example_sla_dag.py
[2024-07-03T18:41:30.325+0000] {logging_mixin.py:188} INFO - [2024-07-03T18:41:30.325+0000] {dag.py:3096} INFO - Sync 1 DAGs
[2024-07-03T18:41:30.345+0000] {logging_mixin.py:188} INFO - [2024-07-03T18:41:30.345+0000] {dag.py:3954} INFO - Setting next_dagrun for example_sla_dag to 2024-07-03 18:38:00+00:00, run_after=2024-07-03 18:40:00+00:00
[2024-07-03T18:41:30.360+0000] {processor.py:183} INFO - Processing /home/airflow/.local/lib/python3.12/site-packages/airflow/example_dags/example_sla_dag.py took 0.065 seconds
[2024-07-03T18:42:01.348+0000] {processor.py:161} INFO - Started process (PID=244) to work on /home/airflow/.local/lib/python3.12/site-packages/airflow/example_dags/example_sla_dag.py
[2024-07-03T18:42:01.349+0000] {processor.py:830} INFO - Processing file /home/airflow/.local/lib/python3.12/site-packages/airflow/example_dags/example_sla_dag.py for tasks to queue
[2024-07-03T18:42:01.350+0000] {logging_mixin.py:188} INFO - [2024-07-03T18:42:01.350+0000] {dagbag.py:545} INFO - Filling up the DagBag from /home/airflow/.local/lib/python3.12/site-packages/airflow/example_dags/example_sla_dag.py
[2024-07-03T18:42:01.357+0000] {processor.py:840} INFO - DAG(s) 'example_sla_dag' retrieved from /home/airflow/.local/lib/python3.12/site-packages/airflow/example_dags/example_sla_dag.py
[2024-07-03T18:42:01.442+0000] {logging_mixin.py:188} INFO - [2024-07-03T18:42:01.442+0000] {dag.py:3096} INFO - Sync 1 DAGs
[2024-07-03T18:42:01.462+0000] {logging_mixin.py:188} INFO - [2024-07-03T18:42:01.462+0000] {dag.py:3954} INFO - Setting next_dagrun for example_sla_dag to 2024-07-03 18:40:00+00:00, run_after=2024-07-03 18:42:00+00:00
[2024-07-03T18:42:01.479+0000] {processor.py:183} INFO - Processing /home/airflow/.local/lib/python3.12/site-packages/airflow/example_dags/example_sla_dag.py took 0.135 seconds
