[2024-07-03T18:25:51.724+0000] {processor.py:161} INFO - Started process (PID=38) to work on /home/airflow/.local/lib/python3.12/site-packages/airflow/example_dags/example_setup_teardown.py
[2024-07-03T18:25:51.725+0000] {processor.py:830} INFO - Processing file /home/airflow/.local/lib/python3.12/site-packages/airflow/example_dags/example_setup_teardown.py for tasks to queue
[2024-07-03T18:25:51.727+0000] {logging_mixin.py:188} INFO - [2024-07-03T18:25:51.726+0000] {dagbag.py:545} INFO - Filling up the DagBag from /home/airflow/.local/lib/python3.12/site-packages/airflow/example_dags/example_setup_teardown.py
[2024-07-03T18:25:51.735+0000] {processor.py:840} INFO - DAG(s) 'example_setup_teardown' retrieved from /home/airflow/.local/lib/python3.12/site-packages/airflow/example_dags/example_setup_teardown.py
[2024-07-03T18:25:51.747+0000] {logging_mixin.py:188} INFO - [2024-07-03T18:25:51.747+0000] {dag.py:3096} INFO - Sync 1 DAGs
[2024-07-03T18:25:51.772+0000] {logging_mixin.py:188} INFO - [2024-07-03T18:25:51.772+0000] {dag.py:3954} INFO - Setting next_dagrun for example_setup_teardown to 2024-07-02 00:00:00+00:00, run_after=2024-07-03 00:00:00+00:00
[2024-07-03T18:25:51.791+0000] {processor.py:183} INFO - Processing /home/airflow/.local/lib/python3.12/site-packages/airflow/example_dags/example_setup_teardown.py took 0.073 seconds
[2024-07-03T18:26:22.502+0000] {processor.py:161} INFO - Started process (PID=96) to work on /home/airflow/.local/lib/python3.12/site-packages/airflow/example_dags/example_setup_teardown.py
[2024-07-03T18:26:22.503+0000] {processor.py:830} INFO - Processing file /home/airflow/.local/lib/python3.12/site-packages/airflow/example_dags/example_setup_teardown.py for tasks to queue
[2024-07-03T18:26:22.504+0000] {logging_mixin.py:188} INFO - [2024-07-03T18:26:22.504+0000] {dagbag.py:545} INFO - Filling up the DagBag from /home/airflow/.local/lib/python3.12/site-packages/airflow/example_dags/example_setup_teardown.py
[2024-07-03T18:26:22.510+0000] {processor.py:840} INFO - DAG(s) 'example_setup_teardown' retrieved from /home/airflow/.local/lib/python3.12/site-packages/airflow/example_dags/example_setup_teardown.py
[2024-07-03T18:26:22.601+0000] {logging_mixin.py:188} INFO - [2024-07-03T18:26:22.601+0000] {dag.py:3096} INFO - Sync 1 DAGs
[2024-07-03T18:26:22.619+0000] {logging_mixin.py:188} INFO - [2024-07-03T18:26:22.618+0000] {dag.py:3954} INFO - Setting next_dagrun for example_setup_teardown to 2024-07-02 00:00:00+00:00, run_after=2024-07-03 00:00:00+00:00
[2024-07-03T18:26:22.636+0000] {processor.py:183} INFO - Processing /home/airflow/.local/lib/python3.12/site-packages/airflow/example_dags/example_setup_teardown.py took 0.138 seconds
[2024-07-03T18:26:53.477+0000] {processor.py:161} INFO - Started process (PID=154) to work on /home/airflow/.local/lib/python3.12/site-packages/airflow/example_dags/example_setup_teardown.py
[2024-07-03T18:26:53.477+0000] {processor.py:830} INFO - Processing file /home/airflow/.local/lib/python3.12/site-packages/airflow/example_dags/example_setup_teardown.py for tasks to queue
[2024-07-03T18:26:53.480+0000] {logging_mixin.py:188} INFO - [2024-07-03T18:26:53.479+0000] {dagbag.py:545} INFO - Filling up the DagBag from /home/airflow/.local/lib/python3.12/site-packages/airflow/example_dags/example_setup_teardown.py
[2024-07-03T18:26:53.486+0000] {processor.py:840} INFO - DAG(s) 'example_setup_teardown' retrieved from /home/airflow/.local/lib/python3.12/site-packages/airflow/example_dags/example_setup_teardown.py
[2024-07-03T18:26:53.506+0000] {logging_mixin.py:188} INFO - [2024-07-03T18:26:53.506+0000] {dag.py:3096} INFO - Sync 1 DAGs
[2024-07-03T18:26:53.527+0000] {logging_mixin.py:188} INFO - [2024-07-03T18:26:53.527+0000] {dag.py:3954} INFO - Setting next_dagrun for example_setup_teardown to 2024-07-02 00:00:00+00:00, run_after=2024-07-03 00:00:00+00:00
[2024-07-03T18:26:53.545+0000] {processor.py:183} INFO - Processing /home/airflow/.local/lib/python3.12/site-packages/airflow/example_dags/example_setup_teardown.py took 0.074 seconds
[2024-07-03T18:27:23.623+0000] {processor.py:161} INFO - Started process (PID=212) to work on /home/airflow/.local/lib/python3.12/site-packages/airflow/example_dags/example_setup_teardown.py
[2024-07-03T18:27:23.624+0000] {processor.py:830} INFO - Processing file /home/airflow/.local/lib/python3.12/site-packages/airflow/example_dags/example_setup_teardown.py for tasks to queue
[2024-07-03T18:27:23.626+0000] {logging_mixin.py:188} INFO - [2024-07-03T18:27:23.625+0000] {dagbag.py:545} INFO - Filling up the DagBag from /home/airflow/.local/lib/python3.12/site-packages/airflow/example_dags/example_setup_teardown.py
[2024-07-03T18:27:23.631+0000] {processor.py:840} INFO - DAG(s) 'example_setup_teardown' retrieved from /home/airflow/.local/lib/python3.12/site-packages/airflow/example_dags/example_setup_teardown.py
[2024-07-03T18:27:23.650+0000] {logging_mixin.py:188} INFO - [2024-07-03T18:27:23.650+0000] {dag.py:3096} INFO - Sync 1 DAGs
[2024-07-03T18:27:23.671+0000] {logging_mixin.py:188} INFO - [2024-07-03T18:27:23.670+0000] {dag.py:3954} INFO - Setting next_dagrun for example_setup_teardown to 2024-07-02 00:00:00+00:00, run_after=2024-07-03 00:00:00+00:00
[2024-07-03T18:27:23.687+0000] {processor.py:183} INFO - Processing /home/airflow/.local/lib/python3.12/site-packages/airflow/example_dags/example_setup_teardown.py took 0.069 seconds
[2024-07-03T18:27:53.996+0000] {processor.py:161} INFO - Started process (PID=270) to work on /home/airflow/.local/lib/python3.12/site-packages/airflow/example_dags/example_setup_teardown.py
[2024-07-03T18:27:53.997+0000] {processor.py:830} INFO - Processing file /home/airflow/.local/lib/python3.12/site-packages/airflow/example_dags/example_setup_teardown.py for tasks to queue
[2024-07-03T18:27:53.999+0000] {logging_mixin.py:188} INFO - [2024-07-03T18:27:53.998+0000] {dagbag.py:545} INFO - Filling up the DagBag from /home/airflow/.local/lib/python3.12/site-packages/airflow/example_dags/example_setup_teardown.py
[2024-07-03T18:27:54.004+0000] {processor.py:840} INFO - DAG(s) 'example_setup_teardown' retrieved from /home/airflow/.local/lib/python3.12/site-packages/airflow/example_dags/example_setup_teardown.py
[2024-07-03T18:27:54.022+0000] {logging_mixin.py:188} INFO - [2024-07-03T18:27:54.022+0000] {dag.py:3096} INFO - Sync 1 DAGs
[2024-07-03T18:27:54.040+0000] {logging_mixin.py:188} INFO - [2024-07-03T18:27:54.040+0000] {dag.py:3954} INFO - Setting next_dagrun for example_setup_teardown to 2024-07-02 00:00:00+00:00, run_after=2024-07-03 00:00:00+00:00
[2024-07-03T18:27:54.056+0000] {processor.py:183} INFO - Processing /home/airflow/.local/lib/python3.12/site-packages/airflow/example_dags/example_setup_teardown.py took 0.065 seconds
[2024-07-03T18:28:24.213+0000] {processor.py:161} INFO - Started process (PID=328) to work on /home/airflow/.local/lib/python3.12/site-packages/airflow/example_dags/example_setup_teardown.py
[2024-07-03T18:28:24.214+0000] {processor.py:830} INFO - Processing file /home/airflow/.local/lib/python3.12/site-packages/airflow/example_dags/example_setup_teardown.py for tasks to queue
[2024-07-03T18:28:24.216+0000] {logging_mixin.py:188} INFO - [2024-07-03T18:28:24.215+0000] {dagbag.py:545} INFO - Filling up the DagBag from /home/airflow/.local/lib/python3.12/site-packages/airflow/example_dags/example_setup_teardown.py
[2024-07-03T18:28:24.222+0000] {processor.py:840} INFO - DAG(s) 'example_setup_teardown' retrieved from /home/airflow/.local/lib/python3.12/site-packages/airflow/example_dags/example_setup_teardown.py
[2024-07-03T18:28:24.244+0000] {logging_mixin.py:188} INFO - [2024-07-03T18:28:24.243+0000] {dag.py:3096} INFO - Sync 1 DAGs
[2024-07-03T18:28:24.264+0000] {logging_mixin.py:188} INFO - [2024-07-03T18:28:24.264+0000] {dag.py:3954} INFO - Setting next_dagrun for example_setup_teardown to 2024-07-02 00:00:00+00:00, run_after=2024-07-03 00:00:00+00:00
[2024-07-03T18:28:24.280+0000] {processor.py:183} INFO - Processing /home/airflow/.local/lib/python3.12/site-packages/airflow/example_dags/example_setup_teardown.py took 0.073 seconds
[2024-07-03T18:28:54.730+0000] {processor.py:161} INFO - Started process (PID=386) to work on /home/airflow/.local/lib/python3.12/site-packages/airflow/example_dags/example_setup_teardown.py
[2024-07-03T18:28:54.731+0000] {processor.py:830} INFO - Processing file /home/airflow/.local/lib/python3.12/site-packages/airflow/example_dags/example_setup_teardown.py for tasks to queue
[2024-07-03T18:28:54.733+0000] {logging_mixin.py:188} INFO - [2024-07-03T18:28:54.732+0000] {dagbag.py:545} INFO - Filling up the DagBag from /home/airflow/.local/lib/python3.12/site-packages/airflow/example_dags/example_setup_teardown.py
[2024-07-03T18:28:54.738+0000] {processor.py:840} INFO - DAG(s) 'example_setup_teardown' retrieved from /home/airflow/.local/lib/python3.12/site-packages/airflow/example_dags/example_setup_teardown.py
[2024-07-03T18:28:54.756+0000] {logging_mixin.py:188} INFO - [2024-07-03T18:28:54.756+0000] {dag.py:3096} INFO - Sync 1 DAGs
[2024-07-03T18:28:54.774+0000] {logging_mixin.py:188} INFO - [2024-07-03T18:28:54.773+0000] {dag.py:3954} INFO - Setting next_dagrun for example_setup_teardown to 2024-07-02 00:00:00+00:00, run_after=2024-07-03 00:00:00+00:00
[2024-07-03T18:28:54.789+0000] {processor.py:183} INFO - Processing /home/airflow/.local/lib/python3.12/site-packages/airflow/example_dags/example_setup_teardown.py took 0.063 seconds
[2024-07-03T18:29:25.218+0000] {processor.py:161} INFO - Started process (PID=444) to work on /home/airflow/.local/lib/python3.12/site-packages/airflow/example_dags/example_setup_teardown.py
[2024-07-03T18:29:25.219+0000] {processor.py:830} INFO - Processing file /home/airflow/.local/lib/python3.12/site-packages/airflow/example_dags/example_setup_teardown.py for tasks to queue
[2024-07-03T18:29:25.221+0000] {logging_mixin.py:188} INFO - [2024-07-03T18:29:25.220+0000] {dagbag.py:545} INFO - Filling up the DagBag from /home/airflow/.local/lib/python3.12/site-packages/airflow/example_dags/example_setup_teardown.py
[2024-07-03T18:29:25.226+0000] {processor.py:840} INFO - DAG(s) 'example_setup_teardown' retrieved from /home/airflow/.local/lib/python3.12/site-packages/airflow/example_dags/example_setup_teardown.py
[2024-07-03T18:29:25.244+0000] {logging_mixin.py:188} INFO - [2024-07-03T18:29:25.243+0000] {dag.py:3096} INFO - Sync 1 DAGs
[2024-07-03T18:29:25.261+0000] {logging_mixin.py:188} INFO - [2024-07-03T18:29:25.261+0000] {dag.py:3954} INFO - Setting next_dagrun for example_setup_teardown to 2024-07-02 00:00:00+00:00, run_after=2024-07-03 00:00:00+00:00
[2024-07-03T18:29:25.277+0000] {processor.py:183} INFO - Processing /home/airflow/.local/lib/python3.12/site-packages/airflow/example_dags/example_setup_teardown.py took 0.064 seconds
[2024-07-03T18:29:55.706+0000] {processor.py:161} INFO - Started process (PID=502) to work on /home/airflow/.local/lib/python3.12/site-packages/airflow/example_dags/example_setup_teardown.py
[2024-07-03T18:29:55.706+0000] {processor.py:830} INFO - Processing file /home/airflow/.local/lib/python3.12/site-packages/airflow/example_dags/example_setup_teardown.py for tasks to queue
[2024-07-03T18:29:55.708+0000] {logging_mixin.py:188} INFO - [2024-07-03T18:29:55.708+0000] {dagbag.py:545} INFO - Filling up the DagBag from /home/airflow/.local/lib/python3.12/site-packages/airflow/example_dags/example_setup_teardown.py
[2024-07-03T18:29:55.713+0000] {processor.py:840} INFO - DAG(s) 'example_setup_teardown' retrieved from /home/airflow/.local/lib/python3.12/site-packages/airflow/example_dags/example_setup_teardown.py
[2024-07-03T18:29:55.731+0000] {logging_mixin.py:188} INFO - [2024-07-03T18:29:55.731+0000] {dag.py:3096} INFO - Sync 1 DAGs
[2024-07-03T18:29:55.751+0000] {logging_mixin.py:188} INFO - [2024-07-03T18:29:55.751+0000] {dag.py:3954} INFO - Setting next_dagrun for example_setup_teardown to 2024-07-02 00:00:00+00:00, run_after=2024-07-03 00:00:00+00:00
[2024-07-03T18:29:55.767+0000] {processor.py:183} INFO - Processing /home/airflow/.local/lib/python3.12/site-packages/airflow/example_dags/example_setup_teardown.py took 0.067 seconds
[2024-07-03T18:30:26.328+0000] {processor.py:161} INFO - Started process (PID=567) to work on /home/airflow/.local/lib/python3.12/site-packages/airflow/example_dags/example_setup_teardown.py
[2024-07-03T18:30:26.329+0000] {processor.py:830} INFO - Processing file /home/airflow/.local/lib/python3.12/site-packages/airflow/example_dags/example_setup_teardown.py for tasks to queue
[2024-07-03T18:30:26.331+0000] {logging_mixin.py:188} INFO - [2024-07-03T18:30:26.331+0000] {dagbag.py:545} INFO - Filling up the DagBag from /home/airflow/.local/lib/python3.12/site-packages/airflow/example_dags/example_setup_teardown.py
[2024-07-03T18:30:26.342+0000] {processor.py:840} INFO - DAG(s) 'example_setup_teardown' retrieved from /home/airflow/.local/lib/python3.12/site-packages/airflow/example_dags/example_setup_teardown.py
[2024-07-03T18:30:26.373+0000] {logging_mixin.py:188} INFO - [2024-07-03T18:30:26.372+0000] {dag.py:3096} INFO - Sync 1 DAGs
[2024-07-03T18:30:26.403+0000] {logging_mixin.py:188} INFO - [2024-07-03T18:30:26.403+0000] {dag.py:3954} INFO - Setting next_dagrun for example_setup_teardown to 2024-07-02 00:00:00+00:00, run_after=2024-07-03 00:00:00+00:00
[2024-07-03T18:30:26.428+0000] {processor.py:183} INFO - Processing /home/airflow/.local/lib/python3.12/site-packages/airflow/example_dags/example_setup_teardown.py took 0.108 seconds
[2024-07-03T18:30:56.637+0000] {processor.py:161} INFO - Started process (PID=626) to work on /home/airflow/.local/lib/python3.12/site-packages/airflow/example_dags/example_setup_teardown.py
[2024-07-03T18:30:56.638+0000] {processor.py:830} INFO - Processing file /home/airflow/.local/lib/python3.12/site-packages/airflow/example_dags/example_setup_teardown.py for tasks to queue
[2024-07-03T18:30:56.640+0000] {logging_mixin.py:188} INFO - [2024-07-03T18:30:56.639+0000] {dagbag.py:545} INFO - Filling up the DagBag from /home/airflow/.local/lib/python3.12/site-packages/airflow/example_dags/example_setup_teardown.py
[2024-07-03T18:30:56.645+0000] {processor.py:840} INFO - DAG(s) 'example_setup_teardown' retrieved from /home/airflow/.local/lib/python3.12/site-packages/airflow/example_dags/example_setup_teardown.py
[2024-07-03T18:30:56.669+0000] {logging_mixin.py:188} INFO - [2024-07-03T18:30:56.669+0000] {dag.py:3096} INFO - Sync 1 DAGs
[2024-07-03T18:30:56.692+0000] {logging_mixin.py:188} INFO - [2024-07-03T18:30:56.692+0000] {dag.py:3954} INFO - Setting next_dagrun for example_setup_teardown to 2024-07-02 00:00:00+00:00, run_after=2024-07-03 00:00:00+00:00
[2024-07-03T18:30:56.713+0000] {processor.py:183} INFO - Processing /home/airflow/.local/lib/python3.12/site-packages/airflow/example_dags/example_setup_teardown.py took 0.082 seconds
[2024-07-03T18:31:26.799+0000] {processor.py:161} INFO - Started process (PID=684) to work on /home/airflow/.local/lib/python3.12/site-packages/airflow/example_dags/example_setup_teardown.py
[2024-07-03T18:31:26.800+0000] {processor.py:830} INFO - Processing file /home/airflow/.local/lib/python3.12/site-packages/airflow/example_dags/example_setup_teardown.py for tasks to queue
[2024-07-03T18:31:26.802+0000] {logging_mixin.py:188} INFO - [2024-07-03T18:31:26.802+0000] {dagbag.py:545} INFO - Filling up the DagBag from /home/airflow/.local/lib/python3.12/site-packages/airflow/example_dags/example_setup_teardown.py
[2024-07-03T18:31:26.809+0000] {processor.py:840} INFO - DAG(s) 'example_setup_teardown' retrieved from /home/airflow/.local/lib/python3.12/site-packages/airflow/example_dags/example_setup_teardown.py
[2024-07-03T18:31:26.831+0000] {logging_mixin.py:188} INFO - [2024-07-03T18:31:26.830+0000] {dag.py:3096} INFO - Sync 1 DAGs
[2024-07-03T18:31:26.854+0000] {logging_mixin.py:188} INFO - [2024-07-03T18:31:26.853+0000] {dag.py:3954} INFO - Setting next_dagrun for example_setup_teardown to 2024-07-02 00:00:00+00:00, run_after=2024-07-03 00:00:00+00:00
[2024-07-03T18:31:26.872+0000] {processor.py:183} INFO - Processing /home/airflow/.local/lib/python3.12/site-packages/airflow/example_dags/example_setup_teardown.py took 0.080 seconds
[2024-07-03T18:31:57.087+0000] {processor.py:161} INFO - Started process (PID=742) to work on /home/airflow/.local/lib/python3.12/site-packages/airflow/example_dags/example_setup_teardown.py
[2024-07-03T18:31:57.088+0000] {processor.py:830} INFO - Processing file /home/airflow/.local/lib/python3.12/site-packages/airflow/example_dags/example_setup_teardown.py for tasks to queue
[2024-07-03T18:31:57.089+0000] {logging_mixin.py:188} INFO - [2024-07-03T18:31:57.089+0000] {dagbag.py:545} INFO - Filling up the DagBag from /home/airflow/.local/lib/python3.12/site-packages/airflow/example_dags/example_setup_teardown.py
[2024-07-03T18:31:57.095+0000] {processor.py:840} INFO - DAG(s) 'example_setup_teardown' retrieved from /home/airflow/.local/lib/python3.12/site-packages/airflow/example_dags/example_setup_teardown.py
[2024-07-03T18:31:57.116+0000] {logging_mixin.py:188} INFO - [2024-07-03T18:31:57.115+0000] {dag.py:3096} INFO - Sync 1 DAGs
[2024-07-03T18:31:57.139+0000] {logging_mixin.py:188} INFO - [2024-07-03T18:31:57.139+0000] {dag.py:3954} INFO - Setting next_dagrun for example_setup_teardown to 2024-07-02 00:00:00+00:00, run_after=2024-07-03 00:00:00+00:00
[2024-07-03T18:31:57.159+0000] {processor.py:183} INFO - Processing /home/airflow/.local/lib/python3.12/site-packages/airflow/example_dags/example_setup_teardown.py took 0.078 seconds
[2024-07-03T18:32:27.221+0000] {processor.py:161} INFO - Started process (PID=800) to work on /home/airflow/.local/lib/python3.12/site-packages/airflow/example_dags/example_setup_teardown.py
[2024-07-03T18:32:27.222+0000] {processor.py:830} INFO - Processing file /home/airflow/.local/lib/python3.12/site-packages/airflow/example_dags/example_setup_teardown.py for tasks to queue
[2024-07-03T18:32:27.224+0000] {logging_mixin.py:188} INFO - [2024-07-03T18:32:27.223+0000] {dagbag.py:545} INFO - Filling up the DagBag from /home/airflow/.local/lib/python3.12/site-packages/airflow/example_dags/example_setup_teardown.py
[2024-07-03T18:32:27.230+0000] {processor.py:840} INFO - DAG(s) 'example_setup_teardown' retrieved from /home/airflow/.local/lib/python3.12/site-packages/airflow/example_dags/example_setup_teardown.py
[2024-07-03T18:32:27.248+0000] {logging_mixin.py:188} INFO - [2024-07-03T18:32:27.248+0000] {dag.py:3096} INFO - Sync 1 DAGs
[2024-07-03T18:32:27.267+0000] {logging_mixin.py:188} INFO - [2024-07-03T18:32:27.267+0000] {dag.py:3954} INFO - Setting next_dagrun for example_setup_teardown to 2024-07-02 00:00:00+00:00, run_after=2024-07-03 00:00:00+00:00
[2024-07-03T18:32:27.287+0000] {processor.py:183} INFO - Processing /home/airflow/.local/lib/python3.12/site-packages/airflow/example_dags/example_setup_teardown.py took 0.071 seconds
[2024-07-03T18:40:26.363+0000] {processor.py:161} INFO - Started process (PID=38) to work on /home/airflow/.local/lib/python3.12/site-packages/airflow/example_dags/example_setup_teardown.py
[2024-07-03T18:40:26.365+0000] {processor.py:830} INFO - Processing file /home/airflow/.local/lib/python3.12/site-packages/airflow/example_dags/example_setup_teardown.py for tasks to queue
[2024-07-03T18:40:26.367+0000] {logging_mixin.py:188} INFO - [2024-07-03T18:40:26.366+0000] {dagbag.py:545} INFO - Filling up the DagBag from /home/airflow/.local/lib/python3.12/site-packages/airflow/example_dags/example_setup_teardown.py
[2024-07-03T18:40:26.376+0000] {processor.py:840} INFO - DAG(s) 'example_setup_teardown' retrieved from /home/airflow/.local/lib/python3.12/site-packages/airflow/example_dags/example_setup_teardown.py
[2024-07-03T18:40:26.489+0000] {logging_mixin.py:188} INFO - [2024-07-03T18:40:26.489+0000] {dag.py:3096} INFO - Sync 1 DAGs
[2024-07-03T18:40:26.512+0000] {logging_mixin.py:188} INFO - [2024-07-03T18:40:26.512+0000] {dag.py:3954} INFO - Setting next_dagrun for example_setup_teardown to 2024-07-02 00:00:00+00:00, run_after=2024-07-03 00:00:00+00:00
[2024-07-03T18:40:26.536+0000] {processor.py:183} INFO - Processing /home/airflow/.local/lib/python3.12/site-packages/airflow/example_dags/example_setup_teardown.py took 0.181 seconds
[2024-07-03T18:40:57.288+0000] {processor.py:161} INFO - Started process (PID=96) to work on /home/airflow/.local/lib/python3.12/site-packages/airflow/example_dags/example_setup_teardown.py
[2024-07-03T18:40:57.289+0000] {processor.py:830} INFO - Processing file /home/airflow/.local/lib/python3.12/site-packages/airflow/example_dags/example_setup_teardown.py for tasks to queue
[2024-07-03T18:40:57.291+0000] {logging_mixin.py:188} INFO - [2024-07-03T18:40:57.291+0000] {dagbag.py:545} INFO - Filling up the DagBag from /home/airflow/.local/lib/python3.12/site-packages/airflow/example_dags/example_setup_teardown.py
[2024-07-03T18:40:57.296+0000] {processor.py:840} INFO - DAG(s) 'example_setup_teardown' retrieved from /home/airflow/.local/lib/python3.12/site-packages/airflow/example_dags/example_setup_teardown.py
[2024-07-03T18:40:57.317+0000] {logging_mixin.py:188} INFO - [2024-07-03T18:40:57.317+0000] {dag.py:3096} INFO - Sync 1 DAGs
[2024-07-03T18:40:57.337+0000] {logging_mixin.py:188} INFO - [2024-07-03T18:40:57.337+0000] {dag.py:3954} INFO - Setting next_dagrun for example_setup_teardown to 2024-07-02 00:00:00+00:00, run_after=2024-07-03 00:00:00+00:00
[2024-07-03T18:40:57.352+0000] {processor.py:183} INFO - Processing /home/airflow/.local/lib/python3.12/site-packages/airflow/example_dags/example_setup_teardown.py took 0.069 seconds
[2024-07-03T18:41:27.433+0000] {processor.py:161} INFO - Started process (PID=154) to work on /home/airflow/.local/lib/python3.12/site-packages/airflow/example_dags/example_setup_teardown.py
[2024-07-03T18:41:27.434+0000] {processor.py:830} INFO - Processing file /home/airflow/.local/lib/python3.12/site-packages/airflow/example_dags/example_setup_teardown.py for tasks to queue
[2024-07-03T18:41:27.436+0000] {logging_mixin.py:188} INFO - [2024-07-03T18:41:27.436+0000] {dagbag.py:545} INFO - Filling up the DagBag from /home/airflow/.local/lib/python3.12/site-packages/airflow/example_dags/example_setup_teardown.py
[2024-07-03T18:41:27.441+0000] {processor.py:840} INFO - DAG(s) 'example_setup_teardown' retrieved from /home/airflow/.local/lib/python3.12/site-packages/airflow/example_dags/example_setup_teardown.py
[2024-07-03T18:41:27.460+0000] {logging_mixin.py:188} INFO - [2024-07-03T18:41:27.460+0000] {dag.py:3096} INFO - Sync 1 DAGs
[2024-07-03T18:41:27.482+0000] {logging_mixin.py:188} INFO - [2024-07-03T18:41:27.482+0000] {dag.py:3954} INFO - Setting next_dagrun for example_setup_teardown to 2024-07-02 00:00:00+00:00, run_after=2024-07-03 00:00:00+00:00
[2024-07-03T18:41:27.501+0000] {processor.py:183} INFO - Processing /home/airflow/.local/lib/python3.12/site-packages/airflow/example_dags/example_setup_teardown.py took 0.074 seconds
[2024-07-03T18:41:57.632+0000] {processor.py:161} INFO - Started process (PID=212) to work on /home/airflow/.local/lib/python3.12/site-packages/airflow/example_dags/example_setup_teardown.py
[2024-07-03T18:41:57.633+0000] {processor.py:830} INFO - Processing file /home/airflow/.local/lib/python3.12/site-packages/airflow/example_dags/example_setup_teardown.py for tasks to queue
[2024-07-03T18:41:57.635+0000] {logging_mixin.py:188} INFO - [2024-07-03T18:41:57.635+0000] {dagbag.py:545} INFO - Filling up the DagBag from /home/airflow/.local/lib/python3.12/site-packages/airflow/example_dags/example_setup_teardown.py
[2024-07-03T18:41:57.640+0000] {processor.py:840} INFO - DAG(s) 'example_setup_teardown' retrieved from /home/airflow/.local/lib/python3.12/site-packages/airflow/example_dags/example_setup_teardown.py
[2024-07-03T18:41:57.730+0000] {logging_mixin.py:188} INFO - [2024-07-03T18:41:57.730+0000] {dag.py:3096} INFO - Sync 1 DAGs
[2024-07-03T18:41:57.754+0000] {logging_mixin.py:188} INFO - [2024-07-03T18:41:57.753+0000] {dag.py:3954} INFO - Setting next_dagrun for example_setup_teardown to 2024-07-02 00:00:00+00:00, run_after=2024-07-03 00:00:00+00:00
[2024-07-03T18:41:57.771+0000] {processor.py:183} INFO - Processing /home/airflow/.local/lib/python3.12/site-packages/airflow/example_dags/example_setup_teardown.py took 0.144 seconds
