[2024-07-03T18:25:53.383+0000] {processor.py:161} INFO - Started process (PID=58) to work on /home/airflow/.local/lib/python3.12/site-packages/airflow/example_dags/tutorial.py
[2024-07-03T18:25:53.384+0000] {processor.py:830} INFO - Processing file /home/airflow/.local/lib/python3.12/site-packages/airflow/example_dags/tutorial.py for tasks to queue
[2024-07-03T18:25:53.386+0000] {logging_mixin.py:188} INFO - [2024-07-03T18:25:53.386+0000] {dagbag.py:545} INFO - Filling up the DagBag from /home/airflow/.local/lib/python3.12/site-packages/airflow/example_dags/tutorial.py
[2024-07-03T18:25:53.394+0000] {processor.py:840} INFO - DAG(s) 'tutorial' retrieved from /home/airflow/.local/lib/python3.12/site-packages/airflow/example_dags/tutorial.py
[2024-07-03T18:25:53.410+0000] {logging_mixin.py:188} INFO - [2024-07-03T18:25:53.409+0000] {dag.py:3096} INFO - Sync 1 DAGs
[2024-07-03T18:25:53.442+0000] {logging_mixin.py:188} INFO - [2024-07-03T18:25:53.442+0000] {dag.py:3954} INFO - Setting next_dagrun for tutorial to 2024-07-02 00:00:00+00:00, run_after=2024-07-03 00:00:00+00:00
[2024-07-03T18:25:53.465+0000] {processor.py:183} INFO - Processing /home/airflow/.local/lib/python3.12/site-packages/airflow/example_dags/tutorial.py took 0.086 seconds
[2024-07-03T18:26:24.585+0000] {processor.py:161} INFO - Started process (PID=116) to work on /home/airflow/.local/lib/python3.12/site-packages/airflow/example_dags/tutorial.py
[2024-07-03T18:26:24.585+0000] {processor.py:830} INFO - Processing file /home/airflow/.local/lib/python3.12/site-packages/airflow/example_dags/tutorial.py for tasks to queue
[2024-07-03T18:26:24.587+0000] {logging_mixin.py:188} INFO - [2024-07-03T18:26:24.587+0000] {dagbag.py:545} INFO - Filling up the DagBag from /home/airflow/.local/lib/python3.12/site-packages/airflow/example_dags/tutorial.py
[2024-07-03T18:26:24.591+0000] {processor.py:840} INFO - DAG(s) 'tutorial' retrieved from /home/airflow/.local/lib/python3.12/site-packages/airflow/example_dags/tutorial.py
[2024-07-03T18:26:24.683+0000] {logging_mixin.py:188} INFO - [2024-07-03T18:26:24.683+0000] {dag.py:3096} INFO - Sync 1 DAGs
[2024-07-03T18:26:24.700+0000] {logging_mixin.py:188} INFO - [2024-07-03T18:26:24.700+0000] {dag.py:3954} INFO - Setting next_dagrun for tutorial to 2024-07-02 00:00:00+00:00, run_after=2024-07-03 00:00:00+00:00
[2024-07-03T18:26:24.716+0000] {processor.py:183} INFO - Processing /home/airflow/.local/lib/python3.12/site-packages/airflow/example_dags/tutorial.py took 0.136 seconds
[2024-07-03T18:26:55.558+0000] {processor.py:161} INFO - Started process (PID=174) to work on /home/airflow/.local/lib/python3.12/site-packages/airflow/example_dags/tutorial.py
[2024-07-03T18:26:55.559+0000] {processor.py:830} INFO - Processing file /home/airflow/.local/lib/python3.12/site-packages/airflow/example_dags/tutorial.py for tasks to queue
[2024-07-03T18:26:55.560+0000] {logging_mixin.py:188} INFO - [2024-07-03T18:26:55.560+0000] {dagbag.py:545} INFO - Filling up the DagBag from /home/airflow/.local/lib/python3.12/site-packages/airflow/example_dags/tutorial.py
[2024-07-03T18:26:55.565+0000] {processor.py:840} INFO - DAG(s) 'tutorial' retrieved from /home/airflow/.local/lib/python3.12/site-packages/airflow/example_dags/tutorial.py
[2024-07-03T18:26:55.586+0000] {logging_mixin.py:188} INFO - [2024-07-03T18:26:55.586+0000] {dag.py:3096} INFO - Sync 1 DAGs
[2024-07-03T18:26:55.607+0000] {logging_mixin.py:188} INFO - [2024-07-03T18:26:55.607+0000] {dag.py:3954} INFO - Setting next_dagrun for tutorial to 2024-07-02 00:00:00+00:00, run_after=2024-07-03 00:00:00+00:00
[2024-07-03T18:26:55.625+0000] {processor.py:183} INFO - Processing /home/airflow/.local/lib/python3.12/site-packages/airflow/example_dags/tutorial.py took 0.073 seconds
[2024-07-03T18:27:26.038+0000] {processor.py:161} INFO - Started process (PID=232) to work on /home/airflow/.local/lib/python3.12/site-packages/airflow/example_dags/tutorial.py
[2024-07-03T18:27:26.039+0000] {processor.py:830} INFO - Processing file /home/airflow/.local/lib/python3.12/site-packages/airflow/example_dags/tutorial.py for tasks to queue
[2024-07-03T18:27:26.041+0000] {logging_mixin.py:188} INFO - [2024-07-03T18:27:26.041+0000] {dagbag.py:545} INFO - Filling up the DagBag from /home/airflow/.local/lib/python3.12/site-packages/airflow/example_dags/tutorial.py
[2024-07-03T18:27:26.045+0000] {processor.py:840} INFO - DAG(s) 'tutorial' retrieved from /home/airflow/.local/lib/python3.12/site-packages/airflow/example_dags/tutorial.py
[2024-07-03T18:27:26.066+0000] {logging_mixin.py:188} INFO - [2024-07-03T18:27:26.065+0000] {dag.py:3096} INFO - Sync 1 DAGs
[2024-07-03T18:27:26.083+0000] {logging_mixin.py:188} INFO - [2024-07-03T18:27:26.083+0000] {dag.py:3954} INFO - Setting next_dagrun for tutorial to 2024-07-02 00:00:00+00:00, run_after=2024-07-03 00:00:00+00:00
[2024-07-03T18:27:26.100+0000] {processor.py:183} INFO - Processing /home/airflow/.local/lib/python3.12/site-packages/airflow/example_dags/tutorial.py took 0.069 seconds
[2024-07-03T18:27:56.998+0000] {processor.py:161} INFO - Started process (PID=290) to work on /home/airflow/.local/lib/python3.12/site-packages/airflow/example_dags/tutorial.py
[2024-07-03T18:27:56.999+0000] {processor.py:830} INFO - Processing file /home/airflow/.local/lib/python3.12/site-packages/airflow/example_dags/tutorial.py for tasks to queue
[2024-07-03T18:27:57.001+0000] {logging_mixin.py:188} INFO - [2024-07-03T18:27:57.000+0000] {dagbag.py:545} INFO - Filling up the DagBag from /home/airflow/.local/lib/python3.12/site-packages/airflow/example_dags/tutorial.py
[2024-07-03T18:27:57.005+0000] {processor.py:840} INFO - DAG(s) 'tutorial' retrieved from /home/airflow/.local/lib/python3.12/site-packages/airflow/example_dags/tutorial.py
[2024-07-03T18:27:57.023+0000] {logging_mixin.py:188} INFO - [2024-07-03T18:27:57.023+0000] {dag.py:3096} INFO - Sync 1 DAGs
[2024-07-03T18:27:57.042+0000] {logging_mixin.py:188} INFO - [2024-07-03T18:27:57.042+0000] {dag.py:3954} INFO - Setting next_dagrun for tutorial to 2024-07-02 00:00:00+00:00, run_after=2024-07-03 00:00:00+00:00
[2024-07-03T18:27:57.059+0000] {processor.py:183} INFO - Processing /home/airflow/.local/lib/python3.12/site-packages/airflow/example_dags/tutorial.py took 0.065 seconds
[2024-07-03T18:28:27.272+0000] {processor.py:161} INFO - Started process (PID=347) to work on /home/airflow/.local/lib/python3.12/site-packages/airflow/example_dags/tutorial.py
[2024-07-03T18:28:27.273+0000] {processor.py:830} INFO - Processing file /home/airflow/.local/lib/python3.12/site-packages/airflow/example_dags/tutorial.py for tasks to queue
[2024-07-03T18:28:27.274+0000] {logging_mixin.py:188} INFO - [2024-07-03T18:28:27.274+0000] {dagbag.py:545} INFO - Filling up the DagBag from /home/airflow/.local/lib/python3.12/site-packages/airflow/example_dags/tutorial.py
[2024-07-03T18:28:27.279+0000] {processor.py:840} INFO - DAG(s) 'tutorial' retrieved from /home/airflow/.local/lib/python3.12/site-packages/airflow/example_dags/tutorial.py
[2024-07-03T18:28:27.295+0000] {logging_mixin.py:188} INFO - [2024-07-03T18:28:27.295+0000] {dag.py:3096} INFO - Sync 1 DAGs
[2024-07-03T18:28:27.313+0000] {logging_mixin.py:188} INFO - [2024-07-03T18:28:27.313+0000] {dag.py:3954} INFO - Setting next_dagrun for tutorial to 2024-07-02 00:00:00+00:00, run_after=2024-07-03 00:00:00+00:00
[2024-07-03T18:28:27.330+0000] {processor.py:183} INFO - Processing /home/airflow/.local/lib/python3.12/site-packages/airflow/example_dags/tutorial.py took 0.063 seconds
[2024-07-03T18:28:57.860+0000] {processor.py:161} INFO - Started process (PID=406) to work on /home/airflow/.local/lib/python3.12/site-packages/airflow/example_dags/tutorial.py
[2024-07-03T18:28:57.861+0000] {processor.py:830} INFO - Processing file /home/airflow/.local/lib/python3.12/site-packages/airflow/example_dags/tutorial.py for tasks to queue
[2024-07-03T18:28:57.862+0000] {logging_mixin.py:188} INFO - [2024-07-03T18:28:57.862+0000] {dagbag.py:545} INFO - Filling up the DagBag from /home/airflow/.local/lib/python3.12/site-packages/airflow/example_dags/tutorial.py
[2024-07-03T18:28:57.867+0000] {processor.py:840} INFO - DAG(s) 'tutorial' retrieved from /home/airflow/.local/lib/python3.12/site-packages/airflow/example_dags/tutorial.py
[2024-07-03T18:28:57.885+0000] {logging_mixin.py:188} INFO - [2024-07-03T18:28:57.885+0000] {dag.py:3096} INFO - Sync 1 DAGs
[2024-07-03T18:28:57.905+0000] {logging_mixin.py:188} INFO - [2024-07-03T18:28:57.905+0000] {dag.py:3954} INFO - Setting next_dagrun for tutorial to 2024-07-02 00:00:00+00:00, run_after=2024-07-03 00:00:00+00:00
[2024-07-03T18:28:57.921+0000] {processor.py:183} INFO - Processing /home/airflow/.local/lib/python3.12/site-packages/airflow/example_dags/tutorial.py took 0.066 seconds
[2024-07-03T18:29:28.180+0000] {processor.py:161} INFO - Started process (PID=464) to work on /home/airflow/.local/lib/python3.12/site-packages/airflow/example_dags/tutorial.py
[2024-07-03T18:29:28.181+0000] {processor.py:830} INFO - Processing file /home/airflow/.local/lib/python3.12/site-packages/airflow/example_dags/tutorial.py for tasks to queue
[2024-07-03T18:29:28.182+0000] {logging_mixin.py:188} INFO - [2024-07-03T18:29:28.182+0000] {dagbag.py:545} INFO - Filling up the DagBag from /home/airflow/.local/lib/python3.12/site-packages/airflow/example_dags/tutorial.py
[2024-07-03T18:29:28.186+0000] {processor.py:840} INFO - DAG(s) 'tutorial' retrieved from /home/airflow/.local/lib/python3.12/site-packages/airflow/example_dags/tutorial.py
[2024-07-03T18:29:28.204+0000] {logging_mixin.py:188} INFO - [2024-07-03T18:29:28.204+0000] {dag.py:3096} INFO - Sync 1 DAGs
[2024-07-03T18:29:28.222+0000] {logging_mixin.py:188} INFO - [2024-07-03T18:29:28.222+0000] {dag.py:3954} INFO - Setting next_dagrun for tutorial to 2024-07-02 00:00:00+00:00, run_after=2024-07-03 00:00:00+00:00
[2024-07-03T18:29:28.238+0000] {processor.py:183} INFO - Processing /home/airflow/.local/lib/python3.12/site-packages/airflow/example_dags/tutorial.py took 0.062 seconds
[2024-07-03T18:29:58.739+0000] {processor.py:161} INFO - Started process (PID=522) to work on /home/airflow/.local/lib/python3.12/site-packages/airflow/example_dags/tutorial.py
[2024-07-03T18:29:58.740+0000] {processor.py:830} INFO - Processing file /home/airflow/.local/lib/python3.12/site-packages/airflow/example_dags/tutorial.py for tasks to queue
[2024-07-03T18:29:58.742+0000] {logging_mixin.py:188} INFO - [2024-07-03T18:29:58.741+0000] {dagbag.py:545} INFO - Filling up the DagBag from /home/airflow/.local/lib/python3.12/site-packages/airflow/example_dags/tutorial.py
[2024-07-03T18:29:58.747+0000] {processor.py:840} INFO - DAG(s) 'tutorial' retrieved from /home/airflow/.local/lib/python3.12/site-packages/airflow/example_dags/tutorial.py
[2024-07-03T18:29:58.767+0000] {logging_mixin.py:188} INFO - [2024-07-03T18:29:58.767+0000] {dag.py:3096} INFO - Sync 1 DAGs
[2024-07-03T18:29:58.787+0000] {logging_mixin.py:188} INFO - [2024-07-03T18:29:58.787+0000] {dag.py:3954} INFO - Setting next_dagrun for tutorial to 2024-07-02 00:00:00+00:00, run_after=2024-07-03 00:00:00+00:00
[2024-07-03T18:29:58.805+0000] {processor.py:183} INFO - Processing /home/airflow/.local/lib/python3.12/site-packages/airflow/example_dags/tutorial.py took 0.071 seconds
[2024-07-03T18:30:29.531+0000] {processor.py:161} INFO - Started process (PID=587) to work on /home/airflow/.local/lib/python3.12/site-packages/airflow/example_dags/tutorial.py
[2024-07-03T18:30:29.532+0000] {processor.py:830} INFO - Processing file /home/airflow/.local/lib/python3.12/site-packages/airflow/example_dags/tutorial.py for tasks to queue
[2024-07-03T18:30:29.534+0000] {logging_mixin.py:188} INFO - [2024-07-03T18:30:29.534+0000] {dagbag.py:545} INFO - Filling up the DagBag from /home/airflow/.local/lib/python3.12/site-packages/airflow/example_dags/tutorial.py
[2024-07-03T18:30:29.539+0000] {processor.py:840} INFO - DAG(s) 'tutorial' retrieved from /home/airflow/.local/lib/python3.12/site-packages/airflow/example_dags/tutorial.py
[2024-07-03T18:30:29.558+0000] {logging_mixin.py:188} INFO - [2024-07-03T18:30:29.558+0000] {dag.py:3096} INFO - Sync 1 DAGs
[2024-07-03T18:30:29.579+0000] {logging_mixin.py:188} INFO - [2024-07-03T18:30:29.579+0000] {dag.py:3954} INFO - Setting next_dagrun for tutorial to 2024-07-02 00:00:00+00:00, run_after=2024-07-03 00:00:00+00:00
[2024-07-03T18:30:29.597+0000] {processor.py:183} INFO - Processing /home/airflow/.local/lib/python3.12/site-packages/airflow/example_dags/tutorial.py took 0.070 seconds
[2024-07-03T18:30:59.955+0000] {processor.py:161} INFO - Started process (PID=646) to work on /home/airflow/.local/lib/python3.12/site-packages/airflow/example_dags/tutorial.py
[2024-07-03T18:30:59.957+0000] {processor.py:830} INFO - Processing file /home/airflow/.local/lib/python3.12/site-packages/airflow/example_dags/tutorial.py for tasks to queue
[2024-07-03T18:30:59.960+0000] {logging_mixin.py:188} INFO - [2024-07-03T18:30:59.960+0000] {dagbag.py:545} INFO - Filling up the DagBag from /home/airflow/.local/lib/python3.12/site-packages/airflow/example_dags/tutorial.py
[2024-07-03T18:30:59.969+0000] {processor.py:840} INFO - DAG(s) 'tutorial' retrieved from /home/airflow/.local/lib/python3.12/site-packages/airflow/example_dags/tutorial.py
[2024-07-03T18:30:59.998+0000] {logging_mixin.py:188} INFO - [2024-07-03T18:30:59.998+0000] {dag.py:3096} INFO - Sync 1 DAGs
[2024-07-03T18:31:00.026+0000] {logging_mixin.py:188} INFO - [2024-07-03T18:31:00.026+0000] {dag.py:3954} INFO - Setting next_dagrun for tutorial to 2024-07-02 00:00:00+00:00, run_after=2024-07-03 00:00:00+00:00
[2024-07-03T18:31:00.050+0000] {processor.py:183} INFO - Processing /home/airflow/.local/lib/python3.12/site-packages/airflow/example_dags/tutorial.py took 0.103 seconds
[2024-07-03T18:31:30.171+0000] {processor.py:161} INFO - Started process (PID=704) to work on /home/airflow/.local/lib/python3.12/site-packages/airflow/example_dags/tutorial.py
[2024-07-03T18:31:30.172+0000] {processor.py:830} INFO - Processing file /home/airflow/.local/lib/python3.12/site-packages/airflow/example_dags/tutorial.py for tasks to queue
[2024-07-03T18:31:30.174+0000] {logging_mixin.py:188} INFO - [2024-07-03T18:31:30.173+0000] {dagbag.py:545} INFO - Filling up the DagBag from /home/airflow/.local/lib/python3.12/site-packages/airflow/example_dags/tutorial.py
[2024-07-03T18:31:30.178+0000] {processor.py:840} INFO - DAG(s) 'tutorial' retrieved from /home/airflow/.local/lib/python3.12/site-packages/airflow/example_dags/tutorial.py
[2024-07-03T18:31:30.196+0000] {logging_mixin.py:188} INFO - [2024-07-03T18:31:30.196+0000] {dag.py:3096} INFO - Sync 1 DAGs
[2024-07-03T18:31:30.218+0000] {logging_mixin.py:188} INFO - [2024-07-03T18:31:30.218+0000] {dag.py:3954} INFO - Setting next_dagrun for tutorial to 2024-07-02 00:00:00+00:00, run_after=2024-07-03 00:00:00+00:00
[2024-07-03T18:31:30.238+0000] {processor.py:183} INFO - Processing /home/airflow/.local/lib/python3.12/site-packages/airflow/example_dags/tutorial.py took 0.073 seconds
[2024-07-03T18:32:00.392+0000] {processor.py:161} INFO - Started process (PID=761) to work on /home/airflow/.local/lib/python3.12/site-packages/airflow/example_dags/tutorial.py
[2024-07-03T18:32:00.392+0000] {processor.py:830} INFO - Processing file /home/airflow/.local/lib/python3.12/site-packages/airflow/example_dags/tutorial.py for tasks to queue
[2024-07-03T18:32:00.394+0000] {logging_mixin.py:188} INFO - [2024-07-03T18:32:00.394+0000] {dagbag.py:545} INFO - Filling up the DagBag from /home/airflow/.local/lib/python3.12/site-packages/airflow/example_dags/tutorial.py
[2024-07-03T18:32:00.398+0000] {processor.py:840} INFO - DAG(s) 'tutorial' retrieved from /home/airflow/.local/lib/python3.12/site-packages/airflow/example_dags/tutorial.py
[2024-07-03T18:32:00.418+0000] {logging_mixin.py:188} INFO - [2024-07-03T18:32:00.418+0000] {dag.py:3096} INFO - Sync 1 DAGs
[2024-07-03T18:32:00.441+0000] {logging_mixin.py:188} INFO - [2024-07-03T18:32:00.441+0000] {dag.py:3954} INFO - Setting next_dagrun for tutorial to 2024-07-02 00:00:00+00:00, run_after=2024-07-03 00:00:00+00:00
[2024-07-03T18:32:00.457+0000] {processor.py:183} INFO - Processing /home/airflow/.local/lib/python3.12/site-packages/airflow/example_dags/tutorial.py took 0.070 seconds
[2024-07-03T18:32:31.386+0000] {processor.py:161} INFO - Started process (PID=820) to work on /home/airflow/.local/lib/python3.12/site-packages/airflow/example_dags/tutorial.py
[2024-07-03T18:32:31.388+0000] {processor.py:830} INFO - Processing file /home/airflow/.local/lib/python3.12/site-packages/airflow/example_dags/tutorial.py for tasks to queue
[2024-07-03T18:32:31.390+0000] {logging_mixin.py:188} INFO - [2024-07-03T18:32:31.390+0000] {dagbag.py:545} INFO - Filling up the DagBag from /home/airflow/.local/lib/python3.12/site-packages/airflow/example_dags/tutorial.py
[2024-07-03T18:32:31.395+0000] {processor.py:840} INFO - DAG(s) 'tutorial' retrieved from /home/airflow/.local/lib/python3.12/site-packages/airflow/example_dags/tutorial.py
[2024-07-03T18:32:31.413+0000] {logging_mixin.py:188} INFO - [2024-07-03T18:32:31.413+0000] {dag.py:3096} INFO - Sync 1 DAGs
[2024-07-03T18:32:31.437+0000] {logging_mixin.py:188} INFO - [2024-07-03T18:32:31.437+0000] {dag.py:3954} INFO - Setting next_dagrun for tutorial to 2024-07-02 00:00:00+00:00, run_after=2024-07-03 00:00:00+00:00
[2024-07-03T18:32:31.455+0000] {processor.py:183} INFO - Processing /home/airflow/.local/lib/python3.12/site-packages/airflow/example_dags/tutorial.py took 0.077 seconds
[2024-07-03T18:40:28.764+0000] {processor.py:161} INFO - Started process (PID=58) to work on /home/airflow/.local/lib/python3.12/site-packages/airflow/example_dags/tutorial.py
[2024-07-03T18:40:28.765+0000] {processor.py:830} INFO - Processing file /home/airflow/.local/lib/python3.12/site-packages/airflow/example_dags/tutorial.py for tasks to queue
[2024-07-03T18:40:28.766+0000] {logging_mixin.py:188} INFO - [2024-07-03T18:40:28.766+0000] {dagbag.py:545} INFO - Filling up the DagBag from /home/airflow/.local/lib/python3.12/site-packages/airflow/example_dags/tutorial.py
[2024-07-03T18:40:28.772+0000] {processor.py:840} INFO - DAG(s) 'tutorial' retrieved from /home/airflow/.local/lib/python3.12/site-packages/airflow/example_dags/tutorial.py
[2024-07-03T18:40:28.859+0000] {logging_mixin.py:188} INFO - [2024-07-03T18:40:28.859+0000] {dag.py:3096} INFO - Sync 1 DAGs
[2024-07-03T18:40:28.877+0000] {logging_mixin.py:188} INFO - [2024-07-03T18:40:28.877+0000] {dag.py:3954} INFO - Setting next_dagrun for tutorial to 2024-07-02 00:00:00+00:00, run_after=2024-07-03 00:00:00+00:00
[2024-07-03T18:40:28.895+0000] {processor.py:183} INFO - Processing /home/airflow/.local/lib/python3.12/site-packages/airflow/example_dags/tutorial.py took 0.135 seconds
[2024-07-03T18:40:59.006+0000] {processor.py:161} INFO - Started process (PID=116) to work on /home/airflow/.local/lib/python3.12/site-packages/airflow/example_dags/tutorial.py
[2024-07-03T18:40:59.007+0000] {processor.py:830} INFO - Processing file /home/airflow/.local/lib/python3.12/site-packages/airflow/example_dags/tutorial.py for tasks to queue
[2024-07-03T18:40:59.009+0000] {logging_mixin.py:188} INFO - [2024-07-03T18:40:59.009+0000] {dagbag.py:545} INFO - Filling up the DagBag from /home/airflow/.local/lib/python3.12/site-packages/airflow/example_dags/tutorial.py
[2024-07-03T18:40:59.014+0000] {processor.py:840} INFO - DAG(s) 'tutorial' retrieved from /home/airflow/.local/lib/python3.12/site-packages/airflow/example_dags/tutorial.py
[2024-07-03T18:40:59.033+0000] {logging_mixin.py:188} INFO - [2024-07-03T18:40:59.033+0000] {dag.py:3096} INFO - Sync 1 DAGs
[2024-07-03T18:40:59.055+0000] {logging_mixin.py:188} INFO - [2024-07-03T18:40:59.055+0000] {dag.py:3954} INFO - Setting next_dagrun for tutorial to 2024-07-02 00:00:00+00:00, run_after=2024-07-03 00:00:00+00:00
[2024-07-03T18:40:59.075+0000] {processor.py:183} INFO - Processing /home/airflow/.local/lib/python3.12/site-packages/airflow/example_dags/tutorial.py took 0.073 seconds
[2024-07-03T18:41:29.600+0000] {processor.py:161} INFO - Started process (PID=174) to work on /home/airflow/.local/lib/python3.12/site-packages/airflow/example_dags/tutorial.py
[2024-07-03T18:41:29.601+0000] {processor.py:830} INFO - Processing file /home/airflow/.local/lib/python3.12/site-packages/airflow/example_dags/tutorial.py for tasks to queue
[2024-07-03T18:41:29.603+0000] {logging_mixin.py:188} INFO - [2024-07-03T18:41:29.602+0000] {dagbag.py:545} INFO - Filling up the DagBag from /home/airflow/.local/lib/python3.12/site-packages/airflow/example_dags/tutorial.py
[2024-07-03T18:41:29.607+0000] {processor.py:840} INFO - DAG(s) 'tutorial' retrieved from /home/airflow/.local/lib/python3.12/site-packages/airflow/example_dags/tutorial.py
[2024-07-03T18:41:29.625+0000] {logging_mixin.py:188} INFO - [2024-07-03T18:41:29.624+0000] {dag.py:3096} INFO - Sync 1 DAGs
[2024-07-03T18:41:29.642+0000] {logging_mixin.py:188} INFO - [2024-07-03T18:41:29.642+0000] {dag.py:3954} INFO - Setting next_dagrun for tutorial to 2024-07-02 00:00:00+00:00, run_after=2024-07-03 00:00:00+00:00
[2024-07-03T18:41:29.657+0000] {processor.py:183} INFO - Processing /home/airflow/.local/lib/python3.12/site-packages/airflow/example_dags/tutorial.py took 0.062 seconds
[2024-07-03T18:42:00.224+0000] {processor.py:161} INFO - Started process (PID=232) to work on /home/airflow/.local/lib/python3.12/site-packages/airflow/example_dags/tutorial.py
[2024-07-03T18:42:00.225+0000] {processor.py:830} INFO - Processing file /home/airflow/.local/lib/python3.12/site-packages/airflow/example_dags/tutorial.py for tasks to queue
[2024-07-03T18:42:00.226+0000] {logging_mixin.py:188} INFO - [2024-07-03T18:42:00.226+0000] {dagbag.py:545} INFO - Filling up the DagBag from /home/airflow/.local/lib/python3.12/site-packages/airflow/example_dags/tutorial.py
[2024-07-03T18:42:00.231+0000] {processor.py:840} INFO - DAG(s) 'tutorial' retrieved from /home/airflow/.local/lib/python3.12/site-packages/airflow/example_dags/tutorial.py
[2024-07-03T18:42:00.319+0000] {logging_mixin.py:188} INFO - [2024-07-03T18:42:00.319+0000] {dag.py:3096} INFO - Sync 1 DAGs
[2024-07-03T18:42:00.338+0000] {logging_mixin.py:188} INFO - [2024-07-03T18:42:00.338+0000] {dag.py:3954} INFO - Setting next_dagrun for tutorial to 2024-07-02 00:00:00+00:00, run_after=2024-07-03 00:00:00+00:00
[2024-07-03T18:42:00.356+0000] {processor.py:183} INFO - Processing /home/airflow/.local/lib/python3.12/site-packages/airflow/example_dags/tutorial.py took 0.136 seconds
