[2024-07-05T12:59:21.797+0000] {local_task_job_runner.py:120} INFO - ::group::Pre task execution logs
[2024-07-05T12:59:21.819+0000] {taskinstance.py:2076} INFO - Dependencies all met for dep_context=non-requeueable deps ti=<TaskInstance: postgres_dag.select_limit_1 manual__2024-07-05T12:59:20.940377+00:00 [queued]>
[2024-07-05T12:59:21.826+0000] {taskinstance.py:2076} INFO - Dependencies all met for dep_context=requeueable deps ti=<TaskInstance: postgres_dag.select_limit_1 manual__2024-07-05T12:59:20.940377+00:00 [queued]>
[2024-07-05T12:59:21.826+0000] {taskinstance.py:2306} INFO - Starting attempt 1 of 3
[2024-07-05T12:59:21.837+0000] {taskinstance.py:2330} INFO - Executing <Task(PostgresOperator): select_limit_1> on 2024-07-05 12:59:20.940377+00:00
[2024-07-05T12:59:21.842+0000] {warnings.py:112} WARNING - /home/***/.local/lib/python3.12/site-packages/***/task/task_runner/standard_task_runner.py:61: DeprecationWarning: This process (pid=61) is multi-threaded, use of fork() may lead to deadlocks in the child.
  pid = os.fork()

[2024-07-05T12:59:21.844+0000] {standard_task_runner.py:63} INFO - Started process 62 to run task
[2024-07-05T12:59:21.844+0000] {standard_task_runner.py:90} INFO - Running: ['***', 'tasks', 'run', 'postgres_dag', 'select_limit_1', 'manual__2024-07-05T12:59:20.940377+00:00', '--job-id', '4', '--raw', '--subdir', 'DAGS_FOLDER/postgres_dag.py', '--cfg-path', '/tmp/tmpcrv5rg3q']
[2024-07-05T12:59:21.845+0000] {standard_task_runner.py:91} INFO - Job 4: Subtask select_limit_1
[2024-07-05T12:59:21.884+0000] {task_command.py:426} INFO - Running <TaskInstance: postgres_dag.select_limit_1 manual__2024-07-05T12:59:20.940377+00:00 [running]> on host ff143488b111
[2024-07-05T12:59:21.959+0000] {taskinstance.py:2648} INFO - Exporting env vars: AIRFLOW_CTX_DAG_OWNER='Vyacheslav' AIRFLOW_CTX_DAG_ID='postgres_dag' AIRFLOW_CTX_TASK_ID='select_limit_1' AIRFLOW_CTX_EXECUTION_DATE='2024-07-05T12:59:20.940377+00:00' AIRFLOW_CTX_TRY_NUMBER='1' AIRFLOW_CTX_DAG_RUN_ID='manual__2024-07-05T12:59:20.940377+00:00'
[2024-07-05T12:59:21.960+0000] {taskinstance.py:430} INFO - ::endgroup::
[2024-07-05T12:59:21.972+0000] {sql.py:276} INFO - Executing: SELECT * FROM source.source_data.базы_данных LIMIT 1
[2024-07-05T12:59:21.980+0000] {taskinstance.py:441} INFO - ::group::Post task execution logs
[2024-07-05T12:59:21.988+0000] {taskinstance.py:2905} ERROR - Task failed with exception
Traceback (most recent call last):
  File "/home/airflow/.local/lib/python3.12/site-packages/airflow/models/taskinstance.py", line 465, in _execute_task
    result = _execute_callable(context=context, **execute_callable_kwargs)
             ^^^^^^^^^^^^^^^^^^^^^^^^^^^^^^^^^^^^^^^^^^^^^^^^^^^^^^^^^^^^^
  File "/home/airflow/.local/lib/python3.12/site-packages/airflow/models/taskinstance.py", line 432, in _execute_callable
    return execute_callable(context=context, **execute_callable_kwargs)
           ^^^^^^^^^^^^^^^^^^^^^^^^^^^^^^^^^^^^^^^^^^^^^^^^^^^^^^^^^^^^
  File "/home/airflow/.local/lib/python3.12/site-packages/airflow/models/baseoperator.py", line 401, in wrapper
    return func(self, *args, **kwargs)
           ^^^^^^^^^^^^^^^^^^^^^^^^^^^
  File "/home/airflow/.local/lib/python3.12/site-packages/airflow/providers/common/sql/operators/sql.py", line 277, in execute
    hook = self.get_db_hook()
           ^^^^^^^^^^^^^^^^^^
  File "/home/airflow/.local/lib/python3.12/site-packages/airflow/providers/common/sql/operators/sql.py", line 188, in get_db_hook
    return self._hook
           ^^^^^^^^^^
  File "/usr/local/lib/python3.12/functools.py", line 995, in __get__
    val = self.func(instance)
          ^^^^^^^^^^^^^^^^^^^
  File "/home/airflow/.local/lib/python3.12/site-packages/airflow/providers/common/sql/operators/sql.py", line 150, in _hook
    conn = BaseHook.get_connection(conn_id)
           ^^^^^^^^^^^^^^^^^^^^^^^^^^^^^^^^
  File "/home/airflow/.local/lib/python3.12/site-packages/airflow/hooks/base.py", line 83, in get_connection
    conn = Connection.get_connection_from_secrets(conn_id)
           ^^^^^^^^^^^^^^^^^^^^^^^^^^^^^^^^^^^^^^^^^^^^^^^
  File "/home/airflow/.local/lib/python3.12/site-packages/airflow/models/connection.py", line 519, in get_connection_from_secrets
    raise AirflowNotFoundException(f"The conn_id `{conn_id}` isn't defined")
airflow.exceptions.AirflowNotFoundException: The conn_id `postgres_default` isn't defined
[2024-07-05T12:59:21.993+0000] {taskinstance.py:1206} INFO - Marking task as UP_FOR_RETRY. dag_id=postgres_dag, task_id=select_limit_1, run_id=manual__2024-07-05T12:59:20.940377+00:00, execution_date=20240705T125920, start_date=20240705T125921, end_date=20240705T125921
[2024-07-05T12:59:22.003+0000] {standard_task_runner.py:110} ERROR - Failed to execute job 4 for task select_limit_1 (The conn_id `postgres_default` isn't defined; 62)
[2024-07-05T12:59:22.017+0000] {local_task_job_runner.py:240} INFO - Task exited with return code 1
[2024-07-05T12:59:22.031+0000] {taskinstance.py:3503} INFO - 0 downstream tasks scheduled from follow-on schedule check
[2024-07-05T12:59:22.033+0000] {local_task_job_runner.py:222} INFO - ::endgroup::
