[2024-07-12T10:30:55.301+0000] {processor.py:161} INFO - Started process (PID=46) to work on /opt/airflow/dags/ods_load.py
[2024-07-12T10:30:55.302+0000] {processor.py:830} INFO - Processing file /opt/airflow/dags/ods_load.py for tasks to queue
[2024-07-12T10:30:55.305+0000] {logging_mixin.py:188} INFO - [2024-07-12T10:30:55.305+0000] {dagbag.py:545} INFO - Filling up the DagBag from /opt/airflow/dags/ods_load.py
[2024-07-12T10:30:55.332+0000] {processor.py:840} INFO - DAG(s) 'pipeline_4_andronov' retrieved from /opt/airflow/dags/ods_load.py
[2024-07-12T10:30:55.623+0000] {logging_mixin.py:188} INFO - [2024-07-12T10:30:55.622+0000] {dag.py:3096} INFO - Sync 1 DAGs
[2024-07-12T10:30:55.687+0000] {logging_mixin.py:188} INFO - [2024-07-12T10:30:55.686+0000] {dag.py:3954} INFO - Setting next_dagrun for pipeline_4_andronov to 2024-07-11 04:00:00+00:00, run_after=2024-07-12 04:00:00+00:00
[2024-07-12T10:30:55.754+0000] {processor.py:183} INFO - Processing /opt/airflow/dags/ods_load.py took 0.464 seconds
[2024-07-12T10:31:26.033+0000] {processor.py:161} INFO - Started process (PID=55) to work on /opt/airflow/dags/ods_load.py
[2024-07-12T10:31:26.034+0000] {processor.py:830} INFO - Processing file /opt/airflow/dags/ods_load.py for tasks to queue
[2024-07-12T10:31:26.036+0000] {logging_mixin.py:188} INFO - [2024-07-12T10:31:26.036+0000] {dagbag.py:545} INFO - Filling up the DagBag from /opt/airflow/dags/ods_load.py
[2024-07-12T10:31:26.058+0000] {processor.py:840} INFO - DAG(s) 'pipeline_4_andronov' retrieved from /opt/airflow/dags/ods_load.py
[2024-07-12T10:31:26.117+0000] {logging_mixin.py:188} INFO - [2024-07-12T10:31:26.116+0000] {dag.py:3096} INFO - Sync 1 DAGs
[2024-07-12T10:31:26.191+0000] {logging_mixin.py:188} INFO - [2024-07-12T10:31:26.191+0000] {dag.py:3954} INFO - Setting next_dagrun for pipeline_4_andronov to 2024-07-12 04:00:00+00:00, run_after=2024-07-13 04:00:00+00:00
[2024-07-12T10:31:26.254+0000] {processor.py:183} INFO - Processing /opt/airflow/dags/ods_load.py took 0.234 seconds
[2024-07-12T10:31:56.482+0000] {processor.py:161} INFO - Started process (PID=64) to work on /opt/airflow/dags/ods_load.py
[2024-07-12T10:31:56.484+0000] {processor.py:830} INFO - Processing file /opt/airflow/dags/ods_load.py for tasks to queue
[2024-07-12T10:31:56.486+0000] {logging_mixin.py:188} INFO - [2024-07-12T10:31:56.486+0000] {dagbag.py:545} INFO - Filling up the DagBag from /opt/airflow/dags/ods_load.py
[2024-07-12T10:31:56.501+0000] {processor.py:840} INFO - DAG(s) 'pipeline_4_andronov' retrieved from /opt/airflow/dags/ods_load.py
[2024-07-12T10:31:56.560+0000] {logging_mixin.py:188} INFO - [2024-07-12T10:31:56.560+0000] {dag.py:3096} INFO - Sync 1 DAGs
[2024-07-12T10:31:56.630+0000] {logging_mixin.py:188} INFO - [2024-07-12T10:31:56.630+0000] {dag.py:3954} INFO - Setting next_dagrun for pipeline_4_andronov to 2024-07-12 04:00:00+00:00, run_after=2024-07-13 04:00:00+00:00
[2024-07-12T10:31:56.683+0000] {processor.py:183} INFO - Processing /opt/airflow/dags/ods_load.py took 0.209 seconds
[2024-07-12T10:32:26.961+0000] {processor.py:161} INFO - Started process (PID=73) to work on /opt/airflow/dags/ods_load.py
[2024-07-12T10:32:26.963+0000] {processor.py:830} INFO - Processing file /opt/airflow/dags/ods_load.py for tasks to queue
[2024-07-12T10:32:26.967+0000] {logging_mixin.py:188} INFO - [2024-07-12T10:32:26.966+0000] {dagbag.py:545} INFO - Filling up the DagBag from /opt/airflow/dags/ods_load.py
[2024-07-12T10:32:26.992+0000] {processor.py:840} INFO - DAG(s) 'pipeline_4_andronov' retrieved from /opt/airflow/dags/ods_load.py
[2024-07-12T10:32:27.052+0000] {logging_mixin.py:188} INFO - [2024-07-12T10:32:27.051+0000] {dag.py:3096} INFO - Sync 1 DAGs
[2024-07-12T10:32:27.104+0000] {logging_mixin.py:188} INFO - [2024-07-12T10:32:27.103+0000] {dag.py:3954} INFO - Setting next_dagrun for pipeline_4_andronov to 2024-07-12 04:00:00+00:00, run_after=2024-07-13 04:00:00+00:00
[2024-07-12T10:32:27.147+0000] {processor.py:183} INFO - Processing /opt/airflow/dags/ods_load.py took 0.202 seconds
[2024-07-12T10:32:57.339+0000] {processor.py:161} INFO - Started process (PID=82) to work on /opt/airflow/dags/ods_load.py
[2024-07-12T10:32:57.341+0000] {processor.py:830} INFO - Processing file /opt/airflow/dags/ods_load.py for tasks to queue
[2024-07-12T10:32:57.343+0000] {logging_mixin.py:188} INFO - [2024-07-12T10:32:57.343+0000] {dagbag.py:545} INFO - Filling up the DagBag from /opt/airflow/dags/ods_load.py
[2024-07-12T10:32:57.357+0000] {processor.py:840} INFO - DAG(s) 'pipeline_4_andronov' retrieved from /opt/airflow/dags/ods_load.py
[2024-07-12T10:32:57.409+0000] {logging_mixin.py:188} INFO - [2024-07-12T10:32:57.409+0000] {dag.py:3096} INFO - Sync 1 DAGs
[2024-07-12T10:32:57.456+0000] {logging_mixin.py:188} INFO - [2024-07-12T10:32:57.455+0000] {dag.py:3954} INFO - Setting next_dagrun for pipeline_4_andronov to 2024-07-12 04:00:00+00:00, run_after=2024-07-13 04:00:00+00:00
[2024-07-12T10:32:57.500+0000] {processor.py:183} INFO - Processing /opt/airflow/dags/ods_load.py took 0.169 seconds
[2024-07-12T10:33:27.777+0000] {processor.py:161} INFO - Started process (PID=91) to work on /opt/airflow/dags/ods_load.py
[2024-07-12T10:33:27.778+0000] {processor.py:830} INFO - Processing file /opt/airflow/dags/ods_load.py for tasks to queue
[2024-07-12T10:33:27.781+0000] {logging_mixin.py:188} INFO - [2024-07-12T10:33:27.780+0000] {dagbag.py:545} INFO - Filling up the DagBag from /opt/airflow/dags/ods_load.py
[2024-07-12T10:33:27.800+0000] {processor.py:840} INFO - DAG(s) 'pipeline_4_andronov' retrieved from /opt/airflow/dags/ods_load.py
[2024-07-12T10:33:27.869+0000] {logging_mixin.py:188} INFO - [2024-07-12T10:33:27.869+0000] {dag.py:3096} INFO - Sync 1 DAGs
[2024-07-12T10:33:27.937+0000] {logging_mixin.py:188} INFO - [2024-07-12T10:33:27.936+0000] {dag.py:3954} INFO - Setting next_dagrun for pipeline_4_andronov to 2024-07-12 04:00:00+00:00, run_after=2024-07-13 04:00:00+00:00
[2024-07-12T10:33:27.981+0000] {processor.py:183} INFO - Processing /opt/airflow/dags/ods_load.py took 0.212 seconds
[2024-07-12T10:33:58.195+0000] {processor.py:161} INFO - Started process (PID=100) to work on /opt/airflow/dags/ods_load.py
[2024-07-12T10:33:58.197+0000] {processor.py:830} INFO - Processing file /opt/airflow/dags/ods_load.py for tasks to queue
[2024-07-12T10:33:58.199+0000] {logging_mixin.py:188} INFO - [2024-07-12T10:33:58.199+0000] {dagbag.py:545} INFO - Filling up the DagBag from /opt/airflow/dags/ods_load.py
[2024-07-12T10:33:58.216+0000] {processor.py:840} INFO - DAG(s) 'pipeline_4_andronov' retrieved from /opt/airflow/dags/ods_load.py
[2024-07-12T10:33:58.267+0000] {logging_mixin.py:188} INFO - [2024-07-12T10:33:58.267+0000] {dag.py:3096} INFO - Sync 1 DAGs
[2024-07-12T10:33:58.321+0000] {logging_mixin.py:188} INFO - [2024-07-12T10:33:58.321+0000] {dag.py:3954} INFO - Setting next_dagrun for pipeline_4_andronov to 2024-07-12 04:00:00+00:00, run_after=2024-07-13 04:00:00+00:00
[2024-07-12T10:33:58.374+0000] {processor.py:183} INFO - Processing /opt/airflow/dags/ods_load.py took 0.188 seconds
[2024-07-12T10:34:28.645+0000] {processor.py:161} INFO - Started process (PID=109) to work on /opt/airflow/dags/ods_load.py
[2024-07-12T10:34:28.646+0000] {processor.py:830} INFO - Processing file /opt/airflow/dags/ods_load.py for tasks to queue
[2024-07-12T10:34:28.650+0000] {logging_mixin.py:188} INFO - [2024-07-12T10:34:28.650+0000] {dagbag.py:545} INFO - Filling up the DagBag from /opt/airflow/dags/ods_load.py
[2024-07-12T10:34:28.674+0000] {processor.py:840} INFO - DAG(s) 'pipeline_4_andronov' retrieved from /opt/airflow/dags/ods_load.py
[2024-07-12T10:34:28.730+0000] {logging_mixin.py:188} INFO - [2024-07-12T10:34:28.730+0000] {dag.py:3096} INFO - Sync 1 DAGs
[2024-07-12T10:34:28.777+0000] {logging_mixin.py:188} INFO - [2024-07-12T10:34:28.777+0000] {dag.py:3954} INFO - Setting next_dagrun for pipeline_4_andronov to 2024-07-12 04:00:00+00:00, run_after=2024-07-13 04:00:00+00:00
[2024-07-12T10:34:28.824+0000] {processor.py:183} INFO - Processing /opt/airflow/dags/ods_load.py took 0.192 seconds
[2024-07-12T10:34:59.096+0000] {processor.py:161} INFO - Started process (PID=118) to work on /opt/airflow/dags/ods_load.py
[2024-07-12T10:34:59.097+0000] {processor.py:830} INFO - Processing file /opt/airflow/dags/ods_load.py for tasks to queue
[2024-07-12T10:34:59.099+0000] {logging_mixin.py:188} INFO - [2024-07-12T10:34:59.099+0000] {dagbag.py:545} INFO - Filling up the DagBag from /opt/airflow/dags/ods_load.py
[2024-07-12T10:34:59.116+0000] {processor.py:840} INFO - DAG(s) 'pipeline_4_andronov' retrieved from /opt/airflow/dags/ods_load.py
[2024-07-12T10:34:59.165+0000] {logging_mixin.py:188} INFO - [2024-07-12T10:34:59.165+0000] {dag.py:3096} INFO - Sync 1 DAGs
[2024-07-12T10:34:59.213+0000] {logging_mixin.py:188} INFO - [2024-07-12T10:34:59.212+0000] {dag.py:3954} INFO - Setting next_dagrun for pipeline_4_andronov to 2024-07-12 04:00:00+00:00, run_after=2024-07-13 04:00:00+00:00
[2024-07-12T10:34:59.252+0000] {processor.py:183} INFO - Processing /opt/airflow/dags/ods_load.py took 0.167 seconds
[2024-07-12T10:35:29.514+0000] {processor.py:161} INFO - Started process (PID=128) to work on /opt/airflow/dags/ods_load.py
[2024-07-12T10:35:29.516+0000] {processor.py:830} INFO - Processing file /opt/airflow/dags/ods_load.py for tasks to queue
[2024-07-12T10:35:29.520+0000] {logging_mixin.py:188} INFO - [2024-07-12T10:35:29.519+0000] {dagbag.py:545} INFO - Filling up the DagBag from /opt/airflow/dags/ods_load.py
[2024-07-12T10:35:29.559+0000] {processor.py:840} INFO - DAG(s) 'pipeline_4_andronov' retrieved from /opt/airflow/dags/ods_load.py
[2024-07-12T10:35:29.623+0000] {logging_mixin.py:188} INFO - [2024-07-12T10:35:29.623+0000] {dag.py:3096} INFO - Sync 1 DAGs
[2024-07-12T10:35:29.671+0000] {logging_mixin.py:188} INFO - [2024-07-12T10:35:29.670+0000] {dag.py:3954} INFO - Setting next_dagrun for pipeline_4_andronov to 2024-07-12 04:00:00+00:00, run_after=2024-07-13 04:00:00+00:00
[2024-07-12T10:35:29.711+0000] {processor.py:183} INFO - Processing /opt/airflow/dags/ods_load.py took 0.209 seconds
[2024-07-12T10:35:59.982+0000] {processor.py:161} INFO - Started process (PID=137) to work on /opt/airflow/dags/ods_load.py
[2024-07-12T10:35:59.984+0000] {processor.py:830} INFO - Processing file /opt/airflow/dags/ods_load.py for tasks to queue
[2024-07-12T10:35:59.987+0000] {logging_mixin.py:188} INFO - [2024-07-12T10:35:59.986+0000] {dagbag.py:545} INFO - Filling up the DagBag from /opt/airflow/dags/ods_load.py
[2024-07-12T10:36:00.004+0000] {processor.py:840} INFO - DAG(s) 'pipeline_4_andronov' retrieved from /opt/airflow/dags/ods_load.py
[2024-07-12T10:36:00.057+0000] {logging_mixin.py:188} INFO - [2024-07-12T10:36:00.056+0000] {dag.py:3096} INFO - Sync 1 DAGs
[2024-07-12T10:36:00.108+0000] {logging_mixin.py:188} INFO - [2024-07-12T10:36:00.107+0000] {dag.py:3954} INFO - Setting next_dagrun for pipeline_4_andronov to 2024-07-12 04:00:00+00:00, run_after=2024-07-13 04:00:00+00:00
[2024-07-12T10:36:00.155+0000] {processor.py:183} INFO - Processing /opt/airflow/dags/ods_load.py took 0.182 seconds
[2024-07-12T10:36:30.368+0000] {processor.py:161} INFO - Started process (PID=146) to work on /opt/airflow/dags/ods_load.py
[2024-07-12T10:36:30.369+0000] {processor.py:830} INFO - Processing file /opt/airflow/dags/ods_load.py for tasks to queue
[2024-07-12T10:36:30.373+0000] {logging_mixin.py:188} INFO - [2024-07-12T10:36:30.372+0000] {dagbag.py:545} INFO - Filling up the DagBag from /opt/airflow/dags/ods_load.py
[2024-07-12T10:36:30.390+0000] {processor.py:840} INFO - DAG(s) 'pipeline_4_andronov' retrieved from /opt/airflow/dags/ods_load.py
[2024-07-12T10:36:30.440+0000] {logging_mixin.py:188} INFO - [2024-07-12T10:36:30.439+0000] {dag.py:3096} INFO - Sync 1 DAGs
[2024-07-12T10:36:30.491+0000] {logging_mixin.py:188} INFO - [2024-07-12T10:36:30.490+0000] {dag.py:3954} INFO - Setting next_dagrun for pipeline_4_andronov to 2024-07-12 04:00:00+00:00, run_after=2024-07-13 04:00:00+00:00
[2024-07-12T10:36:30.537+0000] {processor.py:183} INFO - Processing /opt/airflow/dags/ods_load.py took 0.177 seconds
[2024-07-12T10:37:00.795+0000] {processor.py:161} INFO - Started process (PID=155) to work on /opt/airflow/dags/ods_load.py
[2024-07-12T10:37:00.797+0000] {processor.py:830} INFO - Processing file /opt/airflow/dags/ods_load.py for tasks to queue
[2024-07-12T10:37:00.799+0000] {logging_mixin.py:188} INFO - [2024-07-12T10:37:00.799+0000] {dagbag.py:545} INFO - Filling up the DagBag from /opt/airflow/dags/ods_load.py
[2024-07-12T10:37:00.815+0000] {processor.py:840} INFO - DAG(s) 'pipeline_4_andronov' retrieved from /opt/airflow/dags/ods_load.py
[2024-07-12T10:37:00.868+0000] {logging_mixin.py:188} INFO - [2024-07-12T10:37:00.867+0000] {dag.py:3096} INFO - Sync 1 DAGs
[2024-07-12T10:37:00.941+0000] {logging_mixin.py:188} INFO - [2024-07-12T10:37:00.940+0000] {dag.py:3954} INFO - Setting next_dagrun for pipeline_4_andronov to 2024-07-12 04:00:00+00:00, run_after=2024-07-13 04:00:00+00:00
[2024-07-12T10:37:00.996+0000] {processor.py:183} INFO - Processing /opt/airflow/dags/ods_load.py took 0.210 seconds
[2024-07-12T10:37:31.177+0000] {processor.py:161} INFO - Started process (PID=164) to work on /opt/airflow/dags/ods_load.py
[2024-07-12T10:37:31.178+0000] {processor.py:830} INFO - Processing file /opt/airflow/dags/ods_load.py for tasks to queue
[2024-07-12T10:37:31.181+0000] {logging_mixin.py:188} INFO - [2024-07-12T10:37:31.180+0000] {dagbag.py:545} INFO - Filling up the DagBag from /opt/airflow/dags/ods_load.py
[2024-07-12T10:37:31.196+0000] {processor.py:840} INFO - DAG(s) 'pipeline_4_andronov' retrieved from /opt/airflow/dags/ods_load.py
[2024-07-12T10:37:31.250+0000] {logging_mixin.py:188} INFO - [2024-07-12T10:37:31.250+0000] {dag.py:3096} INFO - Sync 1 DAGs
[2024-07-12T10:37:31.317+0000] {logging_mixin.py:188} INFO - [2024-07-12T10:37:31.316+0000] {dag.py:3954} INFO - Setting next_dagrun for pipeline_4_andronov to 2024-07-12 04:00:00+00:00, run_after=2024-07-13 04:00:00+00:00
[2024-07-12T10:37:31.368+0000] {processor.py:183} INFO - Processing /opt/airflow/dags/ods_load.py took 0.201 seconds
[2024-07-12T10:38:01.687+0000] {processor.py:161} INFO - Started process (PID=173) to work on /opt/airflow/dags/ods_load.py
[2024-07-12T10:38:01.689+0000] {processor.py:830} INFO - Processing file /opt/airflow/dags/ods_load.py for tasks to queue
[2024-07-12T10:38:01.692+0000] {logging_mixin.py:188} INFO - [2024-07-12T10:38:01.692+0000] {dagbag.py:545} INFO - Filling up the DagBag from /opt/airflow/dags/ods_load.py
[2024-07-12T10:38:01.706+0000] {processor.py:840} INFO - DAG(s) 'pipeline_4_andronov' retrieved from /opt/airflow/dags/ods_load.py
[2024-07-12T10:38:01.757+0000] {logging_mixin.py:188} INFO - [2024-07-12T10:38:01.757+0000] {dag.py:3096} INFO - Sync 1 DAGs
[2024-07-12T10:38:01.805+0000] {logging_mixin.py:188} INFO - [2024-07-12T10:38:01.804+0000] {dag.py:3954} INFO - Setting next_dagrun for pipeline_4_andronov to 2024-07-12 04:00:00+00:00, run_after=2024-07-13 04:00:00+00:00
[2024-07-12T10:38:01.846+0000] {processor.py:183} INFO - Processing /opt/airflow/dags/ods_load.py took 0.168 seconds
[2024-07-12T10:38:32.165+0000] {processor.py:161} INFO - Started process (PID=183) to work on /opt/airflow/dags/ods_load.py
[2024-07-12T10:38:32.167+0000] {processor.py:830} INFO - Processing file /opt/airflow/dags/ods_load.py for tasks to queue
[2024-07-12T10:38:32.171+0000] {logging_mixin.py:188} INFO - [2024-07-12T10:38:32.169+0000] {dagbag.py:545} INFO - Filling up the DagBag from /opt/airflow/dags/ods_load.py
[2024-07-12T10:38:32.192+0000] {processor.py:840} INFO - DAG(s) 'pipeline_4_andronov' retrieved from /opt/airflow/dags/ods_load.py
[2024-07-12T10:38:32.247+0000] {logging_mixin.py:188} INFO - [2024-07-12T10:38:32.246+0000] {dag.py:3096} INFO - Sync 1 DAGs
[2024-07-12T10:38:32.300+0000] {logging_mixin.py:188} INFO - [2024-07-12T10:38:32.300+0000] {dag.py:3954} INFO - Setting next_dagrun for pipeline_4_andronov to 2024-07-12 04:00:00+00:00, run_after=2024-07-13 04:00:00+00:00
[2024-07-12T10:38:32.356+0000] {processor.py:183} INFO - Processing /opt/airflow/dags/ods_load.py took 0.202 seconds
[2024-07-12T10:39:02.624+0000] {processor.py:161} INFO - Started process (PID=192) to work on /opt/airflow/dags/ods_load.py
[2024-07-12T10:39:02.626+0000] {processor.py:830} INFO - Processing file /opt/airflow/dags/ods_load.py for tasks to queue
[2024-07-12T10:39:02.630+0000] {logging_mixin.py:188} INFO - [2024-07-12T10:39:02.629+0000] {dagbag.py:545} INFO - Filling up the DagBag from /opt/airflow/dags/ods_load.py
[2024-07-12T10:39:02.654+0000] {processor.py:840} INFO - DAG(s) 'pipeline_4_andronov' retrieved from /opt/airflow/dags/ods_load.py
[2024-07-12T10:39:02.711+0000] {logging_mixin.py:188} INFO - [2024-07-12T10:39:02.711+0000] {dag.py:3096} INFO - Sync 1 DAGs
[2024-07-12T10:39:02.763+0000] {logging_mixin.py:188} INFO - [2024-07-12T10:39:02.763+0000] {dag.py:3954} INFO - Setting next_dagrun for pipeline_4_andronov to 2024-07-12 04:00:00+00:00, run_after=2024-07-13 04:00:00+00:00
[2024-07-12T10:39:02.814+0000] {processor.py:183} INFO - Processing /opt/airflow/dags/ods_load.py took 0.204 seconds
[2024-07-12T10:39:33.086+0000] {processor.py:161} INFO - Started process (PID=201) to work on /opt/airflow/dags/ods_load.py
[2024-07-12T10:39:33.087+0000] {processor.py:830} INFO - Processing file /opt/airflow/dags/ods_load.py for tasks to queue
[2024-07-12T10:39:33.090+0000] {logging_mixin.py:188} INFO - [2024-07-12T10:39:33.089+0000] {dagbag.py:545} INFO - Filling up the DagBag from /opt/airflow/dags/ods_load.py
[2024-07-12T10:39:33.105+0000] {processor.py:840} INFO - DAG(s) 'pipeline_4_andronov' retrieved from /opt/airflow/dags/ods_load.py
[2024-07-12T10:39:33.164+0000] {logging_mixin.py:188} INFO - [2024-07-12T10:39:33.164+0000] {dag.py:3096} INFO - Sync 1 DAGs
[2024-07-12T10:39:33.223+0000] {logging_mixin.py:188} INFO - [2024-07-12T10:39:33.222+0000] {dag.py:3954} INFO - Setting next_dagrun for pipeline_4_andronov to 2024-07-12 04:00:00+00:00, run_after=2024-07-13 04:00:00+00:00
[2024-07-12T10:39:33.275+0000] {processor.py:183} INFO - Processing /opt/airflow/dags/ods_load.py took 0.198 seconds
[2024-07-12T10:40:03.520+0000] {processor.py:161} INFO - Started process (PID=210) to work on /opt/airflow/dags/ods_load.py
[2024-07-12T10:40:03.522+0000] {processor.py:830} INFO - Processing file /opt/airflow/dags/ods_load.py for tasks to queue
[2024-07-12T10:40:03.525+0000] {logging_mixin.py:188} INFO - [2024-07-12T10:40:03.525+0000] {dagbag.py:545} INFO - Filling up the DagBag from /opt/airflow/dags/ods_load.py
[2024-07-12T10:40:03.548+0000] {processor.py:840} INFO - DAG(s) 'pipeline_4_andronov' retrieved from /opt/airflow/dags/ods_load.py
[2024-07-12T10:40:03.608+0000] {logging_mixin.py:188} INFO - [2024-07-12T10:40:03.608+0000] {dag.py:3096} INFO - Sync 1 DAGs
[2024-07-12T10:40:03.656+0000] {logging_mixin.py:188} INFO - [2024-07-12T10:40:03.656+0000] {dag.py:3954} INFO - Setting next_dagrun for pipeline_4_andronov to 2024-07-12 04:00:00+00:00, run_after=2024-07-13 04:00:00+00:00
[2024-07-12T10:40:03.706+0000] {processor.py:183} INFO - Processing /opt/airflow/dags/ods_load.py took 0.197 seconds
[2024-07-12T10:40:33.941+0000] {processor.py:161} INFO - Started process (PID=219) to work on /opt/airflow/dags/ods_load.py
[2024-07-12T10:40:33.943+0000] {processor.py:830} INFO - Processing file /opt/airflow/dags/ods_load.py for tasks to queue
[2024-07-12T10:40:33.946+0000] {logging_mixin.py:188} INFO - [2024-07-12T10:40:33.946+0000] {dagbag.py:545} INFO - Filling up the DagBag from /opt/airflow/dags/ods_load.py
[2024-07-12T10:40:33.975+0000] {processor.py:840} INFO - DAG(s) 'pipeline_4_andronov' retrieved from /opt/airflow/dags/ods_load.py
[2024-07-12T10:40:34.046+0000] {logging_mixin.py:188} INFO - [2024-07-12T10:40:34.046+0000] {dag.py:3096} INFO - Sync 1 DAGs
[2024-07-12T10:40:34.115+0000] {logging_mixin.py:188} INFO - [2024-07-12T10:40:34.114+0000] {dag.py:3954} INFO - Setting next_dagrun for pipeline_4_andronov to 2024-07-12 04:00:00+00:00, run_after=2024-07-13 04:00:00+00:00
[2024-07-12T10:40:34.160+0000] {processor.py:183} INFO - Processing /opt/airflow/dags/ods_load.py took 0.233 seconds
