[2024-07-12T10:30:54.614+0000] {processor.py:161} INFO - Started process (PID=45) to work on /opt/airflow/dags/ods_init.py
[2024-07-12T10:30:54.616+0000] {processor.py:830} INFO - Processing file /opt/airflow/dags/ods_init.py for tasks to queue
[2024-07-12T10:30:54.621+0000] {logging_mixin.py:188} INFO - [2024-07-12T10:30:54.621+0000] {dagbag.py:545} INFO - Filling up the DagBag from /opt/airflow/dags/ods_init.py
[2024-07-12T10:30:54.646+0000] {processor.py:840} INFO - DAG(s) 'ods_init' retrieved from /opt/airflow/dags/ods_init.py
[2024-07-12T10:30:55.101+0000] {logging_mixin.py:188} INFO - [2024-07-12T10:30:55.101+0000] {dag.py:3096} INFO - Sync 1 DAGs
[2024-07-12T10:30:55.137+0000] {logging_mixin.py:188} INFO - [2024-07-12T10:30:55.137+0000] {dag.py:3954} INFO - Setting next_dagrun for ods_init to None, run_after=None
[2024-07-12T10:30:55.241+0000] {processor.py:183} INFO - Processing /opt/airflow/dags/ods_init.py took 0.644 seconds
[2024-07-12T10:31:25.613+0000] {processor.py:161} INFO - Started process (PID=54) to work on /opt/airflow/dags/ods_init.py
[2024-07-12T10:31:25.623+0000] {processor.py:830} INFO - Processing file /opt/airflow/dags/ods_init.py for tasks to queue
[2024-07-12T10:31:25.641+0000] {logging_mixin.py:188} INFO - [2024-07-12T10:31:25.639+0000] {dagbag.py:545} INFO - Filling up the DagBag from /opt/airflow/dags/ods_init.py
[2024-07-12T10:31:25.715+0000] {processor.py:840} INFO - DAG(s) 'ods_init' retrieved from /opt/airflow/dags/ods_init.py
[2024-07-12T10:31:25.818+0000] {logging_mixin.py:188} INFO - [2024-07-12T10:31:25.817+0000] {dag.py:3096} INFO - Sync 1 DAGs
[2024-07-12T10:31:25.901+0000] {logging_mixin.py:188} INFO - [2024-07-12T10:31:25.900+0000] {dag.py:3954} INFO - Setting next_dagrun for ods_init to None, run_after=None
[2024-07-12T10:31:25.987+0000] {processor.py:183} INFO - Processing /opt/airflow/dags/ods_init.py took 0.418 seconds
[2024-07-12T10:31:56.247+0000] {processor.py:161} INFO - Started process (PID=63) to work on /opt/airflow/dags/ods_init.py
[2024-07-12T10:31:56.249+0000] {processor.py:830} INFO - Processing file /opt/airflow/dags/ods_init.py for tasks to queue
[2024-07-12T10:31:56.253+0000] {logging_mixin.py:188} INFO - [2024-07-12T10:31:56.253+0000] {dagbag.py:545} INFO - Filling up the DagBag from /opt/airflow/dags/ods_init.py
[2024-07-12T10:31:56.294+0000] {processor.py:840} INFO - DAG(s) 'ods_init' retrieved from /opt/airflow/dags/ods_init.py
[2024-07-12T10:31:56.354+0000] {logging_mixin.py:188} INFO - [2024-07-12T10:31:56.354+0000] {dag.py:3096} INFO - Sync 1 DAGs
[2024-07-12T10:31:56.386+0000] {logging_mixin.py:188} INFO - [2024-07-12T10:31:56.386+0000] {dag.py:3954} INFO - Setting next_dagrun for ods_init to None, run_after=None
[2024-07-12T10:31:56.431+0000] {processor.py:183} INFO - Processing /opt/airflow/dags/ods_init.py took 0.197 seconds
[2024-07-12T10:32:26.745+0000] {processor.py:161} INFO - Started process (PID=72) to work on /opt/airflow/dags/ods_init.py
[2024-07-12T10:32:26.747+0000] {processor.py:830} INFO - Processing file /opt/airflow/dags/ods_init.py for tasks to queue
[2024-07-12T10:32:26.752+0000] {logging_mixin.py:188} INFO - [2024-07-12T10:32:26.751+0000] {dagbag.py:545} INFO - Filling up the DagBag from /opt/airflow/dags/ods_init.py
[2024-07-12T10:32:26.771+0000] {processor.py:840} INFO - DAG(s) 'ods_init' retrieved from /opt/airflow/dags/ods_init.py
[2024-07-12T10:32:26.835+0000] {logging_mixin.py:188} INFO - [2024-07-12T10:32:26.835+0000] {dag.py:3096} INFO - Sync 1 DAGs
[2024-07-12T10:32:26.862+0000] {logging_mixin.py:188} INFO - [2024-07-12T10:32:26.862+0000] {dag.py:3954} INFO - Setting next_dagrun for ods_init to None, run_after=None
[2024-07-12T10:32:26.911+0000] {processor.py:183} INFO - Processing /opt/airflow/dags/ods_init.py took 0.192 seconds
[2024-07-12T10:32:57.163+0000] {processor.py:161} INFO - Started process (PID=81) to work on /opt/airflow/dags/ods_init.py
[2024-07-12T10:32:57.165+0000] {processor.py:830} INFO - Processing file /opt/airflow/dags/ods_init.py for tasks to queue
[2024-07-12T10:32:57.168+0000] {logging_mixin.py:188} INFO - [2024-07-12T10:32:57.168+0000] {dagbag.py:545} INFO - Filling up the DagBag from /opt/airflow/dags/ods_init.py
[2024-07-12T10:32:57.182+0000] {processor.py:840} INFO - DAG(s) 'ods_init' retrieved from /opt/airflow/dags/ods_init.py
[2024-07-12T10:32:57.248+0000] {logging_mixin.py:188} INFO - [2024-07-12T10:32:57.247+0000] {dag.py:3096} INFO - Sync 1 DAGs
[2024-07-12T10:32:57.270+0000] {logging_mixin.py:188} INFO - [2024-07-12T10:32:57.270+0000] {dag.py:3954} INFO - Setting next_dagrun for ods_init to None, run_after=None
[2024-07-12T10:32:57.304+0000] {processor.py:183} INFO - Processing /opt/airflow/dags/ods_init.py took 0.150 seconds
[2024-07-12T10:33:27.581+0000] {processor.py:161} INFO - Started process (PID=90) to work on /opt/airflow/dags/ods_init.py
[2024-07-12T10:33:27.583+0000] {processor.py:830} INFO - Processing file /opt/airflow/dags/ods_init.py for tasks to queue
[2024-07-12T10:33:27.587+0000] {logging_mixin.py:188} INFO - [2024-07-12T10:33:27.586+0000] {dagbag.py:545} INFO - Filling up the DagBag from /opt/airflow/dags/ods_init.py
[2024-07-12T10:33:27.607+0000] {processor.py:840} INFO - DAG(s) 'ods_init' retrieved from /opt/airflow/dags/ods_init.py
[2024-07-12T10:33:27.666+0000] {logging_mixin.py:188} INFO - [2024-07-12T10:33:27.665+0000] {dag.py:3096} INFO - Sync 1 DAGs
[2024-07-12T10:33:27.714+0000] {logging_mixin.py:188} INFO - [2024-07-12T10:33:27.713+0000] {dag.py:3954} INFO - Setting next_dagrun for ods_init to None, run_after=None
[2024-07-12T10:33:27.751+0000] {processor.py:183} INFO - Processing /opt/airflow/dags/ods_init.py took 0.201 seconds
[2024-07-12T10:33:57.991+0000] {processor.py:161} INFO - Started process (PID=99) to work on /opt/airflow/dags/ods_init.py
[2024-07-12T10:33:57.993+0000] {processor.py:830} INFO - Processing file /opt/airflow/dags/ods_init.py for tasks to queue
[2024-07-12T10:33:57.997+0000] {logging_mixin.py:188} INFO - [2024-07-12T10:33:57.996+0000] {dagbag.py:545} INFO - Filling up the DagBag from /opt/airflow/dags/ods_init.py
[2024-07-12T10:33:58.015+0000] {processor.py:840} INFO - DAG(s) 'ods_init' retrieved from /opt/airflow/dags/ods_init.py
[2024-07-12T10:33:58.075+0000] {logging_mixin.py:188} INFO - [2024-07-12T10:33:58.074+0000] {dag.py:3096} INFO - Sync 1 DAGs
[2024-07-12T10:33:58.111+0000] {logging_mixin.py:188} INFO - [2024-07-12T10:33:58.111+0000] {dag.py:3954} INFO - Setting next_dagrun for ods_init to None, run_after=None
[2024-07-12T10:33:58.160+0000] {processor.py:183} INFO - Processing /opt/airflow/dags/ods_init.py took 0.178 seconds
[2024-07-12T10:34:28.420+0000] {processor.py:161} INFO - Started process (PID=108) to work on /opt/airflow/dags/ods_init.py
[2024-07-12T10:34:28.421+0000] {processor.py:830} INFO - Processing file /opt/airflow/dags/ods_init.py for tasks to queue
[2024-07-12T10:34:28.424+0000] {logging_mixin.py:188} INFO - [2024-07-12T10:34:28.424+0000] {dagbag.py:545} INFO - Filling up the DagBag from /opt/airflow/dags/ods_init.py
[2024-07-12T10:34:28.440+0000] {processor.py:840} INFO - DAG(s) 'ods_init' retrieved from /opt/airflow/dags/ods_init.py
[2024-07-12T10:34:28.504+0000] {logging_mixin.py:188} INFO - [2024-07-12T10:34:28.503+0000] {dag.py:3096} INFO - Sync 1 DAGs
[2024-07-12T10:34:28.536+0000] {logging_mixin.py:188} INFO - [2024-07-12T10:34:28.535+0000] {dag.py:3954} INFO - Setting next_dagrun for ods_init to None, run_after=None
[2024-07-12T10:34:28.599+0000] {processor.py:183} INFO - Processing /opt/airflow/dags/ods_init.py took 0.196 seconds
[2024-07-12T10:34:58.907+0000] {processor.py:161} INFO - Started process (PID=117) to work on /opt/airflow/dags/ods_init.py
[2024-07-12T10:34:58.909+0000] {processor.py:830} INFO - Processing file /opt/airflow/dags/ods_init.py for tasks to queue
[2024-07-12T10:34:58.913+0000] {logging_mixin.py:188} INFO - [2024-07-12T10:34:58.912+0000] {dagbag.py:545} INFO - Filling up the DagBag from /opt/airflow/dags/ods_init.py
[2024-07-12T10:34:58.934+0000] {processor.py:840} INFO - DAG(s) 'ods_init' retrieved from /opt/airflow/dags/ods_init.py
[2024-07-12T10:34:58.991+0000] {logging_mixin.py:188} INFO - [2024-07-12T10:34:58.990+0000] {dag.py:3096} INFO - Sync 1 DAGs
[2024-07-12T10:34:59.016+0000] {logging_mixin.py:188} INFO - [2024-07-12T10:34:59.015+0000] {dag.py:3954} INFO - Setting next_dagrun for ods_init to None, run_after=None
[2024-07-12T10:34:59.055+0000] {processor.py:183} INFO - Processing /opt/airflow/dags/ods_init.py took 0.176 seconds
[2024-07-12T10:35:29.325+0000] {processor.py:161} INFO - Started process (PID=127) to work on /opt/airflow/dags/ods_init.py
[2024-07-12T10:35:29.327+0000] {processor.py:830} INFO - Processing file /opt/airflow/dags/ods_init.py for tasks to queue
[2024-07-12T10:35:29.329+0000] {logging_mixin.py:188} INFO - [2024-07-12T10:35:29.329+0000] {dagbag.py:545} INFO - Filling up the DagBag from /opt/airflow/dags/ods_init.py
[2024-07-12T10:35:29.348+0000] {processor.py:840} INFO - DAG(s) 'ods_init' retrieved from /opt/airflow/dags/ods_init.py
[2024-07-12T10:35:29.402+0000] {logging_mixin.py:188} INFO - [2024-07-12T10:35:29.401+0000] {dag.py:3096} INFO - Sync 1 DAGs
[2024-07-12T10:35:29.431+0000] {logging_mixin.py:188} INFO - [2024-07-12T10:35:29.431+0000] {dag.py:3954} INFO - Setting next_dagrun for ods_init to None, run_after=None
[2024-07-12T10:35:29.475+0000] {processor.py:183} INFO - Processing /opt/airflow/dags/ods_init.py took 0.165 seconds
[2024-07-12T10:35:59.787+0000] {processor.py:161} INFO - Started process (PID=136) to work on /opt/airflow/dags/ods_init.py
[2024-07-12T10:35:59.789+0000] {processor.py:830} INFO - Processing file /opt/airflow/dags/ods_init.py for tasks to queue
[2024-07-12T10:35:59.795+0000] {logging_mixin.py:188} INFO - [2024-07-12T10:35:59.792+0000] {dagbag.py:545} INFO - Filling up the DagBag from /opt/airflow/dags/ods_init.py
[2024-07-12T10:35:59.823+0000] {processor.py:840} INFO - DAG(s) 'ods_init' retrieved from /opt/airflow/dags/ods_init.py
[2024-07-12T10:35:59.881+0000] {logging_mixin.py:188} INFO - [2024-07-12T10:35:59.881+0000] {dag.py:3096} INFO - Sync 1 DAGs
[2024-07-12T10:35:59.904+0000] {logging_mixin.py:188} INFO - [2024-07-12T10:35:59.903+0000] {dag.py:3954} INFO - Setting next_dagrun for ods_init to None, run_after=None
[2024-07-12T10:35:59.946+0000] {processor.py:183} INFO - Processing /opt/airflow/dags/ods_init.py took 0.188 seconds
[2024-07-12T10:36:30.186+0000] {processor.py:161} INFO - Started process (PID=145) to work on /opt/airflow/dags/ods_init.py
[2024-07-12T10:36:30.187+0000] {processor.py:830} INFO - Processing file /opt/airflow/dags/ods_init.py for tasks to queue
[2024-07-12T10:36:30.189+0000] {logging_mixin.py:188} INFO - [2024-07-12T10:36:30.189+0000] {dagbag.py:545} INFO - Filling up the DagBag from /opt/airflow/dags/ods_init.py
[2024-07-12T10:36:30.200+0000] {processor.py:840} INFO - DAG(s) 'ods_init' retrieved from /opt/airflow/dags/ods_init.py
[2024-07-12T10:36:30.256+0000] {logging_mixin.py:188} INFO - [2024-07-12T10:36:30.255+0000] {dag.py:3096} INFO - Sync 1 DAGs
[2024-07-12T10:36:30.287+0000] {logging_mixin.py:188} INFO - [2024-07-12T10:36:30.286+0000] {dag.py:3954} INFO - Setting next_dagrun for ods_init to None, run_after=None
[2024-07-12T10:36:30.336+0000] {processor.py:183} INFO - Processing /opt/airflow/dags/ods_init.py took 0.160 seconds
[2024-07-12T10:37:00.588+0000] {processor.py:161} INFO - Started process (PID=154) to work on /opt/airflow/dags/ods_init.py
[2024-07-12T10:37:00.590+0000] {processor.py:830} INFO - Processing file /opt/airflow/dags/ods_init.py for tasks to queue
[2024-07-12T10:37:00.594+0000] {logging_mixin.py:188} INFO - [2024-07-12T10:37:00.593+0000] {dagbag.py:545} INFO - Filling up the DagBag from /opt/airflow/dags/ods_init.py
[2024-07-12T10:37:00.614+0000] {processor.py:840} INFO - DAG(s) 'ods_init' retrieved from /opt/airflow/dags/ods_init.py
[2024-07-12T10:37:00.681+0000] {logging_mixin.py:188} INFO - [2024-07-12T10:37:00.680+0000] {dag.py:3096} INFO - Sync 1 DAGs
[2024-07-12T10:37:00.711+0000] {logging_mixin.py:188} INFO - [2024-07-12T10:37:00.711+0000] {dag.py:3954} INFO - Setting next_dagrun for ods_init to None, run_after=None
[2024-07-12T10:37:00.761+0000] {processor.py:183} INFO - Processing /opt/airflow/dags/ods_init.py took 0.190 seconds
[2024-07-12T10:37:31.009+0000] {processor.py:161} INFO - Started process (PID=163) to work on /opt/airflow/dags/ods_init.py
[2024-07-12T10:37:31.011+0000] {processor.py:830} INFO - Processing file /opt/airflow/dags/ods_init.py for tasks to queue
[2024-07-12T10:37:31.013+0000] {logging_mixin.py:188} INFO - [2024-07-12T10:37:31.013+0000] {dagbag.py:545} INFO - Filling up the DagBag from /opt/airflow/dags/ods_init.py
[2024-07-12T10:37:31.028+0000] {processor.py:840} INFO - DAG(s) 'ods_init' retrieved from /opt/airflow/dags/ods_init.py
[2024-07-12T10:37:31.076+0000] {logging_mixin.py:188} INFO - [2024-07-12T10:37:31.075+0000] {dag.py:3096} INFO - Sync 1 DAGs
[2024-07-12T10:37:31.100+0000] {logging_mixin.py:188} INFO - [2024-07-12T10:37:31.100+0000] {dag.py:3954} INFO - Setting next_dagrun for ods_init to None, run_after=None
[2024-07-12T10:37:31.142+0000] {processor.py:183} INFO - Processing /opt/airflow/dags/ods_init.py took 0.145 seconds
[2024-07-12T10:38:01.400+0000] {processor.py:161} INFO - Started process (PID=172) to work on /opt/airflow/dags/ods_init.py
[2024-07-12T10:38:01.402+0000] {processor.py:830} INFO - Processing file /opt/airflow/dags/ods_init.py for tasks to queue
[2024-07-12T10:38:01.405+0000] {logging_mixin.py:188} INFO - [2024-07-12T10:38:01.404+0000] {dagbag.py:545} INFO - Filling up the DagBag from /opt/airflow/dags/ods_init.py
[2024-07-12T10:38:01.425+0000] {processor.py:840} INFO - DAG(s) 'ods_init' retrieved from /opt/airflow/dags/ods_init.py
[2024-07-12T10:38:01.496+0000] {logging_mixin.py:188} INFO - [2024-07-12T10:38:01.495+0000] {dag.py:3096} INFO - Sync 1 DAGs
[2024-07-12T10:38:01.577+0000] {logging_mixin.py:188} INFO - [2024-07-12T10:38:01.577+0000] {dag.py:3954} INFO - Setting next_dagrun for ods_init to None, run_after=None
[2024-07-12T10:38:01.643+0000] {processor.py:183} INFO - Processing /opt/airflow/dags/ods_init.py took 0.258 seconds
[2024-07-12T10:38:31.929+0000] {processor.py:161} INFO - Started process (PID=182) to work on /opt/airflow/dags/ods_init.py
[2024-07-12T10:38:31.934+0000] {processor.py:830} INFO - Processing file /opt/airflow/dags/ods_init.py for tasks to queue
[2024-07-12T10:38:31.944+0000] {logging_mixin.py:188} INFO - [2024-07-12T10:38:31.943+0000] {dagbag.py:545} INFO - Filling up the DagBag from /opt/airflow/dags/ods_init.py
[2024-07-12T10:38:31.965+0000] {processor.py:840} INFO - DAG(s) 'ods_init' retrieved from /opt/airflow/dags/ods_init.py
[2024-07-12T10:38:32.026+0000] {logging_mixin.py:188} INFO - [2024-07-12T10:38:32.025+0000] {dag.py:3096} INFO - Sync 1 DAGs
[2024-07-12T10:38:32.062+0000] {logging_mixin.py:188} INFO - [2024-07-12T10:38:32.061+0000] {dag.py:3954} INFO - Setting next_dagrun for ods_init to None, run_after=None
[2024-07-12T10:38:32.125+0000] {processor.py:183} INFO - Processing /opt/airflow/dags/ods_init.py took 0.211 seconds
[2024-07-12T10:39:02.393+0000] {processor.py:161} INFO - Started process (PID=191) to work on /opt/airflow/dags/ods_init.py
[2024-07-12T10:39:02.395+0000] {processor.py:830} INFO - Processing file /opt/airflow/dags/ods_init.py for tasks to queue
[2024-07-12T10:39:02.398+0000] {logging_mixin.py:188} INFO - [2024-07-12T10:39:02.398+0000] {dagbag.py:545} INFO - Filling up the DagBag from /opt/airflow/dags/ods_init.py
[2024-07-12T10:39:02.412+0000] {processor.py:840} INFO - DAG(s) 'ods_init' retrieved from /opt/airflow/dags/ods_init.py
[2024-07-12T10:39:02.484+0000] {logging_mixin.py:188} INFO - [2024-07-12T10:39:02.482+0000] {dag.py:3096} INFO - Sync 1 DAGs
[2024-07-12T10:39:02.516+0000] {logging_mixin.py:188} INFO - [2024-07-12T10:39:02.516+0000] {dag.py:3954} INFO - Setting next_dagrun for ods_init to None, run_after=None
[2024-07-12T10:39:02.578+0000] {processor.py:183} INFO - Processing /opt/airflow/dags/ods_init.py took 0.195 seconds
[2024-07-12T10:39:32.850+0000] {processor.py:161} INFO - Started process (PID=200) to work on /opt/airflow/dags/ods_init.py
[2024-07-12T10:39:32.852+0000] {processor.py:830} INFO - Processing file /opt/airflow/dags/ods_init.py for tasks to queue
[2024-07-12T10:39:32.855+0000] {logging_mixin.py:188} INFO - [2024-07-12T10:39:32.855+0000] {dagbag.py:545} INFO - Filling up the DagBag from /opt/airflow/dags/ods_init.py
[2024-07-12T10:39:32.876+0000] {processor.py:840} INFO - DAG(s) 'ods_init' retrieved from /opt/airflow/dags/ods_init.py
[2024-07-12T10:39:32.966+0000] {logging_mixin.py:188} INFO - [2024-07-12T10:39:32.965+0000] {dag.py:3096} INFO - Sync 1 DAGs
[2024-07-12T10:39:32.997+0000] {logging_mixin.py:188} INFO - [2024-07-12T10:39:32.997+0000] {dag.py:3954} INFO - Setting next_dagrun for ods_init to None, run_after=None
[2024-07-12T10:39:33.048+0000] {processor.py:183} INFO - Processing /opt/airflow/dags/ods_init.py took 0.213 seconds
[2024-07-12T10:40:03.305+0000] {processor.py:161} INFO - Started process (PID=209) to work on /opt/airflow/dags/ods_init.py
[2024-07-12T10:40:03.307+0000] {processor.py:830} INFO - Processing file /opt/airflow/dags/ods_init.py for tasks to queue
[2024-07-12T10:40:03.310+0000] {logging_mixin.py:188} INFO - [2024-07-12T10:40:03.310+0000] {dagbag.py:545} INFO - Filling up the DagBag from /opt/airflow/dags/ods_init.py
[2024-07-12T10:40:03.327+0000] {processor.py:840} INFO - DAG(s) 'ods_init' retrieved from /opt/airflow/dags/ods_init.py
[2024-07-12T10:40:03.390+0000] {logging_mixin.py:188} INFO - [2024-07-12T10:40:03.390+0000] {dag.py:3096} INFO - Sync 1 DAGs
[2024-07-12T10:40:03.419+0000] {logging_mixin.py:188} INFO - [2024-07-12T10:40:03.419+0000] {dag.py:3954} INFO - Setting next_dagrun for ods_init to None, run_after=None
[2024-07-12T10:40:03.479+0000] {processor.py:183} INFO - Processing /opt/airflow/dags/ods_init.py took 0.186 seconds
[2024-07-12T10:40:33.730+0000] {processor.py:161} INFO - Started process (PID=218) to work on /opt/airflow/dags/ods_init.py
[2024-07-12T10:40:33.731+0000] {processor.py:830} INFO - Processing file /opt/airflow/dags/ods_init.py for tasks to queue
[2024-07-12T10:40:33.734+0000] {logging_mixin.py:188} INFO - [2024-07-12T10:40:33.733+0000] {dagbag.py:545} INFO - Filling up the DagBag from /opt/airflow/dags/ods_init.py
[2024-07-12T10:40:33.747+0000] {processor.py:840} INFO - DAG(s) 'ods_init' retrieved from /opt/airflow/dags/ods_init.py
[2024-07-12T10:40:33.810+0000] {logging_mixin.py:188} INFO - [2024-07-12T10:40:33.809+0000] {dag.py:3096} INFO - Sync 1 DAGs
[2024-07-12T10:40:33.841+0000] {logging_mixin.py:188} INFO - [2024-07-12T10:40:33.840+0000] {dag.py:3954} INFO - Setting next_dagrun for ods_init to None, run_after=None
[2024-07-12T10:40:33.897+0000] {processor.py:183} INFO - Processing /opt/airflow/dags/ods_init.py took 0.179 seconds
