[2024-07-05T12:02:01.801+0000] {local_task_job_runner.py:120} INFO - ::group::Pre task execution logs
[2024-07-05T12:02:01.824+0000] {taskinstance.py:2076} INFO - Dependencies all met for dep_context=non-requeueable deps ti=<TaskInstance: postgres_dag.select_limit_1 manual__2024-07-05T12:02:01.129035+00:00 [queued]>
[2024-07-05T12:02:01.831+0000] {taskinstance.py:2076} INFO - Dependencies all met for dep_context=requeueable deps ti=<TaskInstance: postgres_dag.select_limit_1 manual__2024-07-05T12:02:01.129035+00:00 [queued]>
[2024-07-05T12:02:01.832+0000] {taskinstance.py:2306} INFO - Starting attempt 1 of 3
[2024-07-05T12:02:01.845+0000] {taskinstance.py:2330} INFO - Executing <Task(PostgresOperator): select_limit_1> on 2024-07-05 12:02:01.129035+00:00
[2024-07-05T12:02:01.850+0000] {warnings.py:112} WARNING - /home/***/.local/lib/python3.12/site-packages/***/task/task_runner/standard_task_runner.py:61: DeprecationWarning: This process (pid=1224) is multi-threaded, use of fork() may lead to deadlocks in the child.
  pid = os.fork()

[2024-07-05T12:02:01.852+0000] {standard_task_runner.py:63} INFO - Started process 1225 to run task
[2024-07-05T12:02:01.852+0000] {standard_task_runner.py:90} INFO - Running: ['***', 'tasks', 'run', 'postgres_dag', 'select_limit_1', 'manual__2024-07-05T12:02:01.129035+00:00', '--job-id', '342', '--raw', '--subdir', 'DAGS_FOLDER/postgres_dag.py', '--cfg-path', '/tmp/tmpxyh3h_f2']
[2024-07-05T12:02:01.853+0000] {standard_task_runner.py:91} INFO - Job 342: Subtask select_limit_1
[2024-07-05T12:02:01.895+0000] {task_command.py:426} INFO - Running <TaskInstance: postgres_dag.select_limit_1 manual__2024-07-05T12:02:01.129035+00:00 [running]> on host 07d7d8ee1848
[2024-07-05T12:02:01.980+0000] {taskinstance.py:2648} INFO - Exporting env vars: AIRFLOW_CTX_DAG_OWNER='Vyacheslav' AIRFLOW_CTX_DAG_ID='postgres_dag' AIRFLOW_CTX_TASK_ID='select_limit_1' AIRFLOW_CTX_EXECUTION_DATE='2024-07-05T12:02:01.129035+00:00' AIRFLOW_CTX_TRY_NUMBER='1' AIRFLOW_CTX_DAG_RUN_ID='manual__2024-07-05T12:02:01.129035+00:00'
[2024-07-05T12:02:01.981+0000] {taskinstance.py:430} INFO - ::endgroup::
[2024-07-05T12:02:01.994+0000] {sql.py:276} INFO - Executing: SELECT * FROM source.source_data.базы_данных LIMIT 1
[2024-07-05T12:02:02.003+0000] {base.py:84} INFO - Using connection ID 'postgres_default' for task execution.
[2024-07-05T12:02:02.012+0000] {base.py:84} INFO - Using connection ID 'postgres_default' for task execution.
[2024-07-05T12:02:02.126+0000] {sql.py:487} INFO - Running statement: SELECT * FROM source.source_data.базы_данных LIMIT 1, parameters: None
[2024-07-05T12:02:02.182+0000] {sql.py:496} INFO - Rows affected: 1
[2024-07-05T12:02:02.210+0000] {taskinstance.py:441} INFO - ::group::Post task execution logs
[2024-07-05T12:02:02.233+0000] {taskinstance.py:1206} INFO - Marking task as SUCCESS. dag_id=postgres_dag, task_id=select_limit_1, run_id=manual__2024-07-05T12:02:01.129035+00:00, execution_date=20240705T120201, start_date=20240705T120201, end_date=20240705T120202
[2024-07-05T12:02:02.267+0000] {local_task_job_runner.py:240} INFO - Task exited with return code 0
[2024-07-05T12:02:02.281+0000] {taskinstance.py:3503} INFO - 0 downstream tasks scheduled from follow-on schedule check
[2024-07-05T12:02:02.283+0000] {local_task_job_runner.py:222} INFO - ::endgroup::
