[2024-07-09T11:28:20.641+0000] {local_task_job_runner.py:120} INFO - ::group::Pre task execution logs
[2024-07-09T11:28:20.682+0000] {taskinstance.py:2076} INFO - Dependencies all met for dep_context=non-requeueable deps ti=<TaskInstance: pipeline_4_andronov.load_data_to_ods scheduled__2024-07-08T04:00:00+00:00 [queued]>
[2024-07-09T11:28:20.696+0000] {taskinstance.py:2076} INFO - Dependencies all met for dep_context=requeueable deps ti=<TaskInstance: pipeline_4_andronov.load_data_to_ods scheduled__2024-07-08T04:00:00+00:00 [queued]>
[2024-07-09T11:28:20.696+0000] {taskinstance.py:2306} INFO - Starting attempt 1 of 1
[2024-07-09T11:28:20.713+0000] {taskinstance.py:2330} INFO - Executing <Task(_PythonDecoratedOperator): load_data_to_ods> on 2024-07-08 04:00:00+00:00
[2024-07-09T11:28:20.729+0000] {standard_task_runner.py:90} INFO - Running: ['***', 'tasks', 'run', 'pipeline_4_andronov', 'load_data_to_ods', 'scheduled__2024-07-08T04:00:00+00:00', '--job-id', '9', '--raw', '--subdir', 'DAGS_FOLDER/ods_load.py', '--cfg-path', '/tmp/tmpvfujq1ww']
[2024-07-09T11:28:20.728+0000] {warnings.py:112} WARNING - /home/***/.local/lib/python3.12/site-packages/***/task/task_runner/standard_task_runner.py:61: DeprecationWarning: This process (pid=56) is multi-threaded, use of fork() may lead to deadlocks in the child.
  pid = os.fork()

[2024-07-09T11:28:20.734+0000] {standard_task_runner.py:91} INFO - Job 9: Subtask load_data_to_ods
[2024-07-09T11:28:20.734+0000] {standard_task_runner.py:63} INFO - Started process 57 to run task
[2024-07-09T11:28:20.867+0000] {task_command.py:426} INFO - Running <TaskInstance: pipeline_4_andronov.load_data_to_ods scheduled__2024-07-08T04:00:00+00:00 [running]> on host abab0bea2faf
[2024-07-09T11:28:21.031+0000] {taskinstance.py:2648} INFO - Exporting env vars: AIRFLOW_CTX_DAG_OWNER='***' AIRFLOW_CTX_DAG_ID='pipeline_4_andronov' AIRFLOW_CTX_TASK_ID='load_data_to_ods' AIRFLOW_CTX_EXECUTION_DATE='2024-07-08T04:00:00+00:00' AIRFLOW_CTX_TRY_NUMBER='1' AIRFLOW_CTX_DAG_RUN_ID='scheduled__2024-07-08T04:00:00+00:00'
[2024-07-09T11:28:21.033+0000] {taskinstance.py:430} INFO - ::endgroup::
[2024-07-09T11:28:21.056+0000] {base.py:84} INFO - Using connection ID 'source_conn' for task execution.
[2024-07-09T11:28:21.404+0000] {sql.py:487} INFO - Running statement: 
            SELECT table_name
            FROM information_schema.tables
            WHERE table_schema = 'source_data'
            AND table_type = 'BASE TABLE';
        , parameters: None
[2024-07-09T11:28:21.485+0000] {sql.py:496} INFO - Rows affected: 31
[2024-07-09T11:28:21.603+0000] {base.py:84} INFO - Using connection ID 'source_conn' for task execution.
[2024-07-09T11:28:21.893+0000] {sql.py:487} INFO - Running statement: SELECT * FROM source_data.уровни_знаний, parameters: None
[2024-07-09T11:28:22.098+0000] {sql.py:496} INFO - Rows affected: 6
[2024-07-09T11:28:22.216+0000] {base.py:84} INFO - Using connection ID 'etl_db_4_conn' for task execution.
[2024-07-09T11:28:22.616+0000] {base.py:84} INFO - Using connection ID 'etl_db_4_conn' for task execution.
[2024-07-09T11:28:23.167+0000] {sql.py:598} INFO - Loaded 6 rows into andronov_ods.уровни_знаний so far
[2024-07-09T11:28:23.168+0000] {sql.py:611} INFO - Done loading. Loaded a total of 6 rows into andronov_ods.уровни_знаний
[2024-07-09T11:28:23.174+0000] {base.py:84} INFO - Using connection ID 'source_conn' for task execution.
[2024-07-09T11:28:23.307+0000] {sql.py:487} INFO - Running statement: SELECT * FROM source_data.языки_пользователей, parameters: None
[2024-07-09T11:28:23.431+0000] {sql.py:496} INFO - Rows affected: 451
[2024-07-09T11:28:23.474+0000] {base.py:84} INFO - Using connection ID 'etl_db_4_conn' for task execution.
[2024-07-09T11:28:23.599+0000] {base.py:84} INFO - Using connection ID 'etl_db_4_conn' for task execution.
[2024-07-09T11:28:37.495+0000] {sql.py:598} INFO - Loaded 451 rows into andronov_ods.языки_пользователей so far
[2024-07-09T11:28:37.496+0000] {sql.py:611} INFO - Done loading. Loaded a total of 451 rows into andronov_ods.языки_пользователей
[2024-07-09T11:28:37.504+0000] {base.py:84} INFO - Using connection ID 'source_conn' for task execution.
[2024-07-09T11:28:37.620+0000] {sql.py:487} INFO - Running statement: SELECT * FROM source_data.типы_систем, parameters: None
[2024-07-09T11:28:37.680+0000] {sql.py:496} INFO - Rows affected: 8
[2024-07-09T11:28:37.716+0000] {base.py:84} INFO - Using connection ID 'etl_db_4_conn' for task execution.
[2024-07-09T11:28:37.855+0000] {base.py:84} INFO - Using connection ID 'etl_db_4_conn' for task execution.
[2024-07-09T11:28:38.146+0000] {sql.py:598} INFO - Loaded 8 rows into andronov_ods.типы_систем so far
[2024-07-09T11:28:38.147+0000] {sql.py:611} INFO - Done loading. Loaded a total of 8 rows into andronov_ods.типы_систем
[2024-07-09T11:28:38.156+0000] {base.py:84} INFO - Using connection ID 'source_conn' for task execution.
[2024-07-09T11:28:38.279+0000] {sql.py:487} INFO - Running statement: SELECT * FROM source_data.уровень_образования, parameters: None
[2024-07-09T11:28:38.342+0000] {sql.py:496} INFO - Rows affected: 31
[2024-07-09T11:28:38.378+0000] {base.py:84} INFO - Using connection ID 'etl_db_4_conn' for task execution.
[2024-07-09T11:28:38.499+0000] {base.py:84} INFO - Using connection ID 'etl_db_4_conn' for task execution.
[2024-07-09T11:28:39.459+0000] {sql.py:598} INFO - Loaded 31 rows into andronov_ods.уровень_образования so far
[2024-07-09T11:28:39.460+0000] {sql.py:611} INFO - Done loading. Loaded a total of 31 rows into andronov_ods.уровень_образования
[2024-07-09T11:28:39.467+0000] {base.py:84} INFO - Using connection ID 'source_conn' for task execution.
[2024-07-09T11:28:39.581+0000] {sql.py:487} INFO - Running statement: SELECT * FROM source_data.среды_разработки, parameters: None
[2024-07-09T11:28:39.640+0000] {sql.py:496} INFO - Rows affected: 6
[2024-07-09T11:28:39.678+0000] {base.py:84} INFO - Using connection ID 'etl_db_4_conn' for task execution.
[2024-07-09T11:28:39.799+0000] {base.py:84} INFO - Using connection ID 'etl_db_4_conn' for task execution.
[2024-07-09T11:28:40.029+0000] {sql.py:598} INFO - Loaded 6 rows into andronov_ods.среды_разработки so far
[2024-07-09T11:28:40.030+0000] {sql.py:611} INFO - Done loading. Loaded a total of 6 rows into andronov_ods.среды_разработки
[2024-07-09T11:28:40.038+0000] {base.py:84} INFO - Using connection ID 'source_conn' for task execution.
[2024-07-09T11:28:40.156+0000] {sql.py:487} INFO - Running statement: SELECT * FROM source_data.технологии_и_уровень_знаний_сотру, parameters: None
[2024-07-09T11:28:40.375+0000] {sql.py:496} INFO - Rows affected: 2520
[2024-07-09T11:28:40.411+0000] {base.py:84} INFO - Using connection ID 'etl_db_4_conn' for task execution.
[2024-07-09T11:28:40.536+0000] {base.py:84} INFO - Using connection ID 'etl_db_4_conn' for task execution.
[2024-07-09T11:29:12.722+0000] {sql.py:598} INFO - Loaded 1000 rows into andronov_ods.технологии_и_уровень_знаний_сотру so far
[2024-07-09T11:29:12.731+0000] {base.py:84} INFO - Using connection ID 'etl_db_4_conn' for task execution.
[2024-07-09T11:29:45.645+0000] {sql.py:598} INFO - Loaded 1000 rows into andronov_ods.технологии_и_уровень_знаний_сотру so far
[2024-07-09T11:29:45.653+0000] {base.py:84} INFO - Using connection ID 'etl_db_4_conn' for task execution.
[2024-07-09T11:30:08.080+0000] {sql.py:598} INFO - Loaded 520 rows into andronov_ods.технологии_и_уровень_знаний_сотру so far
[2024-07-09T11:30:08.081+0000] {sql.py:611} INFO - Done loading. Loaded a total of 2520 rows into andronov_ods.технологии_и_уровень_знаний_сотру
[2024-07-09T11:30:08.088+0000] {base.py:84} INFO - Using connection ID 'source_conn' for task execution.
[2024-07-09T11:30:08.206+0000] {sql.py:487} INFO - Running statement: SELECT * FROM source_data.уровни_владения_ин, parameters: None
[2024-07-09T11:30:08.265+0000] {sql.py:496} INFO - Rows affected: 6
[2024-07-09T11:30:08.303+0000] {base.py:84} INFO - Using connection ID 'etl_db_4_conn' for task execution.
[2024-07-09T11:30:08.434+0000] {base.py:84} INFO - Using connection ID 'etl_db_4_conn' for task execution.
[2024-07-09T11:30:08.682+0000] {sql.py:598} INFO - Loaded 6 rows into andronov_ods.уровни_владения_ин so far
[2024-07-09T11:30:08.683+0000] {sql.py:611} INFO - Done loading. Loaded a total of 6 rows into andronov_ods.уровни_владения_ин
[2024-07-09T11:30:08.689+0000] {base.py:84} INFO - Using connection ID 'source_conn' for task execution.
[2024-07-09T11:30:08.812+0000] {sql.py:487} INFO - Running statement: SELECT * FROM source_data.языки_программирования, parameters: None
[2024-07-09T11:30:08.870+0000] {sql.py:496} INFO - Rows affected: 32
[2024-07-09T11:30:08.908+0000] {base.py:84} INFO - Using connection ID 'etl_db_4_conn' for task execution.
[2024-07-09T11:30:09.044+0000] {base.py:84} INFO - Using connection ID 'etl_db_4_conn' for task execution.
[2024-07-09T11:30:10.041+0000] {sql.py:598} INFO - Loaded 32 rows into andronov_ods.языки_программирования so far
[2024-07-09T11:30:10.042+0000] {sql.py:611} INFO - Done loading. Loaded a total of 32 rows into andronov_ods.языки_программирования
[2024-07-09T11:30:10.049+0000] {base.py:84} INFO - Using connection ID 'source_conn' for task execution.
[2024-07-09T11:30:10.170+0000] {sql.py:487} INFO - Running statement: SELECT * FROM source_data.фреймворки, parameters: None
[2024-07-09T11:30:10.230+0000] {sql.py:496} INFO - Rows affected: 17
[2024-07-09T11:30:10.266+0000] {base.py:84} INFO - Using connection ID 'etl_db_4_conn' for task execution.
[2024-07-09T11:30:10.396+0000] {base.py:84} INFO - Using connection ID 'etl_db_4_conn' for task execution.
[2024-07-09T11:30:10.953+0000] {sql.py:598} INFO - Loaded 17 rows into andronov_ods.фреймворки so far
[2024-07-09T11:30:10.954+0000] {sql.py:611} INFO - Done loading. Loaded a total of 17 rows into andronov_ods.фреймворки
[2024-07-09T11:30:10.960+0000] {base.py:84} INFO - Using connection ID 'source_conn' for task execution.
[2024-07-09T11:30:11.083+0000] {sql.py:487} INFO - Running statement: SELECT * FROM source_data.платформы_и_уровень_знаний_сотруд, parameters: None
[2024-07-09T11:30:14.158+0000] {sql.py:496} INFO - Rows affected: 1489
[2024-07-09T11:30:15.045+0000] {base.py:84} INFO - Using connection ID 'etl_db_4_conn' for task execution.
[2024-07-09T11:30:15.219+0000] {base.py:84} INFO - Using connection ID 'etl_db_4_conn' for task execution.
[2024-07-09T11:31:05.996+0000] {sql.py:598} INFO - Loaded 1000 rows into andronov_ods.платформы_и_уровень_знаний_сотруд so far
[2024-07-09T11:31:06.005+0000] {base.py:84} INFO - Using connection ID 'etl_db_4_conn' for task execution.
[2024-07-09T11:31:30.109+0000] {sql.py:598} INFO - Loaded 489 rows into andronov_ods.платформы_и_уровень_знаний_сотруд so far
[2024-07-09T11:31:30.109+0000] {sql.py:611} INFO - Done loading. Loaded a total of 1489 rows into andronov_ods.платформы_и_уровень_знаний_сотруд
[2024-07-09T11:31:30.115+0000] {base.py:84} INFO - Using connection ID 'source_conn' for task execution.
[2024-07-09T11:31:30.519+0000] {sql.py:487} INFO - Running statement: SELECT * FROM source_data.платформы, parameters: None
[2024-07-09T11:31:30.724+0000] {sql.py:496} INFO - Rows affected: 40
[2024-07-09T11:31:30.832+0000] {base.py:84} INFO - Using connection ID 'etl_db_4_conn' for task execution.
[2024-07-09T11:31:31.225+0000] {base.py:84} INFO - Using connection ID 'etl_db_4_conn' for task execution.
[2024-07-09T11:31:35.230+0000] {sql.py:598} INFO - Loaded 40 rows into andronov_ods.платформы so far
[2024-07-09T11:31:35.231+0000] {sql.py:611} INFO - Done loading. Loaded a total of 40 rows into andronov_ods.платформы
[2024-07-09T11:31:35.237+0000] {base.py:84} INFO - Using connection ID 'source_conn' for task execution.
[2024-07-09T11:31:35.536+0000] {sql.py:487} INFO - Running statement: SELECT * FROM source_data.предметная_область, parameters: None
[2024-07-09T11:31:35.743+0000] {sql.py:496} INFO - Rows affected: 13
[2024-07-09T11:31:35.849+0000] {base.py:84} INFO - Using connection ID 'etl_db_4_conn' for task execution.
[2024-07-09T11:31:36.261+0000] {base.py:84} INFO - Using connection ID 'etl_db_4_conn' for task execution.
[2024-07-09T11:31:37.585+0000] {sql.py:598} INFO - Loaded 13 rows into andronov_ods.предметная_область so far
[2024-07-09T11:31:37.585+0000] {sql.py:611} INFO - Done loading. Loaded a total of 13 rows into andronov_ods.предметная_область
[2024-07-09T11:31:37.592+0000] {base.py:84} INFO - Using connection ID 'source_conn' for task execution.
[2024-07-09T11:31:37.994+0000] {sql.py:487} INFO - Running statement: SELECT * FROM source_data.языки, parameters: None
[2024-07-09T11:31:38.199+0000] {sql.py:496} INFO - Rows affected: 6
[2024-07-09T11:31:38.309+0000] {base.py:84} INFO - Using connection ID 'etl_db_4_conn' for task execution.
[2024-07-09T11:31:38.719+0000] {base.py:84} INFO - Using connection ID 'etl_db_4_conn' for task execution.
[2024-07-09T11:31:39.278+0000] {sql.py:598} INFO - Loaded 6 rows into andronov_ods.языки so far
[2024-07-09T11:31:39.279+0000] {sql.py:611} INFO - Done loading. Loaded a total of 6 rows into andronov_ods.языки
[2024-07-09T11:31:39.286+0000] {base.py:84} INFO - Using connection ID 'source_conn' for task execution.
[2024-07-09T11:31:39.633+0000] {sql.py:487} INFO - Running statement: SELECT * FROM source_data.инструменты_и_уровень_знаний_сотр, parameters: None
[2024-07-09T11:31:40.454+0000] {sql.py:496} INFO - Rows affected: 1993
[2024-07-09T11:31:40.563+0000] {base.py:84} INFO - Using connection ID 'etl_db_4_conn' for task execution.
[2024-07-09T11:31:40.871+0000] {base.py:84} INFO - Using connection ID 'etl_db_4_conn' for task execution.
[2024-07-09T11:32:16.354+0000] {sql.py:598} INFO - Loaded 1000 rows into andronov_ods.инструменты_и_уровень_знаний_сотр so far
[2024-07-09T11:32:16.363+0000] {base.py:84} INFO - Using connection ID 'etl_db_4_conn' for task execution.
[2024-07-09T11:32:55.918+0000] {sql.py:598} INFO - Loaded 993 rows into andronov_ods.инструменты_и_уровень_знаний_сотр so far
[2024-07-09T11:32:55.918+0000] {sql.py:611} INFO - Done loading. Loaded a total of 1993 rows into andronov_ods.инструменты_и_уровень_знаний_сотр
[2024-07-09T11:32:55.925+0000] {base.py:84} INFO - Using connection ID 'source_conn' for task execution.
[2024-07-09T11:32:56.069+0000] {sql.py:487} INFO - Running statement: SELECT * FROM source_data.базы_данных_и_уровень_знаний_сотру, parameters: None
[2024-07-09T11:32:56.208+0000] {sql.py:496} INFO - Rows affected: 495
[2024-07-09T11:32:56.247+0000] {base.py:84} INFO - Using connection ID 'etl_db_4_conn' for task execution.
[2024-07-09T11:32:56.383+0000] {base.py:84} INFO - Using connection ID 'etl_db_4_conn' for task execution.
[2024-07-09T11:33:27.157+0000] {sql.py:598} INFO - Loaded 495 rows into andronov_ods.базы_данных_и_уровень_знаний_сотру so far
[2024-07-09T11:33:27.157+0000] {sql.py:611} INFO - Done loading. Loaded a total of 495 rows into andronov_ods.базы_данных_и_уровень_знаний_сотру
[2024-07-09T11:33:27.164+0000] {base.py:84} INFO - Using connection ID 'source_conn' for task execution.
[2024-07-09T11:33:27.464+0000] {sql.py:487} INFO - Running statement: SELECT * FROM source_data.базы_данных, parameters: None
[2024-07-09T11:33:27.669+0000] {sql.py:496} INFO - Rows affected: 17
[2024-07-09T11:33:27.777+0000] {base.py:84} INFO - Using connection ID 'etl_db_4_conn' for task execution.
[2024-07-09T11:33:28.188+0000] {base.py:84} INFO - Using connection ID 'etl_db_4_conn' for task execution.
[2024-07-09T11:33:30.126+0000] {sql.py:598} INFO - Loaded 17 rows into andronov_ods.базы_данных so far
[2024-07-09T11:33:30.127+0000] {sql.py:611} INFO - Done loading. Loaded a total of 17 rows into andronov_ods.базы_данных
[2024-07-09T11:33:30.134+0000] {base.py:84} INFO - Using connection ID 'source_conn' for task execution.
[2024-07-09T11:33:30.536+0000] {sql.py:487} INFO - Running statement: SELECT * FROM source_data.отрасли, parameters: None
[2024-07-09T11:33:30.740+0000] {sql.py:496} INFO - Rows affected: 8
[2024-07-09T11:33:30.849+0000] {base.py:84} INFO - Using connection ID 'etl_db_4_conn' for task execution.
[2024-07-09T11:33:31.262+0000] {base.py:84} INFO - Using connection ID 'etl_db_4_conn' for task execution.
[2024-07-09T11:33:32.277+0000] {sql.py:598} INFO - Loaded 8 rows into andronov_ods.отрасли so far
[2024-07-09T11:33:32.278+0000] {sql.py:611} INFO - Done loading. Loaded a total of 8 rows into andronov_ods.отрасли
[2024-07-09T11:33:32.292+0000] {base.py:84} INFO - Using connection ID 'source_conn' for task execution.
[2024-07-09T11:33:32.444+0000] {sql.py:487} INFO - Running statement: SELECT * FROM source_data.сотрудники_дар, parameters: None
[2024-07-09T11:33:32.813+0000] {sql.py:496} INFO - Rows affected: 483
[2024-07-09T11:33:32.897+0000] {base.py:84} INFO - Using connection ID 'etl_db_4_conn' for task execution.
[2024-07-09T11:33:33.217+0000] {base.py:84} INFO - Using connection ID 'etl_db_4_conn' for task execution.
[2024-07-09T11:33:53.589+0000] {sql.py:598} INFO - Loaded 483 rows into andronov_ods.сотрудники_дар so far
[2024-07-09T11:33:53.590+0000] {sql.py:611} INFO - Done loading. Loaded a total of 483 rows into andronov_ods.сотрудники_дар
[2024-07-09T11:33:53.597+0000] {base.py:84} INFO - Using connection ID 'source_conn' for task execution.
[2024-07-09T11:33:53.712+0000] {sql.py:487} INFO - Running statement: SELECT * FROM source_data.среды_разработки_и_уровень_знаний_, parameters: None
[2024-07-09T11:33:53.802+0000] {sql.py:496} INFO - Rows affected: 188
[2024-07-09T11:33:53.837+0000] {base.py:84} INFO - Using connection ID 'etl_db_4_conn' for task execution.
[2024-07-09T11:33:53.962+0000] {base.py:84} INFO - Using connection ID 'etl_db_4_conn' for task execution.
[2024-07-09T11:33:59.607+0000] {sql.py:598} INFO - Loaded 188 rows into andronov_ods.среды_разработки_и_уровень_знаний_ so far
[2024-07-09T11:33:59.607+0000] {sql.py:611} INFO - Done loading. Loaded a total of 188 rows into andronov_ods.среды_разработки_и_уровень_знаний_
[2024-07-09T11:33:59.614+0000] {base.py:84} INFO - Using connection ID 'source_conn' for task execution.
[2024-07-09T11:33:59.736+0000] {sql.py:487} INFO - Running statement: SELECT * FROM source_data.сертификаты_пользователей, parameters: None
[2024-07-09T11:33:59.952+0000] {sql.py:496} INFO - Rows affected: 1235
[2024-07-09T11:33:59.990+0000] {base.py:84} INFO - Using connection ID 'etl_db_4_conn' for task execution.
[2024-07-09T11:34:00.362+0000] {base.py:84} INFO - Using connection ID 'etl_db_4_conn' for task execution.
[2024-07-09T11:34:58.916+0000] {sql.py:598} INFO - Loaded 1000 rows into andronov_ods.сертификаты_пользователей so far
[2024-07-09T11:34:58.924+0000] {base.py:84} INFO - Using connection ID 'etl_db_4_conn' for task execution.
[2024-07-09T11:35:12.452+0000] {sql.py:598} INFO - Loaded 235 rows into andronov_ods.сертификаты_пользователей so far
[2024-07-09T11:35:12.452+0000] {sql.py:611} INFO - Done loading. Loaded a total of 1235 rows into andronov_ods.сертификаты_пользователей
[2024-07-09T11:35:12.460+0000] {base.py:84} INFO - Using connection ID 'source_conn' for task execution.
[2024-07-09T11:35:12.582+0000] {sql.py:487} INFO - Running statement: SELECT * FROM source_data.фреймворки_и_уровень_знаний_сотру, parameters: None
[2024-07-09T11:35:12.708+0000] {sql.py:496} INFO - Rows affected: 174
[2024-07-09T11:35:12.746+0000] {base.py:84} INFO - Using connection ID 'etl_db_4_conn' for task execution.
[2024-07-09T11:35:12.873+0000] {base.py:84} INFO - Using connection ID 'etl_db_4_conn' for task execution.
[2024-07-09T11:35:20.415+0000] {sql.py:598} INFO - Loaded 174 rows into andronov_ods.фреймворки_и_уровень_знаний_сотру so far
[2024-07-09T11:35:20.416+0000] {sql.py:611} INFO - Done loading. Loaded a total of 174 rows into andronov_ods.фреймворки_и_уровень_знаний_сотру
[2024-07-09T11:35:20.422+0000] {base.py:84} INFO - Using connection ID 'source_conn' for task execution.
[2024-07-09T11:35:20.825+0000] {sql.py:487} INFO - Running statement: SELECT * FROM source_data.языки_программирования_и_уровень, parameters: None
[2024-07-09T11:35:21.416+0000] {sql.py:496} INFO - Rows affected: 1227
[2024-07-09T11:35:21.453+0000] {base.py:84} INFO - Using connection ID 'etl_db_4_conn' for task execution.
[2024-07-09T11:35:21.581+0000] {base.py:84} INFO - Using connection ID 'etl_db_4_conn' for task execution.
[2024-07-09T11:36:30.356+0000] {sql.py:598} INFO - Loaded 1000 rows into andronov_ods.языки_программирования_и_уровень so far
[2024-07-09T11:36:30.366+0000] {base.py:84} INFO - Using connection ID 'etl_db_4_conn' for task execution.
[2024-07-09T11:36:52.334+0000] {sql.py:598} INFO - Loaded 227 rows into andronov_ods.языки_программирования_и_уровень so far
[2024-07-09T11:36:52.335+0000] {sql.py:611} INFO - Done loading. Loaded a total of 1227 rows into andronov_ods.языки_программирования_и_уровень
[2024-07-09T11:36:52.344+0000] {base.py:84} INFO - Using connection ID 'source_conn' for task execution.
[2024-07-09T11:36:52.681+0000] {sql.py:487} INFO - Running statement: SELECT * FROM source_data.образование_пользователей, parameters: None
[2024-07-09T11:36:54.272+0000] {sql.py:496} INFO - Rows affected: 2971
[2024-07-09T11:36:54.427+0000] {base.py:84} INFO - Using connection ID 'etl_db_4_conn' for task execution.
[2024-07-09T11:36:54.561+0000] {base.py:84} INFO - Using connection ID 'etl_db_4_conn' for task execution.
[2024-07-09T11:37:29.647+0000] {sql.py:598} INFO - Loaded 1000 rows into andronov_ods.образование_пользователей so far
[2024-07-09T11:37:29.658+0000] {base.py:84} INFO - Using connection ID 'etl_db_4_conn' for task execution.
[2024-07-09T11:38:03.467+0000] {sql.py:598} INFO - Loaded 1000 rows into andronov_ods.образование_пользователей so far
[2024-07-09T11:38:03.477+0000] {base.py:84} INFO - Using connection ID 'etl_db_4_conn' for task execution.
[2024-07-09T11:38:35.720+0000] {sql.py:598} INFO - Loaded 971 rows into andronov_ods.образование_пользователей so far
[2024-07-09T11:38:35.721+0000] {sql.py:611} INFO - Done loading. Loaded a total of 2971 rows into andronov_ods.образование_пользователей
[2024-07-09T11:38:35.728+0000] {base.py:84} INFO - Using connection ID 'source_conn' for task execution.
[2024-07-09T11:38:35.848+0000] {sql.py:487} INFO - Running statement: SELECT * FROM source_data.уровни_знаний_в_отрасли, parameters: None
[2024-07-09T11:38:35.908+0000] {sql.py:496} INFO - Rows affected: 3
[2024-07-09T11:38:35.945+0000] {base.py:84} INFO - Using connection ID 'etl_db_4_conn' for task execution.
[2024-07-09T11:38:36.072+0000] {base.py:84} INFO - Using connection ID 'etl_db_4_conn' for task execution.
[2024-07-09T11:38:36.227+0000] {sql.py:598} INFO - Loaded 3 rows into andronov_ods.уровни_знаний_в_отрасли so far
[2024-07-09T11:38:36.228+0000] {sql.py:611} INFO - Done loading. Loaded a total of 3 rows into andronov_ods.уровни_знаний_в_отрасли
[2024-07-09T11:38:36.234+0000] {base.py:84} INFO - Using connection ID 'source_conn' for task execution.
[2024-07-09T11:38:36.352+0000] {sql.py:487} INFO - Running statement: SELECT * FROM source_data.опыт_сотрудника_в_предметных_обла, parameters: None
[2024-07-09T11:38:36.505+0000] {sql.py:496} INFO - Rows affected: 318
[2024-07-09T11:38:36.540+0000] {base.py:84} INFO - Using connection ID 'etl_db_4_conn' for task execution.
[2024-07-09T11:38:36.667+0000] {base.py:84} INFO - Using connection ID 'etl_db_4_conn' for task execution.
[2024-07-09T11:38:46.497+0000] {sql.py:598} INFO - Loaded 318 rows into andronov_ods.опыт_сотрудника_в_предметных_обла so far
[2024-07-09T11:38:46.498+0000] {sql.py:611} INFO - Done loading. Loaded a total of 318 rows into andronov_ods.опыт_сотрудника_в_предметных_обла
[2024-07-09T11:38:46.505+0000] {base.py:84} INFO - Using connection ID 'source_conn' for task execution.
[2024-07-09T11:38:46.633+0000] {sql.py:487} INFO - Running statement: SELECT * FROM source_data.типы_систем_и_уровень_знаний_сотру, parameters: None
[2024-07-09T11:38:46.753+0000] {sql.py:496} INFO - Rows affected: 278
[2024-07-09T11:38:46.791+0000] {base.py:84} INFO - Using connection ID 'etl_db_4_conn' for task execution.
[2024-07-09T11:38:46.916+0000] {base.py:84} INFO - Using connection ID 'etl_db_4_conn' for task execution.
[2024-07-09T11:38:58.334+0000] {sql.py:598} INFO - Loaded 278 rows into andronov_ods.типы_систем_и_уровень_знаний_сотру so far
[2024-07-09T11:38:58.334+0000] {sql.py:611} INFO - Done loading. Loaded a total of 278 rows into andronov_ods.типы_систем_и_уровень_знаний_сотру
[2024-07-09T11:38:58.341+0000] {base.py:84} INFO - Using connection ID 'source_conn' for task execution.
[2024-07-09T11:38:58.459+0000] {sql.py:487} INFO - Running statement: SELECT * FROM source_data.уровни_знаний_в_предметной_област, parameters: None
[2024-07-09T11:38:58.521+0000] {sql.py:496} INFO - Rows affected: 3
[2024-07-09T11:38:58.556+0000] {base.py:84} INFO - Using connection ID 'etl_db_4_conn' for task execution.
[2024-07-09T11:38:58.685+0000] {base.py:84} INFO - Using connection ID 'etl_db_4_conn' for task execution.
[2024-07-09T11:38:58.841+0000] {sql.py:598} INFO - Loaded 3 rows into andronov_ods.уровни_знаний_в_предметной_област so far
[2024-07-09T11:38:58.841+0000] {sql.py:611} INFO - Done loading. Loaded a total of 3 rows into andronov_ods.уровни_знаний_в_предметной_област
[2024-07-09T11:38:58.848+0000] {base.py:84} INFO - Using connection ID 'source_conn' for task execution.
[2024-07-09T11:38:58.969+0000] {sql.py:487} INFO - Running statement: SELECT * FROM source_data.инструменты, parameters: None
[2024-07-09T11:38:59.030+0000] {sql.py:496} INFO - Rows affected: 25
[2024-07-09T11:38:59.066+0000] {base.py:84} INFO - Using connection ID 'etl_db_4_conn' for task execution.
[2024-07-09T11:38:59.192+0000] {base.py:84} INFO - Using connection ID 'etl_db_4_conn' for task execution.
[2024-07-09T11:38:59.987+0000] {sql.py:598} INFO - Loaded 25 rows into andronov_ods.инструменты so far
[2024-07-09T11:38:59.987+0000] {sql.py:611} INFO - Done loading. Loaded a total of 25 rows into andronov_ods.инструменты
[2024-07-09T11:38:59.994+0000] {base.py:84} INFO - Using connection ID 'source_conn' for task execution.
[2024-07-09T11:39:00.122+0000] {sql.py:487} INFO - Running statement: SELECT * FROM source_data.опыт_сотрудника_в_отраслях, parameters: None
[2024-07-09T11:39:00.275+0000] {sql.py:496} INFO - Rows affected: 306
[2024-07-09T11:39:00.310+0000] {base.py:84} INFO - Using connection ID 'etl_db_4_conn' for task execution.
[2024-07-09T11:39:00.433+0000] {base.py:84} INFO - Using connection ID 'etl_db_4_conn' for task execution.
[2024-07-09T11:39:09.645+0000] {sql.py:598} INFO - Loaded 306 rows into andronov_ods.опыт_сотрудника_в_отраслях so far
[2024-07-09T11:39:09.646+0000] {sql.py:611} INFO - Done loading. Loaded a total of 306 rows into andronov_ods.опыт_сотрудника_в_отраслях
[2024-07-09T11:39:09.653+0000] {base.py:84} INFO - Using connection ID 'source_conn' for task execution.
[2024-07-09T11:39:09.772+0000] {sql.py:487} INFO - Running statement: SELECT * FROM source_data.резюмедар, parameters: None
[2024-07-09T11:39:10.087+0000] {sql.py:496} INFO - Rows affected: 493
[2024-07-09T11:39:10.123+0000] {base.py:84} INFO - Using connection ID 'etl_db_4_conn' for task execution.
[2024-07-09T11:39:10.250+0000] {base.py:84} INFO - Using connection ID 'etl_db_4_conn' for task execution.
[2024-07-09T11:39:26.225+0000] {sql.py:598} INFO - Loaded 493 rows into andronov_ods.резюмедар so far
[2024-07-09T11:39:26.226+0000] {sql.py:611} INFO - Done loading. Loaded a total of 493 rows into andronov_ods.резюмедар
[2024-07-09T11:39:26.233+0000] {base.py:84} INFO - Using connection ID 'source_conn' for task execution.
[2024-07-09T11:39:27.709+0000] {sql.py:487} INFO - Running statement: SELECT * FROM source_data.технологии, parameters: None
[2024-07-09T11:39:27.881+0000] {sql.py:496} INFO - Rows affected: 55
[2024-07-09T11:39:27.917+0000] {base.py:84} INFO - Using connection ID 'etl_db_4_conn' for task execution.
[2024-07-09T11:39:29.042+0000] {base.py:84} INFO - Using connection ID 'etl_db_4_conn' for task execution.
[2024-07-09T11:39:30.705+0000] {sql.py:598} INFO - Loaded 55 rows into andronov_ods.технологии so far
[2024-07-09T11:39:30.706+0000] {sql.py:611} INFO - Done loading. Loaded a total of 55 rows into andronov_ods.технологии
[2024-07-09T11:39:30.706+0000] {python.py:237} INFO - Done. Returned value was: None
[2024-07-09T11:39:30.709+0000] {taskinstance.py:441} INFO - ::group::Post task execution logs
[2024-07-09T11:39:30.719+0000] {taskinstance.py:1206} INFO - Marking task as SUCCESS. dag_id=pipeline_4_andronov, task_id=load_data_to_ods, run_id=scheduled__2024-07-08T04:00:00+00:00, execution_date=20240708T040000, start_date=20240709T112820, end_date=20240709T113930
[2024-07-09T11:39:30.779+0000] {local_task_job_runner.py:240} INFO - Task exited with return code 0
[2024-07-09T11:39:30.797+0000] {taskinstance.py:3503} INFO - 0 downstream tasks scheduled from follow-on schedule check
[2024-07-09T11:39:30.800+0000] {local_task_job_runner.py:222} INFO - ::endgroup::
