[2024-07-03T19:18:11.392+0000] {local_task_job_runner.py:120} INFO - ::group::Pre task execution logs
[2024-07-03T19:18:11.418+0000] {taskinstance.py:2076} INFO - Dependencies all met for dep_context=non-requeueable deps ti=<TaskInstance: first_dag.first_task scheduled__2023-07-12T00:00:00+00:00 [queued]>
[2024-07-03T19:18:11.428+0000] {taskinstance.py:2076} INFO - Dependencies all met for dep_context=requeueable deps ti=<TaskInstance: first_dag.first_task scheduled__2023-07-12T00:00:00+00:00 [queued]>
[2024-07-03T19:18:11.429+0000] {taskinstance.py:2306} INFO - Starting attempt 2 of 6
[2024-07-03T19:18:11.445+0000] {taskinstance.py:2330} INFO - Executing <Task(BashOperator): first_task> on 2023-07-12 00:00:00+00:00
[2024-07-03T19:18:11.452+0000] {warnings.py:112} WARNING - /home/***/.local/lib/python3.12/site-packages/***/task/task_runner/standard_task_runner.py:61: DeprecationWarning: This process (pid=884) is multi-threaded, use of fork() may lead to deadlocks in the child.
  pid = os.fork()

[2024-07-03T19:18:11.454+0000] {standard_task_runner.py:63} INFO - Started process 894 to run task
[2024-07-03T19:18:11.454+0000] {standard_task_runner.py:90} INFO - Running: ['***', 'tasks', 'run', 'first_dag', 'first_task', 'scheduled__2023-07-12T00:00:00+00:00', '--job-id', '155', '--raw', '--subdir', 'DAGS_FOLDER/first_dag.py', '--cfg-path', '/tmp/tmp_u8137b4']
[2024-07-03T19:18:11.455+0000] {standard_task_runner.py:91} INFO - Job 155: Subtask first_task
[2024-07-03T19:18:11.502+0000] {task_command.py:426} INFO - Running <TaskInstance: first_dag.first_task scheduled__2023-07-12T00:00:00+00:00 [running]> on host 2a6e93921527
[2024-07-03T19:18:11.589+0000] {taskinstance.py:2648} INFO - Exporting env vars: AIRFLOW_CTX_DAG_OWNER='me' AIRFLOW_CTX_DAG_ID='first_dag' AIRFLOW_CTX_TASK_ID='first_task' AIRFLOW_CTX_EXECUTION_DATE='2023-07-12T00:00:00+00:00' AIRFLOW_CTX_TRY_NUMBER='2' AIRFLOW_CTX_DAG_RUN_ID='scheduled__2023-07-12T00:00:00+00:00'
[2024-07-03T19:18:11.589+0000] {taskinstance.py:430} INFO - ::endgroup::
[2024-07-03T19:18:11.602+0000] {subprocess.py:63} INFO - Tmp dir root location: /tmp
[2024-07-03T19:18:11.603+0000] {subprocess.py:75} INFO - Running command: ['/usr/bin/bash', '-c', 'Hello world, this is the first task']
[2024-07-03T19:18:11.616+0000] {subprocess.py:86} INFO - Output:
[2024-07-03T19:18:11.618+0000] {subprocess.py:93} INFO - /usr/bin/bash: line 1: Hello: command not found
[2024-07-03T19:18:11.618+0000] {subprocess.py:97} INFO - Command exited with return code 127
[2024-07-03T19:18:11.619+0000] {taskinstance.py:441} INFO - ::group::Post task execution logs
[2024-07-03T19:18:11.630+0000] {taskinstance.py:2905} ERROR - Task failed with exception
Traceback (most recent call last):
  File "/home/airflow/.local/lib/python3.12/site-packages/airflow/models/taskinstance.py", line 465, in _execute_task
    result = _execute_callable(context=context, **execute_callable_kwargs)
             ^^^^^^^^^^^^^^^^^^^^^^^^^^^^^^^^^^^^^^^^^^^^^^^^^^^^^^^^^^^^^
  File "/home/airflow/.local/lib/python3.12/site-packages/airflow/models/taskinstance.py", line 432, in _execute_callable
    return execute_callable(context=context, **execute_callable_kwargs)
           ^^^^^^^^^^^^^^^^^^^^^^^^^^^^^^^^^^^^^^^^^^^^^^^^^^^^^^^^^^^^
  File "/home/airflow/.local/lib/python3.12/site-packages/airflow/models/baseoperator.py", line 401, in wrapper
    return func(self, *args, **kwargs)
           ^^^^^^^^^^^^^^^^^^^^^^^^^^^
  File "/home/airflow/.local/lib/python3.12/site-packages/airflow/operators/bash.py", line 243, in execute
    raise AirflowException(
airflow.exceptions.AirflowException: Bash command failed. The command returned a non-zero exit code 127.
[2024-07-03T19:18:11.635+0000] {taskinstance.py:1206} INFO - Marking task as UP_FOR_RETRY. dag_id=first_dag, task_id=first_task, run_id=scheduled__2023-07-12T00:00:00+00:00, execution_date=20230712T000000, start_date=20240703T191811, end_date=20240703T191811
[2024-07-03T19:18:11.652+0000] {standard_task_runner.py:110} ERROR - Failed to execute job 155 for task first_task (Bash command failed. The command returned a non-zero exit code 127.; 894)
[2024-07-03T19:18:11.668+0000] {local_task_job_runner.py:240} INFO - Task exited with return code 1
[2024-07-03T19:18:11.685+0000] {taskinstance.py:3503} INFO - 0 downstream tasks scheduled from follow-on schedule check
[2024-07-03T19:18:11.687+0000] {local_task_job_runner.py:222} INFO - ::endgroup::
[2024-07-03T19:23:00.794+0000] {local_task_job_runner.py:120} INFO - ::group::Pre task execution logs
[2024-07-03T19:23:00.826+0000] {taskinstance.py:2076} INFO - Dependencies all met for dep_context=non-requeueable deps ti=<TaskInstance: first_dag.first_task scheduled__2023-07-12T00:00:00+00:00 [queued]>
[2024-07-03T19:23:00.839+0000] {taskinstance.py:2076} INFO - Dependencies all met for dep_context=requeueable deps ti=<TaskInstance: first_dag.first_task scheduled__2023-07-12T00:00:00+00:00 [queued]>
[2024-07-03T19:23:00.840+0000] {taskinstance.py:2306} INFO - Starting attempt 2 of 6
[2024-07-03T19:23:00.861+0000] {taskinstance.py:2330} INFO - Executing <Task(BashOperator): first_task> on 2023-07-12 00:00:00+00:00
[2024-07-03T19:23:00.870+0000] {warnings.py:112} WARNING - /home/***/.local/lib/python3.12/site-packages/***/task/task_runner/standard_task_runner.py:61: DeprecationWarning: This process (pid=1034) is multi-threaded, use of fork() may lead to deadlocks in the child.
  pid = os.fork()

[2024-07-03T19:23:00.872+0000] {standard_task_runner.py:63} INFO - Started process 1053 to run task
[2024-07-03T19:23:00.876+0000] {standard_task_runner.py:90} INFO - Running: ['***', 'tasks', 'run', 'first_dag', 'first_task', 'scheduled__2023-07-12T00:00:00+00:00', '--job-id', '186', '--raw', '--subdir', 'DAGS_FOLDER/first_dag.py', '--cfg-path', '/tmp/tmpcwglcecp']
[2024-07-03T19:23:00.877+0000] {standard_task_runner.py:91} INFO - Job 186: Subtask first_task
[2024-07-03T19:23:00.953+0000] {task_command.py:426} INFO - Running <TaskInstance: first_dag.first_task scheduled__2023-07-12T00:00:00+00:00 [running]> on host 2a6e93921527
[2024-07-03T19:23:01.095+0000] {taskinstance.py:2648} INFO - Exporting env vars: AIRFLOW_CTX_DAG_OWNER='me' AIRFLOW_CTX_DAG_ID='first_dag' AIRFLOW_CTX_TASK_ID='first_task' AIRFLOW_CTX_EXECUTION_DATE='2023-07-12T00:00:00+00:00' AIRFLOW_CTX_TRY_NUMBER='2' AIRFLOW_CTX_DAG_RUN_ID='scheduled__2023-07-12T00:00:00+00:00'
[2024-07-03T19:23:01.103+0000] {taskinstance.py:430} INFO - ::endgroup::
[2024-07-03T19:23:01.133+0000] {subprocess.py:63} INFO - Tmp dir root location: /tmp
[2024-07-03T19:23:01.134+0000] {subprocess.py:75} INFO - Running command: ['/usr/bin/bash', '-c', 'Hello world, this is the first task']
[2024-07-03T19:23:01.158+0000] {subprocess.py:86} INFO - Output:
[2024-07-03T19:23:01.162+0000] {subprocess.py:93} INFO - /usr/bin/bash: line 1: Hello: command not found
[2024-07-03T19:23:01.163+0000] {subprocess.py:97} INFO - Command exited with return code 127
[2024-07-03T19:23:01.164+0000] {taskinstance.py:441} INFO - ::group::Post task execution logs
[2024-07-03T19:23:01.179+0000] {taskinstance.py:2905} ERROR - Task failed with exception
Traceback (most recent call last):
  File "/home/airflow/.local/lib/python3.12/site-packages/airflow/models/taskinstance.py", line 465, in _execute_task
    result = _execute_callable(context=context, **execute_callable_kwargs)
             ^^^^^^^^^^^^^^^^^^^^^^^^^^^^^^^^^^^^^^^^^^^^^^^^^^^^^^^^^^^^^
  File "/home/airflow/.local/lib/python3.12/site-packages/airflow/models/taskinstance.py", line 432, in _execute_callable
    return execute_callable(context=context, **execute_callable_kwargs)
           ^^^^^^^^^^^^^^^^^^^^^^^^^^^^^^^^^^^^^^^^^^^^^^^^^^^^^^^^^^^^
  File "/home/airflow/.local/lib/python3.12/site-packages/airflow/models/baseoperator.py", line 401, in wrapper
    return func(self, *args, **kwargs)
           ^^^^^^^^^^^^^^^^^^^^^^^^^^^
  File "/home/airflow/.local/lib/python3.12/site-packages/airflow/operators/bash.py", line 243, in execute
    raise AirflowException(
airflow.exceptions.AirflowException: Bash command failed. The command returned a non-zero exit code 127.
[2024-07-03T19:23:01.186+0000] {taskinstance.py:1206} INFO - Marking task as UP_FOR_RETRY. dag_id=first_dag, task_id=first_task, run_id=scheduled__2023-07-12T00:00:00+00:00, execution_date=20230712T000000, start_date=20240703T192300, end_date=20240703T192301
[2024-07-03T19:23:01.206+0000] {standard_task_runner.py:110} ERROR - Failed to execute job 186 for task first_task (Bash command failed. The command returned a non-zero exit code 127.; 1053)
[2024-07-03T19:23:01.256+0000] {local_task_job_runner.py:240} INFO - Task exited with return code 1
[2024-07-03T19:23:01.282+0000] {taskinstance.py:3503} INFO - 0 downstream tasks scheduled from follow-on schedule check
[2024-07-03T19:23:01.291+0000] {local_task_job_runner.py:222} INFO - ::endgroup::
