[2024-07-05T11:54:32.052+0000] {processor.py:161} INFO - Started process (PID=1166) to work on /opt/airflow/dags/postgres_dag.py
[2024-07-05T11:54:32.053+0000] {processor.py:830} INFO - Processing file /opt/airflow/dags/postgres_dag.py for tasks to queue
[2024-07-05T11:54:32.055+0000] {logging_mixin.py:188} INFO - [2024-07-05T11:54:32.055+0000] {dagbag.py:545} INFO - Filling up the DagBag from /opt/airflow/dags/postgres_dag.py
[2024-07-05T11:54:32.075+0000] {logging_mixin.py:188} INFO - [2024-07-05T11:54:32.071+0000] {dagbag.py:355} ERROR - Failed to import: /opt/airflow/dags/postgres_dag.py
Traceback (most recent call last):
  File "/home/airflow/.local/lib/python3.12/site-packages/airflow/models/dagbag.py", line 351, in parse
    loader.exec_module(new_module)
  File "<frozen importlib._bootstrap_external>", line 995, in exec_module
  File "<frozen importlib._bootstrap>", line 488, in _call_with_frames_removed
  File "/opt/airflow/dags/postgres_dag.py", line 10, in <module>
    'start_date': dt.datetime(2024, 7, 1),
                  ^^
NameError: name 'dt' is not defined
[2024-07-05T11:54:32.077+0000] {processor.py:842} WARNING - No viable dags retrieved from /opt/airflow/dags/postgres_dag.py
[2024-07-05T11:54:32.096+0000] {processor.py:183} INFO - Processing /opt/airflow/dags/postgres_dag.py took 0.048 seconds
[2024-07-05T11:55:02.273+0000] {processor.py:161} INFO - Started process (PID=1174) to work on /opt/airflow/dags/postgres_dag.py
[2024-07-05T11:55:02.275+0000] {processor.py:830} INFO - Processing file /opt/airflow/dags/postgres_dag.py for tasks to queue
[2024-07-05T11:55:02.277+0000] {logging_mixin.py:188} INFO - [2024-07-05T11:55:02.276+0000] {dagbag.py:545} INFO - Filling up the DagBag from /opt/airflow/dags/postgres_dag.py
[2024-07-05T11:55:02.293+0000] {logging_mixin.py:188} INFO - [2024-07-05T11:55:02.289+0000] {dagbag.py:355} ERROR - Failed to import: /opt/airflow/dags/postgres_dag.py
Traceback (most recent call last):
  File "/home/airflow/.local/lib/python3.12/site-packages/airflow/models/dagbag.py", line 351, in parse
    loader.exec_module(new_module)
  File "<frozen importlib._bootstrap_external>", line 995, in exec_module
  File "<frozen importlib._bootstrap>", line 488, in _call_with_frames_removed
  File "/opt/airflow/dags/postgres_dag.py", line 10, in <module>
    'start_date': dt.datetime(2024, 7, 1),
                  ^^
NameError: name 'dt' is not defined
[2024-07-05T11:55:02.294+0000] {processor.py:842} WARNING - No viable dags retrieved from /opt/airflow/dags/postgres_dag.py
[2024-07-05T11:55:02.310+0000] {processor.py:183} INFO - Processing /opt/airflow/dags/postgres_dag.py took 0.043 seconds
[2024-07-05T11:55:11.356+0000] {processor.py:161} INFO - Started process (PID=1181) to work on /opt/airflow/dags/postgres_dag.py
[2024-07-05T11:55:11.357+0000] {processor.py:830} INFO - Processing file /opt/airflow/dags/postgres_dag.py for tasks to queue
[2024-07-05T11:55:11.358+0000] {logging_mixin.py:188} INFO - [2024-07-05T11:55:11.358+0000] {dagbag.py:545} INFO - Filling up the DagBag from /opt/airflow/dags/postgres_dag.py
[2024-07-05T11:55:11.381+0000] {logging_mixin.py:188} INFO - [2024-07-05T11:55:11.376+0000] {dagbag.py:355} ERROR - Failed to import: /opt/airflow/dags/postgres_dag.py
Traceback (most recent call last):
  File "/home/airflow/.local/lib/python3.12/site-packages/airflow/models/dagbag.py", line 351, in parse
    loader.exec_module(new_module)
  File "<frozen importlib._bootstrap_external>", line 995, in exec_module
  File "<frozen importlib._bootstrap>", line 488, in _call_with_frames_removed
  File "/opt/airflow/dags/postgres_dag.py", line 17, in <module>
    schedule_interval=config['time_start'],
                      ^^^^^^
NameError: name 'config' is not defined
[2024-07-05T11:55:11.383+0000] {processor.py:842} WARNING - No viable dags retrieved from /opt/airflow/dags/postgres_dag.py
[2024-07-05T11:55:11.400+0000] {processor.py:183} INFO - Processing /opt/airflow/dags/postgres_dag.py took 0.049 seconds
[2024-07-05T11:55:41.583+0000] {processor.py:161} INFO - Started process (PID=1189) to work on /opt/airflow/dags/postgres_dag.py
[2024-07-05T11:55:41.584+0000] {processor.py:830} INFO - Processing file /opt/airflow/dags/postgres_dag.py for tasks to queue
[2024-07-05T11:55:41.586+0000] {logging_mixin.py:188} INFO - [2024-07-05T11:55:41.585+0000] {dagbag.py:545} INFO - Filling up the DagBag from /opt/airflow/dags/postgres_dag.py
[2024-07-05T11:55:41.600+0000] {logging_mixin.py:188} INFO - [2024-07-05T11:55:41.596+0000] {dagbag.py:355} ERROR - Failed to import: /opt/airflow/dags/postgres_dag.py
Traceback (most recent call last):
  File "/home/airflow/.local/lib/python3.12/site-packages/airflow/models/dagbag.py", line 351, in parse
    loader.exec_module(new_module)
  File "<frozen importlib._bootstrap_external>", line 995, in exec_module
  File "<frozen importlib._bootstrap>", line 488, in _call_with_frames_removed
  File "/opt/airflow/dags/postgres_dag.py", line 17, in <module>
    schedule_interval=config['time_start'],
                      ^^^^^^
NameError: name 'config' is not defined
[2024-07-05T11:55:41.603+0000] {processor.py:842} WARNING - No viable dags retrieved from /opt/airflow/dags/postgres_dag.py
[2024-07-05T11:55:41.619+0000] {processor.py:183} INFO - Processing /opt/airflow/dags/postgres_dag.py took 0.040 seconds
[2024-07-05T11:56:11.803+0000] {processor.py:161} INFO - Started process (PID=1197) to work on /opt/airflow/dags/postgres_dag.py
[2024-07-05T11:56:11.803+0000] {processor.py:830} INFO - Processing file /opt/airflow/dags/postgres_dag.py for tasks to queue
[2024-07-05T11:56:11.806+0000] {logging_mixin.py:188} INFO - [2024-07-05T11:56:11.806+0000] {dagbag.py:545} INFO - Filling up the DagBag from /opt/airflow/dags/postgres_dag.py
[2024-07-05T11:56:11.827+0000] {logging_mixin.py:188} INFO - [2024-07-05T11:56:11.823+0000] {dagbag.py:355} ERROR - Failed to import: /opt/airflow/dags/postgres_dag.py
Traceback (most recent call last):
  File "/home/airflow/.local/lib/python3.12/site-packages/airflow/models/dagbag.py", line 351, in parse
    loader.exec_module(new_module)
  File "<frozen importlib._bootstrap_external>", line 995, in exec_module
  File "<frozen importlib._bootstrap>", line 488, in _call_with_frames_removed
  File "/opt/airflow/dags/postgres_dag.py", line 17, in <module>
    schedule_interval=config['time_start'],
                      ^^^^^^
NameError: name 'config' is not defined
[2024-07-05T11:56:11.830+0000] {processor.py:842} WARNING - No viable dags retrieved from /opt/airflow/dags/postgres_dag.py
[2024-07-05T11:56:11.845+0000] {processor.py:183} INFO - Processing /opt/airflow/dags/postgres_dag.py took 0.048 seconds
[2024-07-05T11:56:42.030+0000] {processor.py:161} INFO - Started process (PID=1205) to work on /opt/airflow/dags/postgres_dag.py
[2024-07-05T11:56:42.031+0000] {processor.py:830} INFO - Processing file /opt/airflow/dags/postgres_dag.py for tasks to queue
[2024-07-05T11:56:42.034+0000] {logging_mixin.py:188} INFO - [2024-07-05T11:56:42.033+0000] {dagbag.py:545} INFO - Filling up the DagBag from /opt/airflow/dags/postgres_dag.py
[2024-07-05T11:56:42.047+0000] {logging_mixin.py:188} INFO - [2024-07-05T11:56:42.043+0000] {dagbag.py:355} ERROR - Failed to import: /opt/airflow/dags/postgres_dag.py
Traceback (most recent call last):
  File "/home/airflow/.local/lib/python3.12/site-packages/airflow/models/dagbag.py", line 351, in parse
    loader.exec_module(new_module)
  File "<frozen importlib._bootstrap_external>", line 995, in exec_module
  File "<frozen importlib._bootstrap>", line 488, in _call_with_frames_removed
  File "/opt/airflow/dags/postgres_dag.py", line 17, in <module>
    schedule_interval=config['time_start'],
                      ^^^^^^
NameError: name 'config' is not defined
[2024-07-05T11:56:42.049+0000] {processor.py:842} WARNING - No viable dags retrieved from /opt/airflow/dags/postgres_dag.py
[2024-07-05T11:56:42.064+0000] {processor.py:183} INFO - Processing /opt/airflow/dags/postgres_dag.py took 0.038 seconds
[2024-07-05T11:56:59.198+0000] {processor.py:161} INFO - Started process (PID=1207) to work on /opt/airflow/dags/postgres_dag.py
[2024-07-05T11:56:59.199+0000] {processor.py:830} INFO - Processing file /opt/airflow/dags/postgres_dag.py for tasks to queue
[2024-07-05T11:56:59.200+0000] {logging_mixin.py:188} INFO - [2024-07-05T11:56:59.200+0000] {dagbag.py:545} INFO - Filling up the DagBag from /opt/airflow/dags/postgres_dag.py
[2024-07-05T11:56:59.226+0000] {logging_mixin.py:188} INFO - [2024-07-05T11:56:59.219+0000] {dagbag.py:355} ERROR - Failed to import: /opt/airflow/dags/postgres_dag.py
Traceback (most recent call last):
  File "/home/airflow/.local/lib/python3.12/site-packages/airflow/models/dagbag.py", line 351, in parse
    loader.exec_module(new_module)
  File "<frozen importlib._bootstrap_external>", line 995, in exec_module
  File "<frozen importlib._bootstrap>", line 488, in _call_with_frames_removed
  File "/opt/airflow/dags/postgres_dag.py", line 13, in <module>
    with DAG(dag_id='postgres_dag',  # уникальный id
         ^^^^^^^^^^^^^^^^^^^^^^^^^^^^^^^^^^^^^^^^^^^
  File "/home/airflow/.local/lib/python3.12/site-packages/airflow/models/dag.py", line 580, in __init__
    raise ValueError("DAG is missing the start_date parameter")
ValueError: DAG is missing the start_date parameter
[2024-07-05T11:56:59.228+0000] {processor.py:842} WARNING - No viable dags retrieved from /opt/airflow/dags/postgres_dag.py
[2024-07-05T11:56:59.245+0000] {processor.py:183} INFO - Processing /opt/airflow/dags/postgres_dag.py took 0.053 seconds
[2024-07-05T11:57:29.417+0000] {processor.py:161} INFO - Started process (PID=1215) to work on /opt/airflow/dags/postgres_dag.py
[2024-07-05T11:57:29.419+0000] {processor.py:830} INFO - Processing file /opt/airflow/dags/postgres_dag.py for tasks to queue
[2024-07-05T11:57:29.420+0000] {logging_mixin.py:188} INFO - [2024-07-05T11:57:29.420+0000] {dagbag.py:545} INFO - Filling up the DagBag from /opt/airflow/dags/postgres_dag.py
[2024-07-05T11:57:29.435+0000] {logging_mixin.py:188} INFO - [2024-07-05T11:57:29.430+0000] {dagbag.py:355} ERROR - Failed to import: /opt/airflow/dags/postgres_dag.py
Traceback (most recent call last):
  File "/home/airflow/.local/lib/python3.12/site-packages/airflow/models/dagbag.py", line 351, in parse
    loader.exec_module(new_module)
  File "<frozen importlib._bootstrap_external>", line 995, in exec_module
  File "<frozen importlib._bootstrap>", line 488, in _call_with_frames_removed
  File "/opt/airflow/dags/postgres_dag.py", line 13, in <module>
    with DAG(dag_id='postgres_dag',  # уникальный id
         ^^^^^^^^^^^^^^^^^^^^^^^^^^^^^^^^^^^^^^^^^^^
  File "/home/airflow/.local/lib/python3.12/site-packages/airflow/models/dag.py", line 580, in __init__
    raise ValueError("DAG is missing the start_date parameter")
ValueError: DAG is missing the start_date parameter
[2024-07-05T11:57:29.437+0000] {processor.py:842} WARNING - No viable dags retrieved from /opt/airflow/dags/postgres_dag.py
[2024-07-05T11:57:29.453+0000] {processor.py:183} INFO - Processing /opt/airflow/dags/postgres_dag.py took 0.041 seconds
[2024-07-05T11:57:36.498+0000] {processor.py:161} INFO - Started process (PID=1216) to work on /opt/airflow/dags/postgres_dag.py
[2024-07-05T11:57:36.499+0000] {processor.py:830} INFO - Processing file /opt/airflow/dags/postgres_dag.py for tasks to queue
[2024-07-05T11:57:36.500+0000] {logging_mixin.py:188} INFO - [2024-07-05T11:57:36.500+0000] {dagbag.py:545} INFO - Filling up the DagBag from /opt/airflow/dags/postgres_dag.py
[2024-07-05T11:57:36.524+0000] {logging_mixin.py:188} INFO - [2024-07-05T11:57:36.518+0000] {dagbag.py:355} ERROR - Failed to import: /opt/airflow/dags/postgres_dag.py
Traceback (most recent call last):
  File "/home/airflow/.local/lib/python3.12/site-packages/airflow/models/dagbag.py", line 351, in parse
    loader.exec_module(new_module)
  File "<frozen importlib._bootstrap_external>", line 995, in exec_module
  File "<frozen importlib._bootstrap>", line 488, in _call_with_frames_removed
  File "/opt/airflow/dags/postgres_dag.py", line 13, in <module>
    with DAG(dag_id='postgres_dag',  # уникальный id
         ^^^^^^^^^^^^^^^^^^^^^^^^^^^^^^^^^^^^^^^^^^^
  File "/home/airflow/.local/lib/python3.12/site-packages/airflow/models/dag.py", line 580, in __init__
    raise ValueError("DAG is missing the start_date parameter")
ValueError: DAG is missing the start_date parameter
[2024-07-05T11:57:36.526+0000] {processor.py:842} WARNING - No viable dags retrieved from /opt/airflow/dags/postgres_dag.py
[2024-07-05T11:57:36.546+0000] {processor.py:183} INFO - Processing /opt/airflow/dags/postgres_dag.py took 0.052 seconds
[2024-07-05T11:58:06.724+0000] {processor.py:161} INFO - Started process (PID=1224) to work on /opt/airflow/dags/postgres_dag.py
[2024-07-05T11:58:06.725+0000] {processor.py:830} INFO - Processing file /opt/airflow/dags/postgres_dag.py for tasks to queue
[2024-07-05T11:58:06.727+0000] {logging_mixin.py:188} INFO - [2024-07-05T11:58:06.726+0000] {dagbag.py:545} INFO - Filling up the DagBag from /opt/airflow/dags/postgres_dag.py
[2024-07-05T11:58:06.742+0000] {logging_mixin.py:188} INFO - [2024-07-05T11:58:06.737+0000] {dagbag.py:355} ERROR - Failed to import: /opt/airflow/dags/postgres_dag.py
Traceback (most recent call last):
  File "/home/airflow/.local/lib/python3.12/site-packages/airflow/models/dagbag.py", line 351, in parse
    loader.exec_module(new_module)
  File "<frozen importlib._bootstrap_external>", line 995, in exec_module
  File "<frozen importlib._bootstrap>", line 488, in _call_with_frames_removed
  File "/opt/airflow/dags/postgres_dag.py", line 13, in <module>
    with DAG(dag_id='postgres_dag',  # уникальный id
         ^^^^^^^^^^^^^^^^^^^^^^^^^^^^^^^^^^^^^^^^^^^
  File "/home/airflow/.local/lib/python3.12/site-packages/airflow/models/dag.py", line 580, in __init__
    raise ValueError("DAG is missing the start_date parameter")
ValueError: DAG is missing the start_date parameter
[2024-07-05T11:58:06.743+0000] {processor.py:842} WARNING - No viable dags retrieved from /opt/airflow/dags/postgres_dag.py
[2024-07-05T11:58:06.770+0000] {processor.py:183} INFO - Processing /opt/airflow/dags/postgres_dag.py took 0.051 seconds
[2024-07-05T11:58:07.787+0000] {processor.py:161} INFO - Started process (PID=1225) to work on /opt/airflow/dags/postgres_dag.py
[2024-07-05T11:58:07.788+0000] {processor.py:830} INFO - Processing file /opt/airflow/dags/postgres_dag.py for tasks to queue
[2024-07-05T11:58:07.789+0000] {logging_mixin.py:188} INFO - [2024-07-05T11:58:07.789+0000] {dagbag.py:545} INFO - Filling up the DagBag from /opt/airflow/dags/postgres_dag.py
[2024-07-05T11:58:07.813+0000] {logging_mixin.py:188} INFO - [2024-07-05T11:58:07.809+0000] {dagbag.py:355} ERROR - Failed to import: /opt/airflow/dags/postgres_dag.py
Traceback (most recent call last):
  File "/home/airflow/.local/lib/python3.12/site-packages/airflow/models/dagbag.py", line 351, in parse
    loader.exec_module(new_module)
  File "<frozen importlib._bootstrap_external>", line 995, in exec_module
  File "<frozen importlib._bootstrap>", line 488, in _call_with_frames_removed
  File "/opt/airflow/dags/postgres_dag.py", line 13, in <module>
    with DAG(dag_id='postgres_dag',  # уникальный id
         ^^^^^^^^^^^^^^^^^^^^^^^^^^^^^^^^^^^^^^^^^^^
  File "/home/airflow/.local/lib/python3.12/site-packages/airflow/models/dag.py", line 580, in __init__
    raise ValueError("DAG is missing the start_date parameter")
ValueError: DAG is missing the start_date parameter
[2024-07-05T11:58:07.814+0000] {processor.py:842} WARNING - No viable dags retrieved from /opt/airflow/dags/postgres_dag.py
[2024-07-05T11:58:07.831+0000] {processor.py:183} INFO - Processing /opt/airflow/dags/postgres_dag.py took 0.049 seconds
[2024-07-05T11:58:38.011+0000] {processor.py:161} INFO - Started process (PID=1233) to work on /opt/airflow/dags/postgres_dag.py
[2024-07-05T11:58:38.011+0000] {processor.py:830} INFO - Processing file /opt/airflow/dags/postgres_dag.py for tasks to queue
[2024-07-05T11:58:38.013+0000] {logging_mixin.py:188} INFO - [2024-07-05T11:58:38.013+0000] {dagbag.py:545} INFO - Filling up the DagBag from /opt/airflow/dags/postgres_dag.py
[2024-07-05T11:58:38.027+0000] {logging_mixin.py:188} INFO - [2024-07-05T11:58:38.023+0000] {dagbag.py:355} ERROR - Failed to import: /opt/airflow/dags/postgres_dag.py
Traceback (most recent call last):
  File "/home/airflow/.local/lib/python3.12/site-packages/airflow/models/dagbag.py", line 351, in parse
    loader.exec_module(new_module)
  File "<frozen importlib._bootstrap_external>", line 995, in exec_module
  File "<frozen importlib._bootstrap>", line 488, in _call_with_frames_removed
  File "/opt/airflow/dags/postgres_dag.py", line 13, in <module>
    with DAG(dag_id='postgres_dag',  # уникальный id
         ^^^^^^^^^^^^^^^^^^^^^^^^^^^^^^^^^^^^^^^^^^^
  File "/home/airflow/.local/lib/python3.12/site-packages/airflow/models/dag.py", line 580, in __init__
    raise ValueError("DAG is missing the start_date parameter")
ValueError: DAG is missing the start_date parameter
[2024-07-05T11:58:38.028+0000] {processor.py:842} WARNING - No viable dags retrieved from /opt/airflow/dags/postgres_dag.py
[2024-07-05T11:58:38.044+0000] {processor.py:183} INFO - Processing /opt/airflow/dags/postgres_dag.py took 0.038 seconds
[2024-07-05T11:59:08.222+0000] {processor.py:161} INFO - Started process (PID=1241) to work on /opt/airflow/dags/postgres_dag.py
[2024-07-05T11:59:08.223+0000] {processor.py:830} INFO - Processing file /opt/airflow/dags/postgres_dag.py for tasks to queue
[2024-07-05T11:59:08.224+0000] {logging_mixin.py:188} INFO - [2024-07-05T11:59:08.224+0000] {dagbag.py:545} INFO - Filling up the DagBag from /opt/airflow/dags/postgres_dag.py
[2024-07-05T11:59:08.238+0000] {logging_mixin.py:188} INFO - [2024-07-05T11:59:08.234+0000] {dagbag.py:355} ERROR - Failed to import: /opt/airflow/dags/postgres_dag.py
Traceback (most recent call last):
  File "/home/airflow/.local/lib/python3.12/site-packages/airflow/models/dagbag.py", line 351, in parse
    loader.exec_module(new_module)
  File "<frozen importlib._bootstrap_external>", line 995, in exec_module
  File "<frozen importlib._bootstrap>", line 488, in _call_with_frames_removed
  File "/opt/airflow/dags/postgres_dag.py", line 13, in <module>
    with DAG(dag_id='postgres_dag',  # уникальный id
         ^^^^^^^^^^^^^^^^^^^^^^^^^^^^^^^^^^^^^^^^^^^
  File "/home/airflow/.local/lib/python3.12/site-packages/airflow/models/dag.py", line 580, in __init__
    raise ValueError("DAG is missing the start_date parameter")
ValueError: DAG is missing the start_date parameter
[2024-07-05T11:59:08.239+0000] {processor.py:842} WARNING - No viable dags retrieved from /opt/airflow/dags/postgres_dag.py
[2024-07-05T11:59:08.260+0000] {processor.py:183} INFO - Processing /opt/airflow/dags/postgres_dag.py took 0.043 seconds
[2024-07-05T11:59:38.469+0000] {processor.py:161} INFO - Started process (PID=1249) to work on /opt/airflow/dags/postgres_dag.py
[2024-07-05T11:59:38.470+0000] {processor.py:830} INFO - Processing file /opt/airflow/dags/postgres_dag.py for tasks to queue
[2024-07-05T11:59:38.472+0000] {logging_mixin.py:188} INFO - [2024-07-05T11:59:38.472+0000] {dagbag.py:545} INFO - Filling up the DagBag from /opt/airflow/dags/postgres_dag.py
[2024-07-05T11:59:38.497+0000] {logging_mixin.py:188} INFO - [2024-07-05T11:59:38.492+0000] {dagbag.py:355} ERROR - Failed to import: /opt/airflow/dags/postgres_dag.py
Traceback (most recent call last):
  File "/home/airflow/.local/lib/python3.12/site-packages/airflow/models/dagbag.py", line 351, in parse
    loader.exec_module(new_module)
  File "<frozen importlib._bootstrap_external>", line 995, in exec_module
  File "<frozen importlib._bootstrap>", line 488, in _call_with_frames_removed
  File "/opt/airflow/dags/postgres_dag.py", line 13, in <module>
    with DAG(dag_id='postgres_dag',  # уникальный id
         ^^^^^^^^^^^^^^^^^^^^^^^^^^^^^^^^^^^^^^^^^^^
  File "/home/airflow/.local/lib/python3.12/site-packages/airflow/models/dag.py", line 580, in __init__
    raise ValueError("DAG is missing the start_date parameter")
ValueError: DAG is missing the start_date parameter
[2024-07-05T11:59:38.498+0000] {processor.py:842} WARNING - No viable dags retrieved from /opt/airflow/dags/postgres_dag.py
[2024-07-05T11:59:38.515+0000] {processor.py:183} INFO - Processing /opt/airflow/dags/postgres_dag.py took 0.050 seconds
[2024-07-05T11:59:50.603+0000] {processor.py:161} INFO - Started process (PID=1257) to work on /opt/airflow/dags/postgres_dag.py
[2024-07-05T11:59:50.604+0000] {processor.py:830} INFO - Processing file /opt/airflow/dags/postgres_dag.py for tasks to queue
[2024-07-05T11:59:50.606+0000] {logging_mixin.py:188} INFO - [2024-07-05T11:59:50.605+0000] {dagbag.py:545} INFO - Filling up the DagBag from /opt/airflow/dags/postgres_dag.py
[2024-07-05T11:59:50.629+0000] {logging_mixin.py:188} INFO - [2024-07-05T11:59:50.624+0000] {dagbag.py:355} ERROR - Failed to import: /opt/airflow/dags/postgres_dag.py
Traceback (most recent call last):
  File "/home/airflow/.local/lib/python3.12/site-packages/airflow/models/dagbag.py", line 351, in parse
    loader.exec_module(new_module)
  File "<frozen importlib._bootstrap_external>", line 995, in exec_module
  File "<frozen importlib._bootstrap>", line 488, in _call_with_frames_removed
  File "/opt/airflow/dags/postgres_dag.py", line 13, in <module>
    with DAG(dag_id='postgres_dag',  # уникальный id
         ^^^^^^^^^^^^^^^^^^^^^^^^^^^^^^^^^^^^^^^^^^^
  File "/home/airflow/.local/lib/python3.12/site-packages/airflow/models/dag.py", line 580, in __init__
    raise ValueError("DAG is missing the start_date parameter")
ValueError: DAG is missing the start_date parameter
[2024-07-05T11:59:50.632+0000] {processor.py:842} WARNING - No viable dags retrieved from /opt/airflow/dags/postgres_dag.py
[2024-07-05T11:59:50.651+0000] {processor.py:183} INFO - Processing /opt/airflow/dags/postgres_dag.py took 0.053 seconds
[2024-07-05T12:00:06.737+0000] {processor.py:161} INFO - Started process (PID=1258) to work on /opt/airflow/dags/postgres_dag.py
[2024-07-05T12:00:06.738+0000] {processor.py:830} INFO - Processing file /opt/airflow/dags/postgres_dag.py for tasks to queue
[2024-07-05T12:00:06.739+0000] {logging_mixin.py:188} INFO - [2024-07-05T12:00:06.739+0000] {dagbag.py:545} INFO - Filling up the DagBag from /opt/airflow/dags/postgres_dag.py
[2024-07-05T12:00:06.761+0000] {logging_mixin.py:188} INFO - [2024-07-05T12:00:06.757+0000] {dagbag.py:355} ERROR - Failed to import: /opt/airflow/dags/postgres_dag.py
Traceback (most recent call last):
  File "/home/airflow/.local/lib/python3.12/site-packages/airflow/models/dagbag.py", line 351, in parse
    loader.exec_module(new_module)
  File "<frozen importlib._bootstrap_external>", line 995, in exec_module
  File "<frozen importlib._bootstrap>", line 488, in _call_with_frames_removed
  File "/opt/airflow/dags/postgres_dag.py", line 13, in <module>
    with DAG(dag_id='postgres_dag',  # уникальный id
         ^^^^^^^^^^^^^^^^^^^^^^^^^^^^^^^^^^^^^^^^^^^
  File "/home/airflow/.local/lib/python3.12/site-packages/airflow/models/dag.py", line 580, in __init__
    raise ValueError("DAG is missing the start_date parameter")
ValueError: DAG is missing the start_date parameter
[2024-07-05T12:00:06.762+0000] {processor.py:842} WARNING - No viable dags retrieved from /opt/airflow/dags/postgres_dag.py
[2024-07-05T12:00:06.777+0000] {processor.py:183} INFO - Processing /opt/airflow/dags/postgres_dag.py took 0.045 seconds
[2024-07-05T12:00:21.877+0000] {processor.py:161} INFO - Started process (PID=1266) to work on /opt/airflow/dags/postgres_dag.py
[2024-07-05T12:00:21.878+0000] {processor.py:830} INFO - Processing file /opt/airflow/dags/postgres_dag.py for tasks to queue
[2024-07-05T12:00:21.880+0000] {logging_mixin.py:188} INFO - [2024-07-05T12:00:21.879+0000] {dagbag.py:545} INFO - Filling up the DagBag from /opt/airflow/dags/postgres_dag.py
[2024-07-05T12:00:21.903+0000] {logging_mixin.py:188} INFO - [2024-07-05T12:00:21.899+0000] {dagbag.py:355} ERROR - Failed to import: /opt/airflow/dags/postgres_dag.py
Traceback (most recent call last):
  File "/home/airflow/.local/lib/python3.12/site-packages/airflow/models/dagbag.py", line 351, in parse
    loader.exec_module(new_module)
  File "<frozen importlib._bootstrap_external>", line 995, in exec_module
  File "<frozen importlib._bootstrap>", line 488, in _call_with_frames_removed
  File "/opt/airflow/dags/postgres_dag.py", line 11, in <module>
    with DAG(dag_id='postgres_dag',  # уникальный id
         ^^^^^^^^^^^^^^^^^^^^^^^^^^^^^^^^^^^^^^^^^^^
  File "/home/airflow/.local/lib/python3.12/site-packages/airflow/models/dag.py", line 580, in __init__
    raise ValueError("DAG is missing the start_date parameter")
ValueError: DAG is missing the start_date parameter
[2024-07-05T12:00:21.905+0000] {processor.py:842} WARNING - No viable dags retrieved from /opt/airflow/dags/postgres_dag.py
[2024-07-05T12:00:21.923+0000] {processor.py:183} INFO - Processing /opt/airflow/dags/postgres_dag.py took 0.051 seconds
[2024-07-05T12:00:52.101+0000] {processor.py:161} INFO - Started process (PID=1274) to work on /opt/airflow/dags/postgres_dag.py
[2024-07-05T12:00:52.102+0000] {processor.py:830} INFO - Processing file /opt/airflow/dags/postgres_dag.py for tasks to queue
[2024-07-05T12:00:52.103+0000] {logging_mixin.py:188} INFO - [2024-07-05T12:00:52.103+0000] {dagbag.py:545} INFO - Filling up the DagBag from /opt/airflow/dags/postgres_dag.py
[2024-07-05T12:00:52.118+0000] {logging_mixin.py:188} INFO - [2024-07-05T12:00:52.114+0000] {dagbag.py:355} ERROR - Failed to import: /opt/airflow/dags/postgres_dag.py
Traceback (most recent call last):
  File "/home/airflow/.local/lib/python3.12/site-packages/airflow/models/dagbag.py", line 351, in parse
    loader.exec_module(new_module)
  File "<frozen importlib._bootstrap_external>", line 995, in exec_module
  File "<frozen importlib._bootstrap>", line 488, in _call_with_frames_removed
  File "/opt/airflow/dags/postgres_dag.py", line 11, in <module>
    with DAG(dag_id='postgres_dag',  # уникальный id
         ^^^^^^^^^^^^^^^^^^^^^^^^^^^^^^^^^^^^^^^^^^^
  File "/home/airflow/.local/lib/python3.12/site-packages/airflow/models/dag.py", line 580, in __init__
    raise ValueError("DAG is missing the start_date parameter")
ValueError: DAG is missing the start_date parameter
[2024-07-05T12:00:52.120+0000] {processor.py:842} WARNING - No viable dags retrieved from /opt/airflow/dags/postgres_dag.py
[2024-07-05T12:00:52.136+0000] {processor.py:183} INFO - Processing /opt/airflow/dags/postgres_dag.py took 0.040 seconds
[2024-07-05T12:01:14.223+0000] {processor.py:161} INFO - Started process (PID=1281) to work on /opt/airflow/dags/postgres_dag.py
[2024-07-05T12:01:14.225+0000] {processor.py:830} INFO - Processing file /opt/airflow/dags/postgres_dag.py for tasks to queue
[2024-07-05T12:01:14.226+0000] {logging_mixin.py:188} INFO - [2024-07-05T12:01:14.226+0000] {dagbag.py:545} INFO - Filling up the DagBag from /opt/airflow/dags/postgres_dag.py
[2024-07-05T12:01:14.245+0000] {logging_mixin.py:188} INFO - [2024-07-05T12:01:14.242+0000] {dagbag.py:355} ERROR - Failed to import: /opt/airflow/dags/postgres_dag.py
Traceback (most recent call last):
  File "/home/airflow/.local/lib/python3.12/site-packages/airflow/models/dagbag.py", line 351, in parse
    loader.exec_module(new_module)
  File "<frozen importlib._bootstrap_external>", line 995, in exec_module
  File "<frozen importlib._bootstrap>", line 488, in _call_with_frames_removed
  File "/opt/airflow/dags/postgres_dag.py", line 11, in <module>
    with DAG(dag_id='postgres_dag',  # уникальный id
         ^^^^^^^^^^^^^^^^^^^^^^^^^^^^^^^^^^^^^^^^^^^
  File "/home/airflow/.local/lib/python3.12/site-packages/airflow/models/dag.py", line 580, in __init__
    raise ValueError("DAG is missing the start_date parameter")
ValueError: DAG is missing the start_date parameter
[2024-07-05T12:01:14.246+0000] {processor.py:842} WARNING - No viable dags retrieved from /opt/airflow/dags/postgres_dag.py
[2024-07-05T12:01:14.263+0000] {processor.py:183} INFO - Processing /opt/airflow/dags/postgres_dag.py took 0.045 seconds
[2024-07-05T12:01:44.443+0000] {processor.py:161} INFO - Started process (PID=1290) to work on /opt/airflow/dags/postgres_dag.py
[2024-07-05T12:01:44.444+0000] {processor.py:830} INFO - Processing file /opt/airflow/dags/postgres_dag.py for tasks to queue
[2024-07-05T12:01:44.445+0000] {logging_mixin.py:188} INFO - [2024-07-05T12:01:44.445+0000] {dagbag.py:545} INFO - Filling up the DagBag from /opt/airflow/dags/postgres_dag.py
[2024-07-05T12:01:44.458+0000] {logging_mixin.py:188} INFO - [2024-07-05T12:01:44.455+0000] {dagbag.py:355} ERROR - Failed to import: /opt/airflow/dags/postgres_dag.py
Traceback (most recent call last):
  File "/home/airflow/.local/lib/python3.12/site-packages/airflow/models/dagbag.py", line 351, in parse
    loader.exec_module(new_module)
  File "<frozen importlib._bootstrap_external>", line 995, in exec_module
  File "<frozen importlib._bootstrap>", line 488, in _call_with_frames_removed
  File "/opt/airflow/dags/postgres_dag.py", line 11, in <module>
    with DAG(dag_id='postgres_dag',  # уникальный id
         ^^^^^^^^^^^^^^^^^^^^^^^^^^^^^^^^^^^^^^^^^^^
  File "/home/airflow/.local/lib/python3.12/site-packages/airflow/models/dag.py", line 580, in __init__
    raise ValueError("DAG is missing the start_date parameter")
ValueError: DAG is missing the start_date parameter
[2024-07-05T12:01:44.460+0000] {processor.py:842} WARNING - No viable dags retrieved from /opt/airflow/dags/postgres_dag.py
[2024-07-05T12:01:44.475+0000] {processor.py:183} INFO - Processing /opt/airflow/dags/postgres_dag.py took 0.037 seconds
[2024-07-05T12:01:55.565+0000] {processor.py:161} INFO - Started process (PID=1292) to work on /opt/airflow/dags/postgres_dag.py
[2024-07-05T12:01:55.566+0000] {processor.py:830} INFO - Processing file /opt/airflow/dags/postgres_dag.py for tasks to queue
[2024-07-05T12:01:55.568+0000] {logging_mixin.py:188} INFO - [2024-07-05T12:01:55.568+0000] {dagbag.py:545} INFO - Filling up the DagBag from /opt/airflow/dags/postgres_dag.py
[2024-07-05T12:01:55.594+0000] {processor.py:840} INFO - DAG(s) 'postgres_dag' retrieved from /opt/airflow/dags/postgres_dag.py
[2024-07-05T12:01:55.722+0000] {logging_mixin.py:188} INFO - [2024-07-05T12:01:55.721+0000] {override.py:1829} INFO - Created Permission View: can read on DAG:postgres_dag
[2024-07-05T12:01:55.731+0000] {logging_mixin.py:188} INFO - [2024-07-05T12:01:55.731+0000] {override.py:1829} INFO - Created Permission View: can edit on DAG:postgres_dag
[2024-07-05T12:01:55.738+0000] {logging_mixin.py:188} INFO - [2024-07-05T12:01:55.738+0000] {override.py:1829} INFO - Created Permission View: can delete on DAG:postgres_dag
[2024-07-05T12:01:55.739+0000] {logging_mixin.py:188} INFO - [2024-07-05T12:01:55.739+0000] {dag.py:3096} INFO - Sync 1 DAGs
[2024-07-05T12:01:55.748+0000] {logging_mixin.py:188} INFO - [2024-07-05T12:01:55.748+0000] {dag.py:3118} INFO - Creating ORM DAG for postgres_dag
[2024-07-05T12:01:55.756+0000] {logging_mixin.py:188} INFO - [2024-07-05T12:01:55.756+0000] {dag.py:3954} INFO - Setting next_dagrun for postgres_dag to 2024-07-01 00:00:00+00:00, run_after=2024-07-01 00:00:00+00:00
[2024-07-05T12:01:55.772+0000] {processor.py:183} INFO - Processing /opt/airflow/dags/postgres_dag.py took 0.211 seconds
[2024-07-05T12:02:25.941+0000] {processor.py:161} INFO - Started process (PID=1300) to work on /opt/airflow/dags/postgres_dag.py
[2024-07-05T12:02:25.942+0000] {processor.py:830} INFO - Processing file /opt/airflow/dags/postgres_dag.py for tasks to queue
[2024-07-05T12:02:25.944+0000] {logging_mixin.py:188} INFO - [2024-07-05T12:02:25.944+0000] {dagbag.py:545} INFO - Filling up the DagBag from /opt/airflow/dags/postgres_dag.py
[2024-07-05T12:02:25.959+0000] {processor.py:840} INFO - DAG(s) 'postgres_dag' retrieved from /opt/airflow/dags/postgres_dag.py
[2024-07-05T12:02:25.982+0000] {logging_mixin.py:188} INFO - [2024-07-05T12:02:25.982+0000] {dag.py:3096} INFO - Sync 1 DAGs
[2024-07-05T12:02:26.000+0000] {logging_mixin.py:188} INFO - [2024-07-05T12:02:25.999+0000] {dag.py:3954} INFO - Setting next_dagrun for postgres_dag to None, run_after=None
[2024-07-05T12:02:26.014+0000] {processor.py:183} INFO - Processing /opt/airflow/dags/postgres_dag.py took 0.077 seconds
[2024-07-05T12:02:56.179+0000] {processor.py:161} INFO - Started process (PID=1308) to work on /opt/airflow/dags/postgres_dag.py
[2024-07-05T12:02:56.180+0000] {processor.py:830} INFO - Processing file /opt/airflow/dags/postgres_dag.py for tasks to queue
[2024-07-05T12:02:56.181+0000] {logging_mixin.py:188} INFO - [2024-07-05T12:02:56.181+0000] {dagbag.py:545} INFO - Filling up the DagBag from /opt/airflow/dags/postgres_dag.py
[2024-07-05T12:02:56.197+0000] {processor.py:840} INFO - DAG(s) 'postgres_dag' retrieved from /opt/airflow/dags/postgres_dag.py
[2024-07-05T12:02:56.219+0000] {logging_mixin.py:188} INFO - [2024-07-05T12:02:56.219+0000] {dag.py:3096} INFO - Sync 1 DAGs
[2024-07-05T12:02:56.236+0000] {logging_mixin.py:188} INFO - [2024-07-05T12:02:56.235+0000] {dag.py:3954} INFO - Setting next_dagrun for postgres_dag to None, run_after=None
[2024-07-05T12:02:56.252+0000] {processor.py:183} INFO - Processing /opt/airflow/dags/postgres_dag.py took 0.078 seconds
[2024-07-05T12:03:26.412+0000] {processor.py:161} INFO - Started process (PID=1316) to work on /opt/airflow/dags/postgres_dag.py
[2024-07-05T12:03:26.413+0000] {processor.py:830} INFO - Processing file /opt/airflow/dags/postgres_dag.py for tasks to queue
[2024-07-05T12:03:26.415+0000] {logging_mixin.py:188} INFO - [2024-07-05T12:03:26.414+0000] {dagbag.py:545} INFO - Filling up the DagBag from /opt/airflow/dags/postgres_dag.py
[2024-07-05T12:03:26.430+0000] {processor.py:840} INFO - DAG(s) 'postgres_dag' retrieved from /opt/airflow/dags/postgres_dag.py
[2024-07-05T12:03:26.453+0000] {logging_mixin.py:188} INFO - [2024-07-05T12:03:26.453+0000] {dag.py:3096} INFO - Sync 1 DAGs
[2024-07-05T12:03:26.470+0000] {logging_mixin.py:188} INFO - [2024-07-05T12:03:26.469+0000] {dag.py:3954} INFO - Setting next_dagrun for postgres_dag to None, run_after=None
[2024-07-05T12:03:26.484+0000] {processor.py:183} INFO - Processing /opt/airflow/dags/postgres_dag.py took 0.077 seconds
[2024-07-05T12:03:56.648+0000] {processor.py:161} INFO - Started process (PID=1324) to work on /opt/airflow/dags/postgres_dag.py
[2024-07-05T12:03:56.649+0000] {processor.py:830} INFO - Processing file /opt/airflow/dags/postgres_dag.py for tasks to queue
[2024-07-05T12:03:56.651+0000] {logging_mixin.py:188} INFO - [2024-07-05T12:03:56.650+0000] {dagbag.py:545} INFO - Filling up the DagBag from /opt/airflow/dags/postgres_dag.py
[2024-07-05T12:03:56.670+0000] {processor.py:840} INFO - DAG(s) 'postgres_dag' retrieved from /opt/airflow/dags/postgres_dag.py
[2024-07-05T12:03:56.696+0000] {logging_mixin.py:188} INFO - [2024-07-05T12:03:56.696+0000] {dag.py:3096} INFO - Sync 1 DAGs
[2024-07-05T12:03:56.715+0000] {logging_mixin.py:188} INFO - [2024-07-05T12:03:56.715+0000] {dag.py:3954} INFO - Setting next_dagrun for postgres_dag to None, run_after=None
[2024-07-05T12:03:56.731+0000] {processor.py:183} INFO - Processing /opt/airflow/dags/postgres_dag.py took 0.090 seconds
[2024-07-05T12:04:26.903+0000] {processor.py:161} INFO - Started process (PID=1332) to work on /opt/airflow/dags/postgres_dag.py
[2024-07-05T12:04:26.903+0000] {processor.py:830} INFO - Processing file /opt/airflow/dags/postgres_dag.py for tasks to queue
[2024-07-05T12:04:26.905+0000] {logging_mixin.py:188} INFO - [2024-07-05T12:04:26.905+0000] {dagbag.py:545} INFO - Filling up the DagBag from /opt/airflow/dags/postgres_dag.py
[2024-07-05T12:04:26.921+0000] {processor.py:840} INFO - DAG(s) 'postgres_dag' retrieved from /opt/airflow/dags/postgres_dag.py
[2024-07-05T12:04:26.944+0000] {logging_mixin.py:188} INFO - [2024-07-05T12:04:26.944+0000] {dag.py:3096} INFO - Sync 1 DAGs
[2024-07-05T12:04:26.962+0000] {logging_mixin.py:188} INFO - [2024-07-05T12:04:26.962+0000] {dag.py:3954} INFO - Setting next_dagrun for postgres_dag to None, run_after=None
[2024-07-05T12:04:26.978+0000] {processor.py:183} INFO - Processing /opt/airflow/dags/postgres_dag.py took 0.080 seconds
[2024-07-05T12:04:57.211+0000] {processor.py:161} INFO - Started process (PID=1340) to work on /opt/airflow/dags/postgres_dag.py
[2024-07-05T12:04:57.212+0000] {processor.py:830} INFO - Processing file /opt/airflow/dags/postgres_dag.py for tasks to queue
[2024-07-05T12:04:57.214+0000] {logging_mixin.py:188} INFO - [2024-07-05T12:04:57.213+0000] {dagbag.py:545} INFO - Filling up the DagBag from /opt/airflow/dags/postgres_dag.py
[2024-07-05T12:04:57.229+0000] {processor.py:840} INFO - DAG(s) 'postgres_dag' retrieved from /opt/airflow/dags/postgres_dag.py
[2024-07-05T12:04:57.253+0000] {logging_mixin.py:188} INFO - [2024-07-05T12:04:57.252+0000] {dag.py:3096} INFO - Sync 1 DAGs
[2024-07-05T12:04:57.269+0000] {logging_mixin.py:188} INFO - [2024-07-05T12:04:57.269+0000] {dag.py:3954} INFO - Setting next_dagrun for postgres_dag to None, run_after=None
[2024-07-05T12:04:57.283+0000] {processor.py:183} INFO - Processing /opt/airflow/dags/postgres_dag.py took 0.077 seconds
[2024-07-05T12:05:27.454+0000] {processor.py:161} INFO - Started process (PID=1348) to work on /opt/airflow/dags/postgres_dag.py
[2024-07-05T12:05:27.455+0000] {processor.py:830} INFO - Processing file /opt/airflow/dags/postgres_dag.py for tasks to queue
[2024-07-05T12:05:27.458+0000] {logging_mixin.py:188} INFO - [2024-07-05T12:05:27.457+0000] {dagbag.py:545} INFO - Filling up the DagBag from /opt/airflow/dags/postgres_dag.py
[2024-07-05T12:05:27.475+0000] {processor.py:840} INFO - DAG(s) 'postgres_dag' retrieved from /opt/airflow/dags/postgres_dag.py
[2024-07-05T12:05:27.499+0000] {logging_mixin.py:188} INFO - [2024-07-05T12:05:27.499+0000] {dag.py:3096} INFO - Sync 1 DAGs
[2024-07-05T12:05:27.517+0000] {logging_mixin.py:188} INFO - [2024-07-05T12:05:27.517+0000] {dag.py:3954} INFO - Setting next_dagrun for postgres_dag to None, run_after=None
[2024-07-05T12:05:27.532+0000] {processor.py:183} INFO - Processing /opt/airflow/dags/postgres_dag.py took 0.083 seconds
[2024-07-05T12:05:57.699+0000] {processor.py:161} INFO - Started process (PID=1356) to work on /opt/airflow/dags/postgres_dag.py
[2024-07-05T12:05:57.700+0000] {processor.py:830} INFO - Processing file /opt/airflow/dags/postgres_dag.py for tasks to queue
[2024-07-05T12:05:57.702+0000] {logging_mixin.py:188} INFO - [2024-07-05T12:05:57.701+0000] {dagbag.py:545} INFO - Filling up the DagBag from /opt/airflow/dags/postgres_dag.py
[2024-07-05T12:05:57.718+0000] {processor.py:840} INFO - DAG(s) 'postgres_dag' retrieved from /opt/airflow/dags/postgres_dag.py
[2024-07-05T12:05:57.743+0000] {logging_mixin.py:188} INFO - [2024-07-05T12:05:57.743+0000] {dag.py:3096} INFO - Sync 1 DAGs
[2024-07-05T12:05:57.761+0000] {logging_mixin.py:188} INFO - [2024-07-05T12:05:57.761+0000] {dag.py:3954} INFO - Setting next_dagrun for postgres_dag to None, run_after=None
[2024-07-05T12:05:57.776+0000] {processor.py:183} INFO - Processing /opt/airflow/dags/postgres_dag.py took 0.082 seconds
[2024-07-05T12:06:27.933+0000] {processor.py:161} INFO - Started process (PID=1364) to work on /opt/airflow/dags/postgres_dag.py
[2024-07-05T12:06:27.933+0000] {processor.py:830} INFO - Processing file /opt/airflow/dags/postgres_dag.py for tasks to queue
[2024-07-05T12:06:27.935+0000] {logging_mixin.py:188} INFO - [2024-07-05T12:06:27.935+0000] {dagbag.py:545} INFO - Filling up the DagBag from /opt/airflow/dags/postgres_dag.py
[2024-07-05T12:06:27.951+0000] {processor.py:840} INFO - DAG(s) 'postgres_dag' retrieved from /opt/airflow/dags/postgres_dag.py
[2024-07-05T12:06:27.975+0000] {logging_mixin.py:188} INFO - [2024-07-05T12:06:27.975+0000] {dag.py:3096} INFO - Sync 1 DAGs
[2024-07-05T12:06:27.993+0000] {logging_mixin.py:188} INFO - [2024-07-05T12:06:27.993+0000] {dag.py:3954} INFO - Setting next_dagrun for postgres_dag to None, run_after=None
[2024-07-05T12:06:28.009+0000] {processor.py:183} INFO - Processing /opt/airflow/dags/postgres_dag.py took 0.081 seconds
[2024-07-05T12:06:58.215+0000] {processor.py:161} INFO - Started process (PID=1372) to work on /opt/airflow/dags/postgres_dag.py
[2024-07-05T12:06:58.215+0000] {processor.py:830} INFO - Processing file /opt/airflow/dags/postgres_dag.py for tasks to queue
[2024-07-05T12:06:58.217+0000] {logging_mixin.py:188} INFO - [2024-07-05T12:06:58.217+0000] {dagbag.py:545} INFO - Filling up the DagBag from /opt/airflow/dags/postgres_dag.py
[2024-07-05T12:06:58.233+0000] {processor.py:840} INFO - DAG(s) 'postgres_dag' retrieved from /opt/airflow/dags/postgres_dag.py
[2024-07-05T12:06:58.257+0000] {logging_mixin.py:188} INFO - [2024-07-05T12:06:58.257+0000] {dag.py:3096} INFO - Sync 1 DAGs
[2024-07-05T12:06:58.275+0000] {logging_mixin.py:188} INFO - [2024-07-05T12:06:58.275+0000] {dag.py:3954} INFO - Setting next_dagrun for postgres_dag to None, run_after=None
[2024-07-05T12:06:58.290+0000] {processor.py:183} INFO - Processing /opt/airflow/dags/postgres_dag.py took 0.080 seconds
[2024-07-05T12:07:28.478+0000] {processor.py:161} INFO - Started process (PID=1380) to work on /opt/airflow/dags/postgres_dag.py
[2024-07-05T12:07:28.479+0000] {processor.py:830} INFO - Processing file /opt/airflow/dags/postgres_dag.py for tasks to queue
[2024-07-05T12:07:28.481+0000] {logging_mixin.py:188} INFO - [2024-07-05T12:07:28.481+0000] {dagbag.py:545} INFO - Filling up the DagBag from /opt/airflow/dags/postgres_dag.py
[2024-07-05T12:07:28.496+0000] {processor.py:840} INFO - DAG(s) 'postgres_dag' retrieved from /opt/airflow/dags/postgres_dag.py
[2024-07-05T12:07:28.519+0000] {logging_mixin.py:188} INFO - [2024-07-05T12:07:28.519+0000] {dag.py:3096} INFO - Sync 1 DAGs
[2024-07-05T12:07:28.536+0000] {logging_mixin.py:188} INFO - [2024-07-05T12:07:28.536+0000] {dag.py:3954} INFO - Setting next_dagrun for postgres_dag to None, run_after=None
[2024-07-05T12:07:28.551+0000] {processor.py:183} INFO - Processing /opt/airflow/dags/postgres_dag.py took 0.078 seconds
[2024-07-05T12:58:56.536+0000] {processor.py:161} INFO - Started process (PID=34) to work on /opt/airflow/dags/postgres_dag.py
[2024-07-05T12:58:56.537+0000] {processor.py:830} INFO - Processing file /opt/airflow/dags/postgres_dag.py for tasks to queue
[2024-07-05T12:58:56.540+0000] {logging_mixin.py:188} INFO - [2024-07-05T12:58:56.539+0000] {dagbag.py:545} INFO - Filling up the DagBag from /opt/airflow/dags/postgres_dag.py
[2024-07-05T12:58:56.568+0000] {processor.py:840} INFO - DAG(s) 'postgres_dag' retrieved from /opt/airflow/dags/postgres_dag.py
[2024-07-05T12:58:56.813+0000] {logging_mixin.py:188} INFO - [2024-07-05T12:58:56.812+0000] {override.py:1829} INFO - Created Permission View: can read on DAG:postgres_dag
[2024-07-05T12:58:56.822+0000] {logging_mixin.py:188} INFO - [2024-07-05T12:58:56.821+0000] {override.py:1829} INFO - Created Permission View: can delete on DAG:postgres_dag
[2024-07-05T12:58:56.829+0000] {logging_mixin.py:188} INFO - [2024-07-05T12:58:56.829+0000] {override.py:1829} INFO - Created Permission View: can edit on DAG:postgres_dag
[2024-07-05T12:58:56.830+0000] {logging_mixin.py:188} INFO - [2024-07-05T12:58:56.830+0000] {dag.py:3096} INFO - Sync 1 DAGs
[2024-07-05T12:58:56.842+0000] {logging_mixin.py:188} INFO - [2024-07-05T12:58:56.841+0000] {dag.py:3118} INFO - Creating ORM DAG for postgres_dag
[2024-07-05T12:58:56.853+0000] {logging_mixin.py:188} INFO - [2024-07-05T12:58:56.853+0000] {dag.py:3954} INFO - Setting next_dagrun for postgres_dag to 2024-07-01 00:00:00+00:00, run_after=2024-07-01 00:00:00+00:00
[2024-07-05T12:58:56.873+0000] {processor.py:183} INFO - Processing /opt/airflow/dags/postgres_dag.py took 0.344 seconds
[2024-07-05T12:59:27.067+0000] {processor.py:161} INFO - Started process (PID=42) to work on /opt/airflow/dags/postgres_dag.py
[2024-07-05T12:59:27.068+0000] {processor.py:830} INFO - Processing file /opt/airflow/dags/postgres_dag.py for tasks to queue
[2024-07-05T12:59:27.070+0000] {logging_mixin.py:188} INFO - [2024-07-05T12:59:27.069+0000] {dagbag.py:545} INFO - Filling up the DagBag from /opt/airflow/dags/postgres_dag.py
[2024-07-05T12:59:27.086+0000] {processor.py:840} INFO - DAG(s) 'postgres_dag' retrieved from /opt/airflow/dags/postgres_dag.py
[2024-07-05T12:59:27.113+0000] {logging_mixin.py:188} INFO - [2024-07-05T12:59:27.113+0000] {dag.py:3096} INFO - Sync 1 DAGs
[2024-07-05T12:59:27.131+0000] {logging_mixin.py:188} INFO - [2024-07-05T12:59:27.130+0000] {dag.py:3954} INFO - Setting next_dagrun for postgres_dag to None, run_after=None
[2024-07-05T12:59:27.147+0000] {processor.py:183} INFO - Processing /opt/airflow/dags/postgres_dag.py took 0.085 seconds
[2024-07-05T12:59:57.339+0000] {processor.py:161} INFO - Started process (PID=50) to work on /opt/airflow/dags/postgres_dag.py
[2024-07-05T12:59:57.340+0000] {processor.py:830} INFO - Processing file /opt/airflow/dags/postgres_dag.py for tasks to queue
[2024-07-05T12:59:57.342+0000] {logging_mixin.py:188} INFO - [2024-07-05T12:59:57.342+0000] {dagbag.py:545} INFO - Filling up the DagBag from /opt/airflow/dags/postgres_dag.py
[2024-07-05T12:59:57.360+0000] {processor.py:840} INFO - DAG(s) 'postgres_dag' retrieved from /opt/airflow/dags/postgres_dag.py
[2024-07-05T12:59:57.384+0000] {logging_mixin.py:188} INFO - [2024-07-05T12:59:57.384+0000] {dag.py:3096} INFO - Sync 1 DAGs
[2024-07-05T12:59:57.402+0000] {logging_mixin.py:188} INFO - [2024-07-05T12:59:57.402+0000] {dag.py:3954} INFO - Setting next_dagrun for postgres_dag to None, run_after=None
[2024-07-05T12:59:57.421+0000] {processor.py:183} INFO - Processing /opt/airflow/dags/postgres_dag.py took 0.087 seconds
[2024-07-05T13:00:27.613+0000] {processor.py:161} INFO - Started process (PID=58) to work on /opt/airflow/dags/postgres_dag.py
[2024-07-05T13:00:27.614+0000] {processor.py:830} INFO - Processing file /opt/airflow/dags/postgres_dag.py for tasks to queue
[2024-07-05T13:00:27.616+0000] {logging_mixin.py:188} INFO - [2024-07-05T13:00:27.616+0000] {dagbag.py:545} INFO - Filling up the DagBag from /opt/airflow/dags/postgres_dag.py
[2024-07-05T13:00:27.633+0000] {processor.py:840} INFO - DAG(s) 'postgres_dag' retrieved from /opt/airflow/dags/postgres_dag.py
[2024-07-05T13:00:27.659+0000] {logging_mixin.py:188} INFO - [2024-07-05T13:00:27.659+0000] {dag.py:3096} INFO - Sync 1 DAGs
[2024-07-05T13:00:27.677+0000] {logging_mixin.py:188} INFO - [2024-07-05T13:00:27.677+0000] {dag.py:3954} INFO - Setting next_dagrun for postgres_dag to None, run_after=None
[2024-07-05T13:00:27.694+0000] {processor.py:183} INFO - Processing /opt/airflow/dags/postgres_dag.py took 0.086 seconds
[2024-07-05T13:00:57.789+0000] {processor.py:161} INFO - Started process (PID=67) to work on /opt/airflow/dags/postgres_dag.py
[2024-07-05T13:00:57.790+0000] {processor.py:830} INFO - Processing file /opt/airflow/dags/postgres_dag.py for tasks to queue
[2024-07-05T13:00:57.792+0000] {logging_mixin.py:188} INFO - [2024-07-05T13:00:57.791+0000] {dagbag.py:545} INFO - Filling up the DagBag from /opt/airflow/dags/postgres_dag.py
[2024-07-05T13:00:57.809+0000] {processor.py:840} INFO - DAG(s) 'postgres_dag' retrieved from /opt/airflow/dags/postgres_dag.py
[2024-07-05T13:00:57.834+0000] {logging_mixin.py:188} INFO - [2024-07-05T13:00:57.834+0000] {dag.py:3096} INFO - Sync 1 DAGs
[2024-07-05T13:00:57.853+0000] {logging_mixin.py:188} INFO - [2024-07-05T13:00:57.853+0000] {dag.py:3954} INFO - Setting next_dagrun for postgres_dag to None, run_after=None
[2024-07-05T13:00:57.871+0000] {processor.py:183} INFO - Processing /opt/airflow/dags/postgres_dag.py took 0.087 seconds
[2024-07-05T13:01:28.064+0000] {processor.py:161} INFO - Started process (PID=75) to work on /opt/airflow/dags/postgres_dag.py
[2024-07-05T13:01:28.065+0000] {processor.py:830} INFO - Processing file /opt/airflow/dags/postgres_dag.py for tasks to queue
[2024-07-05T13:01:28.066+0000] {logging_mixin.py:188} INFO - [2024-07-05T13:01:28.066+0000] {dagbag.py:545} INFO - Filling up the DagBag from /opt/airflow/dags/postgres_dag.py
[2024-07-05T13:01:28.084+0000] {processor.py:840} INFO - DAG(s) 'postgres_dag' retrieved from /opt/airflow/dags/postgres_dag.py
[2024-07-05T13:01:28.108+0000] {logging_mixin.py:188} INFO - [2024-07-05T13:01:28.108+0000] {dag.py:3096} INFO - Sync 1 DAGs
[2024-07-05T13:01:28.126+0000] {logging_mixin.py:188} INFO - [2024-07-05T13:01:28.126+0000] {dag.py:3954} INFO - Setting next_dagrun for postgres_dag to None, run_after=None
[2024-07-05T13:01:28.144+0000] {processor.py:183} INFO - Processing /opt/airflow/dags/postgres_dag.py took 0.084 seconds
[2024-07-05T13:01:58.342+0000] {processor.py:161} INFO - Started process (PID=83) to work on /opt/airflow/dags/postgres_dag.py
[2024-07-05T13:01:58.343+0000] {processor.py:830} INFO - Processing file /opt/airflow/dags/postgres_dag.py for tasks to queue
[2024-07-05T13:01:58.344+0000] {logging_mixin.py:188} INFO - [2024-07-05T13:01:58.344+0000] {dagbag.py:545} INFO - Filling up the DagBag from /opt/airflow/dags/postgres_dag.py
[2024-07-05T13:01:58.362+0000] {processor.py:840} INFO - DAG(s) 'postgres_dag' retrieved from /opt/airflow/dags/postgres_dag.py
[2024-07-05T13:01:58.387+0000] {logging_mixin.py:188} INFO - [2024-07-05T13:01:58.387+0000] {dag.py:3096} INFO - Sync 1 DAGs
[2024-07-05T13:01:58.407+0000] {logging_mixin.py:188} INFO - [2024-07-05T13:01:58.407+0000] {dag.py:3954} INFO - Setting next_dagrun for postgres_dag to None, run_after=None
[2024-07-05T13:01:58.425+0000] {processor.py:183} INFO - Processing /opt/airflow/dags/postgres_dag.py took 0.089 seconds
[2024-07-05T13:02:28.521+0000] {processor.py:161} INFO - Started process (PID=91) to work on /opt/airflow/dags/postgres_dag.py
[2024-07-05T13:02:28.522+0000] {processor.py:830} INFO - Processing file /opt/airflow/dags/postgres_dag.py for tasks to queue
[2024-07-05T13:02:28.524+0000] {logging_mixin.py:188} INFO - [2024-07-05T13:02:28.524+0000] {dagbag.py:545} INFO - Filling up the DagBag from /opt/airflow/dags/postgres_dag.py
[2024-07-05T13:02:28.544+0000] {processor.py:840} INFO - DAG(s) 'postgres_dag' retrieved from /opt/airflow/dags/postgres_dag.py
[2024-07-05T13:02:28.571+0000] {logging_mixin.py:188} INFO - [2024-07-05T13:02:28.571+0000] {dag.py:3096} INFO - Sync 1 DAGs
[2024-07-05T13:02:28.590+0000] {logging_mixin.py:188} INFO - [2024-07-05T13:02:28.590+0000] {dag.py:3954} INFO - Setting next_dagrun for postgres_dag to None, run_after=None
[2024-07-05T13:02:28.607+0000] {processor.py:183} INFO - Processing /opt/airflow/dags/postgres_dag.py took 0.092 seconds
[2024-07-05T13:02:58.800+0000] {processor.py:161} INFO - Started process (PID=99) to work on /opt/airflow/dags/postgres_dag.py
[2024-07-05T13:02:58.801+0000] {processor.py:830} INFO - Processing file /opt/airflow/dags/postgres_dag.py for tasks to queue
[2024-07-05T13:02:58.803+0000] {logging_mixin.py:188} INFO - [2024-07-05T13:02:58.803+0000] {dagbag.py:545} INFO - Filling up the DagBag from /opt/airflow/dags/postgres_dag.py
[2024-07-05T13:02:58.820+0000] {processor.py:840} INFO - DAG(s) 'postgres_dag' retrieved from /opt/airflow/dags/postgres_dag.py
[2024-07-05T13:02:58.846+0000] {logging_mixin.py:188} INFO - [2024-07-05T13:02:58.846+0000] {dag.py:3096} INFO - Sync 1 DAGs
[2024-07-05T13:02:58.869+0000] {logging_mixin.py:188} INFO - [2024-07-05T13:02:58.868+0000] {dag.py:3954} INFO - Setting next_dagrun for postgres_dag to None, run_after=None
[2024-07-05T13:02:58.887+0000] {processor.py:183} INFO - Processing /opt/airflow/dags/postgres_dag.py took 0.092 seconds
[2024-07-05T13:03:29.082+0000] {processor.py:161} INFO - Started process (PID=107) to work on /opt/airflow/dags/postgres_dag.py
[2024-07-05T13:03:29.083+0000] {processor.py:830} INFO - Processing file /opt/airflow/dags/postgres_dag.py for tasks to queue
[2024-07-05T13:03:29.085+0000] {logging_mixin.py:188} INFO - [2024-07-05T13:03:29.085+0000] {dagbag.py:545} INFO - Filling up the DagBag from /opt/airflow/dags/postgres_dag.py
[2024-07-05T13:03:29.102+0000] {processor.py:840} INFO - DAG(s) 'postgres_dag' retrieved from /opt/airflow/dags/postgres_dag.py
[2024-07-05T13:03:29.127+0000] {logging_mixin.py:188} INFO - [2024-07-05T13:03:29.127+0000] {dag.py:3096} INFO - Sync 1 DAGs
[2024-07-05T13:03:29.149+0000] {logging_mixin.py:188} INFO - [2024-07-05T13:03:29.149+0000] {dag.py:3954} INFO - Setting next_dagrun for postgres_dag to None, run_after=None
[2024-07-05T13:03:29.166+0000] {processor.py:183} INFO - Processing /opt/airflow/dags/postgres_dag.py took 0.088 seconds
[2024-07-05T13:03:59.300+0000] {processor.py:161} INFO - Started process (PID=115) to work on /opt/airflow/dags/postgres_dag.py
[2024-07-05T13:03:59.301+0000] {processor.py:830} INFO - Processing file /opt/airflow/dags/postgres_dag.py for tasks to queue
[2024-07-05T13:03:59.303+0000] {logging_mixin.py:188} INFO - [2024-07-05T13:03:59.303+0000] {dagbag.py:545} INFO - Filling up the DagBag from /opt/airflow/dags/postgres_dag.py
[2024-07-05T13:03:59.320+0000] {processor.py:840} INFO - DAG(s) 'postgres_dag' retrieved from /opt/airflow/dags/postgres_dag.py
[2024-07-05T13:03:59.345+0000] {logging_mixin.py:188} INFO - [2024-07-05T13:03:59.345+0000] {dag.py:3096} INFO - Sync 1 DAGs
[2024-07-05T13:03:59.363+0000] {logging_mixin.py:188} INFO - [2024-07-05T13:03:59.363+0000] {dag.py:3954} INFO - Setting next_dagrun for postgres_dag to None, run_after=None
[2024-07-05T13:03:59.379+0000] {processor.py:183} INFO - Processing /opt/airflow/dags/postgres_dag.py took 0.084 seconds
[2024-07-05T13:04:29.575+0000] {processor.py:161} INFO - Started process (PID=123) to work on /opt/airflow/dags/postgres_dag.py
[2024-07-05T13:04:29.576+0000] {processor.py:830} INFO - Processing file /opt/airflow/dags/postgres_dag.py for tasks to queue
[2024-07-05T13:04:29.578+0000] {logging_mixin.py:188} INFO - [2024-07-05T13:04:29.578+0000] {dagbag.py:545} INFO - Filling up the DagBag from /opt/airflow/dags/postgres_dag.py
[2024-07-05T13:04:29.595+0000] {processor.py:840} INFO - DAG(s) 'postgres_dag' retrieved from /opt/airflow/dags/postgres_dag.py
[2024-07-05T13:04:29.620+0000] {logging_mixin.py:188} INFO - [2024-07-05T13:04:29.620+0000] {dag.py:3096} INFO - Sync 1 DAGs
[2024-07-05T13:04:29.639+0000] {logging_mixin.py:188} INFO - [2024-07-05T13:04:29.639+0000] {dag.py:3954} INFO - Setting next_dagrun for postgres_dag to None, run_after=None
[2024-07-05T13:04:29.657+0000] {processor.py:183} INFO - Processing /opt/airflow/dags/postgres_dag.py took 0.089 seconds
[2024-07-05T13:04:59.754+0000] {processor.py:161} INFO - Started process (PID=131) to work on /opt/airflow/dags/postgres_dag.py
[2024-07-05T13:04:59.755+0000] {processor.py:830} INFO - Processing file /opt/airflow/dags/postgres_dag.py for tasks to queue
[2024-07-05T13:04:59.756+0000] {logging_mixin.py:188} INFO - [2024-07-05T13:04:59.756+0000] {dagbag.py:545} INFO - Filling up the DagBag from /opt/airflow/dags/postgres_dag.py
[2024-07-05T13:04:59.773+0000] {processor.py:840} INFO - DAG(s) 'postgres_dag' retrieved from /opt/airflow/dags/postgres_dag.py
[2024-07-05T13:04:59.798+0000] {logging_mixin.py:188} INFO - [2024-07-05T13:04:59.798+0000] {dag.py:3096} INFO - Sync 1 DAGs
[2024-07-05T13:04:59.817+0000] {logging_mixin.py:188} INFO - [2024-07-05T13:04:59.817+0000] {dag.py:3954} INFO - Setting next_dagrun for postgres_dag to None, run_after=None
[2024-07-05T13:04:59.835+0000] {processor.py:183} INFO - Processing /opt/airflow/dags/postgres_dag.py took 0.086 seconds
