[2024-07-08T13:43:19.122+0000] {local_task_job_runner.py:120} INFO - ::group::Pre task execution logs
[2024-07-08T13:43:19.152+0000] {taskinstance.py:2076} INFO - Dependencies all met for dep_context=non-requeueable deps ti=<TaskInstance: ods_init.copy_schema manual__2024-07-08T13:43:16.786971+00:00 [queued]>
[2024-07-08T13:43:19.159+0000] {taskinstance.py:2076} INFO - Dependencies all met for dep_context=requeueable deps ti=<TaskInstance: ods_init.copy_schema manual__2024-07-08T13:43:16.786971+00:00 [queued]>
[2024-07-08T13:43:19.159+0000] {taskinstance.py:2306} INFO - Starting attempt 1 of 1
[2024-07-08T13:43:19.172+0000] {taskinstance.py:2330} INFO - Executing <Task(_PythonDecoratedOperator): copy_schema> on 2024-07-08 13:43:16.786971+00:00
[2024-07-08T13:43:19.182+0000] {standard_task_runner.py:90} INFO - Running: ['***', 'tasks', 'run', 'ods_init', 'copy_schema', 'manual__2024-07-08T13:43:16.786971+00:00', '--job-id', '3', '--raw', '--subdir', 'DAGS_FOLDER/ods_init.py', '--cfg-path', '/tmp/tmpwqfm6e2c']
[2024-07-08T13:43:19.181+0000] {warnings.py:112} WARNING - /home/***/.local/lib/python3.12/site-packages/***/task/task_runner/standard_task_runner.py:61: DeprecationWarning: This process (pid=148) is multi-threaded, use of fork() may lead to deadlocks in the child.
  pid = os.fork()

[2024-07-08T13:43:19.183+0000] {standard_task_runner.py:91} INFO - Job 3: Subtask copy_schema
[2024-07-08T13:43:19.183+0000] {standard_task_runner.py:63} INFO - Started process 149 to run task
[2024-07-08T13:43:19.224+0000] {task_command.py:426} INFO - Running <TaskInstance: ods_init.copy_schema manual__2024-07-08T13:43:16.786971+00:00 [running]> on host abab0bea2faf
[2024-07-08T13:43:19.311+0000] {taskinstance.py:2648} INFO - Exporting env vars: AIRFLOW_CTX_DAG_OWNER='***' AIRFLOW_CTX_DAG_ID='ods_init' AIRFLOW_CTX_TASK_ID='copy_schema' AIRFLOW_CTX_EXECUTION_DATE='2024-07-08T13:43:16.786971+00:00' AIRFLOW_CTX_TRY_NUMBER='1' AIRFLOW_CTX_DAG_RUN_ID='manual__2024-07-08T13:43:16.786971+00:00'
[2024-07-08T13:43:19.312+0000] {taskinstance.py:430} INFO - ::endgroup::
[2024-07-08T13:43:19.322+0000] {base.py:84} INFO - Using connection ID 'source_conn' for task execution.
[2024-07-08T13:43:19.499+0000] {base.py:84} INFO - Using connection ID 'etl_db_4_conn' for task execution.
[2024-07-08T13:43:24.750+0000] {python.py:237} INFO - Done. Returned value was: None
[2024-07-08T13:43:24.751+0000] {taskinstance.py:441} INFO - ::group::Post task execution logs
[2024-07-08T13:43:24.760+0000] {taskinstance.py:1206} INFO - Marking task as SUCCESS. dag_id=ods_init, task_id=copy_schema, run_id=manual__2024-07-08T13:43:16.786971+00:00, execution_date=20240708T134316, start_date=20240708T134319, end_date=20240708T134324
[2024-07-08T13:43:24.809+0000] {local_task_job_runner.py:240} INFO - Task exited with return code 0
[2024-07-08T13:43:24.823+0000] {taskinstance.py:3503} INFO - 0 downstream tasks scheduled from follow-on schedule check
[2024-07-08T13:43:24.825+0000] {local_task_job_runner.py:222} INFO - ::endgroup::
