[2024-07-03T19:16:09.569+0000] {local_task_job_runner.py:120} INFO - ::group::Pre task execution logs
[2024-07-03T19:16:09.597+0000] {taskinstance.py:2076} INFO - Dependencies all met for dep_context=non-requeueable deps ti=<TaskInstance: first_dag.first_task scheduled__2023-07-05T00:00:00+00:00 [queued]>
[2024-07-03T19:16:09.607+0000] {taskinstance.py:2076} INFO - Dependencies all met for dep_context=requeueable deps ti=<TaskInstance: first_dag.first_task scheduled__2023-07-05T00:00:00+00:00 [queued]>
[2024-07-03T19:16:09.608+0000] {taskinstance.py:2306} INFO - Starting attempt 1 of 6
[2024-07-03T19:16:09.656+0000] {taskinstance.py:2330} INFO - Executing <Task(BashOperator): first_task> on 2023-07-05 00:00:00+00:00
[2024-07-03T19:16:09.662+0000] {warnings.py:112} WARNING - /home/***/.local/lib/python3.12/site-packages/***/task/task_runner/standard_task_runner.py:61: DeprecationWarning: This process (pid=791) is multi-threaded, use of fork() may lead to deadlocks in the child.
  pid = os.fork()

[2024-07-03T19:16:09.664+0000] {standard_task_runner.py:63} INFO - Started process 798 to run task
[2024-07-03T19:16:09.664+0000] {standard_task_runner.py:90} INFO - Running: ['***', 'tasks', 'run', 'first_dag', 'first_task', 'scheduled__2023-07-05T00:00:00+00:00', '--job-id', '132', '--raw', '--subdir', 'DAGS_FOLDER/first_dag.py', '--cfg-path', '/tmp/tmpyopq_a8r']
[2024-07-03T19:16:09.665+0000] {standard_task_runner.py:91} INFO - Job 132: Subtask first_task
[2024-07-03T19:16:09.720+0000] {task_command.py:426} INFO - Running <TaskInstance: first_dag.first_task scheduled__2023-07-05T00:00:00+00:00 [running]> on host 2a6e93921527
[2024-07-03T19:16:09.814+0000] {taskinstance.py:2648} INFO - Exporting env vars: AIRFLOW_CTX_DAG_OWNER='me' AIRFLOW_CTX_DAG_ID='first_dag' AIRFLOW_CTX_TASK_ID='first_task' AIRFLOW_CTX_EXECUTION_DATE='2023-07-05T00:00:00+00:00' AIRFLOW_CTX_TRY_NUMBER='1' AIRFLOW_CTX_DAG_RUN_ID='scheduled__2023-07-05T00:00:00+00:00'
[2024-07-03T19:16:09.815+0000] {taskinstance.py:430} INFO - ::endgroup::
[2024-07-03T19:16:09.830+0000] {subprocess.py:63} INFO - Tmp dir root location: /tmp
[2024-07-03T19:16:09.831+0000] {subprocess.py:75} INFO - Running command: ['/usr/bin/bash', '-c', 'Hello world, this is the first task']
[2024-07-03T19:16:09.846+0000] {subprocess.py:86} INFO - Output:
[2024-07-03T19:16:09.848+0000] {subprocess.py:93} INFO - /usr/bin/bash: line 1: Hello: command not found
[2024-07-03T19:16:09.849+0000] {subprocess.py:97} INFO - Command exited with return code 127
[2024-07-03T19:16:09.850+0000] {taskinstance.py:441} INFO - ::group::Post task execution logs
[2024-07-03T19:16:09.862+0000] {taskinstance.py:2905} ERROR - Task failed with exception
Traceback (most recent call last):
  File "/home/airflow/.local/lib/python3.12/site-packages/airflow/models/taskinstance.py", line 465, in _execute_task
    result = _execute_callable(context=context, **execute_callable_kwargs)
             ^^^^^^^^^^^^^^^^^^^^^^^^^^^^^^^^^^^^^^^^^^^^^^^^^^^^^^^^^^^^^
  File "/home/airflow/.local/lib/python3.12/site-packages/airflow/models/taskinstance.py", line 432, in _execute_callable
    return execute_callable(context=context, **execute_callable_kwargs)
           ^^^^^^^^^^^^^^^^^^^^^^^^^^^^^^^^^^^^^^^^^^^^^^^^^^^^^^^^^^^^
  File "/home/airflow/.local/lib/python3.12/site-packages/airflow/models/baseoperator.py", line 401, in wrapper
    return func(self, *args, **kwargs)
           ^^^^^^^^^^^^^^^^^^^^^^^^^^^
  File "/home/airflow/.local/lib/python3.12/site-packages/airflow/operators/bash.py", line 243, in execute
    raise AirflowException(
airflow.exceptions.AirflowException: Bash command failed. The command returned a non-zero exit code 127.
[2024-07-03T19:16:09.867+0000] {taskinstance.py:1206} INFO - Marking task as UP_FOR_RETRY. dag_id=first_dag, task_id=first_task, run_id=scheduled__2023-07-05T00:00:00+00:00, execution_date=20230705T000000, start_date=20240703T191609, end_date=20240703T191609
[2024-07-03T19:16:09.884+0000] {standard_task_runner.py:110} ERROR - Failed to execute job 132 for task first_task (Bash command failed. The command returned a non-zero exit code 127.; 798)
[2024-07-03T19:16:09.918+0000] {local_task_job_runner.py:240} INFO - Task exited with return code 1
[2024-07-03T19:16:09.928+0000] {local_task_job_runner.py:222} INFO - ::endgroup::
[2024-07-03T19:20:58.365+0000] {local_task_job_runner.py:120} INFO - ::group::Pre task execution logs
[2024-07-03T19:20:58.392+0000] {taskinstance.py:2076} INFO - Dependencies all met for dep_context=non-requeueable deps ti=<TaskInstance: first_dag.first_task scheduled__2023-07-05T00:00:00+00:00 [queued]>
[2024-07-03T19:20:58.402+0000] {taskinstance.py:2076} INFO - Dependencies all met for dep_context=requeueable deps ti=<TaskInstance: first_dag.first_task scheduled__2023-07-05T00:00:00+00:00 [queued]>
[2024-07-03T19:20:58.403+0000] {taskinstance.py:2306} INFO - Starting attempt 1 of 6
[2024-07-03T19:20:58.425+0000] {taskinstance.py:2330} INFO - Executing <Task(BashOperator): first_task> on 2023-07-05 00:00:00+00:00
[2024-07-03T19:20:58.432+0000] {warnings.py:112} WARNING - /home/***/.local/lib/python3.12/site-packages/***/task/task_runner/standard_task_runner.py:61: DeprecationWarning: This process (pid=951) is multi-threaded, use of fork() may lead to deadlocks in the child.
  pid = os.fork()

[2024-07-03T19:20:58.434+0000] {standard_task_runner.py:63} INFO - Started process 958 to run task
[2024-07-03T19:20:58.434+0000] {standard_task_runner.py:90} INFO - Running: ['***', 'tasks', 'run', 'first_dag', 'first_task', 'scheduled__2023-07-05T00:00:00+00:00', '--job-id', '164', '--raw', '--subdir', 'DAGS_FOLDER/first_dag.py', '--cfg-path', '/tmp/tmpz9miavp0']
[2024-07-03T19:20:58.436+0000] {standard_task_runner.py:91} INFO - Job 164: Subtask first_task
[2024-07-03T19:20:58.489+0000] {task_command.py:426} INFO - Running <TaskInstance: first_dag.first_task scheduled__2023-07-05T00:00:00+00:00 [running]> on host 2a6e93921527
[2024-07-03T19:20:58.606+0000] {taskinstance.py:2648} INFO - Exporting env vars: AIRFLOW_CTX_DAG_OWNER='me' AIRFLOW_CTX_DAG_ID='first_dag' AIRFLOW_CTX_TASK_ID='first_task' AIRFLOW_CTX_EXECUTION_DATE='2023-07-05T00:00:00+00:00' AIRFLOW_CTX_TRY_NUMBER='1' AIRFLOW_CTX_DAG_RUN_ID='scheduled__2023-07-05T00:00:00+00:00'
[2024-07-03T19:20:58.608+0000] {taskinstance.py:430} INFO - ::endgroup::
[2024-07-03T19:20:58.624+0000] {subprocess.py:63} INFO - Tmp dir root location: /tmp
[2024-07-03T19:20:58.625+0000] {subprocess.py:75} INFO - Running command: ['/usr/bin/bash', '-c', 'Hello world, this is the first task']
[2024-07-03T19:20:58.642+0000] {subprocess.py:86} INFO - Output:
[2024-07-03T19:20:58.645+0000] {subprocess.py:93} INFO - /usr/bin/bash: line 1: Hello: command not found
[2024-07-03T19:20:58.647+0000] {subprocess.py:97} INFO - Command exited with return code 127
[2024-07-03T19:20:58.648+0000] {taskinstance.py:441} INFO - ::group::Post task execution logs
[2024-07-03T19:20:58.666+0000] {taskinstance.py:2905} ERROR - Task failed with exception
Traceback (most recent call last):
  File "/home/airflow/.local/lib/python3.12/site-packages/airflow/models/taskinstance.py", line 465, in _execute_task
    result = _execute_callable(context=context, **execute_callable_kwargs)
             ^^^^^^^^^^^^^^^^^^^^^^^^^^^^^^^^^^^^^^^^^^^^^^^^^^^^^^^^^^^^^
  File "/home/airflow/.local/lib/python3.12/site-packages/airflow/models/taskinstance.py", line 432, in _execute_callable
    return execute_callable(context=context, **execute_callable_kwargs)
           ^^^^^^^^^^^^^^^^^^^^^^^^^^^^^^^^^^^^^^^^^^^^^^^^^^^^^^^^^^^^
  File "/home/airflow/.local/lib/python3.12/site-packages/airflow/models/baseoperator.py", line 401, in wrapper
    return func(self, *args, **kwargs)
           ^^^^^^^^^^^^^^^^^^^^^^^^^^^
  File "/home/airflow/.local/lib/python3.12/site-packages/airflow/operators/bash.py", line 243, in execute
    raise AirflowException(
airflow.exceptions.AirflowException: Bash command failed. The command returned a non-zero exit code 127.
[2024-07-03T19:20:58.672+0000] {taskinstance.py:1206} INFO - Marking task as UP_FOR_RETRY. dag_id=first_dag, task_id=first_task, run_id=scheduled__2023-07-05T00:00:00+00:00, execution_date=20230705T000000, start_date=20240703T192058, end_date=20240703T192058
[2024-07-03T19:20:58.699+0000] {standard_task_runner.py:110} ERROR - Failed to execute job 164 for task first_task (Bash command failed. The command returned a non-zero exit code 127.; 958)
[2024-07-03T19:20:58.731+0000] {local_task_job_runner.py:240} INFO - Task exited with return code 1
[2024-07-03T19:20:58.741+0000] {local_task_job_runner.py:222} INFO - ::endgroup::
