[2024-07-03T19:42:57.929+0000] {local_task_job_runner.py:120} INFO - ::group::Pre task execution logs
[2024-07-03T19:42:57.951+0000] {taskinstance.py:2076} INFO - Dependencies all met for dep_context=non-requeueable deps ti=<TaskInstance: first_dag.opearation_1 manual__2024-07-03T19:42:57.254408+00:00 [queued]>
[2024-07-03T19:42:57.958+0000] {taskinstance.py:2076} INFO - Dependencies all met for dep_context=requeueable deps ti=<TaskInstance: first_dag.opearation_1 manual__2024-07-03T19:42:57.254408+00:00 [queued]>
[2024-07-03T19:42:57.959+0000] {taskinstance.py:2306} INFO - Starting attempt 1 of 1
[2024-07-03T19:42:57.971+0000] {taskinstance.py:2330} INFO - Executing <Task(BashOperator): opearation_1> on 2024-07-03 19:42:57.254408+00:00
[2024-07-03T19:42:57.977+0000] {warnings.py:112} WARNING - /home/***/.local/lib/python3.12/site-packages/***/task/task_runner/standard_task_runner.py:61: DeprecationWarning: This process (pid=59) is multi-threaded, use of fork() may lead to deadlocks in the child.
  pid = os.fork()

[2024-07-03T19:42:57.978+0000] {standard_task_runner.py:90} INFO - Running: ['***', 'tasks', 'run', 'first_dag', 'opearation_1', 'manual__2024-07-03T19:42:57.254408+00:00', '--job-id', '325', '--raw', '--subdir', 'DAGS_FOLDER/first_dag.py', '--cfg-path', '/tmp/tmp27vrb6_m']
[2024-07-03T19:42:57.978+0000] {standard_task_runner.py:63} INFO - Started process 60 to run task
[2024-07-03T19:42:57.979+0000] {standard_task_runner.py:91} INFO - Job 325: Subtask opearation_1
[2024-07-03T19:42:58.017+0000] {task_command.py:426} INFO - Running <TaskInstance: first_dag.opearation_1 manual__2024-07-03T19:42:57.254408+00:00 [running]> on host 2a6e93921527
[2024-07-03T19:42:58.085+0000] {taskinstance.py:2648} INFO - Exporting env vars: AIRFLOW_CTX_DAG_OWNER='***' AIRFLOW_CTX_DAG_ID='first_dag' AIRFLOW_CTX_TASK_ID='opearation_1' AIRFLOW_CTX_EXECUTION_DATE='2024-07-03T19:42:57.254408+00:00' AIRFLOW_CTX_TRY_NUMBER='1' AIRFLOW_CTX_DAG_RUN_ID='manual__2024-07-03T19:42:57.254408+00:00'
[2024-07-03T19:42:58.086+0000] {taskinstance.py:430} INFO - ::endgroup::
[2024-07-03T19:42:58.097+0000] {subprocess.py:63} INFO - Tmp dir root location: /tmp
[2024-07-03T19:42:58.098+0000] {subprocess.py:75} INFO - Running command: ['/usr/bin/bash', '-c', 'pwd']
[2024-07-03T19:42:58.108+0000] {subprocess.py:86} INFO - Output:
[2024-07-03T19:42:58.109+0000] {subprocess.py:93} INFO - /tmp/***tmprr_6jg_1
[2024-07-03T19:42:58.109+0000] {subprocess.py:97} INFO - Command exited with return code 0
[2024-07-03T19:42:58.110+0000] {taskinstance.py:441} INFO - ::group::Post task execution logs
[2024-07-03T19:42:58.129+0000] {taskinstance.py:1206} INFO - Marking task as SUCCESS. dag_id=first_dag, task_id=opearation_1, run_id=manual__2024-07-03T19:42:57.254408+00:00, execution_date=20240703T194257, start_date=20240703T194257, end_date=20240703T194258
[2024-07-03T19:42:58.152+0000] {local_task_job_runner.py:240} INFO - Task exited with return code 0
[2024-07-03T19:42:58.167+0000] {taskinstance.py:3503} INFO - 0 downstream tasks scheduled from follow-on schedule check
[2024-07-03T19:42:58.171+0000] {local_task_job_runner.py:222} INFO - ::endgroup::
