[2024-07-03T19:33:12.995+0000] {local_task_job_runner.py:120} INFO - ::group::Pre task execution logs
[2024-07-03T19:33:13.027+0000] {taskinstance.py:2076} INFO - Dependencies all met for dep_context=non-requeueable deps ti=<TaskInstance: first_dag.first_task scheduled__2023-07-25T00:00:00+00:00 [queued]>
[2024-07-03T19:33:13.046+0000] {taskinstance.py:2076} INFO - Dependencies all met for dep_context=requeueable deps ti=<TaskInstance: first_dag.first_task scheduled__2023-07-25T00:00:00+00:00 [queued]>
[2024-07-03T19:33:13.047+0000] {taskinstance.py:2306} INFO - Starting attempt 2 of 6
[2024-07-03T19:33:13.074+0000] {taskinstance.py:2330} INFO - Executing <Task(BashOperator): first_task> on 2023-07-25 00:00:00+00:00
[2024-07-03T19:33:13.083+0000] {warnings.py:112} WARNING - /home/***/.local/lib/python3.12/site-packages/***/task/task_runner/standard_task_runner.py:61: DeprecationWarning: This process (pid=1455) is multi-threaded, use of fork() may lead to deadlocks in the child.
  pid = os.fork()

[2024-07-03T19:33:13.085+0000] {standard_task_runner.py:63} INFO - Started process 1468 to run task
[2024-07-03T19:33:13.085+0000] {standard_task_runner.py:90} INFO - Running: ['***', 'tasks', 'run', 'first_dag', 'first_task', 'scheduled__2023-07-25T00:00:00+00:00', '--job-id', '282', '--raw', '--subdir', 'DAGS_FOLDER/first_dag.py', '--cfg-path', '/tmp/tmprael426_']
[2024-07-03T19:33:13.086+0000] {standard_task_runner.py:91} INFO - Job 282: Subtask first_task
[2024-07-03T19:33:13.148+0000] {task_command.py:426} INFO - Running <TaskInstance: first_dag.first_task scheduled__2023-07-25T00:00:00+00:00 [running]> on host 2a6e93921527
[2024-07-03T19:33:13.233+0000] {taskinstance.py:2648} INFO - Exporting env vars: AIRFLOW_CTX_DAG_OWNER='me' AIRFLOW_CTX_DAG_ID='first_dag' AIRFLOW_CTX_TASK_ID='first_task' AIRFLOW_CTX_EXECUTION_DATE='2023-07-25T00:00:00+00:00' AIRFLOW_CTX_TRY_NUMBER='2' AIRFLOW_CTX_DAG_RUN_ID='scheduled__2023-07-25T00:00:00+00:00'
[2024-07-03T19:33:13.234+0000] {taskinstance.py:430} INFO - ::endgroup::
[2024-07-03T19:33:13.248+0000] {subprocess.py:63} INFO - Tmp dir root location: /tmp
[2024-07-03T19:33:13.249+0000] {subprocess.py:75} INFO - Running command: ['/usr/bin/bash', '-c', 'Hello world, this is the first task']
[2024-07-03T19:33:13.264+0000] {subprocess.py:86} INFO - Output:
[2024-07-03T19:33:13.266+0000] {subprocess.py:93} INFO - /usr/bin/bash: line 1: Hello: command not found
[2024-07-03T19:33:13.267+0000] {subprocess.py:97} INFO - Command exited with return code 127
[2024-07-03T19:33:13.268+0000] {taskinstance.py:441} INFO - ::group::Post task execution logs
[2024-07-03T19:33:13.280+0000] {taskinstance.py:2905} ERROR - Task failed with exception
Traceback (most recent call last):
  File "/home/airflow/.local/lib/python3.12/site-packages/airflow/models/taskinstance.py", line 465, in _execute_task
    result = _execute_callable(context=context, **execute_callable_kwargs)
             ^^^^^^^^^^^^^^^^^^^^^^^^^^^^^^^^^^^^^^^^^^^^^^^^^^^^^^^^^^^^^
  File "/home/airflow/.local/lib/python3.12/site-packages/airflow/models/taskinstance.py", line 432, in _execute_callable
    return execute_callable(context=context, **execute_callable_kwargs)
           ^^^^^^^^^^^^^^^^^^^^^^^^^^^^^^^^^^^^^^^^^^^^^^^^^^^^^^^^^^^^
  File "/home/airflow/.local/lib/python3.12/site-packages/airflow/models/baseoperator.py", line 401, in wrapper
    return func(self, *args, **kwargs)
           ^^^^^^^^^^^^^^^^^^^^^^^^^^^
  File "/home/airflow/.local/lib/python3.12/site-packages/airflow/operators/bash.py", line 243, in execute
    raise AirflowException(
airflow.exceptions.AirflowException: Bash command failed. The command returned a non-zero exit code 127.
[2024-07-03T19:33:13.285+0000] {taskinstance.py:1206} INFO - Marking task as UP_FOR_RETRY. dag_id=first_dag, task_id=first_task, run_id=scheduled__2023-07-25T00:00:00+00:00, execution_date=20230725T000000, start_date=20240703T193313, end_date=20240703T193313
[2024-07-03T19:33:13.299+0000] {standard_task_runner.py:110} ERROR - Failed to execute job 282 for task first_task (Bash command failed. The command returned a non-zero exit code 127.; 1468)
[2024-07-03T19:33:13.342+0000] {local_task_job_runner.py:240} INFO - Task exited with return code 1
[2024-07-03T19:33:13.363+0000] {taskinstance.py:3503} INFO - 0 downstream tasks scheduled from follow-on schedule check
[2024-07-03T19:33:13.366+0000] {local_task_job_runner.py:222} INFO - ::endgroup::
