[2024-07-03T19:40:32.080+0000] {local_task_job_runner.py:120} INFO - ::group::Pre task execution logs
[2024-07-03T19:40:32.101+0000] {taskinstance.py:2076} INFO - Dependencies all met for dep_context=non-requeueable deps ti=<TaskInstance: first_dag.t1 manual__2024-07-03T19:22:44.056976+00:00 [queued]>
[2024-07-03T19:40:32.110+0000] {taskinstance.py:2076} INFO - Dependencies all met for dep_context=requeueable deps ti=<TaskInstance: first_dag.t1 manual__2024-07-03T19:22:44.056976+00:00 [queued]>
[2024-07-03T19:40:32.110+0000] {taskinstance.py:2306} INFO - Starting attempt 1 of 1
[2024-07-03T19:40:32.124+0000] {taskinstance.py:2330} INFO - Executing <Task(BashOperator): t1> on 2024-07-03 19:22:44.056976+00:00
[2024-07-03T19:40:32.130+0000] {warnings.py:112} WARNING - /home/***/.local/lib/python3.12/site-packages/***/task/task_runner/standard_task_runner.py:61: DeprecationWarning: This process (pid=1682) is multi-threaded, use of fork() may lead to deadlocks in the child.
  pid = os.fork()

[2024-07-03T19:40:32.131+0000] {standard_task_runner.py:63} INFO - Started process 1684 to run task
[2024-07-03T19:40:32.133+0000] {standard_task_runner.py:90} INFO - Running: ['***', 'tasks', 'run', 'first_dag', 't1', 'manual__2024-07-03T19:22:44.056976+00:00', '--job-id', '320', '--raw', '--subdir', 'DAGS_FOLDER/first_dag.py', '--cfg-path', '/tmp/tmpwi1siorf']
[2024-07-03T19:40:32.134+0000] {standard_task_runner.py:91} INFO - Job 320: Subtask t1
[2024-07-03T19:40:32.175+0000] {task_command.py:426} INFO - Running <TaskInstance: first_dag.t1 manual__2024-07-03T19:22:44.056976+00:00 [running]> on host 2a6e93921527
[2024-07-03T19:40:32.256+0000] {taskinstance.py:2648} INFO - Exporting env vars: AIRFLOW_CTX_DAG_OWNER='***' AIRFLOW_CTX_DAG_ID='first_dag' AIRFLOW_CTX_TASK_ID='t1' AIRFLOW_CTX_EXECUTION_DATE='2024-07-03T19:22:44.056976+00:00' AIRFLOW_CTX_TRY_NUMBER='1' AIRFLOW_CTX_DAG_RUN_ID='manual__2024-07-03T19:22:44.056976+00:00'
[2024-07-03T19:40:32.257+0000] {taskinstance.py:430} INFO - ::endgroup::
[2024-07-03T19:40:32.271+0000] {subprocess.py:63} INFO - Tmp dir root location: /tmp
[2024-07-03T19:40:32.271+0000] {subprocess.py:75} INFO - Running command: ['/usr/bin/bash', '-c', 'pwd']
[2024-07-03T19:40:32.281+0000] {subprocess.py:86} INFO - Output:
[2024-07-03T19:40:32.283+0000] {subprocess.py:93} INFO - /tmp/***tmp7nd143cw
[2024-07-03T19:40:32.283+0000] {subprocess.py:97} INFO - Command exited with return code 0
[2024-07-03T19:40:32.284+0000] {taskinstance.py:441} INFO - ::group::Post task execution logs
[2024-07-03T19:40:32.308+0000] {taskinstance.py:1206} INFO - Marking task as SUCCESS. dag_id=first_dag, task_id=t1, run_id=manual__2024-07-03T19:22:44.056976+00:00, execution_date=20240703T192244, start_date=20240703T194032, end_date=20240703T194032
[2024-07-03T19:40:32.345+0000] {local_task_job_runner.py:240} INFO - Task exited with return code 0
[2024-07-03T19:40:32.360+0000] {taskinstance.py:3503} INFO - 0 downstream tasks scheduled from follow-on schedule check
[2024-07-03T19:40:32.363+0000] {local_task_job_runner.py:222} INFO - ::endgroup::
