[2024-07-03T19:01:58.207+0000] {local_task_job_runner.py:120} INFO - ::group::Pre task execution logs
[2024-07-03T19:01:58.250+0000] {taskinstance.py:2076} INFO - Dependencies all met for dep_context=non-requeueable deps ti=<TaskInstance: first_dag.first_task scheduled__2021-07-12T00:00:00+00:00 [queued]>
[2024-07-03T19:01:58.269+0000] {taskinstance.py:2076} INFO - Dependencies all met for dep_context=requeueable deps ti=<TaskInstance: first_dag.first_task scheduled__2021-07-12T00:00:00+00:00 [queued]>
[2024-07-03T19:01:58.270+0000] {taskinstance.py:2306} INFO - Starting attempt 4 of 6
[2024-07-03T19:01:58.290+0000] {taskinstance.py:2330} INFO - Executing <Task(BashOperator): first_task> on 2021-07-12 00:00:00+00:00
[2024-07-03T19:01:58.299+0000] {warnings.py:112} WARNING - /home/***/.local/lib/python3.12/site-packages/***/task/task_runner/standard_task_runner.py:61: DeprecationWarning: This process (pid=463) is multi-threaded, use of fork() may lead to deadlocks in the child.
  pid = os.fork()

[2024-07-03T19:01:58.301+0000] {standard_task_runner.py:63} INFO - Started process 475 to run task
[2024-07-03T19:01:58.301+0000] {standard_task_runner.py:90} INFO - Running: ['***', 'tasks', 'run', 'first_dag', 'first_task', 'scheduled__2021-07-12T00:00:00+00:00', '--job-id', '81', '--raw', '--subdir', 'DAGS_FOLDER/first_dag.py', '--cfg-path', '/tmp/tmp7a1siry9']
[2024-07-03T19:01:58.305+0000] {standard_task_runner.py:91} INFO - Job 81: Subtask first_task
[2024-07-03T19:01:58.422+0000] {task_command.py:426} INFO - Running <TaskInstance: first_dag.first_task scheduled__2021-07-12T00:00:00+00:00 [running]> on host 2a6e93921527
[2024-07-03T19:01:58.569+0000] {taskinstance.py:2648} INFO - Exporting env vars: AIRFLOW_CTX_DAG_OWNER='me' AIRFLOW_CTX_DAG_ID='first_dag' AIRFLOW_CTX_TASK_ID='first_task' AIRFLOW_CTX_EXECUTION_DATE='2021-07-12T00:00:00+00:00' AIRFLOW_CTX_TRY_NUMBER='4' AIRFLOW_CTX_DAG_RUN_ID='scheduled__2021-07-12T00:00:00+00:00'
[2024-07-03T19:01:58.571+0000] {taskinstance.py:430} INFO - ::endgroup::
[2024-07-03T19:01:58.588+0000] {subprocess.py:63} INFO - Tmp dir root location: /tmp
[2024-07-03T19:01:58.593+0000] {subprocess.py:75} INFO - Running command: ['/usr/bin/bash', '-c', 'Hello world, this is the first task']
[2024-07-03T19:01:58.614+0000] {subprocess.py:86} INFO - Output:
[2024-07-03T19:01:58.615+0000] {subprocess.py:93} INFO - /usr/bin/bash: line 1: Hello: command not found
[2024-07-03T19:01:58.616+0000] {subprocess.py:97} INFO - Command exited with return code 127
[2024-07-03T19:01:58.617+0000] {taskinstance.py:441} INFO - ::group::Post task execution logs
[2024-07-03T19:01:58.639+0000] {taskinstance.py:2905} ERROR - Task failed with exception
Traceback (most recent call last):
  File "/home/airflow/.local/lib/python3.12/site-packages/airflow/models/taskinstance.py", line 465, in _execute_task
    result = _execute_callable(context=context, **execute_callable_kwargs)
             ^^^^^^^^^^^^^^^^^^^^^^^^^^^^^^^^^^^^^^^^^^^^^^^^^^^^^^^^^^^^^
  File "/home/airflow/.local/lib/python3.12/site-packages/airflow/models/taskinstance.py", line 432, in _execute_callable
    return execute_callable(context=context, **execute_callable_kwargs)
           ^^^^^^^^^^^^^^^^^^^^^^^^^^^^^^^^^^^^^^^^^^^^^^^^^^^^^^^^^^^^
  File "/home/airflow/.local/lib/python3.12/site-packages/airflow/models/baseoperator.py", line 401, in wrapper
    return func(self, *args, **kwargs)
           ^^^^^^^^^^^^^^^^^^^^^^^^^^^
  File "/home/airflow/.local/lib/python3.12/site-packages/airflow/operators/bash.py", line 243, in execute
    raise AirflowException(
airflow.exceptions.AirflowException: Bash command failed. The command returned a non-zero exit code 127.
[2024-07-03T19:01:58.645+0000] {taskinstance.py:1206} INFO - Marking task as UP_FOR_RETRY. dag_id=first_dag, task_id=first_task, run_id=scheduled__2021-07-12T00:00:00+00:00, execution_date=20210712T000000, start_date=20240703T190158, end_date=20240703T190158
[2024-07-03T19:01:58.672+0000] {standard_task_runner.py:110} ERROR - Failed to execute job 81 for task first_task (Bash command failed. The command returned a non-zero exit code 127.; 475)
[2024-07-03T19:01:58.735+0000] {local_task_job_runner.py:240} INFO - Task exited with return code 1
[2024-07-03T19:01:58.760+0000] {taskinstance.py:3503} INFO - 0 downstream tasks scheduled from follow-on schedule check
[2024-07-03T19:01:58.764+0000] {local_task_job_runner.py:222} INFO - ::endgroup::
